Log file open, 02/06/17 15:19:16
LogInit:Display: Running engine for game: LaunchPad_FP
LogPlatformFile: Not using cached read wrapper
LogInit:Display: RandInit(1434294968) SRandInit(1434294969).
LogInit: Using version manifest at CL 0 with build ID '02bfa864-9300-4183-9878-ec235d143870'
LogTaskGraph: Started task graph with 4 named threads and 5 total threads with 1 sets of task threads.
LogStats: Stats thread started at 0.056839
LogInit: Version: 4.12.5-0+UE4
LogInit: API Version: 0
LogInit: Net Version: 0
LogDevObjectVersion: Number of dev versions registered: 13
LogDevObjectVersion:   Dev-Blueprints (B0D832E4-1F89-4F0D-ACCF-7EB736FD4AA2): 3
LogDevObjectVersion:   Dev-Build (E1C64328-A22C-4D53-A36C-8E866417BD8C): 0
LogDevObjectVersion:   Dev-Core (375EC13C-06E4-48FB-B500-84F0262A717E): 1
LogDevObjectVersion:   Dev-Editor (E4B068ED-F494-42E9-A231-DA0B2E46BB41): 2
LogDevObjectVersion:   Dev-Framework (CFFC743F-43B0-4480-9391-14DF171D2073): 6
LogDevObjectVersion:   Dev-Mobile (B02B49B5-BB20-44E9-A304-32B752E40360): 0
LogDevObjectVersion:   Dev-Networking (A4E4105C-59A1-49B5-A7C5-40C4547EDFEE): 0
LogDevObjectVersion:   Dev-Online (39C831C9-5AE6-47DC-9A44-9C173E1C8E7C): 0
LogDevObjectVersion:   Dev-Physics (78F01B33-EBEA-4F98-B9B4-84EACCB95AA2): 0
LogDevObjectVersion:   Dev-Platform (6631380F-2D4D-43E0-8009-CF276956A95A): 0
LogDevObjectVersion:   Dev-Rendering (12F88B9F-8875-4AFC-A67C-D90C383ABD29): 2
LogDevObjectVersion:   Dev-Sequencer (7B5AE74C-D270-4C10-A958-57980B212A5A): 0
LogDevObjectVersion:   Dev-VR (D7296918-1DD6-4BDD-9DE2-64A83CC13884): 0
LogInit: Compiled (64-bit): Aug 25 2016 13:31:26
LogInit: Compiled with Visual C++: 19.00.24213.01
LogInit: Build Configuration: Development
LogInit: Branch Name: UE4
LogInit: Command line:  
LogInit: Base directory: C:/Unreal Engine 4.12/Engine/Binaries/Win64/
LogInit: Installed Engine Build: 0
LogInit: Using libcurl 7.41.0
LogInit:  - built for x86_64-pc-win32
LogInit:  - supports SSL with WinSSL
LogInit:  - other features:
LogInit:      CURL_VERSION_SSL
LogInit:      CURL_VERSION_IPV6
LogInit:      CURL_VERSION_ASYNCHDNS
LogInit:      CURL_VERSION_LARGEFILE
LogInit:      CURL_VERSION_IDN
LogInit:  CurlRequestOptions (configurable via config and command line):
LogInit:  - bVerifyPeer = true  - Libcurl will verify peer certificate
LogInit:  - bUseHttpProxy = false  - Libcurl will NOT use HTTP proxy
LogInit:  - bDontReuseConnections = false  - Libcurl will reuse connections
LogInit:  - CertBundlePath = nullptr  - Libcurl will use whatever was configured at build time.
LogInit: Presizing for max 8388607 objects, including 0 objects not considered by GC, pre-allocating 0 bytes for permanent pool.
LogInit: Object subsystem initialized
[2017.02.06-15.19.16:488][  0]LogInit: Selected Device Profile: [Windows]
[2017.02.06-15.19.16:488][  0]LogInit: Applying CVar settings loaded from the selected device profile: [Windows]
[2017.02.06-15.19.16:513][  0]LogInit: Computer: PENGAME-59055
[2017.02.06-15.19.16:513][  0]LogInit: User: mk195928
[2017.02.06-15.19.16:513][  0]LogInit: CPU Page size=65536, Cores=2
[2017.02.06-15.19.16:513][  0]LogInit: High frequency timer resolution =3.507518 MHz
[2017.02.06-15.19.16:513][  0]LogMemory: Memory total: Physical=7.9GB (8GB approx)
[2017.02.06-15.19.16:513][  0]LogMemory: Platform Memory Stats for Windows
[2017.02.06-15.19.16:513][  0]LogMemory: Process Physical Memory: 188.66 MB used, 188.66 MB peak
[2017.02.06-15.19.16:513][  0]LogMemory: Process Virtual Memory: 194.82 MB used, 194.82 MB peak
[2017.02.06-15.19.16:513][  0]LogMemory: Physical Memory: 6040.71 MB used, 8134.15 MB total
[2017.02.06-15.19.16:513][  0]LogMemory: Virtual Memory: 542.52 MB used, 134217728.00 MB total
[2017.02.06-15.19.16:629][  0]LogTextLocalizationManager: No specific translations for ('en-GB') exist, so ('en') translations will be used.
[2017.02.06-15.19.17:084][  0]LogD3D11RHI: D3D11 adapters:
[2017.02.06-15.19.17:148][  0]LogD3D11RHI:    0. 'AMD Radeon(TM) R5 240' (Feature Level 11_0)
[2017.02.06-15.19.17:148][  0]LogD3D11RHI:       1006/0/4067 MB DedicatedVideo/DedicatedSystem/SharedSystem, Outputs:1, VendorId:0x1002
[2017.02.06-15.19.17:150][  0]LogD3D11RHI:    1. 'Microsoft Basic Render Driver' (Feature Level 11_0)
[2017.02.06-15.19.17:150][  0]LogD3D11RHI:       0/0/4067 MB DedicatedVideo/DedicatedSystem/SharedSystem, Outputs:0, VendorId:0x1414
[2017.02.06-15.19.17:150][  0]LogD3D11RHI: Chosen D3D11 Adapter: 0
[2017.02.06-15.19.17:154][  0]LogD3D11RHI: Creating new Direct3DDevice
[2017.02.06-15.19.17:155][  0]LogD3D11RHI:     GPU DeviceId: 0x6611 (for the marketing name, search the web for "GPU Device Id")
[2017.02.06-15.19.17:155][  0]LogWindows: EnumDisplayDevices:
[2017.02.06-15.19.17:155][  0]LogWindows:    0. 'AMD Radeon(TM) R5 240' (P:1 D:1)
[2017.02.06-15.19.17:155][  0]LogWindows:    1. 'AMD Radeon(TM) R5 240' (P:0 D:0)
[2017.02.06-15.19.17:155][  0]LogWindows: DebugString: FoundDriverCount:2 
[2017.02.06-15.19.17:155][  0]LogD3D11RHI:     Adapter Name: AMD Radeon(TM) R5 240
[2017.02.06-15.19.17:155][  0]LogD3D11RHI:   Driver Version: Crimson 15.11 (internal:15.300.1025.1001, unified:15.300.1025.1001)
[2017.02.06-15.19.17:155][  0]LogD3D11RHI:      Driver Date: 11-29-2015
[2017.02.06-15.19.17:155][  0]LogRHI: Texture pool is 704 MB (70% of 1006 MB)
[2017.02.06-15.19.17:161][  0]LogD3D11RHI: Async texture creation disabled: no driver support
[2017.02.06-15.19.17:170][  0]LogD3D11RHI: GPU Timing Frequency: 27.000000 (Debug: 2 1)
[2017.02.06-15.19.17:172][  0]LogShaderCompilers: Guid format shader working directory is 34 characters bigger than the processId version (D:/LaunchPad_FP/Intermediate/Shaders/WorkingDirectory/7628/).
[2017.02.06-15.19.17:172][  0]LogShaderCompilers: Cleaned the shader compiler working directory 'C:/Users/mk195928/AppData/Local/Temp/UnrealShaderWorkingDir/7F083B814AE1A727B7BEB5B758FAE4DA/'.
[2017.02.06-15.19.17:222][  0]LogShaderCompilers:Display: Using Local Shader Compiler.
[2017.02.06-15.19.20:839][  0]LogTemp:Display: Loaded TP WindowsTargetPlatform
[2017.02.06-15.19.20:846][  0]LogTemp:Display: Loaded TP WindowsNoEditorTargetPlatform
[2017.02.06-15.19.20:852][  0]LogTemp:Display: Loaded TP WindowsServerTargetPlatform
[2017.02.06-15.19.20:858][  0]LogTemp:Display: Loaded TP WindowsClientTargetPlatform
[2017.02.06-15.19.20:863][  0]LogTemp:Display: Loaded TP AllDesktopTargetPlatform
[2017.02.06-15.19.20:871][  0]LogTemp:Display: Loaded TP AndroidTargetPlatform
[2017.02.06-15.19.20:876][  0]LogTemp:Display: Loaded TP Android_PVRTCTargetPlatform
[2017.02.06-15.19.20:881][  0]LogTemp:Display: Loaded TP Android_ATCTargetPlatform
[2017.02.06-15.19.20:887][  0]LogTemp:Display: Loaded TP Android_DXTTargetPlatform
[2017.02.06-15.19.20:892][  0]LogTemp:Display: Loaded TP Android_ETC1TargetPlatform
[2017.02.06-15.19.20:899][  0]LogTemp:Display: Loaded TP Android_ETC2TargetPlatform
[2017.02.06-15.19.20:906][  0]LogTemp:Display: Loaded TP Android_ASTCTargetPlatform
[2017.02.06-15.19.20:913][  0]LogTemp:Display: Loaded TP Android_MultiTargetPlatform
[2017.02.06-15.19.20:943][  0]LogTemp:Display: Loaded TP HTML5TargetPlatform
[2017.02.06-15.19.20:962][  0]LogTemp:Display: Loaded TP IOSTargetPlatform
[2017.02.06-15.19.20:966][  0]LogTemp:Display: Loaded TP TVOSTargetPlatform
[2017.02.06-15.19.20:967][  0]LogTargetPlatformManager:Display: Building Assets For Windows
[2017.02.06-15.19.21:022][  0]LogDerivedDataCache:Display: Max Cache Size: 512 MB
[2017.02.06-15.19.21:208][  0]LogDerivedDataCache: Loaded boot cache 0.19s 48MB D:/LaunchPad_FP/DerivedDataCache/Boot.ddc.
[2017.02.06-15.19.21:208][  0]LogDerivedDataCache:Display: Loaded Boot cache: D:/LaunchPad_FP/DerivedDataCache/Boot.ddc
[2017.02.06-15.19.21:208][  0]LogDerivedDataCache: FDerivedDataBackendGraph:  Pak pak cache file D:/LaunchPad_FP/DerivedDataCache/DDC.ddp not found, will not use a pak cache.
[2017.02.06-15.19.21:208][  0]LogDerivedDataCache: Unable to find inner node Pak for hierarchical cache Hierarchy.
[2017.02.06-15.19.21:208][  0]LogDerivedDataCache: FDerivedDataBackendGraph:  EnginePak pak cache file ../../../Engine/DerivedDataCache/DDC.ddp not found, will not use a pak cache.
[2017.02.06-15.19.21:208][  0]LogDerivedDataCache: Unable to find inner node EnginePak for hierarchical cache Hierarchy.
[2017.02.06-15.19.21:219][  0]LogDerivedDataCache: Using Local data cache path ../../../Engine/DerivedDataCache: Writable
[2017.02.06-15.19.21:219][  0]LogDerivedDataCache: Shared data cache path not found in *engine.ini, will not use an Shared cache.
[2017.02.06-15.19.21:219][  0]LogDerivedDataCache: Unable to find inner node Shared for hierarchical cache Hierarchy.
[2017.02.06-15.19.36:231][  0]LogInit: Selected Device Profile: [Windows]
[2017.02.06-15.19.36:254][  0]LogContentStreaming: Texture pool size is 0.00 MB
[2017.02.06-15.19.36:644][  0]LogMeshUtilities: No automatic mesh reduction module available
[2017.02.06-15.19.36:644][  0]LogMeshUtilities: No automatic mesh merging module available
[2017.02.06-15.19.36:644][  0]LogMeshUtilities: No distributed automatic mesh merging module available
[2017.02.06-15.19.37:684][  0]LogAssetRegistry: FAssetRegistry took 0.0214 seconds to start up
[2017.02.06-15.19.37:736][  0]LogPackageLocalizationCache: Processed 3 localized package path(s) for 2 prioritized culture(s) in 0.050127 seconds
[2017.02.06-15.19.37:741][  0]LogUObjectArray: 28732 objects as part of root set at end of initial load.
[2017.02.06-15.19.37:741][  0]LogUObjectAllocator: 5854096 out of 0 bytes used by permanent object pool.
[2017.02.06-15.19.37:741][  0]LogUObjectArray: CloseDisregardForGC: 0/0 objects in disregard for GC pool
[2017.02.06-15.19.37:745][  0]LogInit: WinSock: version 1.1 (2.2), MaxSocks=32767, MaxUdp=65467
[2017.02.06-15.19.40:158][  0]LogSlate: SlateFontCache - WITH_FREETYPE: 1, WITH_HARFBUZZ: 1
[2017.02.06-15.19.40:158][  0]LogSlate: SlateFontCache - WITH_FREETYPE: 1, WITH_HARFBUZZ: 1
[2017.02.06-15.19.57:266][  0]LogUdpMessaging: Initializing bridge on interface 0.0.0.0:0 to multicast group 230.0.0.1:6666.
[2017.02.06-15.19.58:331][  0]LogConfig:Warning: Failed to saved backup for config[SourceControlSettings]
[2017.02.06-15.19.58:333][  0]SourceControl: Info Source control is disabled
[2017.02.06-15.19.58:558][  0]SourceControl: Info Source control is disabled
[2017.02.06-15.19.58:623][  0]SourceControl: Info Source control is disabled
[2017.02.06-15.19.58:692][  0]SourceControl: Info Source control is disabled
[2017.02.06-15.19.59:678][  0]LogEngine: Initializing Engine...
[2017.02.06-15.19.59:838][  0]LogHMD: SteamVR failed to initialize.  Err: 110
[2017.02.06-15.19.59:838][  0]LogHMD: SteamVR failed to initialize.  Err: 110
[2017.02.06-15.20.00:157][  0]LogAIModule: Creating AISystem for world NewWorld
[2017.02.06-15.20.00:168][  0]LogInit: XAudio2 using 'Speakers / Headphones (Realtek High Definition Audio)' : 2 channels at 48 kHz using 32 bits per sample (channel mask 0x3)
[2017.02.06-15.20.00:182][  0]LogInit: FAudioDevice initialized.
[2017.02.06-15.20.00:212][  0]LogDerivedDataCache: Saved boot cache 0.03s 48MB D:/LaunchPad_FP/DerivedDataCache/Boot.ddc.
[2017.02.06-15.20.00:219][  0]LogInit: Texture streaming: Enabled
[2017.02.06-15.20.00:303][  0]LogInit: Transaction tracking system initialized
[2017.02.06-15.20.00:580][  0]BlueprintLog: New page: Editor Load
[2017.02.06-15.20.01:638][  0]LocalizationService: Info Localization service is disabled
[2017.02.06-15.20.02:284][  0]LogConsoleResponse:Display: 
[2017.02.06-15.20.04:104][  0]LogCook:Display: Max memory allowance for cook 8192mb
[2017.02.06-15.20.04:104][  0]LogCook:Display: Mobile HDR setting 1
[2017.02.06-15.20.04:694][  0]LogFileCache: Scanning file cache for directory 'D:/LaunchPad_FP/Content/' took 0.02s
[2017.02.06-15.20.06:834][  0]SourceControl: Info Source control is disabled
[2017.02.06-15.20.06:834][  0]Cmd: MAP LOAD FILE="D:/LaunchPad_FP/Content/FirstPersonBP/Maps/FirstPersonExampleMap.umap" TEMPLATE=0 SHOWPROGRESS=1 FEATURELEVEL=3
[2017.02.06-15.20.06:839][  0]LightingResults: New page: Lighting Build
[2017.02.06-15.20.06:847][  0]MapCheck: New page: Map Check
[2017.02.06-15.20.06:847][  0]LightingResults: New page: Lighting Build
[2017.02.06-15.20.09:482][  0]LogAIModule: Creating AISystem for world FirstPersonExampleMap
[2017.02.06-15.20.09:683][  0]LogEditorServer: Finished looking for orphan Actors (0.000 secs)
[2017.02.06-15.20.09:684][  0]Cmd: MAP CHECKDEP NOCLEARLOG
[2017.02.06-15.20.09:751][  0]MapCheck: Info Map check complete: 0 Error(s), 0 Warning(s), took 66.907ms to complete.
[2017.02.06-15.20.09:751][  0]LogFileHelpers: Loading map 'FirstPersonExampleMap' took 2.917
[2017.02.06-15.20.10:220][  0]LogCollectionManager: Loaded 0 collections in 0.001544 seconds
[2017.02.06-15.20.10:258][  0]LogFileCache: Scanning file cache for directory 'D:/LaunchPad_FP/Saved/Collections/' took 0.01s
[2017.02.06-15.20.10:258][  0]LogFileCache: Scanning file cache for directory 'D:/LaunchPad_FP/Content/Developers/mk195928/Collections/' took 0.01s
[2017.02.06-15.20.10:258][  0]LogFileCache: Scanning file cache for directory 'D:/LaunchPad_FP/Content/Collections/' took 0.01s
[2017.02.06-15.20.10:258][  0]LogCollectionManager: Rebuilt the GUID cache for 0 collections in 0.000003 seconds
[2017.02.06-15.20.10:266][  0]LogContentBrowser: Native class hierarchy populated in 0.0076 seconds. Added 2046 classes and 367 folders.
[2017.02.06-15.20.10:268][  0]LogStats: UGameplayTagsManager::ConstructGameplayTagTree: Construct from data asset -  0.000 s
[2017.02.06-15.20.10:268][  0]LogStats: UGameplayTagsManager::ConstructGameplayTagTree: GameplayTagTreeChangedEvent.Broadcast -  0.000 s
[2017.02.06-15.20.10:269][  0]LogContentBrowser: Native class hierarchy updated for 'GameplayTags' in 0.0004 seconds. Added 12 classes and 0 folders.
[2017.02.06-15.20.10:272][  0]LogContentBrowser: Native class hierarchy updated for 'WidgetCarousel' in 0.0003 seconds. Added 0 classes and 0 folders.
[2017.02.06-15.20.14:840][  0]LogContentBrowser: Native class hierarchy updated for 'AddContentDialog' in 0.0015 seconds. Added 0 classes and 0 folders.
[2017.02.06-15.20.14:872][  0]LogContentBrowser: Native class hierarchy updated for 'SceneOutliner' in 0.0007 seconds. Added 1 classes and 2 folders.
[2017.02.06-15.20.14:929][  0]LogCrashTracker: Crashtracker disabled due to settings.
[2017.02.06-15.20.14:935][  0]LogUObjectGlobals:Warning: Failed to find object 'Class None.'
[2017.02.06-15.20.14:994][  0]LogContentBrowser: Native class hierarchy updated for 'HierarchicalLODOutliner' in 0.0014 seconds. Added 1 classes and 2 folders.
[2017.02.06-15.20.14:995][  0]LogLoad: Full Startup: 59.45 seconds (BP compile: 0.52 seconds)
[2017.02.06-15.20.14:995][  0]LogExternalProfiler: No external profilers were discovered.  External profiling features will not be available.
[2017.02.06-15.20.15:334][  0]LogOcInput: OculusInput pre-init called
[2017.02.06-15.20.15:352][  0]LogContentStreaming: Texture pool size now 700 MB
[2017.02.06-15.20.15:653][  0]LogRenderer: Reallocating scene render targets to support 1308x576 (Frame:2).
[2017.02.06-15.20.17:052][  2]LogAssetRegistry: Asset discovery search completed in 39.3889 seconds
[2017.02.06-15.20.17:052][  2]LogCollectionManager: Rebuilt the object cache for 0 collections in 0.000001 seconds (found 0 objects)
[2017.02.06-15.20.17:052][  2]LogCollectionManager: Fixed up redirectors for 0 collections in 0.000018 seconds (updated 0 objects)
[2017.02.06-15.20.22:188][ 80]LogBlueprintUserMessages: Early PlayInEditor Detection: Level '/Game/FirstPersonBP/Maps/FirstPersonExampleMap.FirstPersonExampleMap:PersistentLevel' has LevelScriptBlueprint '/Game/FirstPersonBP/Maps/FirstPersonExampleMap.FirstPersonExampleMap:PersistentLevel.FirstPersonExampleMap' with GeneratedClass '/Game/FirstPersonBP/Maps/FirstPersonExampleMap.FirstPersonExampleMap_C' with ClassGeneratedBy '/Game/FirstPersonBP/Maps/FirstPersonExampleMap.FirstPersonExampleMap:PersistentLevel.FirstPersonExampleMap'
[2017.02.06-15.20.22:188][ 80]LogPlayLevel: PlayLevel: No blueprints needed recompiling
[2017.02.06-15.20.22:235][ 80]PIE: New page: PIE session: FirstPersonExampleMap (6 Feb 2017 15:20:22)
[2017.02.06-15.20.22:235][ 80]LogPlayLevel: Creating play world package: /Game/FirstPersonBP/Maps/UEDPIE_0_FirstPersonExampleMap
[2017.02.06-15.20.22:261][ 80]LogPlayLevel: PIE: StaticDuplicateObject took: (0.025806s)
[2017.02.06-15.20.22:262][ 80]LogAIModule: Creating AISystem for world FirstPersonExampleMap
[2017.02.06-15.20.22:262][ 80]LogPlayLevel: PIE: World Init took: (0.001147s)
[2017.02.06-15.20.22:262][ 80]LogPlayLevel: PIE: Created PIE world by copying editor world from /Game/FirstPersonBP/Maps/FirstPersonExampleMap.FirstPersonExampleMap to /Game/FirstPersonBP/Maps/UEDPIE_0_FirstPersonExampleMap.FirstPersonExampleMap (0.027400s)
[2017.02.06-15.20.22:295][ 80]LogInit: XAudio2 using 'Speakers / Headphones (Realtek High Definition Audio)' : 2 channels at 48 kHz using 32 bits per sample (channel mask 0x3)
[2017.02.06-15.20.22:304][ 80]LogInit: FAudioDevice initialized.
[2017.02.06-15.20.23:096][ 80]LogWorld: Game class is 'FirstPersonGameMode_C'
[2017.02.06-15.20.23:101][ 80]LogWorld: Bringing World /Game/FirstPersonBP/Maps/UEDPIE_0_FirstPersonExampleMap.FirstPersonExampleMap up for play (max tick rate 0) at 2017.02.06-15.20.23
[2017.02.06-15.20.23:101][ 80]LogWorld: Bringing up level for play took: 0.004562
[2017.02.06-15.20.23:106][ 80]LogContentBrowser: Native class hierarchy updated for 'MovieSceneCapture' in 0.0005 seconds. Added 11 classes and 0 folders.
[2017.02.06-15.20.23:107][ 80]PIE: Info Play in editor start time for /Game/FirstPersonBP/Maps/UEDPIE_0_FirstPersonExampleMap 1.474
[2017.02.06-15.20.23:107][ 80]LogBlueprintUserMessages: Late PlayInEditor Detection: Level '/Game/FirstPersonBP/Maps/FirstPersonExampleMap.FirstPersonExampleMap:PersistentLevel' has LevelScriptBlueprint '/Game/FirstPersonBP/Maps/FirstPersonExampleMap.FirstPersonExampleMap:PersistentLevel.FirstPersonExampleMap' with GeneratedClass '/Game/FirstPersonBP/Maps/FirstPersonExampleMap.FirstPersonExampleMap_C' with ClassGeneratedBy '/Game/FirstPersonBP/Maps/FirstPersonExampleMap.FirstPersonExampleMap:PersistentLevel.FirstPersonExampleMap'
[2017.02.06-15.20.34:732][487]LogBlueprintUserMessages: Early EndPlayMap Detection: Level '/Game/FirstPersonBP/Maps/FirstPersonExampleMap.FirstPersonExampleMap:PersistentLevel' has LevelScriptBlueprint '/Game/FirstPersonBP/Maps/FirstPersonExampleMap.FirstPersonExampleMap:PersistentLevel.FirstPersonExampleMap' with GeneratedClass '/Game/FirstPersonBP/Maps/FirstPersonExampleMap.FirstPersonExampleMap_C' with ClassGeneratedBy '/Game/FirstPersonBP/Maps/FirstPersonExampleMap.FirstPersonExampleMap:PersistentLevel.FirstPersonExampleMap'
[2017.02.06-15.20.34:840][487]LogBlueprintUserMessages: Late EndPlayMap Detection: Level '/Game/FirstPersonBP/Maps/FirstPersonExampleMap.FirstPersonExampleMap:PersistentLevel' has LevelScriptBlueprint '/Game/FirstPersonBP/Maps/FirstPersonExampleMap.FirstPersonExampleMap:PersistentLevel.FirstPersonExampleMap' with GeneratedClass '/Game/FirstPersonBP/Maps/FirstPersonExampleMap.FirstPersonExampleMap_C' with ClassGeneratedBy '/Game/FirstPersonBP/Maps/FirstPersonExampleMap.FirstPersonExampleMap:PersistentLevel.FirstPersonExampleMap'
[2017.02.06-15.20.45:022][745]LogBlueprintUserMessages: Early PlayInEditor Detection: Level '/Game/FirstPersonBP/Maps/FirstPersonExampleMap.FirstPersonExampleMap:PersistentLevel' has LevelScriptBlueprint '/Game/FirstPersonBP/Maps/FirstPersonExampleMap.FirstPersonExampleMap:PersistentLevel.FirstPersonExampleMap' with GeneratedClass '/Game/FirstPersonBP/Maps/FirstPersonExampleMap.FirstPersonExampleMap_C' with ClassGeneratedBy '/Game/FirstPersonBP/Maps/FirstPersonExampleMap.FirstPersonExampleMap:PersistentLevel.FirstPersonExampleMap'
[2017.02.06-15.20.45:022][745]LogPlayLevel: PlayLevel: No blueprints needed recompiling
[2017.02.06-15.20.45:022][745]PIE: New page: PIE session: FirstPersonExampleMap (6 Feb 2017 15:20:45)
[2017.02.06-15.20.45:022][745]LogPlayLevel: Creating play world package: /Game/FirstPersonBP/Maps/UEDPIE_0_FirstPersonExampleMap
[2017.02.06-15.20.45:041][745]LogPlayLevel: PIE: StaticDuplicateObject took: (0.018655s)
[2017.02.06-15.20.45:042][745]LogAIModule: Creating AISystem for world FirstPersonExampleMap
[2017.02.06-15.20.45:042][745]LogPlayLevel: PIE: World Init took: (0.000752s)
[2017.02.06-15.20.45:042][745]LogPlayLevel: PIE: Created PIE world by copying editor world from /Game/FirstPersonBP/Maps/FirstPersonExampleMap.FirstPersonExampleMap to /Game/FirstPersonBP/Maps/UEDPIE_0_FirstPersonExampleMap.FirstPersonExampleMap (0.019644s)
[2017.02.06-15.20.45:060][745]LogInit: XAudio2 using 'Speakers / Headphones (Realtek High Definition Audio)' : 2 channels at 48 kHz using 32 bits per sample (channel mask 0x3)
[2017.02.06-15.20.45:069][745]LogInit: FAudioDevice initialized.
[2017.02.06-15.20.45:120][745]LogWorld: Game class is 'FirstPersonGameMode_C'
[2017.02.06-15.20.45:123][745]LogWorld: Bringing World /Game/FirstPersonBP/Maps/UEDPIE_0_FirstPersonExampleMap.FirstPersonExampleMap up for play (max tick rate 0) at 2017.02.06-15.20.45
[2017.02.06-15.20.45:124][745]LogWorld: Bringing up level for play took: 0.003323
[2017.02.06-15.20.45:125][745]PIE: Info Play in editor start time for /Game/FirstPersonBP/Maps/UEDPIE_0_FirstPersonExampleMap -0.509
[2017.02.06-15.20.45:125][745]LogBlueprintUserMessages: Late PlayInEditor Detection: Level '/Game/FirstPersonBP/Maps/FirstPersonExampleMap.FirstPersonExampleMap:PersistentLevel' has LevelScriptBlueprint '/Game/FirstPersonBP/Maps/FirstPersonExampleMap.FirstPersonExampleMap:PersistentLevel.FirstPersonExampleMap' with GeneratedClass '/Game/FirstPersonBP/Maps/FirstPersonExampleMap.FirstPersonExampleMap_C' with ClassGeneratedBy '/Game/FirstPersonBP/Maps/FirstPersonExampleMap.FirstPersonExampleMap:PersistentLevel.FirstPersonExampleMap'
[2017.02.06-15.21.29:199][288]LogBlueprintUserMessages: Early EndPlayMap Detection: Level '/Game/FirstPersonBP/Maps/FirstPersonExampleMap.FirstPersonExampleMap:PersistentLevel' has LevelScriptBlueprint '/Game/FirstPersonBP/Maps/FirstPersonExampleMap.FirstPersonExampleMap:PersistentLevel.FirstPersonExampleMap' with GeneratedClass '/Game/FirstPersonBP/Maps/FirstPersonExampleMap.FirstPersonExampleMap_C' with ClassGeneratedBy '/Game/FirstPersonBP/Maps/FirstPersonExampleMap.FirstPersonExampleMap:PersistentLevel.FirstPersonExampleMap'
[2017.02.06-15.21.29:252][288]LogBlueprintUserMessages: Late EndPlayMap Detection: Level '/Game/FirstPersonBP/Maps/FirstPersonExampleMap.FirstPersonExampleMap:PersistentLevel' has LevelScriptBlueprint '/Game/FirstPersonBP/Maps/FirstPersonExampleMap.FirstPersonExampleMap:PersistentLevel.FirstPersonExampleMap' with GeneratedClass '/Game/FirstPersonBP/Maps/FirstPersonExampleMap.FirstPersonExampleMap_C' with ClassGeneratedBy '/Game/FirstPersonBP/Maps/FirstPersonExampleMap.FirstPersonExampleMap:PersistentLevel.FirstPersonExampleMap'
[2017.02.06-15.22.02:692][999]LogBlueprintUserMessages: Early PlayInEditor Detection: Level '/Game/FirstPersonBP/Maps/FirstPersonExampleMap.FirstPersonExampleMap:PersistentLevel' has LevelScriptBlueprint '/Game/FirstPersonBP/Maps/FirstPersonExampleMap.FirstPersonExampleMap:PersistentLevel.FirstPersonExampleMap' with GeneratedClass '/Game/FirstPersonBP/Maps/FirstPersonExampleMap.FirstPersonExampleMap_C' with ClassGeneratedBy '/Game/FirstPersonBP/Maps/FirstPersonExampleMap.FirstPersonExampleMap:PersistentLevel.FirstPersonExampleMap'
[2017.02.06-15.22.02:692][999]LogPlayLevel: PlayLevel: No blueprints needed recompiling
[2017.02.06-15.22.02:693][999]PIE: New page: PIE session: FirstPersonExampleMap (6 Feb 2017 15:22:02)
[2017.02.06-15.22.02:693][999]LogPlayLevel: Creating play world package: /Game/FirstPersonBP/Maps/UEDPIE_0_FirstPersonExampleMap
[2017.02.06-15.22.02:713][999]LogPlayLevel: PIE: StaticDuplicateObject took: (0.020325s)
[2017.02.06-15.22.02:714][999]LogAIModule: Creating AISystem for world FirstPersonExampleMap
[2017.02.06-15.22.02:714][999]LogPlayLevel: PIE: World Init took: (0.000803s)
[2017.02.06-15.22.02:714][999]LogPlayLevel: PIE: Created PIE world by copying editor world from /Game/FirstPersonBP/Maps/FirstPersonExampleMap.FirstPersonExampleMap to /Game/FirstPersonBP/Maps/UEDPIE_0_FirstPersonExampleMap.FirstPersonExampleMap (0.021415s)
[2017.02.06-15.22.02:741][999]LogInit: XAudio2 using 'Speakers / Headphones (Realtek High Definition Audio)' : 2 channels at 48 kHz using 32 bits per sample (channel mask 0x3)
[2017.02.06-15.22.02:750][999]LogInit: FAudioDevice initialized.
[2017.02.06-15.22.02:797][999]LogWorld: Game class is 'FirstPersonGameMode_C'
[2017.02.06-15.22.02:801][999]LogWorld: Bringing World /Game/FirstPersonBP/Maps/UEDPIE_0_FirstPersonExampleMap.FirstPersonExampleMap up for play (max tick rate 0) at 2017.02.06-15.22.02
[2017.02.06-15.22.02:801][999]LogWorld: Bringing up level for play took: 0.003612
[2017.02.06-15.22.02:802][999]PIE: Info Play in editor start time for /Game/FirstPersonBP/Maps/UEDPIE_0_FirstPersonExampleMap -0.831
[2017.02.06-15.22.02:802][999]LogBlueprintUserMessages: Late PlayInEditor Detection: Level '/Game/FirstPersonBP/Maps/FirstPersonExampleMap.FirstPersonExampleMap:PersistentLevel' has LevelScriptBlueprint '/Game/FirstPersonBP/Maps/FirstPersonExampleMap.FirstPersonExampleMap:PersistentLevel.FirstPersonExampleMap' with GeneratedClass '/Game/FirstPersonBP/Maps/FirstPersonExampleMap.FirstPersonExampleMap_C' with ClassGeneratedBy '/Game/FirstPersonBP/Maps/FirstPersonExampleMap.FirstPersonExampleMap:PersistentLevel.FirstPersonExampleMap'
[2017.02.06-15.22.50:527][652]LogBlueprintUserMessages: Early EndPlayMap Detection: Level '/Game/FirstPersonBP/Maps/FirstPersonExampleMap.FirstPersonExampleMap:PersistentLevel' has LevelScriptBlueprint '/Game/FirstPersonBP/Maps/FirstPersonExampleMap.FirstPersonExampleMap:PersistentLevel.FirstPersonExampleMap' with GeneratedClass '/Game/FirstPersonBP/Maps/FirstPersonExampleMap.FirstPersonExampleMap_C' with ClassGeneratedBy '/Game/FirstPersonBP/Maps/FirstPersonExampleMap.FirstPersonExampleMap:PersistentLevel.FirstPersonExampleMap'
[2017.02.06-15.22.50:581][652]LogBlueprintUserMessages: Late EndPlayMap Detection: Level '/Game/FirstPersonBP/Maps/FirstPersonExampleMap.FirstPersonExampleMap:PersistentLevel' has LevelScriptBlueprint '/Game/FirstPersonBP/Maps/FirstPersonExampleMap.FirstPersonExampleMap:PersistentLevel.FirstPersonExampleMap' with GeneratedClass '/Game/FirstPersonBP/Maps/FirstPersonExampleMap.FirstPersonExampleMap_C' with ClassGeneratedBy '/Game/FirstPersonBP/Maps/FirstPersonExampleMap.FirstPersonExampleMap:PersistentLevel.FirstPersonExampleMap'
[2017.02.06-15.48.35:381][737]LogBlueprintUserMessages: Early PlayInEditor Detection: Level '/Game/FirstPersonBP/Maps/FirstPersonExampleMap.FirstPersonExampleMap:PersistentLevel' has LevelScriptBlueprint '/Game/FirstPersonBP/Maps/FirstPersonExampleMap.FirstPersonExampleMap:PersistentLevel.FirstPersonExampleMap' with GeneratedClass '/Game/FirstPersonBP/Maps/FirstPersonExampleMap.FirstPersonExampleMap_C' with ClassGeneratedBy '/Game/FirstPersonBP/Maps/FirstPersonExampleMap.FirstPersonExampleMap:PersistentLevel.FirstPersonExampleMap'
[2017.02.06-15.48.35:381][737]LogPlayLevel: PlayLevel: No blueprints needed recompiling
[2017.02.06-15.48.35:382][737]PIE: New page: PIE session: FirstPersonExampleMap (6 Feb 2017 15:48:35)
[2017.02.06-15.48.35:382][737]LogPlayLevel: Creating play world package: /Game/FirstPersonBP/Maps/UEDPIE_0_FirstPersonExampleMap
[2017.02.06-15.48.35:425][737]LogPlayLevel: PIE: StaticDuplicateObject took: (0.041585s)
[2017.02.06-15.48.35:427][737]LogAIModule: Creating AISystem for world FirstPersonExampleMap
[2017.02.06-15.48.35:427][737]LogPlayLevel: PIE: World Init took: (0.002792s)
[2017.02.06-15.48.35:451][737]LogPlayLevel: PIE: Created PIE world by copying editor world from /Game/FirstPersonBP/Maps/FirstPersonExampleMap.FirstPersonExampleMap to /Game/FirstPersonBP/Maps/UEDPIE_0_FirstPersonExampleMap.FirstPersonExampleMap (0.067821s)
[2017.02.06-15.48.35:533][737]LogInit: XAudio2 using 'Speakers / Headphones (Realtek High Definition Audio)' : 2 channels at 48 kHz using 32 bits per sample (channel mask 0x3)
[2017.02.06-15.48.35:544][737]LogInit: FAudioDevice initialized.
[2017.02.06-15.48.35:595][737]LogWorld: Game class is 'FirstPersonGameMode_C'
[20