Log file open, 01/26/17 12:30:08
LogInit:Display: Running engine for game: Descension
LogPlatformFile: Not using cached read wrapper
LogInit:Display: RandInit(1253391888) SRandInit(1253391890).
LogInit: Using version manifest at CL 0 with build ID '02bfa864-9300-4183-9878-ec235d143870'
LogTaskGraph: Started task graph with 4 named threads and 7 total threads with 1 sets of task threads.
LogStats: Stats thread started at 0.067025
LogInit: Version: 4.12.5-0+UE4
LogInit: API Version: 0
LogInit: Net Version: 0
LogDevObjectVersion: Number of dev versions registered: 13
LogDevObjectVersion:   Dev-Blueprints (B0D832E4-1F89-4F0D-ACCF-7EB736FD4AA2): 3
LogDevObjectVersion:   Dev-Build (E1C64328-A22C-4D53-A36C-8E866417BD8C): 0
LogDevObjectVersion:   Dev-Core (375EC13C-06E4-48FB-B500-84F0262A717E): 1
LogDevObjectVersion:   Dev-Editor (E4B068ED-F494-42E9-A231-DA0B2E46BB41): 2
LogDevObjectVersion:   Dev-Framework (CFFC743F-43B0-4480-9391-14DF171D2073): 6
LogDevObjectVersion:   Dev-Mobile (B02B49B5-BB20-44E9-A304-32B752E40360): 0
LogDevObjectVersion:   Dev-Networking (A4E4105C-59A1-49B5-A7C5-40C4547EDFEE): 0
LogDevObjectVersion:   Dev-Online (39C831C9-5AE6-47DC-9A44-9C173E1C8E7C): 0
LogDevObjectVersion:   Dev-Physics (78F01B33-EBEA-4F98-B9B4-84EACCB95AA2): 0
LogDevObjectVersion:   Dev-Platform (6631380F-2D4D-43E0-8009-CF276956A95A): 0
LogDevObjectVersion:   Dev-Rendering (12F88B9F-8875-4AFC-A67C-D90C383ABD29): 2
LogDevObjectVersion:   Dev-Sequencer (7B5AE74C-D270-4C10-A958-57980B212A5A): 0
LogDevObjectVersion:   Dev-VR (D7296918-1DD6-4BDD-9DE2-64A83CC13884): 0
LogInit: Compiled (64-bit): Aug 25 2016 13:31:26
LogInit: Compiled with Visual C++: 19.00.24213.01
LogInit: Build Configuration: Development
LogInit: Branch Name: UE4
LogInit: Command line:  
LogInit: Base directory: C:/Unreal Engine 4.12/Engine/Binaries/Win64/
LogInit: Installed Engine Build: 0
LogInit: Using libcurl 7.41.0
LogInit:  - built for x86_64-pc-win32
LogInit:  - supports SSL with WinSSL
LogInit:  - other features:
LogInit:      CURL_VERSION_SSL
LogInit:      CURL_VERSION_IPV6
LogInit:      CURL_VERSION_ASYNCHDNS
LogInit:      CURL_VERSION_LARGEFILE
LogInit:      CURL_VERSION_IDN
LogInit:  CurlRequestOptions (configurable via config and command line):
LogInit:  - bVerifyPeer = true  - Libcurl will verify peer certificate
LogInit:  - bUseHttpProxy = false  - Libcurl will NOT use HTTP proxy
LogInit:  - bDontReuseConnections = false  - Libcurl will reuse connections
LogInit:  - CertBundlePath = nullptr  - Libcurl will use whatever was configured at build time.
LogInit: Presizing for max 8388607 objects, including 0 objects not considered by GC, pre-allocating 0 bytes for permanent pool.
LogInit: Object subsystem initialized
[2017.01.26-12.30.08:186][  0]LogInit: Selected Device Profile: [Windows]
[2017.01.26-12.30.08:186][  0]LogInit: Applying CVar settings loaded from the selected device profile: [Windows]
[2017.01.26-12.30.08:194][  0]LogInit: Computer: PENGAME-59033
[2017.01.26-12.30.08:194][  0]LogInit: User: af187249
[2017.01.26-12.30.08:194][  0]LogInit: CPU Page size=65536, Cores=4
[2017.01.26-12.30.08:194][  0]LogInit: High frequency timer resolution =3.507518 MHz
[2017.01.26-12.30.08:194][  0]LogMemory: Memory total: Physical=24.0GB (24GB approx)
[2017.01.26-12.30.08:194][  0]LogMemory: Platform Memory Stats for Windows
[2017.01.26-12.30.08:194][  0]LogMemory: Process Physical Memory: 189.98 MB used, 189.98 MB peak
[2017.01.26-12.30.08:194][  0]LogMemory: Process Virtual Memory: 195.03 MB used, 195.03 MB peak
[2017.01.26-12.30.08:194][  0]LogMemory: Physical Memory: 4920.25 MB used, 24527.16 MB total
[2017.01.26-12.30.08:194][  0]LogMemory: Virtual Memory: 544.77 MB used, 134217728.00 MB total
[2017.01.26-12.30.08:216][  0]LogTextLocalizationManager: No specific translations for ('en-GB') exist, so ('en') translations will be used.
[2017.01.26-12.30.08:512][  0]LogD3D11RHI: D3D11 adapters:
[2017.01.26-12.30.08:528][  0]LogD3D11RHI:    0. 'NVIDIA GeForce GTX 750 Ti' (Feature Level 11_0)
[2017.01.26-12.30.08:528][  0]LogD3D11RHI:       1993/0/12263 MB DedicatedVideo/DedicatedSystem/SharedSystem, Outputs:2, VendorId:0x10de
[2017.01.26-12.30.08:529][  0]LogD3D11RHI:    1. 'Microsoft Basic Render Driver' (Feature Level 11_0)
[2017.01.26-12.30.08:529][  0]LogD3D11RHI:       0/0/12263 MB DedicatedVideo/DedicatedSystem/SharedSystem, Outputs:0, VendorId:0x1414
[2017.01.26-12.30.08:529][  0]LogD3D11RHI: Chosen D3D11 Adapter: 0
[2017.01.26-12.30.08:532][  0]LogD3D11RHI: Creating new Direct3DDevice
[2017.01.26-12.30.08:532][  0]LogD3D11RHI:     GPU DeviceId: 0x1380 (for the marketing name, search the web for "GPU Device Id")
[2017.01.26-12.30.08:532][  0]LogWindows: EnumDisplayDevices:
[2017.01.26-12.30.08:532][  0]LogWindows:    0. 'NVIDIA GeForce GTX 750 Ti' (P:1 D:1)
[2017.01.26-12.30.08:532][  0]LogWindows:    1. 'NVIDIA GeForce GTX 750 Ti' (P:0 D:1)
[2017.01.26-12.30.08:532][  0]LogWindows:    2. 'NVIDIA GeForce GTX 750 Ti' (P:0 D:0)
[2017.01.26-12.30.08:532][  0]LogWindows: DebugString: FoundDriverCount:3 
[2017.01.26-12.30.08:532][  0]LogD3D11RHI:     Adapter Name: NVIDIA GeForce GTX 750 Ti
[2017.01.26-12.30.08:532][  0]LogD3D11RHI:   Driver Version: 353.62 (internal:10.18.13.5362, unified:353.62)
[2017.01.26-12.30.08:532][  0]LogD3D11RHI:      Driver Date: 7-22-2015
[2017.01.26-12.30.08:532][  0]LogRHI: Texture pool is 1361 MB (70% of 1945 MB)
[2017.01.26-12.30.08:543][  0]LogD3D11RHI: Async texture creation enabled
[2017.01.26-12.30.08:559][  0]LogD3D11RHI: GPU Timing Frequency: 1000.000000 (Debug: 2 2)
[2017.01.26-12.30.08:559][  0]LogShaderCompilers: Guid format shader working directory is 36 characters bigger than the processId version (D:/Descension/Intermediate/Shaders/WorkingDirectory/6288/).
[2017.01.26-12.30.08:559][  0]LogShaderCompilers: Cleaned the shader compiler working directory 'C:/Users/af187249/AppData/Local/Temp/UnrealShaderWorkingDir/A74F565B4B421C0D7D1DE58BBCF64864/'.
[2017.01.26-12.30.08:559][  0]LogShaderCompilers:Display: Using Local Shader Compiler.
[2017.01.26-12.30.09:166][  0]LogTemp:Display: Loaded TP WindowsTargetPlatform
[2017.01.26-12.30.09:171][  0]LogTemp:Display: Loaded TP WindowsNoEditorTargetPlatform
[2017.01.26-12.30.09:176][  0]LogTemp:Display: Loaded TP WindowsServerTargetPlatform
[2017.01.26-12.30.09:181][  0]LogTemp:Display: Loaded TP WindowsClientTargetPlatform
[2017.01.26-12.30.09:185][  0]LogTemp:Display: Loaded TP AllDesktopTargetPlatform
[2017.01.26-12.30.09:190][  0]LogTemp:Display: Loaded TP AndroidTargetPlatform
[2017.01.26-12.30.09:194][  0]LogTemp:Display: Loaded TP Android_PVRTCTargetPlatform
[2017.01.26-12.30.09:198][  0]LogTemp:Display: Loaded TP Android_ATCTargetPlatform
[2017.01.26-12.30.09:202][  0]LogTemp:Display: Loaded TP Android_DXTTargetPlatform
[2017.01.26-12.30.09:206][  0]LogTemp:Display: Loaded TP Android_ETC1TargetPlatform
[2017.01.26-12.30.09:210][  0]LogTemp:Display: Loaded TP Android_ETC2TargetPlatform
[2017.01.26-12.30.09:215][  0]LogTemp:Display: Loaded TP Android_ASTCTargetPlatform
[2017.01.26-12.30.09:219][  0]LogTemp:Display: Loaded TP Android_MultiTargetPlatform
[2017.01.26-12.30.09:220][  0]LogTemp:Display: Loaded TP HTML5TargetPlatform
[2017.01.26-12.30.09:237][  0]LogTemp:Display: Loaded TP IOSTargetPlatform
[2017.01.26-12.30.09:241][  0]LogTemp:Display: Loaded TP TVOSTargetPlatform
[2017.01.26-12.30.09:241][  0]LogTargetPlatformManager:Display: Building Assets For Windows
[2017.01.26-12.30.09:288][  0]LogDerivedDataCache:Display: Max Cache Size: 512 MB
[2017.01.26-12.30.09:326][  0]LogDerivedDataCache: Loaded boot cache 0.04s 48MB D:/Descension/DerivedDataCache/Boot.ddc.
[2017.01.26-12.30.09:327][  0]LogDerivedDataCache:Display: Loaded Boot cache: D:/Descension/DerivedDataCache/Boot.ddc
[2017.01.26-12.30.09:327][  0]LogDerivedDataCache: FDerivedDataBackendGraph:  Pak pak cache file D:/Descension/DerivedDataCache/DDC.ddp not found, will not use a pak cache.
[2017.01.26-12.30.09:327][  0]LogDerivedDataCache: Unable to find inner node Pak for hierarchical cache Hierarchy.
[2017.01.26-12.30.09:327][  0]LogDerivedDataCache: FDerivedDataBackendGraph:  EnginePak pak cache file ../../../Engine/DerivedDataCache/DDC.ddp not found, will not use a pak cache.
[2017.01.26-12.30.09:327][  0]LogDerivedDataCache: Unable to find inner node EnginePak for hierarchical cache Hierarchy.
[2017.01.26-12.30.09:339][  0]LogDerivedDataCache: Using Local data cache path ../../../Engine/DerivedDataCache: Writable
[2017.01.26-12.30.09:339][  0]LogDerivedDataCache: Shared data cache path not found in *engine.ini, will not use an Shared cache.
[2017.01.26-12.30.09:339][  0]LogDerivedDataCache: Unable to find inner node Shared for hierarchical cache Hierarchy.
[2017.01.26-12.30.09:469][  0]LogInit: Selected Device Profile: [Windows]
[2017.01.26-12.30.09:469][  0]LogContentStreaming: Texture pool size is 0.00 MB
[2017.01.26-12.30.09:589][  0]LogMeshUtilities: No automatic mesh reduction module available
[2017.01.26-12.30.09:589][  0]LogMeshUtilities: No automatic mesh merging module available
[2017.01.26-12.30.09:589][  0]LogMeshUtilities: No distributed automatic mesh merging module available
[2017.01.26-12.30.09:769][  0]LogAssetRegistry: FAssetRegistry took 0.0216 seconds to start up
[2017.01.26-12.30.09:783][  0]LogPackageLocalizationCache: Processed 3 localized package path(s) for 2 prioritized culture(s) in 0.013226 seconds
[2017.01.26-12.30.09:787][  0]LogUObjectArray: 28732 objects as part of root set at end of initial load.
[2017.01.26-12.30.09:787][  0]LogUObjectAllocator: 5854096 out of 0 bytes used by permanent object pool.
[2017.01.26-12.30.09:787][  0]LogUObjectArray: CloseDisregardForGC: 0/0 objects in disregard for GC pool
[2017.01.26-12.30.09:790][  0]LogInit: WinSock: version 1.1 (2.2), MaxSocks=32767, MaxUdp=65467
[2017.01.26-12.30.09:895][  0]LogSlate: SlateFontCache - WITH_FREETYPE: 1, WITH_HARFBUZZ: 1
[2017.01.26-12.30.09:895][  0]LogSlate: SlateFontCache - WITH_FREETYPE: 1, WITH_HARFBUZZ: 1
[2017.01.26-12.30.10:387][  0]LogUdpMessaging: Initializing bridge on interface 0.0.0.0:0 to multicast group 230.0.0.1:6666.
[2017.01.26-12.30.10:587][  0]SourceControl: Info Source control is disabled
[2017.01.26-12.30.10:613][  0]SourceControl: Info Source control is disabled
[2017.01.26-12.30.10:621][  0]SourceControl: Info Source control is disabled
[2017.01.26-12.30.10:628][  0]SourceControl: Info Source control is disabled
[2017.01.26-12.30.10:797][  0]LogEngine: Initializing Engine...
[2017.01.26-12.30.10:798][  0]LogHMD: SteamVR failed to initialize.  Err: 110
[2017.01.26-12.30.10:798][  0]LogHMD: SteamVR failed to initialize.  Err: 110
[2017.01.26-12.30.10:906][  0]LogAIModule: Creating AISystem for world NewWorld
[2017.01.26-12.30.10:909][  0]LogInit: XAudio2 using 'Speakers / Headphones (Realtek High Definition Audio)' : 2 channels at 48 kHz using 32 bits per sample (channel mask 0x3)
[2017.01.26-12.30.11:075][  0]LogInit: FAudioDevice initialized.
[2017.01.26-12.30.11:095][  0]LogDerivedDataCache: Saved boot cache 0.02s 48MB D:/Descension/DerivedDataCache/Boot.ddc.
[2017.01.26-12.30.11:101][  0]LogInit: Texture streaming: Enabled
[2017.01.26-12.30.11:114][  0]LogInit: Transaction tracking system initialized
[2017.01.26-12.30.11:124][  0]BlueprintLog: New page: Editor Load
[2017.01.26-12.30.11:156][  0]LocalizationService: Info Localization service is disabled
[2017.01.26-12.30.11:199][  0]LogConsoleResponse:Display: 
[2017.01.26-12.30.11:270][  0]LogCook:Display: Max memory allowance for cook 8192mb
[2017.01.26-12.30.11:270][  0]LogCook:Display: Mobile HDR setting 1
[2017.01.26-12.30.11:332][  0]LogFileCache: Scanning file cache for directory 'D:/Descension/Content/' took 0.01s
[2017.01.26-12.30.11:332][  0]SourceControl: Info Source control is disabled
[2017.01.26-12.30.11:332][  0]Cmd: MAP LOAD FILE="D:/Descension/Content/FirstPersonBP/Maps/FirstPersonExampleMap.umap" TEMPLATE=0 SHOWPROGRESS=1 FEATURELEVEL=3
[2017.01.26-12.30.11:333][  0]LightingResults: New page: Lighting Build
[2017.01.26-12.30.11:334][  0]MapCheck: New page: Map Check
[2017.01.26-12.30.11:334][  0]LightingResults: New page: Lighting Build
[2017.01.26-12.30.11:729][  0]LogAIModule: Creating AISystem for world FirstPersonExampleMap
[2017.01.26-12.30.11:742][  0]LogEditorServer: Finished looking for orphan Actors (0.000 secs)
[2017.01.26-12.30.11:746][  0]Cmd: MAP CHECKDEP NOCLEARLOG
[2017.01.26-12.30.11:780][  0]MapCheck: Info Map check complete: 0 Error(s), 0 Warning(s), took 33.809ms to complete.
[2017.01.26-12.30.11:780][  0]LogFileHelpers: Loading map 'FirstPersonExampleMap' took 0.448
[2017.01.26-12.30.11:939][  0]LogCrashTracker: Crashtracker disabled due to settings.
[2017.01.26-12.30.11:942][  0]LogCollectionManager: Loaded 0 collections in 0.000613 seconds
[2017.01.26-12.30.11:979][  0]LogFileCache: Scanning file cache for directory 'D:/Descension/Saved/Collections/' took 0.01s
[2017.01.26-12.30.11:979][  0]LogFileCache: Scanning file cache for directory 'D:/Descension/Content/Developers/af187249/Collections/' took 0.01s
[2017.01.26-12.30.11:979][  0]LogFileCache: Scanning file cache for directory 'D:/Descension/Content/Collections/' took 0.01s
[2017.01.26-12.30.11:979][  0]LogCollectionManager: Rebuilt the GUID cache for 0 collections in 0.000003 seconds
[2017.01.26-12.30.11:986][  0]LogContentBrowser: Native class hierarchy populated in 0.0069 seconds. Added 2047 classes and 369 folders.
[2017.01.26-12.30.11:988][  0]LogStats: UGameplayTagsManager::ConstructGameplayTagTree: Construct from data asset -  0.000 s
[2017.01.26-12.30.11:988][  0]LogStats: UGameplayTagsManager::ConstructGameplayTagTree: GameplayTagTreeChangedEvent.Broadcast -  0.000 s
[2017.01.26-12.30.11:988][  0]LogContentBrowser: Native class hierarchy updated for 'GameplayTags' in 0.0003 seconds. Added 12 classes and 0 folders.
[2017.01.26-12.30.11:990][  0]LogContentBrowser: Native class hierarchy updated for 'WidgetCarousel' in 0.0003 seconds. Added 0 classes and 0 folders.
[2017.01.26-12.30.12:019][  0]LogContentBrowser: Native class hierarchy updated for 'AddContentDialog' in 0.0003 seconds. Added 0 classes and 0 folders.
[2017.01.26-12.30.12:022][  0]LogUObjectGlobals:Warning: Failed to find object 'Class None.'
[2017.01.26-12.30.12:047][  0]LogContentBrowser: Native class hierarchy updated for 'HierarchicalLODOutliner' in 0.0003 seconds. Added 1 classes and 2 folders.
[2017.01.26-12.30.12:047][  0]LogLoad: Full Startup: 4.48 seconds (BP compile: 0.09 seconds)
[2017.01.26-12.30.12:047][  0]LogExternalProfiler: No external profilers were discovered.  External profiling features will not be available.
[2017.01.26-12.30.12:056][  0]LogOcInput: OculusInput pre-init called
[2017.01.26-12.30.12:074][  0]LogContentStreaming: Texture pool size now 700 MB
[2017.01.26-12.30.12:205][  0]LogRenderer: Reallocating scene render targets to support 1208x924 (Frame:2).
[2017.01.26-12.30.12:269][  1]LogAssetRegistry: Asset discovery search completed in 2.5214 seconds
[2017.01.26-12.30.12:269][  1]LogCollectionManager: Rebuilt the object cache for 0 collections in 0.000001 seconds (found 0 objects)
[2017.01.26-12.30.12:269][  1]LogCollectionManager: Fixed up redirectors for 0 collections in 0.000014 seconds (updated 0 objects)
[2017.01.26-12.30.18:002][529]LogContentBrowser: Native class hierarchy updated for 'BlueprintGraph' in 0.0006 seconds. Added 111 classes and 0 folders.
[2017.01.26-12.30.25:928][951]LogBlueprintUserMessages: Early PlayInEditor Detection: Level '/Game/FirstPersonBP/Maps/FirstPersonExampleMap.FirstPersonExampleMap:PersistentLevel' has LevelScriptBlueprint '/Game/FirstPersonBP/Maps/FirstPersonExampleMap.FirstPersonExampleMap:PersistentLevel.FirstPersonExampleMap' with GeneratedClass '/Game/FirstPersonBP/Maps/FirstPersonExampleMap.FirstPersonExampleMap_C' with ClassGeneratedBy '/Game/FirstPersonBP/Maps/FirstPersonExampleMap.FirstPersonExampleMap:PersistentLevel.FirstPersonExampleMap'
[2017.01.26-12.30.25:928][951]LogPlayLevel: PlayLevel: No blueprints needed recompiling
[2017.01.26-12.30.25:929][951]PIE: New page: SIE session: FirstPersonExampleMap (26 Jan 2017 12:30:25)
[2017.01.26-12.30.25:929][951]LogPlayLevel: Creating play world package: /Game/FirstPersonBP/Maps/UEDPIE_0_FirstPersonExampleMap
[2017.01.26-12.30.25:951][951]LogPlayLevel: PIE: StaticDuplicateObject took: (0.021669s)
[2017.01.26-12.30.25:951][951]LogAIModule: Creating AISystem for world FirstPersonExampleMap
[2017.01.26-12.30.25:951][951]LogPlayLevel: PIE: World Init took: (0.000621s)
[2017.01.26-12.30.25:951][951]LogPlayLevel: PIE: Created PIE world by copying editor world from /Game/FirstPersonBP/Maps/FirstPersonExampleMap.FirstPersonExampleMap to /Game/FirstPersonBP/Maps/UEDPIE_0_FirstPersonExampleMap.FirstPersonExampleMap (0.022505s)
[2017.01.26-12.30.25:982][951]LogInit: XAudio2 using 'Speakers / Headphones (Realtek High Definition Audio)' : 2 channels at 48 kHz using 32 bits per sample (channel mask 0x3)
[2017.01.26-12.30.26:013][951]LogInit: FAudioDevice initialized.
[2017.01.26-12.30.26:089][951]LogWorld: Game class is 'FirstPersonGameMode_C'
[2017.01.26-12.30.26:094][951]LogWorld: Bringing World /Game/FirstPersonBP/Maps/UEDPIE_0_FirstPersonExampleMap.FirstPersonExampleMap up for play (max tick rate 0) at 2017.01.26-12.30.26
[2017.01.26-12.30.26:095][951]LogWorld: Bringing up level for play took: 0.004133
[2017.01.26-12.30.26:097][951]LogContentBrowser: Native class hierarchy updated for 'MovieSceneCapture' in 0.0003 seconds. Added 11 classes and 0 folders.
[2017.01.26-12.30.26:097][951]PIE: Info Play in editor start time for /Game/FirstPersonBP/Maps/UEDPIE_0_FirstPersonExampleMap 0.936
[2017.01.26-12.30.26:101][951]LogBlueprintUserMessages: Late PlayInEditor Detection: Level '/Game/FirstPersonBP/Maps/FirstPersonExampleMap.FirstPersonExampleMap:PersistentLevel' has LevelScriptBlueprint '/Game/FirstPersonBP/Maps/FirstPersonExampleMap.FirstPersonExampleMap:PersistentLevel.FirstPersonExampleMap' with GeneratedClass '/Game/FirstPersonBP/Maps/FirstPersonExampleMap.FirstPersonExampleMap_C' with ClassGeneratedBy '/Game/FirstPersonBP/Maps/FirstPersonExampleMap.FirstPersonExampleMap:PersistentLevel.FirstPersonExampleMap'
[2017.01.26-12.30.27:316][ 28]LogEditorViewport: Clicking on Actor (LMB): StaticMeshActor (Floor)
[2017.01.26-12.30.29:023][151]LogAudio:Warning: Detected orphaned looping sound 'Fire01'.
[2017.01.26-12.30.29:398][186]LogAudio:Warning: Detected orphaned looping sound 'Fire01'.
[2017.01.26-12.30.29:623][207]LogAudio:Warning: Detected orphaned looping sound 'Fire01'.
[2017.01.26-12.30.29:813][225]LogAudio:Warning: Detected orphaned looping sound 'Fire01'.
[2017.01.26-12.30.29:993][242]LogAudio:Warning: Detected orphaned looping sound 'Fire01'.
[2017.01.26-12.30.30:165][258]LogAudio:Warning: Detected orphaned looping sound 'Fire01'.
[2017.01.26-12.30.30:338][274]LogAudio:Warning: Detected orphaned looping sound 'Fire01'.
[2017.01.26-12.30.30:510][291]LogAudio:Warning: Detected orphaned looping sound 'Fire01'.
[2017.01.26-12.30.30:667][306]LogAudio:Warning: Detected orphaned looping sound 'Fire01'.
[2017.01.26-12.30.30:814][320]LogAudio:Warning: Detected orphaned looping sound 'Fire01'.
[2017.01.26-12.30.30:984][336]LogAudio:Warning: Detected orphaned looping sound 'Fire01'.
[2017.01.26-12.30.31:103][347]LogAudio:Warning: Detected orphaned looping sound 'Fire01'.
[2017.01.26-12.30.31:241][360]LogAudio:Warning: Detected orphaned looping sound 'Fire01'.
[2017.01.26-12.30.31:393][374]LogAudio:Warning: Detected orphaned looping sound 'Fire01'.
[2017.01.26-12.30.31:544][388]LogAudio:Warning: Detected orphaned looping sound 'Fire01'.
[2017.01.26-12.30.31:725][405]LogAudio:Warning: Detected orphaned looping sound 'Fire01'.
[2017.01.26-12.30.33:195][545]LogBlueprintUserMessages: Early EndPlayMap Detection: Level '/Game/FirstPersonBP/Maps/FirstPersonExampleMap.FirstPersonExampleMap:PersistentLevel' has LevelScriptBlueprint '/Game/FirstPersonBP/Maps/FirstPersonExampleMap.FirstPersonExampleMap:PersistentLevel.FirstPersonExampleMap' with GeneratedClass '/Game/FirstPersonBP/Maps/FirstPersonExampleMap.FirstPersonExampleMap_C' with ClassGeneratedBy '/Game/FirstPersonBP/Maps/FirstPersonExampleMap.FirstPersonExampleMap:PersistentLevel.FirstPersonExampleMap'
[2017.01.26-12.30.33:242][545]LogBlueprintUserMessages: Late EndPlayMap Detection: Level '/Game/FirstPersonBP/Maps/FirstPersonExampleMap.FirstPersonExampleMap:PersistentLevel' has LevelScriptBlueprint '/Game/FirstPersonBP/Maps/FirstPersonExampleMap.FirstPersonExampleMap:PersistentLevel.FirstPersonExampleMap' with GeneratedClass '/Game/FirstPersonBP/Maps/FirstPersonExampleMap.FirstPersonExampleMap_C' with ClassGeneratedBy '/Game/FirstPersonBP/Maps/FirstPersonExampleMap.FirstPersonExampleMap:PersistentLevel.FirstPersonExampleMap'
[2017.01.26-12.30.40:324][ 95]BlueprintLog: New page: Compile FirstPersonCharacter
[2017.01.26-12.30.40:449][ 95]BlueprintEditorCompileResults: Info [0032.88] Compile of FirstPersonCharacter successful! [in 124 ms] (/Game/FirstPersonBP/Blueprints/FirstPersonCharacter.FirstPersonCharacter)
[2017.01.26-12.30.42:189][234]LogBlueprintUserMessages: Early PlayInEditor Detection: Level '/Game/FirstPersonBP/Maps/FirstPersonExampleMap.FirstPersonExampleMap:PersistentLevel' has LevelScriptBlueprint '/Game/FirstPersonBP/Maps/FirstPersonExampleMap.FirstPersonExampleMap:PersistentLevel.FirstPersonExampleMap' with GeneratedClass '/Game/FirstPersonBP/Maps/FirstPersonExampleMap.FirstPersonExampleMap_C' with ClassGeneratedBy '/Game/FirstPersonBP/Maps/FirstPersonExampleMap.FirstPersonExampleMap:PersistentLevel.FirstPersonExampleMap'
[2017.01.26-12.30.42:189][234]LogPlayLevel: PlayLevel: No blueprints needed recompiling
[2017.01.26-12.30.42:189][234]PIE: New page: SIE session: FirstPersonExampleMap (26 Jan 2017 12:30:42)
[2017.01.26-12.30.42:189][234]LogPlayLevel: Creating play world package: /Game/FirstPersonBP/Maps/UEDPIE_0_FirstPersonExampleMap
[2017.01.26-12.30.42:209][234]LogPlayLevel: PIE: StaticDuplicateObject took: (0.020031s)
[2017.01.26-12.30.42:210][234]LogAIModule: Creating AISystem for world FirstPersonExampleMap
[2017.01.26-12.30.42:210][234]LogPlayLevel: PIE: World Init took: (0.000900s)
[2017.01.26-12.30.42:210][234]LogPlayLevel: PIE: Created PIE world by copying editor world from /Game/FirstPersonBP/Maps/FirstPersonExampleMap.FirstPersonExampleMap to /Game/FirstPersonBP/Maps/UEDPIE_0_FirstPersonExampleMap.FirstPersonExampleMap (0.021196s)
[2017.01.26-12.30.42:227][234]LogInit: XAudio2 using 'Speakers / Headphones (Realtek High Definition Audio)' : 2 channels at 48 kHz using 32 bits per sample (channel mask 0x3)
[2017.01.26-12.30.42:259][234]LogInit: FAudioDevice initialized.
[2017.01.26-12.30.42:306][234]LogWorld: Game class is 'FirstPersonGameMode_C'
[2017.01.26-12.30.42:310][234]LogWorld: Bringing World /Game/FirstPersonBP/Maps/UEDPIE_0_FirstPersonExampleMap.FirstPersonExampleMap up for play (max tick rate 0) at 2017.01.26-12.30.42
[2017.01.26-12.30.42:311][234]LogWorld: Bringing up level for play took: 0.004286
[2017.01.26-12.30.42:312][234]PIE: Info Play in editor start time for /Game/FirstPersonBP/Maps/UEDPIE_0_FirstPersonExampleMap -0.849
[2017.01.26-12.30.42:314][234]LogBlueprintUserMessages: Late PlayInEditor Detection: Level '/Game/FirstPersonBP/Maps/FirstPersonExampleMap.FirstPersonExampleMap:PersistentLevel' has LevelScriptBlueprint '/Game/FirstPersonBP/Maps/FirstPersonExampleMap.FirstPersonExampleMap:PersistentLevel.FirstPersonExampleMap' with GeneratedClass '/Game/FirstPersonBP/Maps/FirstPersonExampleMap.FirstPersonExampleMap_C' with ClassGeneratedBy '/Game/FirstPersonBP/Maps/FirstPersonExampleMap.FirstPersonExampleMap:PersistentLevel.FirstPersonExampleMap'
[2017.01.26-12.32.18:632][241]LogBlueprintUserMessages: Early EndPlayMap Detection: Level '/Game/FirstPersonBP/Maps/FirstPersonExampleMap.FirstPersonExampleMap:PersistentLevel' has LevelScriptBlueprint '/Game/FirstPersonBP/Maps/FirstPersonExampleMap.FirstPersonExampleMap:PersistentLevel.FirstPersonExampleMap' with GeneratedClass '/Game/FirstPersonBP/Maps/FirstPersonExampleMap.FirstPersonExampleMap_C' with ClassGeneratedBy '/Game/FirstPersonBP/Maps/FirstPersonExampleMap.FirstPersonExampleMap:PersistentLevel.FirstPersonExampleMap'
[2017.01.26-12.32.18:675][241]LogBlueprintUserMessages: Late EndPlayMap Detection: Level '/Game/FirstPersonBP/Maps/FirstPersonExampleMap.FirstPersonExampleMap:PersistentLevel' has LevelScriptBlueprint '/Game/FirstPersonBP/Maps/FirstPersonExampleMap.FirstPersonExampleMap:PersistentLevel.FirstPersonExampleMap' with GeneratedClass '/Game/FirstPersonBP/Maps/FirstPersonExampleMap.FirstPersonExampleMap_C' with ClassGeneratedBy '/Game/FirstPersonBP/Maps/FirstPersonExampleMap.FirstPersonExampleMap:PersistentLevel.FirstPersonExampleMap'
[2017.01.26-12.32.20:894][404]Cmd: OBJ SAVEPACKAGE PACKAGE="/Game/FirstPersonBP/Maps/FirstPersonExampleMap" FILE="D:/Descension/Content/FirstPersonBP/Maps/FirstPersonExampleMap.umap" SILENT=true AUTOSAVING=false KEEPDIRTY=false
[2017.01.26-12.32.22:247][404]LogSavePackage: Save=1338.59ms
[2017.01.26-12.32.22:247][404]LogSavePackage: Moving 'D:/Descension/Saved/FirstPersonExampleMapD4D04C324FF99A496890D2AF895172C9.tmp' to 'D:/Descension/Content/FirstPersonBP/Maps/FirstPersonExampleMap.umap'
[2017.01.26-12.32.22:249][404]LogSavePackage:Display: Finished SavePackage D:/Descension/Content/FirstPersonBP/Maps/FirstPersonExampleMap.umap
[2017.01.26-12.32.22:264][404]LogFileHelpers: Saving map 'FirstPersonExampleMap' took 1.401
[2017.01.26-12.32.22:283][404]Cmd: OBJ SAVEPACKAGE PACKAGE="/Game/FirstPersonBP/Blueprints/FirstPersonCharacter" FILE="D:/Descension/Content/FirstPersonBP/Blueprints/FirstPersonCharacter.uasset" SILENT=true
[2017.01.26-12.32.22:352][404]LogSavePackage: Save=67.45ms
[2017.01.26-12.32.22:352][404]LogSavePackage: Moving 'D:/Descension/Saved/FirstPersonCharacter7C9CDBCF4B58F0D6B96FD8A7545C8026.tmp' to 'D:/Descension/Content/FirstPersonBP/Blueprints/FirstPersonCharacter.uasset'
[2017.01.26-12.32.22:353][404]LogSavePackage:Display: Finished SavePackage D:/Descension/Content/FirstPersonBP/Blueprints/FirstPersonCharacter.uasset
[2017.01.26-12.32.48:189][473]LogEditorTransaction: Undo Break Pin Links
[2017.01.26-12.32.58:975][333]LogBlueprintUserMessages: Early PlayInEditor Detection: Level '/Game/FirstPersonBP/Maps/FirstPersonExampleMap.FirstPersonExampleMap:PersistentLevel' has LevelScriptBlueprint '/Game/FirstPersonBP/Maps/FirstPersonExampleMap.FirstPersonExampleMap:PersistentLevel.FirstPersonExampleMap' with GeneratedClass '/Game/FirstPersonBP/Maps/FirstPersonExampleMap.FirstPersonExampleMap_C' with ClassGeneratedBy '/Game/FirstPersonBP/Maps/FirstPersonExampleMap.FirstPersonExampleMap:PersistentLevel.FirstPersonExampleMap'
[2017.01.26-12.32.58:976][333]BlueprintLog: New page: Pre-Play auto-recompile
[2017.01.26-12.32.58:993][333]LogPlayLevel: [PlayLevel] Compiling FirstPersonCharacter before play...
[2017.01.26-12.32.59:087][333]LogPlayLevel: PlayLevel: Blueprint regeneration took 111 ms (2 blueprints)
[2017.01.26-12.32.59:087][333]LogPlayLevel: [PlayLevel] Compiling AICharacter_Blueprint before play...
[2017.01.26-12.32.59:143][333]LogPlayLevel: PlayLevel: Blueprint regeneration took 167 ms (2 blueprints)
[2017.01.26-12.32.59:160][333]PIE: New page: SIE session: FirstPersonExampleMap (26 Jan 2017 12:32:59)
[2017.01.26-12.32.59:160][333]LogPlayLevel: Creating play world package: /Game/FirstPersonBP/Maps/UEDPIE_0_FirstPersonExampleMap
[2017.01.26-12.32.59:178][333]LogPlayLevel: PIE: StaticDuplicateObject took: (0.018138s)
[2017.01.26-12.32.59:179][333]LogAIModule: Creating AISystem for world FirstPersonExampleMap
[2017.01.26-12.32.59:179][333]LogPlayLevel: PIE: World Init took: (0.000856s)
[2017.01.26-12.32.59:179][333]LogPlayLevel: PIE: Created PIE world by copying editor world from /Game/FirstPersonBP/Maps/FirstPersonExampleMap.FirstPersonExampleMap to /Game/FirstPersonBP/Maps/UEDPIE_0_FirstPersonExampleMap.FirstPersonExampleMap (0.019224s)
[2017.01.26-12.32.59:199][333]LogInit: XAudio2 using 'Speakers / Headphones (Realtek High Definition Audio)' : 2 channels at 48 kHz using 32 bits per sample (channel mask 0x3)
[2017.01.26-12.32.59:230][333]LogInit: FAudioDevice initialized.
[2017.01.26-12.32.59:297][333]LogWorld: Game class is 'FirstPersonGameMode_C'
[2017.01.26-12.32.59:303][333]LogWorld: Bringing World /Game/FirstPersonBP/Maps/UEDPIE_0_FirstPersonExampleMap.FirstPersonExampleMap up for play (max tick rate 0) at 2017.01.26-12.32.59
[2017.01.26-12.32.59:304][333]LogWorld: Bringing up level for play took: 0.005310
[2017.01.26-12.32.59:305][333]PIE: Info Play in editor start time for /Game/FirstPersonBP/Maps/UEDPIE_0_FirstPersonExampleMap 0.14
[2017.01.26-12.32.59:306][333]LogBlueprintUserMessages: Late PlayInEditor Detection: Level '/Game/FirstPersonBP/Maps/FirstPersonExampleMap.FirstPersonExampleMap:PersistentLevel' has LevelScriptBlueprint '/Game/FirstPersonBP/Maps/FirstPersonExampleMap.FirstPersonExampleMap:PersistentLevel.FirstPersonExampleMap' with GeneratedClass '/Game/FirstPersonBP/Maps/FirstPersonExampleMap.FirstPersonExampleMap_C' with ClassGeneratedBy '/Game/FirstPersonBP/Maps/FirstPersonExampleMap.FirstPersonExampleMap:PersistentLevel.FirstPersonExampleMap'
[2017.01.26-12.32.59:919][356]LogEditorViewport: Clicking on Actor (LMB): StaticMeshActor (Floor)
[2017.01.26-12.33.07:525][ 24]LogBlueprintUserMessages: Early EndPlayMap Detection: Level '/Game/FirstPersonBP/Maps/FirstPersonExampleMap.FirstPersonExampleMap:PersistentLevel' has LevelScriptBlueprint '/Game/FirstPersonBP/Maps/FirstPersonExampleMap.FirstPersonExampleMap:PersistentLevel.FirstPersonExampleMap' with GeneratedClass '/Game/FirstPersonBP/Maps/FirstPersonExampleMap.FirstPersonExampleMap_C' with ClassGeneratedBy '/Game/FirstPersonBP/Maps/FirstPersonExampleMap.FirstPersonExampleMap:PersistentLevel.FirstPersonExampleMap'
[2017.01.26-12.33.07:573][ 24]LogBlueprintUserMessages: Late EndPlayMap Detection: Level '/Game/FirstPersonBP/Maps/FirstPersonExampleMap.FirstPersonExampleMap:PersistentLevel' has LevelScriptBlueprint '/Game/FirstPersonBP/Maps/FirstPersonExampleMap.FirstPersonExampleMap:PersistentLevel.FirstPersonExampleMap' with GeneratedClass '/Game/FirstPersonBP/Maps/FirstPersonExampleMap.FirstPersonExampleMap_C' with ClassGeneratedBy '/Game/FirstPersonBP/Maps/FirstPersonExampleMap.FirstPersonExampleMap:PersistentLevel.FirstPersonExampleMap'
[2017.01.26-12.33.10:045][207]Cmd: OBJ SAVEPACKAGE PACKAGE="/Game/FirstPersonBP/Maps/FirstPersonExampleMap" FILE="D:/Descension/Content/FirstPersonBP/Maps/FirstPersonExampleMap.umap" SILENT=true AUTOSAVING=false KEEPDIRTY=false
[2017.01.26-12.33.10:975][207]LogSavePackage: Save=917.00ms
[2017.01.26-12.33.10:975][207]LogSavePackage: Moving 'D:/Descension/Saved/FirstPersonExampleMapA210950045DC3304454DD680EAA2F429.tmp' to 'D:/Descension/Content/FirstPersonBP/Maps/FirstPersonExampleMap.umap'
[2017.01.26-12.33.10:978][207]LogSavePackage:Display: Finished SavePackage D:/Descension/Content/FirstPersonBP/Maps/FirstPersonExampleMap.umap
[2017.01.26-12.33.10:994][207]LogFileHelpers: Saving map 'FirstPersonExampleMap' took 0.980
[2017.01.26-12.33.11:009][207]Cmd: OBJ SAVEPACKAGE PACKAGE="/Game/FirstPersonBP/Blueprints/FirstPersonCharacter" FILE="D:/Descension/Content/FirstPersonBP/Blueprints/FirstPersonCharacter.uasset" SILENT=true
[2017.01.26-12.33.11:077][207]LogSavePackage: Save=67.52ms
[2017.01.26-12.33.11:077][207]LogSavePackage: Moving 'D:/Descension/Saved/FirstPersonCharacterE5897564423D2C5392A16997A15831FD.tmp' to 'D:/Descension/Content/FirstPersonBP/Blueprints/FirstPersonCharacter.uasset'
[2017.01.26-12.33.11:079][207]LogSavePackage:Display: Finished SavePackage D:/Descension/Content/FirstPersonBP/Blueprints/FirstPersonCharacter.uasset
[2017.01.26-12.37.29:880][136]LogBlueprintUserMessages: Early PlayInEditor Detection: Level '/Game/FirstPersonBP/Maps/FirstPersonExampleMap.FirstPersonExampleMap:PersistentLevel' has LevelScriptBlueprint '/Game/FirstPersonBP/Maps/FirstPersonExampleMap.FirstPersonExampleMap:PersistentLevel.FirstPersonExampleMap' with GeneratedClass '/Game/FirstPersonBP/Maps/FirstPersonExampleMap.FirstPersonExampleMap_C' with ClassGeneratedBy '/Game/FirstPersonBP/Maps/FirstPersonExampleMap.FirstPersonExampleMap:PersistentLevel.FirstPersonExampleMap'
[2017.01.26-12.37.29:880][136]LogPlayLevel: PlayLevel: No blueprints needed recompiling
[2017.01.26-12.37.29:880][136]PIE: New page: SIE session: FirstPersonExampleMap (26 Jan 2017 12:37:29)
[2017.01.26-12.37.29:880][136]LogPlayLevel: Creating play world package: /Game/FirstPersonBP/Maps/UEDPIE_0_FirstPersonExampleMap
[2017.01.26-12.37.29:900][136]LogPlayLevel: PIE: StaticDuplicateObject took: (0.019450s)
[2017.01.26-12.37.29:901][136]LogAIModule: Creating AISystem for world FirstPersonExampleMap
[2017.01.26-12.37.29:901][136]LogPlayLevel: PIE: World Init took: (0.000853s)
[2017.01.26-12.37.29:901][136]LogPlayLevel: PIE: Created PIE world by copying editor world from /Game/FirstPersonBP/Maps/FirstPersonExampleMap.FirstPersonExampleMap to /Game/FirstPersonBP/Maps/UEDPIE_0_FirstPersonExampleMap.FirstPersonExampleMap (0.020578s)
[2017.01.26-12.37.29:919][136]LogInit: XAudio2 using 'Speakers / Headphones (Realtek High Definition Audio)' : 2 channels at 48 kHz using 32 bits per sample (channel mask 0x3)
[2017.01.26-12.37.29:949][136]LogInit: FAudioDevice initialized.
[2017.01.26-12.37.29:998][136]LogWorld: Game class is 'FirstPersonGameMode_C'
[2017.01.26-12.37.30:012][136]LogWorld: Bringing World /Game/FirstPersonBP/Maps/UEDPIE_0_FirstPersonExampleMap.FirstPersonExampleMap up for play (max tick rate 0) at 2017.01.26-12.37.30
[2017.01.26-12.37.30:015][136]LogWorld: Bringing up level for play took: 0.014329
[2017.01.26-12.37.30:018][136]PIE: Info Play in editor start time for /Game/FirstPersonBP/Maps/UEDPIE_0_FirstPersonExampleMap 0.85
[2017.01.26-12.37.30:023][136]LogBlueprintUserMessages: Late PlayInEditor Detection: Level '/Game/FirstPersonBP/Maps/FirstPersonExampleMap.FirstPersonExampleMap:PersistentLevel' has LevelScriptBlueprint '/Game/FirstPersonBP/Maps/FirstPersonExampleMap.FirstPersonExampleMap:PersistentLevel.FirstPersonExampleMap' with GeneratedClass '/Game/FirstPersonBP/Maps/FirstPersonExampleMap.FirstPersonExampleMap_C' with ClassGeneratedBy '/Game/FirstPersonBP/Maps/FirstPersonExampleMap.FirstPersonExampleMap:PersistentLevel.FirstPersonExampleMap'
[2017.01.26-12.37.30:429][151]LogEditorViewport: Clicking on Actor (LMB): FirstPersonCharacter_C (FirstPersonCharacter)
[2017.01.26-12.37.31:427][200]LogEditorViewport: Clicking on Actor (LMB): StaticMeshActor (Wall4)
[2017.01.26-12.40.30:925][754]LogCharacterMovement: FirstPersonCharacter_C_1 is stuck and failed to move! Velocity: X=38.345 Y=82.344 Z=0.000 Location: X=912.819 Y=-525.801 Z=268.388 Normal: X=0.891 Y=-0.455 Z=0.000 PenetrationDepth:10.743 Actor:AICharacter_Blueprint4_289 Component:Sphere BoneName:None
[2017.01.26-12.40.32:976][947]LogCharacterMovement: FirstPersonCharacter_C_1 is stuck and failed to move! Velocity: X=10.553 Y=41.348 Z=0.000 Location: X=949.036 Y=-522.395 Z=268.393 Normal: X=0.951 Y=-0.309 Z=0.000 PenetrationDepth:12.898 Actor:AICharacter_Blueprint4_289 Component:Sphere BoneName:None
[2017.01.26-12.40.34:052][ 44]LogCharacterMovement: FirstPersonCharacter_C_1 is stuck and failed to move! Velocity: X=5.792 Y=19.876 Z=0.000 Location: X=961.413 Y=-526.249 Z=268.393 Normal: X=0.952 Y=-0.307 Z=0.000 PenetrationDepth:15.714 Actor:AICharacter_Blueprint4_289 Component:Sphere BoneName:None
[2017.01.26-12.40.34:063][ 45]LogCharacterMovement: FirstPersonCharacter_C_1 is stuck and failed to move! Velocity: X=11.618 Y=41.798 Z=0.000 Location: X=961.413 Y=-526.249 Z=268.393 Normal: X=0.952 Y=-0.307 Z=0.000 PenetrationDepth:15.714 Actor:AICharacter_Blueprint4_289 Component:Sphere BoneName:None
[2017.01.26-12.40.34:075][ 46]LogCharacterMovement: FirstPersonCharacter_C_1 is stuck and failed to move! Velocity: X=16.925 Y=64.767 Z=0.000 Location: X=961.413 Y=-526.249 Z=268.393 Normal: X=0.952 Y=-0.307 Z=0.000 PenetrationDepth:15.714 Actor:AICharacter_Blueprint4_289 Component:Sphere BoneName:None
[2017.01.26-12.41.07:133][157]LogBlueprintUserMessages: Early EndPlayMap Detection: Level '/Game/FirstPersonBP/Maps/FirstPersonExampleMap.FirstPersonExampleMap:PersistentLevel' has LevelScriptBlueprint '/Game/FirstPersonBP/Maps/FirstPersonExampleMap.FirstPersonExampleMap:PersistentLevel.FirstPersonExampleMap' with GeneratedClass '/Game/FirstPersonBP/Maps/FirstPersonExampleMap.FirstPersonExampleMap_C' with ClassGeneratedBy '/Game/FirstPersonBP/Maps/FirstPersonExampleMap.FirstPersonExampleMap:PersistentLevel.FirstPersonExampleMap'
[2017.01.26-12.41.07:185][157]LogBlueprintUserMessages: Late EndPlayMap Detection: Level '/Game/FirstPersonBP/Maps/FirstPersonExampleMap.FirstPersonExampleMap:PersistentLevel' has LevelScriptBlueprint '/Game/FirstPersonBP/Maps/FirstPersonExampleMap.FirstPersonExampleMap:PersistentLevel.FirstPersonExampleMap' with GeneratedClass '/Game/FirstPersonBP/Maps/FirstPersonExampleMap.FirstPersonExampleMap_C' with ClassGeneratedBy '/Game/FirstPersonBP/Maps/FirstPersonExampleMap.FirstPersonExampleMap:PersistentLevel.FirstPersonExampleMap'
[2017.01.26-12.41.07:347][158]LogEditorViewport: Clicking on Actor (double click): StaticMeshActor (Floor)
[2017.01.26-12.41.09:341][302]LogEditorViewport: Clicking on Actor (LMB): FirstPersonCharacter_C (FirstPersonCharacter)
[2017.01.26-12.43.01:000][130]LogEditorViewport: Clicking on Actor (LMB): StaticMeshActor (Floor)
[2017.01.26-12.43.03:051][272]LogBlueprintUserMessages: Early PlayInEditor Detection: Level '/Game/FirstPersonBP/Maps/FirstPersonExampleMap.FirstPersonExampleMap:PersistentLevel' has LevelScriptBlueprint '/Game/FirstPersonBP/Maps/FirstPersonExampleMap.FirstPersonExampleMap:PersistentLevel.FirstPersonExampleMap' with GeneratedClass '/Game/FirstPersonBP/Maps/FirstPersonExampleMap.FirstPersonExampleMap_C' with ClassGeneratedBy '/Game/FirstPersonBP/Maps/FirstPersonExampleMap.FirstPersonExampleMap:PersistentLevel.FirstPersonExampleMap'
[2017.01.26-12.43.03:051][272]LogPlayLevel: PlayLevel: No blueprints needed recompiling
[2017.01.26-12.43.03:052][272]PIE: New page: SIE session: FirstPersonExampleMap (26 Jan 2017 12:43:03)
[2017.01.26-12.43.03:052][272]LogPlayLevel: Creating play world package: /Game/FirstPersonBP/Maps/UEDPIE_0_FirstPersonExampleMap
[2017.01.26-12.43.03:073][272]LogPlayLevel: PIE: StaticDuplicateObject took: (0.021740s)
[2017.01.26-12.43.03:074][272]LogAIModule: Creating AISystem for world FirstPersonExampleMap
[2017.01.26-12.43.03:074][272]LogPlayLevel: PIE: World Init took: (0.000798s)
[2017.01.26-12.43.03:074][272]LogPlayLevel: PIE: Created PIE world by copying editor world from /Game/FirstPersonBP/Maps/FirstPersonExampleMap.FirstPersonExampleMap to /Game/FirstPersonBP/Maps/UEDPIE_0_FirstPersonExampleMap.FirstPersonExampleMap (0.022769s)
[2017.01.26-12.43.03:094][272]LogInit: XAudio2 using 'Speakers / Headphones (Realtek High Definition Audio)' : 2 channels at 48 kHz using 32 bits per sample (channel mask 0x3)
[2017.01.26-12.43.03:126][272]LogInit: FAudioDevice initialized.
[2017.01.26-12.43.03:170][272]LogWorld: Game class is 'FirstPersonGameMode_C'
[2017.01.26-12.43.03:174][272]LogWorld: Bringing World /Game/FirstPersonBP/Maps/UEDPIE_0_FirstPersonExampleMap.FirstPersonExampleMap up for play (max tick rate 0) at 2017.01.26-12.43.03
[2017.01.26-12.43.03:175][272]LogWorld: Bringing up level for play took: 0.004052
[2017.01.26-12.43.03:176][272]PIE: Info Play in editor start time for /Game/FirstPersonBP/Maps/UEDPIE_0_FirstPersonExampleMap -0.001
[2017.01.26-12.43.03:189][272]LogBlueprintUserMessages: Late PlayInEditor Detection: Level '/Game/FirstPersonBP/Maps/FirstPersonExampleMap.FirstPersonExampleMap:PersistentLevel' has LevelScriptBlueprint '/Game/FirstPersonBP/Maps/FirstPersonExampleMap.FirstPersonExampleMap:PersistentLevel.FirstPersonExampleMap' with GeneratedClass '/Game/FirstPersonBP/Maps/FirstPersonExampleMap.FirstPersonExampleMap_C' with ClassGeneratedBy '/Game/FirstPersonBP/Maps/FirstPersonExampleMap.FirstPersonExampleMap:PersistentLevel.FirstPersonExampleMap'
[2017.01.26-12.43.03:731][297]LogEditorViewport: Clicking on Actor (LMB): StaticMeshActor (Floor)
[2017.01.26-12.43.27:375][482]LogBlueprintUserMessages: Early EndPlayMap Detection: Level '/Game/FirstPersonBP/Maps/FirstPersonExampleMap.FirstPersonExampleMap:PersistentLevel' has LevelScriptBlueprint '/Game/FirstPersonBP/Maps/FirstPersonExampleMap.FirstPersonExampleMap:PersistentLevel.FirstPersonExampleMap' with GeneratedClass '/Game/FirstPersonBP/Maps/FirstPersonExampleMap.FirstPersonExampleMap_C' with ClassGeneratedBy '/Game/FirstPersonBP/Maps/FirstPersonExampleMap.FirstPersonExampleMap:PersistentLevel.FirstPersonExampleMap'
[2017.01.26-12.43.27:435][482]LogBlueprintUserMessages: Late EndPlayMap Detection: Level '/Game/FirstPersonBP/Maps/FirstPersonExampleMap.FirstPersonExampleMap:PersistentLevel' has LevelScriptBlueprint '/Game/FirstPersonBP/Maps/FirstPersonExampleMap.FirstPersonExampleMap:PersistentLevel.FirstPersonExampleMap' with GeneratedClass '/Game/FirstPersonBP/Maps/FirstPersonExampleMap.FirstPersonExampleMap_C' with ClassGeneratedBy '/Game/FirstPersonBP/Maps/FirstPersonExampleMap.FirstPersonExampleMap:PersistentLevel.FirstPersonExampleMap'
[2017.01.26-12.43.29:118][590]LogEditorViewport: Clicking on Actor (LMB): StaticMeshActor (Floor)
[2017.01.26-12.43.29:751][633]LogEditorViewport: Clicking on Actor (LMB): FirstPersonCharacter_C (FirstPersonCharacter)
[2017.01.26-12.43.46:420][795]LogBlueprintUserMessages: Early PlayInEditor Detection: Level '/Game/FirstPersonBP/Maps/FirstPersonExampleMap.FirstPersonExampleMap:PersistentLevel' has LevelScriptBlueprint '/Game/FirstPersonBP/Maps/FirstPersonExampleMap.FirstPersonExampleMap:PersistentLevel.FirstPersonExampleMap' with GeneratedClass '/Game/FirstPersonBP/Maps/FirstPersonExampleMap.FirstPersonExampleMap_C' with ClassGeneratedBy '/Game/FirstPersonBP/Maps/FirstPersonExampleMap.FirstPersonExampleMap:PersistentLevel.FirstPersonExampleMap'
[2017.01.26-12.43.46:420][795]LogPlayLevel: PlayLevel: No blueprints needed recompiling
[2017.01.26-12.43.46:421][795]PIE: New page: SIE session: FirstPersonExampleMap (26 Jan 2017 12:43:46)
[2017.01.26-12.43.46:421][795]LogPlayLevel: Creating play world package: /Game/FirstPersonBP/Maps/UEDPIE_0_FirstPersonExampleMap
[2017.01.26-12.43.46:441][795]LogPlayLevel: PIE: StaticDuplicateObject took: (0.020688s)
[2017.01.26-12.43.46:442][795]LogAIModule: Creating AISystem for world FirstPersonExampleMap
[2017.01.26-12.43.46:442][795]LogPlayLevel: PIE: World Init took: (0.000852s)
[2017.01.26-12.43.46:443][795]LogPlayLevel: PIE: Created PIE world by copying editor world from /Game/FirstPersonBP/Maps/FirstPersonExampleMap.FirstPersonExampleMap to /Game/FirstPersonBP/Maps/UEDPIE_0_FirstPersonExampleMap.FirstPersonExampleMap (0.021925s)
[2017.01.26-12.43.46:492][795]LogInit: XAudio2 using 'Speakers / Headphones (Realtek High Definition Audio)' : 2 channels at 48 kHz using 32 bits per sample (channel mask 0x3)
[2017.01.26-12.43.46:524][795]LogInit: FAudioDevice initialized.
[2017.01.26-12.43.46:590][795]LogWorld: Game class is 'FirstPersonGameMode_C'
[2017.01.26-12.43.46:600][795]LogWorld: Bringing World /Game/FirstPersonBP/Maps/UEDPIE_0_FirstPersonExampleMap.FirstPersonExampleMap up for play (max tick rate 0) at 2017.01.26-12.43.46
[2017.01.26-12.43.46:602][795]LogWorld: Bringing up level for play took: 0.009603
[2017.01.26-12.43.46:603][795]PIE: Info Play in editor start time for /Game/FirstPersonBP/Maps/UEDPIE_0_FirstPersonExampleMap -0.576
[2017.01.26-12.43.46:691][795]LogBlueprintUserMessages: Late PlayInEditor Detection: Level '/Game/FirstPersonBP/Maps/FirstPersonExampleMap.FirstPersonExampleMap:PersistentLevel' has LevelScriptBlueprint '/Game/FirstPersonBP/Maps/FirstPersonExampleMap.FirstPersonExampleMap:PersistentLevel.FirstPersonExampleMap' with GeneratedClass '/Game/FirstPersonBP/Maps/FirstPersonExampleMap.FirstPersonExampleMap_C' with ClassGeneratedBy '/Game/FirstPersonBP/Maps/FirstPersonExampleMap.FirstPersonExampleMap:PersistentLevel.FirstPersonExampleMap'
[2017.01.26-12.43.57:964][829]LogCharacterMovement: FirstPersonCharacter_C_1 is stuck and failed to move! Velocity: X=-66.618 Y=150.201 Z=0.000 Location: X=1324.925 Y=1325.151 Z=268.394 Normal: X=0.939 Y=0.343 Z=0.000 PenetrationDepth:11.565 Actor:AICharacter_Blueprint4_289 Component:Sphere BoneName:None
[2017.01.26-12.44.06:590][644]LogBlueprintUserMessages: Early EndPlayMap Detection: Level '/Game/FirstPersonBP/Maps/FirstPersonExampleMap.FirstPersonExampleMap:PersistentLevel' has LevelScriptBlueprint '/Game/F