Log file open, 01/26/17 11:54:37
LogInit:Display: Running engine for game: Descension
LogPlatformFile: Not using cached read wrapper
LogInit:Display: RandInit(-1925687171) SRandInit(-1925687170).
LogInit: Using version manifest at CL 0 with build ID '02bfa864-9300-4183-9878-ec235d143870'
LogTaskGraph: Started task graph with 4 named threads and 7 total threads with 1 sets of task threads.
LogStats: Stats thread started at 0.064271
LogInit: Version: 4.12.5-0+UE4
LogInit: API Version: 0
LogInit: Net Version: 0
LogDevObjectVersion: Number of dev versions registered: 13
LogDevObjectVersion:   Dev-Blueprints (B0D832E4-1F89-4F0D-ACCF-7EB736FD4AA2): 3
LogDevObjectVersion:   Dev-Build (E1C64328-A22C-4D53-A36C-8E866417BD8C): 0
LogDevObjectVersion:   Dev-Core (375EC13C-06E4-48FB-B500-84F0262A717E): 1
LogDevObjectVersion:   Dev-Editor (E4B068ED-F494-42E9-A231-DA0B2E46BB41): 2
LogDevObjectVersion:   Dev-Framework (CFFC743F-43B0-4480-9391-14DF171D2073): 6
LogDevObjectVersion:   Dev-Mobile (B02B49B5-BB20-44E9-A304-32B752E40360): 0
LogDevObjectVersion:   Dev-Networking (A4E4105C-59A1-49B5-A7C5-40C4547EDFEE): 0
LogDevObjectVersion:   Dev-Online (39C831C9-5AE6-47DC-9A44-9C173E1C8E7C): 0
LogDevObjectVersion:   Dev-Physics (78F01B33-EBEA-4F98-B9B4-84EACCB95AA2): 0
LogDevObjectVersion:   Dev-Platform (6631380F-2D4D-43E0-8009-CF276956A95A): 0
LogDevObjectVersion:   Dev-Rendering (12F88B9F-8875-4AFC-A67C-D90C383ABD29): 2
LogDevObjectVersion:   Dev-Sequencer (7B5AE74C-D270-4C10-A958-57980B212A5A): 0
LogDevObjectVersion:   Dev-VR (D7296918-1DD6-4BDD-9DE2-64A83CC13884): 0
LogInit: Compiled (64-bit): Aug 25 2016 13:31:26
LogInit: Compiled with Visual C++: 19.00.24213.01
LogInit: Build Configuration: Development
LogInit: Branch Name: UE4
LogInit: Command line:  
LogInit: Base directory: C:/Unreal Engine 4.12/Engine/Binaries/Win64/
LogInit: Installed Engine Build: 0
LogInit: Using libcurl 7.41.0
LogInit:  - built for x86_64-pc-win32
LogInit:  - supports SSL with WinSSL
LogInit:  - other features:
LogInit:      CURL_VERSION_SSL
LogInit:      CURL_VERSION_IPV6
LogInit:      CURL_VERSION_ASYNCHDNS
LogInit:      CURL_VERSION_LARGEFILE
LogInit:      CURL_VERSION_IDN
LogInit:  CurlRequestOptions (configurable via config and command line):
LogInit:  - bVerifyPeer = true  - Libcurl will verify peer certificate
LogInit:  - bUseHttpProxy = false  - Libcurl will NOT use HTTP proxy
LogInit:  - bDontReuseConnections = false  - Libcurl will reuse connections
LogInit:  - CertBundlePath = nullptr  - Libcurl will use whatever was configured at build time.
LogInit: Presizing for max 8388607 objects, including 0 objects not considered by GC, pre-allocating 0 bytes for permanent pool.
LogInit: Object subsystem initialized
[2017.01.26-11.54.37:326][  0]LogInit: Selected Device Profile: [Windows]
[2017.01.26-11.54.37:326][  0]LogInit: Applying CVar settings loaded from the selected device profile: [Windows]
[2017.01.26-11.54.37:334][  0]LogInit: Computer: PENGAME-59033
[2017.01.26-11.54.37:334][  0]LogInit: User: af187249
[2017.01.26-11.54.37:334][  0]LogInit: CPU Page size=65536, Cores=4
[2017.01.26-11.54.37:334][  0]LogInit: High frequency timer resolution =3.507518 MHz
[2017.01.26-11.54.37:334][  0]LogMemory: Memory total: Physical=24.0GB (24GB approx)
[2017.01.26-11.54.37:334][  0]LogMemory: Platform Memory Stats for Windows
[2017.01.26-11.54.37:334][  0]LogMemory: Process Physical Memory: 189.95 MB used, 189.95 MB peak
[2017.01.26-11.54.37:334][  0]LogMemory: Process Virtual Memory: 195.01 MB used, 195.01 MB peak
[2017.01.26-11.54.37:334][  0]LogMemory: Physical Memory: 3963.23 MB used, 24527.16 MB total
[2017.01.26-11.54.37:334][  0]LogMemory: Virtual Memory: 544.77 MB used, 134217728.00 MB total
[2017.01.26-11.54.37:358][  0]LogTextLocalizationManager: No specific translations for ('en-GB') exist, so ('en') translations will be used.
[2017.01.26-11.54.37:655][  0]LogD3D11RHI: D3D11 adapters:
[2017.01.26-11.54.37:676][  0]LogD3D11RHI:    0. 'NVIDIA GeForce GTX 750 Ti' (Feature Level 11_0)
[2017.01.26-11.54.37:676][  0]LogD3D11RHI:       1993/0/12263 MB DedicatedVideo/DedicatedSystem/SharedSystem, Outputs:1, VendorId:0x10de
[2017.01.26-11.54.37:677][  0]LogD3D11RHI:    1. 'Microsoft Basic Render Driver' (Feature Level 11_0)
[2017.01.26-11.54.37:677][  0]LogD3D11RHI:       0/0/12263 MB DedicatedVideo/DedicatedSystem/SharedSystem, Outputs:0, VendorId:0x1414
[2017.01.26-11.54.37:677][  0]LogD3D11RHI: Chosen D3D11 Adapter: 0
[2017.01.26-11.54.37:680][  0]LogD3D11RHI: Creating new Direct3DDevice
[2017.01.26-11.54.37:680][  0]LogD3D11RHI:     GPU DeviceId: 0x1380 (for the marketing name, search the web for "GPU Device Id")
[2017.01.26-11.54.37:680][  0]LogWindows: EnumDisplayDevices:
[2017.01.26-11.54.37:680][  0]LogWindows:    0. 'NVIDIA GeForce GTX 750 Ti' (P:1 D:1)
[2017.01.26-11.54.37:680][  0]LogWindows:    1. 'NVIDIA GeForce GTX 750 Ti' (P:0 D:0)
[2017.01.26-11.54.37:680][  0]LogWindows:    2. 'NVIDIA GeForce GTX 750 Ti' (P:0 D:0)
[2017.01.26-11.54.37:680][  0]LogWindows: DebugString: FoundDriverCount:3 
[2017.01.26-11.54.37:680][  0]LogD3D11RHI:     Adapter Name: NVIDIA GeForce GTX 750 Ti
[2017.01.26-11.54.37:680][  0]LogD3D11RHI:   Driver Version: 353.62 (internal:10.18.13.5362, unified:353.62)
[2017.01.26-11.54.37:680][  0]LogD3D11RHI:      Driver Date: 7-22-2015
[2017.01.26-11.54.37:680][  0]LogRHI: Texture pool is 1361 MB (70% of 1945 MB)
[2017.01.26-11.54.37:690][  0]LogD3D11RHI: Async texture creation enabled
[2017.01.26-11.54.37:706][  0]LogD3D11RHI: GPU Timing Frequency: 1000.000000 (Debug: 2 2)
[2017.01.26-11.54.37:706][  0]LogShaderCompilers: Guid format shader working directory is 36 characters bigger than the processId version (D:/Descension/Intermediate/Shaders/WorkingDirectory/7316/).
[2017.01.26-11.54.37:706][  0]LogShaderCompilers: Cleaned the shader compiler working directory 'C:/Users/af187249/AppData/Local/Temp/UnrealShaderWorkingDir/B10E36124C5ADD8C6E63CF9B35298525/'.
[2017.01.26-11.54.37:706][  0]LogShaderCompilers:Display: Using Local Shader Compiler.
[2017.01.26-11.54.38:319][  0]LogTemp:Display: Loaded TP WindowsTargetPlatform
[2017.01.26-11.54.38:324][  0]LogTemp:Display: Loaded TP WindowsNoEditorTargetPlatform
[2017.01.26-11.54.38:328][  0]LogTemp:Display: Loaded TP WindowsServerTargetPlatform
[2017.01.26-11.54.38:333][  0]LogTemp:Display: Loaded TP WindowsClientTargetPlatform
[2017.01.26-11.54.38:338][  0]LogTemp:Display: Loaded TP AllDesktopTargetPlatform
[2017.01.26-11.54.38:343][  0]LogTemp:Display: Loaded TP AndroidTargetPlatform
[2017.01.26-11.54.38:347][  0]LogTemp:Display: Loaded TP Android_PVRTCTargetPlatform
[2017.01.26-11.54.38:351][  0]LogTemp:Display: Loaded TP Android_ATCTargetPlatform
[2017.01.26-11.54.38:356][  0]LogTemp:Display: Loaded TP Android_DXTTargetPlatform
[2017.01.26-11.54.38:360][  0]LogTemp:Display: Loaded TP Android_ETC1TargetPlatform
[2017.01.26-11.54.38:364][  0]LogTemp:Display: Loaded TP Android_ETC2TargetPlatform
[2017.01.26-11.54.38:368][  0]LogTemp:Display: Loaded TP Android_ASTCTargetPlatform
[2017.01.26-11.54.38:373][  0]LogTemp:Display: Loaded TP Android_MultiTargetPlatform
[2017.01.26-11.54.38:373][  0]LogTemp:Display: Loaded TP HTML5TargetPlatform
[2017.01.26-11.54.38:390][  0]LogTemp:Display: Loaded TP IOSTargetPlatform
[2017.01.26-11.54.38:394][  0]LogTemp:Display: Loaded TP TVOSTargetPlatform
[2017.01.26-11.54.38:394][  0]LogTargetPlatformManager:Display: Building Assets For Windows
[2017.01.26-11.54.38:438][  0]LogDerivedDataCache:Display: Max Cache Size: 512 MB
[2017.01.26-11.54.38:476][  0]LogDerivedDataCache: Loaded boot cache 0.04s 48MB D:/Descension/DerivedDataCache/Boot.ddc.
[2017.01.26-11.54.38:477][  0]LogDerivedDataCache:Display: Loaded Boot cache: D:/Descension/DerivedDataCache/Boot.ddc
[2017.01.26-11.54.38:477][  0]LogDerivedDataCache: FDerivedDataBackendGraph:  Pak pak cache file D:/Descension/DerivedDataCache/DDC.ddp not found, will not use a pak cache.
[2017.01.26-11.54.38:477][  0]LogDerivedDataCache: Unable to find inner node Pak for hierarchical cache Hierarchy.
[2017.01.26-11.54.38:477][  0]LogDerivedDataCache: FDerivedDataBackendGraph:  EnginePak pak cache file ../../../Engine/DerivedDataCache/DDC.ddp not found, will not use a pak cache.
[2017.01.26-11.54.38:477][  0]LogDerivedDataCache: Unable to find inner node EnginePak for hierarchical cache Hierarchy.
[2017.01.26-11.54.38:489][  0]LogDerivedDataCache: Using Local data cache path ../../../Engine/DerivedDataCache: Writable
[2017.01.26-11.54.38:489][  0]LogDerivedDataCache: Shared data cache path not found in *engine.ini, will not use an Shared cache.
[2017.01.26-11.54.38:489][  0]LogDerivedDataCache: Unable to find inner node Shared for hierarchical cache Hierarchy.
[2017.01.26-11.54.38:618][  0]LogInit: Selected Device Profile: [Windows]
[2017.01.26-11.54.38:624][  0]LogContentStreaming: Texture pool size is 0.00 MB
[2017.01.26-11.54.38:745][  0]LogMeshUtilities: No automatic mesh reduction module available
[2017.01.26-11.54.38:745][  0]LogMeshUtilities: No automatic mesh merging module available
[2017.01.26-11.54.38:745][  0]LogMeshUtilities: No distributed automatic mesh merging module available
[2017.01.26-11.54.38:930][  0]LogAssetRegistry: FAssetRegistry took 0.0222 seconds to start up
[2017.01.26-11.54.38:945][  0]LogPackageLocalizationCache: Processed 3 localized package path(s) for 2 prioritized culture(s) in 0.014095 seconds
[2017.01.26-11.54.38:949][  0]LogUObjectArray: 28732 objects as part of root set at end of initial load.
[2017.01.26-11.54.38:949][  0]LogUObjectAllocator: 5854096 out of 0 bytes used by permanent object pool.
[2017.01.26-11.54.38:949][  0]LogUObjectArray: CloseDisregardForGC: 0/0 objects in disregard for GC pool
[2017.01.26-11.54.38:951][  0]LogInit: WinSock: version 1.1 (2.2), MaxSocks=32767, MaxUdp=65467
[2017.01.26-11.54.39:059][  0]LogSlate: SlateFontCache - WITH_FREETYPE: 1, WITH_HARFBUZZ: 1
[2017.01.26-11.54.39:059][  0]LogSlate: SlateFontCache - WITH_FREETYPE: 1, WITH_HARFBUZZ: 1
[2017.01.26-11.54.39:555][  0]LogUdpMessaging: Initializing bridge on interface 0.0.0.0:0 to multicast group 230.0.0.1:6666.
[2017.01.26-11.54.39:784][  0]SourceControl: Info Source control is disabled
[2017.01.26-11.54.39:807][  0]SourceControl: Info Source control is disabled
[2017.01.26-11.54.39:815][  0]SourceControl: Info Source control is disabled
[2017.01.26-11.54.39:821][  0]SourceControl: Info Source control is disabled
[2017.01.26-11.54.39:987][  0]LogEngine: Initializing Engine...
[2017.01.26-11.54.39:988][  0]LogHMD: SteamVR failed to initialize.  Err: 110
[2017.01.26-11.54.39:988][  0]LogHMD: SteamVR failed to initialize.  Err: 110
[2017.01.26-11.54.40:093][  0]LogAIModule: Creating AISystem for world NewWorld
[2017.01.26-11.54.40:095][  0]LogInit: No audio devices found!
[2017.01.26-11.54.40:114][  0]LogDerivedDataCache: Saved boot cache 0.02s 48MB D:/Descension/DerivedDataCache/Boot.ddc.
[2017.01.26-11.54.40:118][  0]LogInit: Texture streaming: Enabled
[2017.01.26-11.54.40:134][  0]LogInit: Transaction tracking system initialized
[2017.01.26-11.54.40:143][  0]BlueprintLog: New page: Editor Load
[2017.01.26-11.54.40:175][  0]LocalizationService: Info Localization service is disabled
[2017.01.26-11.54.40:216][  0]LogConsoleResponse:Display: 
[2017.01.26-11.54.40:287][  0]LogCook:Display: Max memory allowance for cook 8192mb
[2017.01.26-11.54.40:287][  0]LogCook:Display: Mobile HDR setting 1
[2017.01.26-11.54.40:349][  0]LogFileCache: Scanning file cache for directory 'D:/Descension/Content/' took 0.01s
[2017.01.26-11.54.40:349][  0]SourceControl: Info Source control is disabled
[2017.01.26-11.54.40:349][  0]Cmd: MAP LOAD FILE="D:/Descension/Content/FirstPersonBP/Maps/FirstPersonExampleMap.umap" TEMPLATE=0 SHOWPROGRESS=1 FEATURELEVEL=3
[2017.01.26-11.54.40:349][  0]LightingResults: New page: Lighting Build
[2017.01.26-11.54.40:350][  0]MapCheck: New page: Map Check
[2017.01.26-11.54.40:350][  0]LightingResults: New page: Lighting Build
[2017.01.26-11.54.40:737][  0]LogAIModule: Creating AISystem for world FirstPersonExampleMap
[2017.01.26-11.54.40:746][  0]LogEditorServer: Finished looking for orphan Actors (0.000 secs)
[2017.01.26-11.54.40:746][  0]Cmd: MAP CHECKDEP NOCLEARLOG
[2017.01.26-11.54.40:774][  0]MapCheck: Info Map check complete: 0 Error(s), 0 Warning(s), took 26.786ms to complete.
[2017.01.26-11.54.40:774][  0]LogFileHelpers: Loading map 'FirstPersonExampleMap' took 0.425
[2017.01.26-11.54.41:006][  0]LogCrashTracker: Crashtracker disabled due to settings.
[2017.01.26-11.54.41:009][  0]LogCollectionManager: Loaded 0 collections in 0.000641 seconds
[2017.01.26-11.54.41:044][  0]LogFileCache: Scanning file cache for directory 'D:/Descension/Saved/Collections/' took 0.01s
[2017.01.26-11.54.41:044][  0]LogFileCache: Scanning file cache for directory 'D:/Descension/Content/Developers/af187249/Collections/' took 0.01s
[2017.01.26-11.54.41:044][  0]LogFileCache: Scanning file cache for directory 'D:/Descension/Content/Collections/' took 0.01s
[2017.01.26-11.54.41:044][  0]LogCollectionManager: Rebuilt the GUID cache for 0 collections in 0.000003 seconds
[2017.01.26-11.54.41:050][  0]LogContentBrowser: Native class hierarchy populated in 0.0062 seconds. Added 2047 classes and 369 folders.
[2017.01.26-11.54.41:052][  0]LogStats: UGameplayTagsManager::ConstructGameplayTagTree: Construct from data asset -  0.000 s
[2017.01.26-11.54.41:052][  0]LogStats: UGameplayTagsManager::ConstructGameplayTagTree: GameplayTagTreeChangedEvent.Broadcast -  0.000 s
[2017.01.26-11.54.41:052][  0]LogContentBrowser: Native class hierarchy updated for 'GameplayTags' in 0.0003 seconds. Added 12 classes and 0 folders.
[2017.01.26-11.54.41:054][  0]LogContentBrowser: Native class hierarchy updated for 'WidgetCarousel' in 0.0002 seconds. Added 0 classes and 0 folders.
[2017.01.26-11.54.41:083][  0]LogContentBrowser: Native class hierarchy updated for 'AddContentDialog' in 0.0003 seconds. Added 0 classes and 0 folders.
[2017.01.26-11.54.41:086][  0]LogUObjectGlobals:Warning: Failed to find object 'Class None.'
[2017.01.26-11.54.41:111][  0]LogContentBrowser: Native class hierarchy updated for 'HierarchicalLODOutliner' in 0.0003 seconds. Added 1 classes and 2 folders.
[2017.01.26-11.54.41:111][  0]LogLoad: Full Startup: 4.44 seconds (BP compile: 0.08 seconds)
[2017.01.26-11.54.41:111][  0]LogExternalProfiler: No external profilers were discovered.  External profiling features will not be available.
[2017.01.26-11.54.41:120][  0]LogOcInput: OculusInput pre-init called
[2017.01.26-11.54.41:138][  0]LogContentStreaming: Texture pool size now 700 MB
[2017.01.26-11.54.41:254][  0]LogRenderer: Reallocating scene render targets to support 1208x924 (Frame:2).
[2017.01.26-11.54.41:334][  1]LogAssetRegistry: Asset discovery search completed in 2.4265 seconds
[2017.01.26-11.54.41:334][  1]LogCollectionManager: Rebuilt the object cache for 0 collections in 0.000001 seconds (found 0 objects)
[2017.01.26-11.54.41:334][  1]LogCollectionManager: Fixed up redirectors for 0 collections in 0.000015 seconds (updated 0 objects)
[2017.01.26-11.54.43:946][278]LogBlueprintUserMessages: Early PlayInEditor Detection: Level '/Game/FirstPersonBP/Maps/FirstPersonExampleMap.FirstPersonExampleMap:PersistentLevel' has LevelScriptBlueprint '/Game/FirstPersonBP/Maps/FirstPersonExampleMap.FirstPersonExampleMap:PersistentLevel.FirstPersonExampleMap' with GeneratedClass '/Game/FirstPersonBP/Maps/FirstPersonExampleMap.FirstPersonExampleMap_C' with ClassGeneratedBy '/Game/FirstPersonBP/Maps/FirstPersonExampleMap.FirstPersonExampleMap:PersistentLevel.FirstPersonExampleMap'
[2017.01.26-11.54.43:946][278]LogPlayLevel: PlayLevel: No blueprints needed recompiling
[2017.01.26-11.54.43:947][278]PIE: New page: SIE session: FirstPersonExampleMap (26 Jan 2017 11:54:43)
[2017.01.26-11.54.43:947][278]LogPlayLevel: Creating play world package: /Game/FirstPersonBP/Maps/UEDPIE_0_FirstPersonExampleMap
[2017.01.26-11.54.43:968][278]LogPlayLevel: PIE: StaticDuplicateObject took: (0.021066s)
[2017.01.26-11.54.43:969][278]LogAIModule: Creating AISystem for world FirstPersonExampleMap
[2017.01.26-11.54.43:969][278]LogPlayLevel: PIE: World Init took: (0.000603s)
[2017.01.26-11.54.43:969][278]LogPlayLevel: PIE: Created PIE world by copying editor world from /Game/FirstPersonBP/Maps/FirstPersonExampleMap.FirstPersonExampleMap to /Game/FirstPersonBP/Maps/UEDPIE_0_FirstPersonExampleMap.FirstPersonExampleMap (0.021886s)
[2017.01.26-11.54.44:045][278]LogWorld: Game class is 'FirstPersonGameMode_C'
[2017.01.26-11.54.44:049][278]LogWorld: Bringing World /Game/FirstPersonBP/Maps/UEDPIE_0_FirstPersonExampleMap.FirstPersonExampleMap up for play (max tick rate 0) at 2017.01.26-11.54.44
[2017.01.26-11.54.44:050][278]LogWorld: Bringing up level for play took: 0.004243
[2017.01.26-11.54.44:052][278]LogContentBrowser: Native class hierarchy updated for 'MovieSceneCapture' in 0.0003 seconds. Added 11 classes and 0 folders.
[2017.01.26-11.54.44:053][278]PIE: Info Play in editor start time for /Game/FirstPersonBP/Maps/UEDPIE_0_FirstPersonExampleMap 0.922
[2017.01.26-11.54.44:055][278]LogBlueprintUserMessages: Late PlayInEditor Detection: Level '/Game/FirstPersonBP/Maps/FirstPersonExampleMap.FirstPersonExampleMap:PersistentLevel' has LevelScriptBlueprint '/Game/FirstPersonBP/Maps/FirstPersonExampleMap.FirstPersonExampleMap:PersistentLevel.FirstPersonExampleMap' with GeneratedClass '/Game/FirstPersonBP/Maps/FirstPersonExampleMap.FirstPersonExampleMap_C' with ClassGeneratedBy '/Game/FirstPersonBP/Maps/FirstPersonExampleMap.FirstPersonExampleMap:PersistentLevel.FirstPersonExampleMap'
[2017.01.26-11.54.50:579][ 42]LogBlueprintUserMessages: Early EndPlayMap Detection: Level '/Game/FirstPersonBP/Maps/FirstPersonExampleMap.FirstPersonExampleMap:PersistentLevel' has LevelScriptBlueprint '/Game/FirstPersonBP/Maps/FirstPersonExampleMap.FirstPersonExampleMap:PersistentLevel.FirstPersonExampleMap' with GeneratedClass '/Game/FirstPersonBP/Maps/FirstPersonExampleMap.FirstPersonExampleMap_C' with ClassGeneratedBy '/Game/FirstPersonBP/Maps/FirstPersonExampleMap.FirstPersonExampleMap:PersistentLevel.FirstPersonExampleMap'
[2017.01.26-11.54.50:607][ 42]LogBlueprintUserMessages: Late EndPlayMap Detection: Level '/Game/FirstPersonBP/Maps/FirstPersonExampleMap.FirstPersonExampleMap:PersistentLevel' has LevelScriptBlueprint '/Game/FirstPersonBP/Maps/FirstPersonExampleMap.FirstPersonExampleMap:PersistentLevel.FirstPersonExampleMap' with GeneratedClass '/Game/FirstPersonBP/Maps/FirstPersonExampleMap.FirstPersonExampleMap_C' with ClassGeneratedBy '/Game/FirstPersonBP/Maps/FirstPersonExampleMap.FirstPersonExampleMap:PersistentLevel.FirstPersonExampleMap'
[2017.01.26-11.54.51:992][199]LogWindowsTextInputMethodSystem:Display: IME system now deactivated.
[2017.01.26-11.54.52:149][200]Cmd: QUIT_EDITOR
[2017.01.26-11.54.52:692][200]LogExit: Preparing to exit.
[2017.01.26-11.54.53:714][200]LogExit: Editor shut down
[2017.01.26-11.54.53:714][200]LogExit: Transaction tracking system shut down
[2017.01.26-11.54.53:808][200]LogObj: Freed 0b from 0 cluster array pools.
[2017.01.26-11.54.53:808][200]LogExit: Object subsystem successfully closed.
[2017.01.26-11.54.53:821][200]LogD3D11RHI: Shutdown
[2017.01.26-11.54.53:821][200]LogD3D11RHI: CleanupD3DDevice
[2017.01.26-11.54.53:853][200]LogD3D11RHI: ~FD3D11DynamicRHI
[2017.01.26-11.54.53:858][200]LogModuleManager: Shutting down and abandoning module MovieSceneCapture (209)
[2017.01.26-11.54.53:858][200]LogModuleManager: Shutting down and abandoning module HierarchicalLODOutliner (208)
[2017.01.26-11.54.53:858][200]LogModuleManager: Shutting down and abandoning module WidgetCarousel (207)
[2017.01.26-11.54.53:858][200]LogModuleManager: Shutting down and abandoning module AddContentDialog (206)
[2017.01.26-11.54.53:858][200]LogModuleManager: Shutting down and abandoning module GameplayTags (205)
[2017.01.26-11.54.53:858][200]LogModuleManager: Shutting down and abandoning module EditorWidgets (204)
[2017.01.26-11.54.53:858][200]LogModuleManager: Shutting down and abandoning module CollectionManager (203)
[2017.01.26-11.54.53:858][200]LogModuleManager: Shutting down and abandoning module CrashTracker (202)
[2017.01.26-11.54.53:858][200]LogModuleManager: Shutting down and abandoning module SceneOutliner (201)
[2017.01.26-11.54.53:858][200]LogModuleManager: Shutting down and abandoning module StatsViewer (200)
[2017.01.26-11.54.53:858][200]LogModuleManager: Shutting down and abandoning module FoliageEdit (199)
[2017.01.26-11.54.53:858][200]LogModuleManager: Shutting down and abandoning module LandscapeEditor (198)
[2017.01.26-11.54.53:859][200]LogModuleManager: Shutting down and abandoning module SceneDepthPickerMode (197)
[2017.01.26-11.54.53:859][200]LogModuleManager: Shutting down and abandoning module ActorPickerMode (196)
[2017.01.26-11.54.53:859][200]LogModuleManager: Shutting down and abandoning module GeometryMode (195)
[2017.01.26-11.54.53:859][200]LogModuleManager: Shutting down and abandoning module TextureAlignMode (194)
[2017.01.26-11.54.53:859][200]LogModuleManager: Shutting down and abandoning module BspMode (193)
[2017.01.26-11.54.53:859][200]LogModuleManager: Shutting down and abandoning module HardwareSurvey (192)
[2017.01.26-11.54.53:859][200]LogModuleManager: Shutting down and abandoning module SequenceRecorderSections (191)
[2017.01.26-11.54.53:859][200]LogModuleManager: Shutting down and abandoning module SequenceRecorder (190)
[2017.01.26-11.54.53:859][200]LogModuleManager: Shutting down and abandoning module AutomationWorker (189)
[2017.01.26-11.54.53:859][200]LogModuleManager: Shutting down and abandoning module MatineeToLevelSequence (188)
[2017.01.26-11.54.53:859][200]LogModuleManager: Shutting down and abandoning module PlacementMode (187)
[2017.01.26-11.54.53:859][200]LogModuleManager: Shutting down and abandoning module LevelSequenceEditor (186)
[2017.01.26-11.54.53:859][200]LogModuleManager: Shutting down and abandoning module CharacterAI (185)
[2017.01.26-11.54.53:859][200]LogModuleManager: Shutting down and abandoning module SmartSnapping (184)
[2017.01.26-11.54.53:859][200]LogModuleManager: Shutting down and abandoning module SessionServices (183)
[2017.01.26-11.54.53:859][200]LogModuleManager: Shutting down and abandoning module ViewportSnapping (182)
[2017.01.26-11.54.53:859][200]LogModuleManager: Shutting down and abandoning module LogVisualizer (181)
[2017.01.26-11.54.53:859][200]LogModuleManager: Shutting down and abandoning module GameProjectGeneration (180)
[2017.01.26-11.54.53:859][200]LogModuleManager: Shutting down and abandoning module IntroTutorials (179)
[2017.01.26-11.54.53:859][200]LogModuleManager: Shutting down and abandoning module EditorLiveStreaming (178)
[2017.01.26-11.54.53:859][200]LogModuleManager: Shutting down and abandoning module IOSPlatformEditor (177)
[2017.01.26-11.54.53:859][200]LogModuleManager: Shutting down and abandoning module HTML5PlatformEditor (176)
[2017.01.26-11.54.53:859][200]LogModuleManager: Shutting down and abandoning module AndroidDeviceDetection (175)
[2017.01.26-11.54.54:203][200]LogModuleManager: Shutting down and abandoning module AndroidPlatformEditor (174)
[2017.01.26-11.54.54:203][200]LogModuleManager: Shutting down and abandoning module IOSRuntimeSettings (173)
[2017.01.26-11.54.54:203][200]LogModuleManager: Shutting down and abandoning module AndroidRuntimeSettings (172)
[2017.01.26-11.54.54:203][200]LogModuleManager: Shutting down and abandoning module MergeActors (171)
[2017.01.26-11.54.54:203][200]LogModuleManager: Shutting down and abandoning module SizeMap (170)
[2017.01.26-11.54.54:203][200]LogModuleManager: Shutting down and abandoning module TreeMap (169)
[2017.01.26-11.54.54:203][200]LogModuleManager: Shutting down and abandoning module ReferenceViewer (168)
[2017.01.26-11.54.54:203][200]LogModuleManager: Shutting down and abandoning module LocalizationService (167)
[2017.01.26-11.54.54:203][200]LogModuleManager: Shutting down and abandoning module LocalizationDashboard (166)
[2017.01.26-11.54.54:203][200]LogModuleManager: Shutting down and abandoning module HardwareTargeting (165)
[2017.01.26-11.54.54:203][200]LogModuleManager: Shutting down and abandoning module DeviceProfileEditor (164)
[2017.01.26-11.54.54:203][200]LogModuleManager: Shutting down and abandoning module UndoHistory (163)
[2017.01.26-11.54.54:203][200]LogModuleManager: Shutting down and abandoning module UserFeedback (162)
[2017.01.26-11.54.54:203][200]LogModuleManager: Shutting down and abandoning module XmlParser (161)
[2017.01.26-11.54.54:203][200]LogModuleManager: Shutting down and abandoning module Blutility (160)
[2017.01.26-11.54.54:203][200]LogModuleManager: Shutting down and abandoning module ProjectTargetPlatformEditor (159)
[2017.01.26-11.54.54:204][200]LogModuleManager: Shutting down and abandoning module ProjectSettingsViewer (158)
[2017.01.26-11.54.54:204][200]LogModuleManager: Shutting down and abandoning module InputBindingEditor (157)
[2017.01.26-11.54.54:204][200]LogModuleManager: Shutting down and abandoning module EditorSettingsViewer (156)
[2017.01.26-11.54.54:204][200]LogModuleManager: Shutting down and abandoning module SettingsEditor (155)
[2017.01.26-11.54.54:204][200]LogModuleManager: Shutting down and abandoning module ProjectLauncher (154)
[2017.01.26-11.54.54:204][200]LogModuleManager: Shutting down and abandoning module SessionFrontend (153)
[2017.01.26-11.54.54:204][200]LogModuleManager: Shutting down and abandoning module ProfilerClient (152)
[2017.01.26-11.54.54:204][200]LogModuleManager: Shutting down and abandoning module TargetDeviceServices (151)
[2017.01.26-11.54.54:205][200]LogModuleManager: Shutting down and abandoning module DeviceManager (150)
[2017.01.26-11.54.54:270][200]LogModuleManager: Shutting down and abandoning module AutomationController (149)
[2017.01.26-11.54.54:270][200]LogModuleManager: Shutting down and abandoning module AutomationWindow (148)
[2017.01.26-11.54.54:270][200]LogModuleManager: Shutting down and abandoning module Layers (147)
[2017.01.26-11.54.54:270][200]LogModuleManager: Shutting down and abandoning module ComponentVisualizers (146)
[2017.01.26-11.54.54:270][200]LogModuleManager: Shutting down and abandoning module DetailCustomizations (145)
[2017.01.26-11.54.54:270][200]LogModuleManager: Shutting down and abandoning module PackagesDialog (144)
[2017.01.26-11.54.54:270][200]LogModuleManager: Shutting down and abandoning module Persona (143)
[2017.01.26-11.54.54:270][200]LogModuleManager: Shutting down and abandoning module Kismet (142)
[2017.01.26-11.54.54:270][200]LogModuleManager: Shutting down and abandoning module GraphEditor (141)
[2017.01.26-11.54.54:270][200]LogModuleManager: Shutting down and abandoning module ClassViewer (140)
[2017.01.26-11.54.54:270][200]LogModuleManager: Shutting down and abandoning module Toolbox (139)
[2017.01.26-11.54.54:271][200]LogModuleManager: Shutting down and abandoning module ModuleUI (138)
[2017.01.26-11.54.54:271][200]LogModuleManager: Shutting down and abandoning module MovieSceneTools (137)
[2017.01.26-11.54.54:271][200]LogModuleManager: Shutting down and abandoning module OutputLog (136)
[2017.01.26-11.54.54:271][200]LogModuleManager: Shutting down and abandoning module GammaUI (135)
[2017.01.26-11.54.54:271][200]LogModuleManager: Shutting down and abandoning module Documentation (134)
[2017.01.26-11.54.54:271][200]LogModuleManager: Shutting down and abandoning module StreamingPauseRendering (133)
[2017.01.26-11.54.54:271][200]LogModuleManager: Shutting down and abandoning module AnalyticsET (132)
[2017.01.26-11.54.54:271][200]LogModuleManager: Shutting down and abandoning module Analytics (131)
[2017.01.26-11.54.54:271][200]LogModuleManager: Shutting down and abandoning module PortalServices (130)
[2017.01.26-11.54.54:271][200]LogModuleManager: Shutting down and abandoning module PortalRpc (129)
[2017.01.26-11.54.54:271][200]LogModuleManager: Shutting down and abandoning module MessagingRpc (128)
[2017.01.26-11.54.54:271][200]LogModuleManager: Shutting down and abandoning module GameplayDebugger (127)
[2017.01.26-11.54.54:271][200]LogModuleManager: Shutting down and abandoning module AITestSuite (126)
[2017.01.26-11.54.54:271][200]LogModuleManager: Shutting down and abandoning module AIModule (125)
[2017.01.26-11.54.54:271][200]LogModuleManager: Shutting down and abandoning module ProfilerService (124)
[2017.01.26-11.54.54:472][200]LogModuleManager: Shutting down and abandoning module TaskGraph (123)
[2017.01.26-11.54.54:472][200]LogModuleManager: Shutting down and abandoning module SlateRemote (122)
[2017.01.26-11.54.54:472][200]LogModuleManager: Shutting down and abandoning module SteamVRController (121)
[2017.01.26-11.54.54:472][200]LogModuleManager: Shutting down and abandoning module SteamVR (120)
[2017.01.26-11.54.54:472][200]LogModuleManager: Shutting down and abandoning module ProceduralMeshComponent (119)
[2017.01.26-11.54.54:472][200]LogModuleManager: Shutting down and abandoning module OculusLibrary (118)
[2017.01.26-11.54.54:472][200]LogModuleManager: Shutting down and abandoning module OculusInput (117)
[2017.01.26-11.54.54:472][200]LogModuleManager: Shutting down and abandoning module CustomMeshComponent (116)
[2017.01.26-11.54.54:472][200]LogModuleManager: Shutting down and abandoning module CableComponent (115)
[2017.01.26-11.54.54:472][200]LogModuleManager: Shutting down and abandoning module ArchVisCharacter (114)
[2017.01.26-11.54.54:472][200]LogModuleManager: Shutting down and abandoning module MediaPlayerEditor (113)
[2017.01.26-11.54.54:472][200]LogModuleManager: Shutting down and abandoning module HTML5Networking (112)
[2017.01.26-11.54.54:472][200]LogModuleManager: Shutting down and abandoning module SuperSearch (111)
[2017.01.26-11.54.54:472][200]LogModuleManager: Shutting down and abandoning module SuperSearchEditor (110)
[2017.01.26-11.54.54:472][200]LogModuleManager: Shutting down and abandoning module SpeedTreeImporter (109)
[2017.01.26-11.54.54:472][200]LogModuleManager: Shutting down and abandoning module PluginBrowser (108)
[2017.01.26-11.54.54:472][200]LogModuleManager: Shutting down and abandoning module EpicSurvey (107)
[2017.01.26-11.54.54:473][200]LogModuleManager: Shutting down and abandoning module DesktopPlatform (106)
[2017.01.26-11.54.54:473][200]LogModuleManager: Shutting down and abandoning module VisualStudioSourceCodeAccess (105)
[2017.01.26-11.54.54:473][200]LogModuleManager: Shutting down and abandoning module UObjectPlugin (104)
[2017.01.26-11.54.54:473][200]LogModuleManager: Shutting down and abandoning module SubversionSourceControl (103)
[2017.01.26-11.54.54:473][200]LogModuleManager: Shutting down and abandoning module PerforceSourceControl (102)
[2017.01.26-11.54.54:473][200]LogModuleManager: Shutting down and abandoning module SourceControl (101)
[2017.01.26-11.54.54:473][200]LogModuleManager: Shutting down and abandoning module GitSourceControl (100)
[2017.01.26-11.54.54:473][200]LogModuleManager: Shutting down and abandoning module LightPropagationVolumeEditor (99)
[2017.01.26-11.54.54:473][200]LogModuleManager: Shutting down and abandoning module PaperTiledImporter (98)
[2017.01.26-11.54.54:473][200]LogModuleManager: Shutting down and abandoning module PaperSpriteSheetImporter (97)
[2017.01.26-11.54.54:473][200]LogModuleManager: Shutting down and abandoning module MeshPaint (96)
[2017.01.26-11.54.54:473][200]LogModuleManager: Shutting down and abandoning module PixelInspectorModule (95)
[2017.01.26-11.54.54:473][200]LogModuleManager: Shutting down and abandoning module HotReload (94)
[2017.01.26-11.54.54:474][200]LogModuleManager: Shutting down and abandoning module MainFrame (93)
[2017.01.26-11.54.54:474][200]LogModuleManager: Shutting down and abandoning module LevelEditor (92)
[2017.01.26-11.54.54:476][200]LogModuleManager: Shutting down and abandoning module ContentBrowser (91)
[2017.01.26-11.54.54:478][200]LogModuleManager: Shutting down and abandoning module Paper2DEditor (90)
[2017.01.26-11.54.54:478][200]LogModuleManager: Shutting down and abandoning module UdpMessaging (89)
[2017.01.26-11.54.54:579][200]LogModuleManager: Shutting down and abandoning module LightPropagationVolumeRuntime (88)
[2017.01.26-11.54.54:579][200]LogModuleManager: Shutting down and abandoning module Paper2D (87)
[2017.01.26-11.54.54:579][200]LogModuleManager: Shutting down and abandoning module WindowsMoviePlayer (86)
[2017.01.26-11.54.54:579][200]LogModuleManager: Shutting down and abandoning module Media (85)
[2017.01.26-11.54.54:579][200]LogModuleManager: Shutting down and abandoning module WmfMedia (84)
[2017.01.26-11.54.54:581][200]LogModuleManager: Shutting down and abandoning module MediaAssets (83)
[2017.01.26-11.54.54:581][200]LogModuleManager: Shutting down and abandoning module GameLiveStreaming (82)
[2017.01.26-11.54.54:581][200]LogModuleManager: Shutting down and abandoning module GameplayTagsEditor (81)
[2017.01.26-11.54.54:581][200]LogModuleManager: Shutting down and abandoning module OnlineBlueprintSupport (80)
[2017.01.26-11.54.54:581][200]LogModuleManager: Shutting down and abandoning module VREditor (79)
[2017.01.26-11.54.54:581][200]LogModuleManager: Shutting down and abandoning module GameplayTasksEditor (78)
[2017.01.26-11.54.54:581][200]LogModuleManager: Shutting down and abandoning module PropertyEditor (77)
[2017.01.26-11.54.54:581][200]LogModuleManager: Shutting down and abandoning module BehaviorTreeEditor (76)
[2017.01.26-11.54.54:581][200]LogModuleManager: Shutting down and abandoning module FunctionalTesting (75)
[2017.01.26-11.54.54:581][200]LogModuleManager: Shutting down and abandoning module CollisionAnalyzer (74)
[2017.01.26-11.54.54:582][200]LogModuleManager: Shutting down and abandoning module Sequencer (73)
[2017.01.26-11.54.54:582][200]LogModuleManager: Shutting down and abandoning module WorkspaceMenuStructure (72)
[2017.01.26-11.54.54:582][200]LogModuleManager: Shutting down and abandoning module MessageLog (71)
[2017.01.26-11.54.54:582][200]LogModuleManager: Shutting down and abandoning module AssetTools (70)
[2017.01.26-11.54.54:582][200]LogModuleManager: Shutting down and abandoning module UMGEditor (69)
[2017.01.26-11.54.54:582][200]LogModuleManager: Shutting down and abandoning module UMG (68)
[2017.01.26-11.54.54:582][200]LogModuleManager: Shutting down and abandoning module SlateReflector (67)
[2017.01.26-11.54.54:582][200]LogModuleManager: Shutting down and abandoning module Slate (66)
[2017.01.26-11.54.54:582][200]LogModuleManager: Shutting down and abandoning module EditorStyle (65)
[2017.01.26-11.54.54:589][200]LogModuleManager: Shutting down and abandoning module SourceCodeAccess (64)
[2017.01.26-11.54.54:589][200]LogModuleManager: Shutting down and abandoning module HeadMountedDisplay (63)
[2017.01.26-11.54.54:589][200]LogModuleManager: Shutting down and abandoning module XAudio2 (62)
[2017.01.26-11.54.54:589][200]LogModuleManager: Shutting down and abandoning module Networking (60)
[2017.01.26-11.54.54:589][200]LogModuleManager: Shutting down and abandoning module Core (59)
[2017.01.26-11.54.54:589][200]LogModuleManager: Shutting down and abandoning module DirectoryWatcher (58)
[2017.01.26-11.54.54:590][200]LogModuleManager: Shutting down and abandoning module AssetRegistry (57)
[2017.01.26-11.54.54:698][200]LogModuleManager: Shutting down and abandoning module KismetCompiler (56)
[2017.01.26-11.54.54:698][200]LogModuleManager: Shutting down and abandoning module PhysXFormats (55)
[2017.01.26-11.54.54:698][200]LogModuleManager: Shutting down and abandoning module MeshUtilities (54)
[2017.01.26-11.54.54:698][200]LogModuleManager: Shutting down and abandoning module DerivedDataCache (53)
[2017.01.26-11.54.54:995][200]LogDerivedDataCache: Shutdown
[2017.01.26-11.54.54:995][200]LogModuleManager: Shutting down and abandoning module MetalShaderFormat (52)
[2017.01.26-11.54.54:995][200]LogModuleManager: Shutting down and abandoning module VulkanShaderFormat (51)
[2017.01.26-11.54.54:995][200]LogModuleManager: Shutting down and abandoning module ShaderFormatD3D (50)
[2017.01.26-11.54.54:995][200]LogModuleManager: Shutting down and abandoning module ShaderFormatOpenGL (49)
[2017.01.26-11.54.54:995][200]LogModuleManager: Shutting down and abandoning module TextureFormatUncompressed (48)
[2017.01.26-11.54.54:995][200]LogModuleManager: Shutting down and abandoning module ImageWrapper (47)
[2017.01.26-11.54.54:995][200]LogModuleManager: Shutting down and abandoning module TextureFormatASTC (46)
[2017.01.26-11.54.54:995][200]LogModuleManager: Shutting down and abandoning module TextureFormatPVR (45)
[2017.01.26-11.54.54:995][200]LogModuleManager: Shutting down and abandoning module TextureFormatDXT (44)
[2017.01.26-11.54.54:995][200]LogModuleManager: Shutting down and abandoning module TextureFormatIntelISPCTexComp (43)
[2017.01.26-11.54.54:995][200]LogModuleManager: Shutting down and abandoning module AudioFormatOpus (42)
[2017.01.26-11.54.54:995][200]LogModuleManager: Shutting down and abandoning module AudioFormatOgg (41)
[2017.01.26-11.54.54:995][200]LogModuleManager: Shutting down and abandoning module AudioFormatADPCM (40)
[2017.01.26-11.54.54:995][200]LogModuleManager: Shutting down and abandoning module TVOSTargetPlatform (39)
[2017.01.26-11.54.54:995][200]LogModuleManager: Shutting down and abandoning module Messaging (38)
[2017.01.26-11.54.54:996][200]LogModuleManager: Shutting down and abandoning module IOSTargetPlatform (37)
[2017.01.26-11.54.54:996][200]LogModuleManager: Shutting down and abandoning module HTML5TargetPlatform (36)
[2017.01.26-11.54.54:996][200]LogModuleManager: Shutting down and abandoning module Android_MultiTargetPlatform (35)
[2017.01.26-11.54.54:996][200]LogModuleManager: Shutting down and abandoning module Android_ASTCTargetPlatform (34)
[2017.01.26-11.54.54:996][200]LogModuleManager: Shutting down and abandoning module Android_ETC2TargetPlatform (33)
[2017.01.26-11.54.54:996][200]LogModuleManager: Shutting down and abandoning module Android_ETC1TargetPlatform (32)
[2017.01.26-11.54.54:996][200]LogModuleManager: Shutting down and abandoning module Android_DXTTargetPlatform (31)
[2017.01.26-11.54.54:996][200]LogModuleManager: Shutting down and abandoning module Android_ATCTargetPlatform (30)
[2017.01.26-11.54.54:996][200]LogModuleManager: Shutting down and abandoning module Android_PVRTCTargetPlatform (29)
[2017.01.26-11.54.54:996][200]LogModuleManager: Shutting down and abandoning module AndroidTargetPlatform (28)
[2017.01.26-11.54.54:996][200]LogModuleManager: Shutting down and abandoning module AllDesktopTargetPlatform (27)
[2017.01.26-11.54.54:996][200]LogModuleManager: Shutting down and abandoning module WindowsClientTargetPlatform (26)
[2017.01.26-11.54.54:996][200]LogModuleManager: Shutting down and abandoning module WindowsServerTargetPlatform (25)
[2017.01.26-11.54.54:996][200]LogModuleManager: Shutting down and abandoning module WindowsNoEditorTargetPlatform (24)
[2017.01.26-11.54.54:996][200]LogModuleManager: Shutting down and abandoning module WindowsTargetPlatform (23)
[2017.01.26-11.54.54:996][200]LogModuleManager: Shutting down and abandoning module TargetPlatform (22)
[2017.01.26-11.54.54:996][200]LogModuleManager: Shutting down and abandoning module InputCore (21)
[2017.01.26-11.54.54:996][200]LogModuleManager: Shutting down and abandoning module Settings (20)
[2017.01.26-11.54.54:996][200]LogModuleManager: Shutting down and abandoning module OnlineSubsystem (18)
[2017.01.26-11.54.54:996][200]LogModuleManager: Shutting down and abandoning module HTTP (17)
[2017.01.26-11.54.59:016][200]LogModuleManager: Shutting down and abandoning module OculusRift (16)
[2017.01.26-11.54.59:016][200]LogModuleManager: Shutting down and abandoning module ExampleDeviceProfileSelector (15)
[2017.01.26-11.54.59:016][200]LogModuleManager: Shutting down and abandoning module TextureCompressor (14)
[2017.01.26-11.54.59:017][200]LogModuleManager: Shutting down and abandoning module ShaderCore (13)
[2017.01.26-11.54.59:017][200]LogModuleManager: Shutting down and abandoning module Landscape (12)
[2017.01.26-11.54.59:017][200]LogModuleManager: Shutting down and abandoning module SlateRHIRenderer (11)
[2017.01.26-11.54.59:018][200]LogModuleManager: Shutting down and abandoning module OpenGLDrv (10)
[2017.01.26-11.54.59:018][200]LogModuleManager: Shutting down and abandoning module D3D11RHI (9)
[2017.01.26-11.54.59:018][200]LogModuleManager: Shutting down and abandoning module AnimGraphRuntime (8)
[2017.01.26-11.54.59:019][200]LogModuleManager: Shutting down and abandoning module Renderer (7)
[2017.01.26-11.54.59:019][200]LogModuleManager: Shutting down and abandoning module Engine (6)
[2017.01.26-11.54.59:019][200]LogModuleManager: Shutting down and abandoning module CoreUObject (5)
[2017.01.26-11.54.59:019][200]LogModuleManager: Shutting down and abandoning module NetworkFile (4)
[2017.01.26-11.54.59:019][200]LogModuleManager: Shutting down and abandoning module StreamingFile (3)
[2017.01.26-11.54.59:019][200]LogModuleManager: Shutting down and abandoning module SandboxFile (2)
[2017.01.26-11.54.59:019][200]LogModuleManager: Shutting down and abandoning module PakFile (1)
[2017.01.26-11.54.59:023][200]LogExit: Exiting.
[2017.01.26-11.54.59:027][200]Log file closed, 01/26/17 11:54:59
