Log file open, 01/31/17 13:29:13
LogInit:Display: Running engine for game: Descension
LogPlatformFile: Not using cached read wrapper
LogInit:Display: RandInit(-928080644) SRandInit(-928080642).
LogInit: Using version manifest at CL 0 with build ID '02bfa864-9300-4183-9878-ec235d143870'
LogTaskGraph: Started task graph with 4 named threads and 7 total threads with 1 sets of task threads.
LogStats: Stats thread started at 0.149158
LogInit: Version: 4.12.5-0+UE4
LogInit: API Version: 0
LogInit: Net Version: 0
LogDevObjectVersion: Number of dev versions registered: 13
LogDevObjectVersion:   Dev-Blueprints (B0D832E4-1F89-4F0D-ACCF-7EB736FD4AA2): 3
LogDevObjectVersion:   Dev-Build (E1C64328-A22C-4D53-A36C-8E866417BD8C): 0
LogDevObjectVersion:   Dev-Core (375EC13C-06E4-48FB-B500-84F0262A717E): 1
LogDevObjectVersion:   Dev-Editor (E4B068ED-F494-42E9-A231-DA0B2E46BB41): 2
LogDevObjectVersion:   Dev-Framework (CFFC743F-43B0-4480-9391-14DF171D2073): 6
LogDevObjectVersion:   Dev-Mobile (B02B49B5-BB20-44E9-A304-32B752E40360): 0
LogDevObjectVersion:   Dev-Networking (A4E4105C-59A1-49B5-A7C5-40C4547EDFEE): 0
LogDevObjectVersion:   Dev-Online (39C831C9-5AE6-47DC-9A44-9C173E1C8E7C): 0
LogDevObjectVersion:   Dev-Physics (78F01B33-EBEA-4F98-B9B4-84EACCB95AA2): 0
LogDevObjectVersion:   Dev-Platform (6631380F-2D4D-43E0-8009-CF276956A95A): 0
LogDevObjectVersion:   Dev-Rendering (12F88B9F-8875-4AFC-A67C-D90C383ABD29): 2
LogDevObjectVersion:   Dev-Sequencer (7B5AE74C-D270-4C10-A958-57980B212A5A): 0
LogDevObjectVersion:   Dev-VR (D7296918-1DD6-4BDD-9DE2-64A83CC13884): 0
LogInit: Compiled (64-bit): Aug 25 2016 13:31:26
LogInit: Compiled with Visual C++: 19.00.24213.01
LogInit: Build Configuration: Development
LogInit: Branch Name: UE4
LogInit: Command line:  
LogInit: Base directory: C:/Unreal Engine 4.12/Engine/Binaries/Win64/
LogInit: Installed Engine Build: 0
LogInit: Using libcurl 7.41.0
LogInit:  - built for x86_64-pc-win32
LogInit:  - supports SSL with WinSSL
LogInit:  - other features:
LogInit:      CURL_VERSION_SSL
LogInit:      CURL_VERSION_IPV6
LogInit:      CURL_VERSION_ASYNCHDNS
LogInit:      CURL_VERSION_LARGEFILE
LogInit:      CURL_VERSION_IDN
LogInit:  CurlRequestOptions (configurable via config and command line):
LogInit:  - bVerifyPeer = true  - Libcurl will verify peer certificate
LogInit:  - bUseHttpProxy = false  - Libcurl will NOT use HTTP proxy
LogInit:  - bDontReuseConnections = false  - Libcurl will reuse connections
LogInit:  - CertBundlePath = nullptr  - Libcurl will use whatever was configured at build time.
LogInit: Presizing for max 8388607 objects, including 0 objects not considered by GC, pre-allocating 0 bytes for permanent pool.
LogInit: Object subsystem initialized
[2017.01.31-13.29.13:583][  0]LogInit: Selected Device Profile: [Windows]
[2017.01.31-13.29.13:583][  0]LogInit: Applying CVar settings loaded from the selected device profile: [Windows]
[2017.01.31-13.29.13:599][  0]LogInit: Computer: PENGAME-59061
[2017.01.31-13.29.13:599][  0]LogInit: User: AF187249
[2017.01.31-13.29.13:599][  0]LogInit: CPU Page size=65536, Cores=4
[2017.01.31-13.29.13:599][  0]LogInit: High frequency timer resolution =3.507515 MHz
[2017.01.31-13.29.13:599][  0]LogMemory: Memory total: Physical=24.0GB (24GB approx)
[2017.01.31-13.29.13:599][  0]LogMemory: Platform Memory Stats for Windows
[2017.01.31-13.29.13:599][  0]LogMemory: Process Physical Memory: 189.95 MB used, 189.95 MB peak
[2017.01.31-13.29.13:599][  0]LogMemory: Process Virtual Memory: 195.01 MB used, 195.01 MB peak
[2017.01.31-13.29.13:599][  0]LogMemory: Physical Memory: 4052.75 MB used, 24527.16 MB total
[2017.01.31-13.29.13:599][  0]LogMemory: Virtual Memory: 544.77 MB used, 134217728.00 MB total
[2017.01.31-13.29.14:158][  0]LogTextLocalizationManager: No specific translations for ('en-GB') exist, so ('en') translations will be used.
[2017.01.31-13.29.14:487][  0]LogD3D11RHI: D3D11 adapters:
[2017.01.31-13.29.14:511][  0]LogD3D11RHI:    0. 'NVIDIA GeForce GTX 750 Ti' (Feature Level 11_0)
[2017.01.31-13.29.14:511][  0]LogD3D11RHI:       1993/0/12263 MB DedicatedVideo/DedicatedSystem/SharedSystem, Outputs:1, VendorId:0x10de
[2017.01.31-13.29.14:512][  0]LogD3D11RHI:    1. 'Microsoft Basic Render Driver' (Feature Level 11_0)
[2017.01.31-13.29.14:512][  0]LogD3D11RHI:       0/0/12263 MB DedicatedVideo/DedicatedSystem/SharedSystem, Outputs:0, VendorId:0x1414
[2017.01.31-13.29.14:512][  0]LogD3D11RHI: Chosen D3D11 Adapter: 0
[2017.01.31-13.29.14:516][  0]LogD3D11RHI: Creating new Direct3DDevice
[2017.01.31-13.29.14:516][  0]LogD3D11RHI:     GPU DeviceId: 0x1380 (for the marketing name, search the web for "GPU Device Id")
[2017.01.31-13.29.14:516][  0]LogWindows: EnumDisplayDevices:
[2017.01.31-13.29.14:516][  0]LogWindows:    0. 'NVIDIA GeForce GTX 750 Ti' (P:1 D:1)
[2017.01.31-13.29.14:516][  0]LogWindows:    1. 'NVIDIA GeForce GTX 750 Ti' (P:0 D:0)
[2017.01.31-13.29.14:516][  0]LogWindows:    2. 'NVIDIA GeForce GTX 750 Ti' (P:0 D:0)
[2017.01.31-13.29.14:516][  0]LogWindows: DebugString: FoundDriverCount:3 
[2017.01.31-13.29.14:516][  0]LogD3D11RHI:     Adapter Name: NVIDIA GeForce GTX 750 Ti
[2017.01.31-13.29.14:516][  0]LogD3D11RHI:   Driver Version: 353.62 (internal:10.18.13.5362, unified:353.62)
[2017.01.31-13.29.14:516][  0]LogD3D11RHI:      Driver Date: 7-22-2015
[2017.01.31-13.29.14:516][  0]LogRHI: Texture pool is 1361 MB (70% of 1945 MB)
[2017.01.31-13.29.14:527][  0]LogD3D11RHI: Async texture creation enabled
[2017.01.31-13.29.14:543][  0]LogD3D11RHI: GPU Timing Frequency: 1000.000000 (Debug: 2 2)
[2017.01.31-13.29.14:543][  0]LogShaderCompilers: Guid format shader working directory is 31 characters bigger than the processId version (D:/Git/Descension/Intermediate/Shaders/WorkingDirectory/11872/).
[2017.01.31-13.29.14:543][  0]LogShaderCompilers: Cleaned the shader compiler working directory 'C:/Users/AF187249/AppData/Local/Temp/UnrealShaderWorkingDir/FCC3B7D84FB3CDC794078A8271CA4F12/'.
[2017.01.31-13.29.14:543][  0]LogShaderCompilers:Display: Using Local Shader Compiler.
[2017.01.31-13.29.16:669][  0]LogTemp:Display: Loaded TP WindowsTargetPlatform
[2017.01.31-13.29.16:694][  0]LogTemp:Display: Loaded TP WindowsNoEditorTargetPlatform
[2017.01.31-13.29.16:715][  0]LogTemp:Display: Loaded TP WindowsServerTargetPlatform
[2017.01.31-13.29.16:728][  0]LogTemp:Display: Loaded TP WindowsClientTargetPlatform
[2017.01.31-13.29.16:739][  0]LogTemp:Display: Loaded TP AllDesktopTargetPlatform
[2017.01.31-13.29.16:748][  0]LogTemp:Display: Loaded TP AndroidTargetPlatform
[2017.01.31-13.29.16:753][  0]LogTemp:Display: Loaded TP Android_PVRTCTargetPlatform
[2017.01.31-13.29.16:759][  0]LogTemp:Display: Loaded TP Android_ATCTargetPlatform
[2017.01.31-13.29.16:763][  0]LogTemp:Display: Loaded TP Android_DXTTargetPlatform
[2017.01.31-13.29.16:768][  0]LogTemp:Display: Loaded TP Android_ETC1TargetPlatform
[2017.01.31-13.29.16:773][  0]LogTemp:Display: Loaded TP Android_ETC2TargetPlatform
[2017.01.31-13.29.16:778][  0]LogTemp:Display: Loaded TP Android_ASTCTargetPlatform
[2017.01.31-13.29.16:785][  0]LogTemp:Display: Loaded TP Android_MultiTargetPlatform
[2017.01.31-13.29.16:786][  0]LogTemp:Display: Loaded TP HTML5TargetPlatform
[2017.01.31-13.29.16:854][  0]LogTemp:Display: Loaded TP IOSTargetPlatform
[2017.01.31-13.29.16:859][  0]LogTemp:Display: Loaded TP TVOSTargetPlatform
[2017.01.31-13.29.16:859][  0]LogTargetPlatformManager:Display: Building Assets For Windows
[2017.01.31-13.29.17:565][  0]LogDerivedDataCache:Display: Max Cache Size: 512 MB
[2017.01.31-13.29.17:627][  0]LogDerivedDataCache: Loaded boot cache 0.06s 48MB D:/Git/Descension/DerivedDataCache/Boot.ddc.
[2017.01.31-13.29.17:627][  0]LogDerivedDataCache:Display: Loaded Boot cache: D:/Git/Descension/DerivedDataCache/Boot.ddc
[2017.01.31-13.29.17:627][  0]LogDerivedDataCache: FDerivedDataBackendGraph:  Pak pak cache file D:/Git/Descension/DerivedDataCache/DDC.ddp not found, will not use a pak cache.
[2017.01.31-13.29.17:627][  0]LogDerivedDataCache: Unable to find inner node Pak for hierarchical cache Hierarchy.
[2017.01.31-13.29.17:627][  0]LogDerivedDataCache: FDerivedDataBackendGraph:  EnginePak pak cache file ../../../Engine/DerivedDataCache/DDC.ddp not found, will not use a pak cache.
[2017.01.31-13.29.17:627][  0]LogDerivedDataCache: Unable to find inner node EnginePak for hierarchical cache Hierarchy.
[2017.01.31-13.29.17:639][  0]LogDerivedDataCache: Using Local data cache path ../../../Engine/DerivedDataCache: Writable
[2017.01.31-13.29.17:639][  0]LogDerivedDataCache: Shared data cache path not found in *engine.ini, will not use an Shared cache.
[2017.01.31-13.29.17:639][  0]LogDerivedDataCache: Unable to find inner node Shared for hierarchical cache Hierarchy.
[2017.01.31-13.29.27:835][  0]LogInit: Selected Device Profile: [Windows]
[2017.01.31-13.29.27:933][  0]LogContentStreaming: Texture pool size is 0.00 MB
[2017.01.31-13.29.30:676][  0]LogMeshUtilities: No automatic mesh reduction module available
[2017.01.31-13.29.30:676][  0]LogMeshUtilities: No automatic mesh merging module available
[2017.01.31-13.29.30:678][  0]LogMeshUtilities: No distributed automatic mesh merging module available
[2017.01.31-13.29.34:593][  0]LogAssetRegistry: FAssetRegistry took 0.0275 seconds to start up
[2017.01.31-13.29.34:665][  0]LogPackageLocalizationCache: Processed 3 localized package path(s) for 2 prioritized culture(s) in 0.015053 seconds
[2017.01.31-13.29.34:692][  0]LogUObjectArray: 28732 objects as part of root set at end of initial load.
[2017.01.31-13.29.34:692][  0]LogUObjectAllocator: 5854096 out of 0 bytes used by permanent object pool.
[2017.01.31-13.29.34:692][  0]LogUObjectArray: CloseDisregardForGC: 0/0 objects in disregard for GC pool
[2017.01.31-13.29.34:721][  0]LogInit: WinSock: version 1.1 (2.2), MaxSocks=32767, MaxUdp=65467
[2017.01.31-13.29.37:958][  0]LogSlate: SlateFontCache - WITH_FREETYPE: 1, WITH_HARFBUZZ: 1
[2017.01.31-13.29.37:958][  0]LogSlate: SlateFontCache - WITH_FREETYPE: 1, WITH_HARFBUZZ: 1
[2017.01.31-13.29.52:566][  0]LogUdpMessaging: Initializing bridge on interface 0.0.0.0:0 to multicast group 230.0.0.1:6666.
[2017.01.31-13.29.54:884][  0]SourceControl: Info Source control is disabled
[2017.01.31-13.29.54:942][  0]SourceControl: Info Source control is disabled
[2017.01.31-13.29.54:957][  0]SourceControl: Info Source control is disabled
[2017.01.31-13.29.54:967][  0]SourceControl: Info Source control is disabled
[2017.01.31-13.29.56:420][  0]LogEngine: Initializing Engine...
[2017.01.31-13.29.56:508][  0]LogHMD: SteamVR failed to initialize.  Err: 110
[2017.01.31-13.29.56:511][  0]LogHMD: SteamVR failed to initialize.  Err: 110
[2017.01.31-13.29.57:559][  0]LogAIModule: Creating AISystem for world NewWorld
[2017.01.31-13.29.57:767][  0]LogInit: No audio devices found!
[2017.01.31-13.29.57:811][  0]LogDerivedDataCache: Saved boot cache 0.04s 48MB D:/Git/Descension/DerivedDataCache/Boot.ddc.
[2017.01.31-13.29.57:915][  0]LogInit: Texture streaming: Enabled
[2017.01.31-13.29.58:191][  0]LogInit: Transaction tracking system initialized
[2017.01.31-13.29.58:821][  0]BlueprintLog: New page: Editor Load
[2017.01.31-13.30.00:275][  0]LocalizationService: Info Localization service is disabled
[2017.01.31-13.30.00:981][  0]LogConsoleResponse:Display: 
[2017.01.31-13.30.02:029][  0]LogFileCache: Scanning file cache for directory 'D:/Git/Descension/Content/' took 0.01s
[2017.01.31-13.30.02:029][  0]LogCook:Display: Max memory allowance for cook 8192mb
[2017.01.31-13.30.02:030][  0]LogCook:Display: Mobile HDR setting 1
[2017.01.31-13.30.04:035][  0]SourceControl: Info Source control is disabled
[2017.01.31-13.30.04:107][  0]Cmd: MAP LOAD FILE="D:/Git/Descension/Content/FirstPersonBP/Maps/FirstPersonExampleMap.umap" TEMPLATE=0 SHOWPROGRESS=1 FEATURELEVEL=3
[2017.01.31-13.30.04:114][  0]LightingResults: New page: Lighting Build
[2017.01.31-13.30.04:358][  0]MapCheck: New page: Map Check
[2017.01.31-13.30.04:358][  0]LightingResults: New page: Lighting Build
[2017.01.31-13.30.06:456][  0]LogTexture:Display: Building textures: T_ML_Rubber_Blue_01_D (AutoDXT)
[2017.01.31-13.30.08:314][  0]LogTexture:Display: Building textures: T_ML_Rubber_Blue_01_N (BC5)
[2017.01.31-13.30.08:704][  0]LogTexture:Display: Building textures: T_ML_Aluminum01 (AutoDXT)
[2017.01.31-13.30.10:494][  0]LogTexture:Display: Building textures: T_ML_Aluminum01_N (BC5)
[2017.01.31-13.30.10:737][  0]LogTexture:Display: Building textures: UE4_Mannequin_MAT_MASKA (AutoDXT)
[2017.01.31-13.30.10:911][  0]LogTexture:Display: Building textures: UE4_Mannequin__normals (BC5)
[2017.01.31-13.30.11:180][  0]LogTexture:Display: Building textures: UE4_LOGO_CARD (AutoDXT)
[2017.01.31-13.30.11:225][  0]LogMaterial: Missing cached shader map for material M_UE4Man_Body, compiling. 
[2017.01.31-13.30.11:511][  0]LogTexture:Display: Building textures: FirstPersonCrosshair (AutoDXT)
[2017.01.31-13.30.12:073][  0]LogTexture:Display: Building textures: T_Wood_Walnut_N (BC5)
[2017.01.31-13.30.12:491][  0]LogTexture:Display: Building textures: T_Wood_Walnut_D (AutoDXT)
[2017.01.31-13.30.14:593][  0]LogTexture:Display: Building textures: T_MacroVariation (AutoDXT)
[2017.01.31-13.30.16:988][  0]LogMaterial: Missing cached shader map for material M_Wood_Walnut, compiling. 
[2017.01.31-13.30.17:097][  0]LogAudioDerivedData:Display: Building compressed audio format OGG wave Explosion01...
[2017.01.31-13.30.17:318][  0]LogTexture:Display: Building textures: T_FPGun_N (BC5)
[2017.01.31-13.30.17:725][  0]LogTexture:Display: Building textures: T_FPGun_M (AutoDXT)
[2017.01.31-13.30.18:288][  0]LogTexture:Display: Building textures: T_ML_Aluminum01_N (BC5)
[2017.01.31-13.30.18:818][  0]LogTexture:Display: Building textures: T_ML_Aluminum01 (AutoDXT)
[2017.01.31-13.30.21:136][  0]LogTexture:Display: Building textures: T_ML_Rubber_Blue_01_N (BC5)
[2017.01.31-13.30.21:659][  0]LogTexture:Display: Building textures: T_ML_Rubber_Blue_01_D (AutoDXT)
[2017.01.31-13.30.23:821][  0]LogMaterial: Missing cached shader map for material M_FPGun, compiling. 
[2017.01.31-13.30.23:914][  0]LogMaterial: Missing cached shader map for material CubeMaterial, compiling. 
[2017.01.31-13.30.23:931][  0]LogStaticMesh: Building static mesh 1M_Cube...
[2017.01.31-13.30.23:951][  0]LogStaticMesh: Built static mesh [0.02s] /Game/Geometry/Meshes/1M_Cube.1M_Cube
[2017.01.31-13.30.23:981][  0]LogMaterial: Missing cached shader map for material BaseMaterial, compiling. 
[2017.01.31-13.30.24:020][  0]LogMaterial: Missing cached shader map for material AntiAliasedTextMaterialTranslucent, compiling. 
[2017.01.31-13.30.24:193][  0]LogAnimationCompression: Building Anim DDC data for AnimSequence /Game/FirstPerson/Animations/FirstPerson_Idle.FirstPerson_Idle
[2017.01.31-13.30.24:245][  0]LogAnimationCompression: Building Anim DDC data for AnimSequence /Game/FirstPerson/Animations/FirstPerson_JumpStart.FirstPerson_JumpStart
[2017.01.31-13.30.24:257][  0]LogAnimationCompression: Building Anim DDC data for AnimSequence /Game/FirstPerson/Animations/FirstPerson_Run.FirstPerson_Run
[2017.01.31-13.30.24:303][  0]LogAnimationCompression: Building Anim DDC data for AnimSequence /Game/FirstPerson/Animations/FirstPerson_JumpEnd.FirstPerson_JumpEnd
[2017.01.31-13.30.24:310][  0]LogAnimationCompression: Building Anim DDC data for AnimSequence /Game/FirstPerson/Animations/FirstPerson_JumpLoop.FirstPerson_JumpLoop
[2017.01.31-13.30.24:427][  0]LogTexture:Display: Building textures: HQ_Lightmap1_1 (AutoDXT)
[2017.01.31-13.30.24:735][  0]LogTexture:Display: Building textures: HQ_Lightmap1_2 (AutoDXT)
[2017.01.31-13.30.25:018][  0]LogTexture:Display: Building textures: HQ_Lightmap1_3 (AutoDXT)
[2017.01.31-13.30.25:310][  0]LogTexture:Display: Building textures: HQ_Lightmap1_4 (AutoDXT)
[2017.01.31-13.30.25:594][  0]LogTexture:Display: Building textures: HQ_Lightmap1_5 (AutoDXT)
[2017.01.31-13.30.26:040][  0]LogTexture:Display: Building textures: HQ_Lightmap1_7 (AutoDXT)
[2017.01.31-13.30.26:305][  0]LogTexture:Display: Building textures: HQ_Lightmap1_8 (AutoDXT)
[2017.01.31-13.30.26:343][  0]LogTexture:Display: Building textures: LQ_Lightmap_1_1 (DXT1)
[2017.01.31-13.30.26:537][  0]LogTexture:Display: Building textures: LQ_Lightmap_1_2 (DXT1)
[2017.01.31-13.30.26:722][  0]LogTexture:Display: Building textures: LQ_Lightmap_1_3 (DXT1)
[2017.01.31-13.30.26:914][  0]LogTexture:Display: Building textures: LQ_Lightmap_1_4 (DXT1)
[2017.01.31-13.30.27:106][  0]LogTexture:Display: Building textures: LQ_Lightmap_1_5 (DXT1)
[2017.01.31-13.30.27:329][  0]LogTexture:Display: Building textures: LQ_Lightmap_1_7 (DXT1)
[2017.01.31-13.30.27:500][  0]LogTexture:Display: Building textures: LQ_Lightmap_1_8 (DXT1)
[2017.01.31-13.30.27:504][  0]LogTexture:Display: Building textures: SkyOcclusion0_8 (AutoDXT)
[2017.01.31-13.30.27:526][  0]LogTexture:Display: Building textures: SkyOcclusion1_1 (AutoDXT)
[2017.01.31-13.30.27:680][  0]LogTexture:Display: Building textures: SkyOcclusion1_2 (AutoDXT)
[2017.01.31-13.30.27:831][  0]LogTexture:Display: Building textures: SkyOcclusion1_3 (AutoDXT)
[2017.01.31-13.30.27:968][  0]LogTexture:Display: Building textures: SkyOcclusion1_4 (AutoDXT)
[2017.01.31-13.30.28:097][  0]LogTexture:Display: Building textures: SkyOcclusion1_5 (AutoDXT)
[2017.01.31-13.30.28:277][  0]LogTexture:Display: Building textures: SkyOcclusion1_7 (AutoDXT)
[2017.01.31-13.30.28:424][  0]LogTexture:Display: Building textures: ShadowMapTexture2D_10 (G8)
[2017.01.31-13.30.28:502][  0]LogTexture:Display: Building textures: ShadowMapTexture2D_11 (G8)
[2017.01.31-13.30.28:577][  0]LogTexture:Display: Building textures: ShadowMapTexture2D_12 (G8)
[2017.01.31-13.30.28:647][  0]LogTexture:Display: Building textures: ShadowMapTexture2D_14 (G8)
[2017.01.31-13.30.28:714][  0]LogTexture:Display: Building textures: ShadowMapTexture2D_15 (G8)
[2017.01.31-13.30.28:721][  0]LogTexture:Display: Building textures: ShadowMapTexture2D_7 (G8)
[2017.01.31-13.30.28:789][  0]LogTexture:Display: Building textures: ShadowMapTexture2D_9 (G8)
[2017.01.31-13.30.28:889][  0]LogAnimationCompression: Building Anim DDC data for AnimSequence /Game/FirstPerson/Animations/FirstPerson_Fire.FirstPerson_Fire
[2017.01.31-13.30.28:891][  0]LogAIModule: Creating AISystem for world FirstPersonExampleMap
[2017.01.31-13.30.30:143][  0]LogEditorServer: Finished looking for orphan Actors (0.000 secs)
[2017.01.31-13.30.30:216][  0]Cmd: MAP CHECKDEP NOCLEARLOG
[2017.01.31-13.30.30:294][  0]MapCheck: Info Map check complete: 0 Error(s), 0 Warning(s), took 78.138ms to complete.
[2017.01.31-13.30.30:294][  0]LogFileHelpers: Loading map 'FirstPersonExampleMap' took 26.219
[2017.01.31-13.30.32:109][  0]LogCollectionManager: Loaded 0 collections in 0.001569 seconds
[2017.01.31-13.30.32:384][  0]LogFileCache: Scanning file cache for directory 'D:/Git/Descension/Saved/Collections/' took 0.01s
[2017.01.31-13.30.32:385][  0]LogFileCache: Scanning file cache for directory 'D:/Git/Descension/Content/Developers/AF187249/Collections/' took 0.01s
[2017.01.31-13.30.32:385][  0]LogFileCache: Scanning file cache for directory 'D:/Git/Descension/Content/Collections/' took 0.01s
[2017.01.31-13.30.32:385][  0]LogCollectionManager: Rebuilt the GUID cache for 0 collections in 0.000004 seconds
[2017.01.31-13.30.32:439][  0]LogContentBrowser: Native class hierarchy populated in 0.0419 seconds. Added 2046 classes and 367 folders.
[2017.01.31-13.30.32:570][  0]LogStats: UGameplayTagsManager::ConstructGameplayTagTree: Construct from data asset -  0.000 s
[2017.01.31-13.30.32:571][  0]LogStats: UGameplayTagsManager::ConstructGameplayTagTree: GameplayTagTreeChangedEvent.Broadcast -  0.000 s
[2017.01.31-13.30.32:572][  0]LogContentBrowser: Native class hierarchy updated for 'GameplayTags' in 0.0007 seconds. Added 12 classes and 0 folders.
[2017.01.31-13.30.32:612][  0]LogContentBrowser: Native class hierarchy updated for 'WidgetCarousel' in 0.0005 seconds. Added 0 classes and 0 folders.
[2017.01.31-13.30.33:202][  0]LogContentBrowser: Native class hierarchy updated for 'AddContentDialog' in 0.0006 seconds. Added 0 classes and 0 folders.
[2017.01.31-13.30.33:274][  0]LogContentBrowser: Native class hierarchy updated for 'SceneOutliner' in 0.0005 seconds. Added 1 classes and 2 folders.
[2017.01.31-13.30.33:754][  0]LogCrashTracker: Crashtracker disabled due to settings.
[2017.01.31-13.30.34:012][  0]LogUObjectGlobals:Warning: Failed to find object 'Class None.'
[2017.01.31-13.30.34:134][  0]LogContentBrowser: Native class hierarchy updated for 'HierarchicalLODOutliner' in 0.0007 seconds. Added 1 classes and 2 folders.
[2017.01.31-13.30.34:134][  0]LogLoad: Full Startup: 83.23 seconds (BP compile: 0.95 seconds)
[2017.01.31-13.30.34:134][  0]LogExternalProfiler: No external profilers were discovered.  External profiling features will not be available.
[2017.01.31-13.30.34:151][  0]LogOcInput: OculusInput pre-init called
[2017.01.31-13.30.34:427][  0]LogContentStreaming: Texture pool size now 700 MB
[2017.01.31-13.30.34:838][  0]LogTexture:Display: Building textures: icon_tab_Levels_40x (BGRA8)
[2017.01.31-13.30.35:640][  0]LogTexture:Display: Building textures: LevelGrid1DStripes (BGRA8)
[2017.01.31-13.30.35:642][  0]LogMaterial: Missing cached shader map for material LevelGridMaterial2, compiling. 
[2017.01.31-13.30.35:865][  0]LogRenderer: Reallocating scene render targets to support 1208x576 (Frame:2).
[2017.01.31-13.30.36:324][  1]LogEditorViewport: Clicking on Actor (LMB): StaticMeshActor (Floor)
[2017.01.31-13.30.37:566][  2]LogAssetRegistry: Asset discovery search completed in 62.9945 seconds
[2017.01.31-13.30.37:566][  2]LogCollectionManager: Rebuilt the object cache for 0 collections in 0.000001 seconds (found 0 objects)
[2017.01.31-13.30.37:566][  2]LogCollectionManager: Fixed up redirectors for 0 collections in 0.000027 seconds (updated 0 objects)
[2017.01.31-13.31.00:174][376]LogBlueprintUserMessages: Early PlayInEditor Detection: Level '/Game/FirstPersonBP/Maps/FirstPersonExampleMap.FirstPersonExampleMap:PersistentLevel' has LevelScriptBlueprint '/Game/FirstPersonBP/Maps/FirstPersonExampleMap.FirstPersonExampleMap:PersistentLevel.FirstPersonExampleMap' with GeneratedClass '/Game/FirstPersonBP/Maps/FirstPersonExampleMap.FirstPersonExampleMap_C' with ClassGeneratedBy '/Game/FirstPersonBP/Maps/FirstPersonExampleMap.FirstPersonExampleMap:PersistentLevel.FirstPersonExampleMap'
[2017.01.31-13.31.00:174][376]LogPlayLevel: PlayLevel: No blueprints needed recompiling
[2017.01.31-13.31.00:247][376]PIE: New page: SIE session: FirstPersonExampleMap (31 Jan 2017 13:31:00)
[2017.01.31-13.31.00:247][376]LogPlayLevel: Creating play world package: /Game/FirstPersonBP/Maps/UEDPIE_0_FirstPersonExampleMap
[2017.01.31-13.31.00:269][376]LogPlayLevel: PIE: StaticDuplicateObject took: (0.021945s)
[2017.01.31-13.31.00:270][376]LogAIModule: Creating AISystem for world FirstPersonExampleMap
[2017.01.31-13.31.00:270][376]LogPlayLevel: PIE: World Init took: (0.000688s)
[2017.01.31-13.31.00:271][376]LogPlayLevel: PIE: Created PIE world by copying editor world from /Game/FirstPersonBP/Maps/FirstPersonExampleMap.FirstPersonExampleMap to /Game/FirstPersonBP/Maps/UEDPIE_0_FirstPersonExampleMap.FirstPersonExampleMap (0.023200s)
[2017.01.31-13.31.00:557][376]LogAudioDerivedData:Display: Building compressed audio format OGG wave StartPlayInEditor...
[2017.01.31-13.31.00:649][376]LogWorld: Game class is 'FirstPersonGameMode_C'
[2017.01.31-13.31.00:702][376]LogWorld: Bringing World /Game/FirstPersonBP/Maps/UEDPIE_0_FirstPersonExampleMap.FirstPersonExampleMap up for play (max tick rate 0) at 2017.01.31-13.31.00
[2017.01.31-13.31.00:731][376]LogWorld: Bringing up level for play took: 0.047997
[2017.01.31-13.31.00:821][376]LogContentBrowser: Native class hierarchy updated for 'MovieSceneCapture' in 0.0015 seconds. Added 11 classes and 0 folders.
[2017.01.31-13.31.00:823][376]PIE: Info Play in editor start time for /Game/FirstPersonBP/Maps/UEDPIE_0_FirstPersonExampleMap -0.343
[2017.01.31-13.31.00:913][376]LogAudioDerivedData:Display: Building compressed audio format OGG wave PossessPlayer...
[2017.01.31-13.31.00:985][376]LogBlueprintUserMessages: Late PlayInEditor Detection: Level '/Game/FirstPersonBP/Maps/FirstPersonExampleMap.FirstPersonExampleMap:PersistentLevel' has LevelScriptBlueprint '/Game/FirstPersonBP/Maps/FirstPersonExampleMap.FirstPersonExampleMap:PersistentLevel.FirstPersonExampleMap' with GeneratedClass '/Game/FirstPersonBP/Maps/FirstPersonExampleMap.FirstPersonExampleMap_C' with ClassGeneratedBy '/Game/FirstPersonBP/Maps/FirstPersonExampleMap.FirstPersonExampleMap:PersistentLevel.FirstPersonExampleMap'
[2017.01.31-13.31.04:318][712]LogAudioDerivedData:Display: Building compressed audio format OGG wave EjectFromPlayer...
[2017.01.31-13.31.19:179][482]LogBlueprintUserMessages: Early EndPlayMap Detection: Level '/Game/FirstPersonBP/Maps/FirstPersonExampleMap.FirstPersonExampleMap:PersistentLevel' has LevelScriptBlueprint '/Game/FirstPersonBP/Maps/FirstPersonExampleMap.FirstPersonExampleMap:PersistentLevel.FirstPersonExampleMap' with GeneratedClass '/Game/FirstPersonBP/Maps/FirstPersonExampleMap.FirstPersonExampleMap_C' with ClassGeneratedBy '/Game/FirstPersonBP/Maps/FirstPersonExampleMap.FirstPersonExampleMap:PersistentLevel.FirstPersonExampleMap'
[2017.01.31-13.31.19:357][482]LogAudioDerivedData:Display: Building compressed audio format OGG wave EndPlayInEditor...
[2017.01.31-13.31.19:572][482]LogBlueprintUserMessages: Late EndPlayMap Detection: Level '/Game/FirstPersonBP/Maps/FirstPersonExampleMap.FirstPersonExampleMap:PersistentLevel' has LevelScriptBlueprint '/Game/FirstPersonBP/Maps/FirstPersonExampleMap.FirstPersonExampleMap:PersistentLevel.FirstPersonExampleMap' with GeneratedClass '/Game/FirstPersonBP/Maps/FirstPersonExampleMap.FirstPersonExampleMap_C' with ClassGeneratedBy '/Game/FirstPersonBP/Maps/FirstPersonExampleMap.FirstPersonExampleMap:PersistentLevel.FirstPersonExampleMap'
[2017.01.31-13.31.27:814][399]LogBlueprintUserMessages: Early PlayInEditor Detection: Level '/Game/FirstPersonBP/Maps/FirstPersonExampleMap.FirstPersonExampleMap:PersistentLevel' has LevelScriptBlueprint '/Game/FirstPersonBP/Maps/FirstPersonExampleMap.FirstPersonExampleMap:PersistentLevel.FirstPersonExampleMap' with GeneratedClass '/Game/FirstPersonBP/Maps/FirstPersonExampleMap.FirstPersonExampleMap_C' with ClassGeneratedBy '/Game/FirstPersonBP/Maps/FirstPersonExampleMap.FirstPersonExampleMap:PersistentLevel.FirstPersonExampleMap'
[2017.01.31-13.31.27:814][399]LogPlayLevel: PlayLevel: No blueprints needed recompiling
[2017.01.31-13.31.27:814][399]PIE: New page: SIE session: FirstPersonExampleMap (31 Jan 2017 13:31:27)
[2017.01.31-13.31.27:814][399]LogPlayLevel: Creating play world package: /Game/FirstPersonBP/Maps/UEDPIE_0_FirstPersonExampleMap
[2017.01.31-13.31.27:833][399]LogPlayLevel: PIE: StaticDuplicateObject took: (0.018401s)
[2017.01.31-13.31.27:834][399]LogAIModule: Creating AISystem for world FirstPersonExampleMap
[2017.01.31-13.31.27:834][399]LogPlayLevel: PIE: World Init took: (0.000839s)
[2017.01.31-13.31.27:834][399]LogPlayLevel: PIE: Created PIE world by copying editor world from /Game/FirstPersonBP/Maps/FirstPersonExampleMap.FirstPersonExampleMap to /Game/FirstPersonBP/Maps/UEDPIE_0_FirstPersonExampleMap.FirstPersonExampleMap (0.019547s)
[2017.01.31-13.31.27:888][399]LogWorld: Game class is 'FirstPersonGameMode_C'
[2017.01.31-13.31.27:892][399]LogWorld: Bringing World /Game/FirstPersonBP/Maps/UEDPIE_0_FirstPersonExampleMap.FirstPersonExampleMap up for play (max tick rate 0) at 2017.01.31-13.31.27
[2017.01.31-13.31.27:893][399]LogWorld: Bringing up level for play took: 0.004025
[2017.01.31-13.31.27:894][399]PIE: Info Play in editor start time for /Game/FirstPersonBP/Maps/UEDPIE_0_FirstPersonExampleMap 0.727
[2017.01.31-13.31.27:908][399]LogBlueprintUserMessages: Late PlayInEditor Detection: Level '/Game/FirstPersonBP/Maps/FirstPersonExampleMap.FirstPersonExampleMap:PersistentLevel' has LevelScriptBlueprint '/Game/FirstPersonBP/Maps/FirstPersonExampleMap.FirstPersonExampleMap:PersistentLevel.FirstPersonExampleMap' with GeneratedClass '/Game/FirstPersonBP/Maps/FirstPersonExampleMap.FirstPersonExampleMap_C' with ClassGeneratedBy '/Game/FirstPersonBP/Maps/FirstPersonExampleMap.FirstPersonExampleMap:PersistentLevel.FirstPersonExampleMap'
[2017.01.31-13.32.11:223][577]LogBlueprintUserMessages: Early EndPlayMap Detection: Level '/Game/FirstPersonBP/Maps/FirstPersonExampleMap.FirstPersonExampleMap:PersistentLevel' has LevelScriptBlueprint '/Game/FirstPersonBP/Maps/FirstPersonExampleMap.FirstPersonExampleMap:PersistentLevel.FirstPersonExampleMap' with GeneratedClass '/Game/FirstPersonBP/Maps/FirstPersonExampleMap.FirstPersonExampleMap_C' with ClassGeneratedBy '/Game/FirstPersonBP/Maps/FirstPersonExampleMap.FirstPersonExampleMap:PersistentLevel.FirstPersonExampleMap'
[2017.01.31-13.32.11:262][577]LogBlueprintUserMessages: Late EndPlayMap Detection: Level '/Game/FirstPersonBP/Maps/FirstPersonExampleMap.FirstPersonExampleMap:PersistentLevel' has LevelScriptBlueprint '/Game/FirstPersonBP/Maps/FirstPersonExampleMap.FirstPersonExampleMap:PersistentLevel.FirstPersonExampleMap' with GeneratedClass '/Game/FirstPersonBP/Maps/FirstPersonExampleMap.FirstPersonExampleMap_C' with ClassGeneratedBy '/Game/FirstPersonBP/Maps/FirstPersonExampleMap.FirstPersonExampleMap:PersistentLevel.FirstPersonExampleMap'
[2017.01.31-13.32.15:777][996]LogContentBrowser: Native class hierarchy updated for 'BlueprintGraph' in 0.0027 seconds. Added 111 classes and 0 folders.
[2017.01.31-13.32.16:635][996]LogStaticMesh: Building static mesh PhAT_FloorBox...
[2017.01.31-13.32.16:635][996]LogMeshUtilities:Warning: Invalid vertex normals found for mesh. Forcing recomputation of vertex normals for MikkTSpace. Fix mesh or disable "Use MikkTSpace Tangent Space" to avoid forced recomputation of normals.
[2017.01.31-13.32.16:635][996]LogStaticMesh: Built static mesh [0.00s] /Engine/EditorMeshes/PhAT_FloorBox.PhAT_FloorBox
[2017.01.31-13.32.16:637][996]LogMaterial: Missing cached shader map for material GridMaterial, compiling. 
[2017.01.31-13.32.16:711][996]LogTexture:Display: Building textures: TilePatine_N (BC5)
[2017.01.31-13.32.16:742][996]LogTexture:Display: Building textures: TilePatine_D (AutoDXT)
[2017.01.31-13.32.16:903][996]LogMaterial: Missing cached shader map for material PersonaFloorMat, compiling. 
[2017.01.31-13.32.17:194][996]LogTexture:Display: Building textures: Blueprint_64x (BGRA8)
[2017.01.31-13.32.34:003][484]BlueprintLog: New page: Compile FirstPersonCharacter
[2017.01.31-13.32.34:269][484]BlueprintEditorCompileResults: Info [0203.35] Compile of FirstPersonCharacter successful! [in 262 ms] (/Game/FirstPersonBP/Blueprints/FirstPersonCharacter.FirstPersonCharacter)
[2017.01.31-13.32.36:070][681]LogBlueprintUserMessages: Early PlayInEditor Detection: Level '/Game/FirstPersonBP/Maps/FirstPersonExampleMap.FirstPersonExampleMap:PersistentLevel' has LevelScriptBlueprint '/Game/FirstPersonBP/Maps/FirstPersonExampleMap.FirstPersonExampleMap:PersistentLevel.FirstPersonExampleMap' with GeneratedClass '/Game/FirstPersonBP/Maps/FirstPersonExampleMap.FirstPersonExampleMap_C' with ClassGeneratedBy '/Game/FirstPersonBP/Maps/FirstPersonExampleMap.FirstPersonExampleMap:PersistentLevel.FirstPersonExampleMap'
[2017.01.31-13.32.36:070][681]LogPlayLevel: PlayLevel: No blueprints needed recompiling
[2017.01.31-13.32.36:070][681]PIE: New page: SIE session: FirstPersonExampleMap (31 Jan 2017 13:32:36)
[2017.01.31-13.32.36:070][681]LogPlayLevel: Creating play world package: /Game/FirstPersonBP/Maps/UEDPIE_0_FirstPersonExampleMap
[2017.01.31-13.32.36:087][681]LogPlayLevel: PIE: StaticDuplicateObject took: (0.017294s)
[2017.01.31-13.32.36:088][681]LogAIModule: Creating AISystem for world FirstPersonExampleMap
[2017.01.31-13.32.36:088][681]LogPlayLevel: PIE: World Init took: (0.000667s)
[2017.01.31-13.32.36:088][681]LogPlayLevel: PIE: Created PIE world by copying editor world from /Game/FirstPersonBP/Maps/FirstPersonExampleMap.FirstPersonExampleMap to /Game/FirstPersonBP/Maps/UEDPIE_0_FirstPersonExampleMap.FirstPersonExampleMap (0.018168s)
[2017.01.31-13.32.36:210][681]LogWorld: Game class is 'FirstPersonGameMode_C'
[2017.01.31-13.32.36:214][681]LogWorld: Bringing World /Game/FirstPersonBP/Maps/UEDPIE_0_FirstPersonExampleMap.FirstPersonExampleMap up for play (max tick rate 0) at 2017.01.31-13.32.36
[2017.01.31-13.32.36:215][681]LogWorld: Bringing up level for play took: 0.004079
[2017.01.31-13.32.36:216][681]PIE: Info Play in editor start time for /Game/FirstPersonBP/Maps/UEDPIE_0_FirstPersonExampleMap 1.045
[2017.01.31-13.32.36:250][681]LogBlueprintUserMessages: Late PlayInEditor Detection: Level '/Game/FirstPersonBP/Maps/FirstPersonExampleMap.FirstPersonExampleMap:PersistentLevel' has LevelScriptBlueprint '/Game/FirstPersonBP/Maps/FirstPersonExampleMap.FirstPersonExampleMap:PersistentLevel.FirstPersonExampleMap' with GeneratedClass '/Game/FirstPersonBP/Maps/FirstPersonExampleMap.FirstPersonExampleMap_C' with ClassGeneratedBy '/Game/FirstPersonBP/Maps/FirstPersonExampleMap.FirstPersonExampleMap:PersistentLevel.FirstPersonExampleMap'
[2017.01.31-13.32.52:672][647]LogCharacterMovement: FirstPersonCharacter_C_1 is stuck and failed to move! Velocity: X=-4.428 Y=-16.483 Z=0.000 Location: X=-81.950 Y=379.503 Z=268.394 Normal: X=0.111 Y=0.994 Z=0.000 PenetrationDepth:15.410 Actor:AICharacter_Blueprint3_217 Component:Sphere BoneName:None
[2017.01.31-13.32.52:688][649]LogCharacterMovement: FirstPersonCharacter_C_1 is stuck and failed to move! Velocity: X=-1.988 Y=-16.951 Z=0.000 Location: X=-81.950 Y=379.503 Z=268.394 Normal: X=0.111 Y=0.994 Z=0.000 PenetrationDepth:15.410 Actor:AICharacter_Blueprint3_217 Component:Sphere BoneName:None
[2017.01.31-13.32.52:697][650]LogCharacterMovement: FirstPersonCharacter_C_1 is stuck and failed to move! Velocity: X=-2.708 Y=-34.006 Z=0.000 Location: X=-81.950 Y=379.503 Z=268.394 Normal: X=0.111 Y=0.994 Z=0.000 PenetrationDepth:15.410 Actor:AICharacter_Blueprint3_217 Component:Sphere BoneName:None
[2017.01.31-13.32.52:705][651]LogCharacterMovement: FirstPersonCharacter_C_1 is stuck and failed to move! Velocity: X=-2.080 Y=-51.075 Z=0.000 Location: X=-81.950 Y=379.503 Z=268.394 Normal: X=0.111 Y=0.994 Z=0.000 PenetrationDepth:15.410 Actor:AICharacter_Blueprint3_217 Component:Sphere BoneName:None
[2017.01.31-13.32.52:738][655]LogCharacterMovement: FirstPersonCharacter_C_1 is stuck and failed to move! Velocity: X=52.926 Y=-12.750 Z=0.000 Location: X=-81.389 Y=379.439 Z=268.394 Normal: X=0.118 Y=0.993 Z=0.000 PenetrationDepth:15.409 Actor:AICharacter_Blueprint3_217 Component:Sphere BoneName:None
[2017.01.31-13.32.52:747][656]LogCharacterMovement: FirstPersonCharacter_C_1 is stuck and failed to move! Velocity: X=68.899 Y=-18.830 Z=0.000 Location: X=-81.389 Y=379.439 Z=268.394 Normal: X=0.118 Y=0.993 Z=0.000 PenetrationDepth:15.409 Actor:AICharacter_Blueprint3_217 Component:Sphere BoneName:None
[2017.01.31-13.32.52:755][657]LogCharacterMovement: FirstPersonCharacter_C_1 is stuck and failed to move! Velocity: X=86.135 Y=-17.652 Z=0.000 Location: X=-81.389 Y=379.439 Z=268.394 Normal: X=0.118 Y=0.993 Z=0.000 PenetrationDepth:15.409 Actor:AICharacter_Blueprint3_217 Component:Sphere BoneName:None
[2017.01.31-13.33.23:194][309]LogBlueprintUserMessages: Early EndPlayMap Detection: Level '/Game/FirstPersonBP/Maps/FirstPersonExampleMap.FirstPersonExampleMap:PersistentLevel' has LevelScriptBlueprint '/Game/FirstPersonBP/Maps/FirstPersonExampleMap.FirstPersonExampleMap:PersistentLevel.FirstPersonExampleMap' with GeneratedClass '/Game/FirstPersonBP/Maps/FirstPersonExampleMap.FirstPersonExampleMap_C' with ClassGeneratedBy '/Game/FirstPersonBP/Maps/FirstPersonExampleMap.FirstPersonExampleMap:PersistentLevel.FirstPersonExampleMap'
[2017.01.31-13.33.23:242][309]LogBlueprintUserMessages: Late EndPlayMap Detection: Level '/Game/FirstPersonBP/Maps/FirstPersonExampleMap.FirstPersonExampleMap:PersistentLevel' has LevelScriptBlueprint '/Game/FirstPersonBP/Maps/FirstPersonExampleMap.FirstPersonExampleMap:PersistentLevel.FirstPersonExampleMap' with GeneratedClass '/Game/FirstPersonBP/Maps/FirstPersonExampleMap.FirstPersonExampleMap_C' with ClassGeneratedBy '/Game/FirstPersonBP/Maps/FirstPersonExampleMap.FirstPersonExampleMap:PersistentLevel.FirstPersonExampleMap'
[2017.01.31-13.33.33:651][320]LogBlueprintUserMessages: Early PlayInEditor Detection: Level '/Game/FirstPersonBP/Maps/FirstPersonExampleMap.FirstPersonExampleMap:PersistentLevel' has LevelScriptBlueprint '/Game/FirstPersonBP/Maps/FirstPersonExampleMap.FirstPersonExampleMap:PersistentLevel.FirstPersonExampleMap' with GeneratedClass '/Game/FirstPersonBP/Maps/FirstPersonExampleMap.FirstPersonExampleMap_C' with ClassGeneratedBy '/Game/FirstPersonBP/Maps/FirstPersonExampleMap.FirstPersonExampleMap:PersistentLevel.FirstPersonExampleMap'
[2017.01.31-13.33.33:651][320]BlueprintLog: New page: Pre-Play auto-recompile
[2017.01.31-13.33.33:668][320]LogPlayLevel: [PlayLevel] Compiling FirstPersonCharacter before play...
[2017.01.31-13.33.33:774][320]LogPlayLevel: PlayLevel: Blueprint regeneration took 123 ms (2 blueprints)
[2017.01.31-13.33.33:775][320]LogPlayLevel: [PlayLevel] Compiling AICharacter_Blueprint before play...
[2017.01.31-13.33.33:832][320]LogPlayLevel: PlayLevel: Blueprint regeneration took 181 ms (2 blueprints)
[2017.01.31-13.33.33:850][320]PIE: New page: SIE session: FirstPersonExampleMap (31 Jan 2017 13:33:33)
[2017.01.31-13.33.33:850][320]LogPlayLevel: Creating play world package: /Game/FirstPersonBP/Maps/UEDPIE_0_FirstPersonExampleMap
[2017.01.31-13.33.33:868][320]LogPlayLevel: PIE: StaticDuplicateObject took: (0.017852s)
[2017.01.31-13.33.33:868][320]LogAIModule: Creating AISystem for world FirstPersonExampleMap
[2017.01.31-13.33.33:868][320]LogPlayLevel: PIE: World Init took: (0.000633s)
[2017.01.31-13.33.33:869][320]LogPlayLevel: PIE: Created PIE world by copying editor world from /Game/FirstPersonBP/Maps/FirstPersonExampleMap.FirstPersonExampleMap to /Game/FirstPersonBP/Maps/UEDPIE_0_FirstPersonExampleMap.FirstPersonExampleMap (0.018721s)
[2017.01.31-13.33.33:954][320]LogWorld: Game class is 'FirstPersonGameMode_C'
[2017.01.31-13.33.33:958][320]LogWorld: Bringing World /Game/FirstPersonBP/Maps/UEDPIE_0_FirstPersonExampleMap.FirstPersonExampleMap up for play (max tick rate 0) at 2017.01.31-13.33.33
[2017.01.31-13.33.33:959][320]LogWorld: Bringing up level for play took: 0.004579
[2017.01.31-13.33.33:959][320]PIE: Info Play in editor start time for /Game/FirstPersonBP/Maps/UEDPIE_0_FirstPersonExampleMap 0.785
[2017.01.31-13.33.33:994][320]LogBlueprintUserMessages: Late PlayInEditor Detection: Level '/Game/FirstPersonBP/Maps/FirstPersonExampleMap.FirstPersonExampleMap:PersistentLevel' has LevelScriptBlueprint '/Game/FirstPersonBP/Maps/FirstPersonExampleMap.FirstPersonExampleMap:PersistentLevel.FirstPersonExampleMap' with GeneratedClass '/Game/FirstPersonBP/Maps/FirstPersonExampleMap.FirstPersonExampleMap_C' with ClassGeneratedBy '/Game/FirstPersonBP/Maps/FirstPersonExampleMap.FirstPersonExampleMap:PersistentLevel.FirstPersonExampleMap'
[2017.01.31-13.34.21:216][963]LogBlueprintUserMessages: Early EndPlayMap Detection: Level '/Game/FirstPersonBP/Maps/FirstPersonExampleMap.FirstPersonExampleMap:PersistentLevel' has LevelScriptBlueprint '/Game/FirstPersonBP/Maps/FirstPersonExampleMap.FirstPersonExampleMap:PersistentLevel.FirstPersonExampleMap' with GeneratedClass '/Game/FirstPersonBP/Maps/FirstPersonExampleMap.FirstPersonExampleMap_C' with ClassGeneratedBy '/Game/FirstPersonBP/Maps/FirstPersonExampleMap.FirstPersonExampleMap:PersistentLevel.FirstPersonExampleMap'
[2017.01.31-13.34.21:254][963]LogBlueprintUserMessages: Late EndPlayMap Detection: Level '/Game/FirstPersonBP/Maps/FirstPersonExampleMap.FirstPersonExampleMap:PersistentLevel' has LevelScriptBlueprint '/Game/FirstPersonBP/Maps/FirstPersonExampleMap.FirstPersonExampleMap:PersistentLevel.FirstPersonExampleMap' with GeneratedClass '/Game/FirstPersonBP/Maps/FirstPersonExampleMap.FirstPersonExampleMap_C' with ClassGeneratedBy '/Game/FirstPersonBP/Maps/FirstPersonExampleMap.FirstPersonExampleMap:PersistentLevel.FirstPersonExampleMap'
[2017.01.31-13.34.22:934][156]LogEditorViewport: Clicking on Actor (LMB): SkyLight (SkyLight)
[2017.01.31-13.34.33:402][119]BlueprintLog: New page: Compile FirstPersonCharacter
[2017.01.31-13.34.33:525][119]BlueprintEditorCompileResults: Info [0322.60] Compile of FirstPersonCharacter successful! [in 122 ms] (/Game/FirstPersonBP/Blueprints/FirstPersonCharacter.FirstPersonCharacter)
[2017.01.31-13.34.35:246][297]LogBlueprintUserMessages: Early PlayInEditor Detection: Level '/Game/FirstPersonBP/Maps/FirstPersonExampleMap.FirstPersonExampleMap:PersistentLevel' has LevelScriptBlueprint '/Game/FirstPersonBP/Maps/FirstPersonExampleMap.FirstPersonExampleMap:PersistentLevel.FirstPersonExampleMap' with GeneratedClass '/Game/FirstPersonBP/Maps/FirstPersonExampleMap.FirstPersonExampleMap_C' with ClassGeneratedBy '/Game/FirstPersonBP/Maps/FirstPersonExampleMap.FirstPersonExampleMap:PersistentLevel.FirstPersonExampleMap'
[2017.01.31-13.34.35:246][297]LogPlayLevel: PlayLevel: No blueprints needed recompiling
[2017.01.31-13.34.35:247][297]PIE: New page: SIE session: FirstPersonExampleMap (31 Jan 2017 13:34:35)
[2017.01.31-13.34.35:247][297]LogPlayLevel: Creating play world package: /Game/FirstPersonBP/Maps/UEDPIE_0_FirstPersonExampleMap
[2017.01.31-13.34.35:264][297]LogPlayLevel: PIE: StaticDuplicateObject took: (0.017726s)
[2017.01.31-13.34.35:265][297]LogAIModule: Creating AISystem for world FirstPersonExampleMap
[2017.01.31-13.34.35:265][297]LogPlayLevel: PIE: World Init took: (0.000773s)
[2017.01.31-13.34.35:265][297]LogPlayLevel: PIE: Created PIE world by copying editor world from /Game/FirstPersonBP/Maps/FirstPersonExampleMap.FirstPersonExampleMap to /Game/FirstPersonBP/Maps/UEDPIE_0_FirstPersonExampleMap.FirstPersonExampleMap (0.018739s)
[2017.01.31-13.34.35:330][297]LogWorld: Game class is 'FirstPersonGameMode_C'
[2017.01.31-13.34.35:334][297]LogWorld: Bringing World /Game/FirstPersonBP/Maps/UEDPIE_0_FirstPersonExampleMap.FirstPersonExampleMap up for play (max tick rate 0) at 2017.01.31-13.34.35
[2017.01.31-13.34.35:335][297]LogWorld: Bringing up level for play took: 0.004187
[2017.01.31-13.34.35:336][297]PIE: Info Play in editor start time for /Game/FirstPersonBP/Maps/UEDPIE_0_FirstPersonExampleMap 0.158
[2017.01.31-13.34.35:338][297]LogBlueprintUserMessages: Late PlayInEditor Detection: Level '/Game/FirstPersonBP/Maps/FirstPersonExampleMap.FirstPersonExampleMap:PersistentLevel' has LevelScriptBlueprint '/Game/FirstPersonBP/Maps/FirstPersonExampleMap.FirstPersonExampleMap:PersistentLevel.FirstPersonExampleMap' with GeneratedClass '/Game/FirstPersonBP/Maps/FirstPersonExampleMap.FirstPersonExampleMap_C' with ClassGeneratedBy '/Game/FirstPersonBP/Maps/FirstPersonExampleMap.FirstPersonExampleMap:PersistentLevel.FirstPersonExampleMap'
[2017.01.31-13.34.51:603][242]LogBlueprintUserMessages: Early EndPlayMap Detection: Level '/Game/FirstPersonBP/Maps/FirstPersonExampleMap.FirstPersonExampleMap:PersistentLevel' has LevelScriptBlueprint '/Game/FirstPersonBP/Maps/FirstPersonExampleMap.FirstPersonExampleMap:PersistentLevel.FirstPersonExampleMap' with GeneratedClass '/Game/FirstPersonBP/Maps/FirstPersonExampleMap.FirstPersonExampleMap_C' with ClassGeneratedBy '/Game/FirstPersonBP/Maps/FirstPersonExampleMap.FirstPersonExampleMap:PersistentLevel.FirstPersonExampleMap'
[2017.01.31-13.34.51:649][242]LogBlueprintUserMessages: Late EndPlayMap Detection: Level '/Game/FirstPersonBP/Maps/FirstPersonExampleMap.FirstPersonExampleMap:PersistentLevel' has LevelScriptBlueprint '/Game/FirstPersonBP/Maps/FirstPersonExampleMap.FirstPersonExampleMap:PersistentLevel.FirstPersonExampleMap' with GeneratedClass '/Game/FirstPersonBP/Maps/FirstPersonExampleMap.FirstPersonExampleMap_C' with ClassGeneratedBy '/Game/FirstPersonBP/Maps/FirstPersonExampleMap.FirstPersonExampleMap:PersistentLevel.FirstPersonExampleMap'
[2017.01.31-13.35.07:279][634]BlueprintLog: New page: Compile FirstPersonCharacter
[2017.01.31-13.35.07:406][634]BlueprintEditorCompileResults: Info [0356.48] Compile of FirstPersonCharacter successful! [in 127 ms] (/Game/FirstPersonBP/Blueprints/FirstPersonCharacter.FirstPersonCharacter)
[2017.01.31-13.35.09:398][838]LogBlueprintUserMessages: Early PlayInEditor Detection: Level '/Game/FirstPersonBP/Maps/FirstPersonExampleMap.FirstPersonExampleMap:PersistentLevel' has LevelScriptBlueprint '/Game/FirstPersonBP/Maps/FirstPersonExampleMap.FirstPersonExampleMap:PersistentLevel.FirstPersonExampleMap' with GeneratedClass '/Game/FirstPersonBP/Maps/FirstPersonExampleMap.FirstPersonExampleMap_C' with ClassGeneratedBy '/Game/FirstPersonBP/Maps/FirstPersonExampleMap.FirstPersonExampleMap:PersistentLevel.FirstPersonExampleMap'
[2017.01.31-13.35.09:398][838]LogPlayLevel: PlayLevel: No blueprints needed recompiling
[2017.01.31-13.35.09:399][838]PIE: New page: SIE session: FirstPersonExampleMap (31 Jan 2017 13:35:09)
[2017.01.31-13.35.09:399][838]LogPlayLevel: Creating play world package: /Game/FirstPersonBP/Maps/UEDPIE_0_FirstPersonExampleMap
[2017.01.31-13.35.09:417][838]LogPlayLevel: PIE: StaticDuplicateObject took: (0.018004s)
[2017.01.31-13.35.09:417][838]LogAIModule: Creating AISystem for world FirstPersonExampleMap
[2017.01.31-13.35.09:417][838]LogPlayLevel: PIE: World Init took: (0.000713s)
[2017.01.31-13.35.09:418][838]LogPlayLevel: PIE: Created PIE world by copying editor world from /Game/FirstPersonBP/Maps/FirstPersonExampleMap.FirstPersonExampleMap to /Game/FirstPersonBP/Maps/UEDPIE_0_FirstPersonExampleMap.FirstPersonExampleMap (0.018955s)
[2017.01.31-13.35.09:482][838]LogWorld: Game class is 'FirstPersonGameMode_C'
[2017.01.31-13.35.09:486][838]LogWorld: Bringing World /Game/FirstPersonBP/Maps/UEDPIE_0_FirstPersonExampleMap.FirstPersonExampleMap up for play (max tick rate 0) at 2017.01.31-13.35.09
[2017.01.31-13.35.09:487][838]LogWorld: Bringing up level for play took: 0.004241
[2017.01.31-13.35.09:488][838]PIE: Info Play in editor start time for /Game/FirstPersonBP/Maps/UEDPIE_0_FirstPersonExampleMap 0.308
[2017.01.31-13.35.09:490][838]LogBlueprintUserMessages: Late PlayInEditor Detection: Level '/Game/FirstPersonBP/Maps/FirstPersonExampleMap.FirstPersonExampleMap:PersistentLevel' has LevelScriptBlueprint '/Game/FirstPersonBP/Maps/FirstPersonExampleMap.FirstPersonExampleMap:PersistentLevel.FirstPersonExampleMap' with GeneratedClass '/Game/FirstPersonBP/Maps/FirstPersonExampleMap.FirstPersonExampleMap_C' with ClassGeneratedBy '/Game/FirstPersonBP/Maps/FirstPersonExampleMap.FirstPersonExampleMap:PersistentLevel.FirstPersonExampleMap'
[2017.01.31-13.35.22:009][335]LogBlueprintUserMessages: Early EndPlayMap Detection: Level '/Game/FirstPersonBP/Maps/FirstPersonExampleMap.FirstPersonExampleMap:PersistentLevel' has LevelScriptBlueprint '/Game/FirstPersonBP/Maps/FirstPersonExampleMap.FirstPersonExampleMap:PersistentLevel.FirstPersonExampleMap' with GeneratedClass '/Game/FirstPersonBP/Maps/FirstPersonExampleMap.FirstPersonExampleMap_C' with ClassGeneratedBy '/Game/FirstPersonBP/Maps/FirstPersonExampleMap.FirstPersonExampleMap:PersistentLevel.FirstPersonExampleMap'
[2017.01.31-13.35.22:061][335]LogBlueprintUserMessages: Late EndPlayMap Detection: Level '/Game/FirstPersonBP/Maps/FirstPersonExampleMap.FirstPersonExampleMap:PersistentLevel' has LevelScriptBlueprint '/Game/FirstPersonBP/Maps/FirstPersonExampleMap.FirstPersonExampleMap:PersistentLevel.FirstPersonExampleMap' with GeneratedClass '/Game/FirstPersonBP/Maps/FirstPersonExampleMap.FirstPersonExampleMap_C' with ClassGeneratedBy '/Game/FirstPersonBP/Maps/FirstPersonExampleMap.FirstPersonExampleMap:PersistentLevel.FirstPersonExampleMap'
[2017.01.31-13.35.39:603][296]LogEditorViewport: Clicking on Actor (LMB): Actor (Actor)
[2017.01.31-13.35.39:672][303]LogEditorViewport: Clicking on Component (LMB): SceneComponent (DefaultSceneRoot)
[2017.01.31-13.35.55:320][812]Cmd: QUIT_EDITOR
[2017.01.31-13.35.55:733][812]LogWindowsTextInputMethodSystem:Display: IME system now deactivated.
[2017.01.31-13.35.55:791][812]LogExit: Preparing to exit.
[2017.01.31-13.35.57:168][812]LogExit: Editor shut down
[2017.01.31-13.35.57:169][812]LogExit: Transaction tracking system shut down
[2017.01.31-13.35.57:848][812]LogObj: Freed 0b from 0 cluster array pools.
[2017.01.31-13.35.57:848][812]LogExit: Object subsystem successfully closed.
[2017.01.31-13.35.57:991][812]LogD3D11RHI: Shutdown
[2017.01.31-13.35.57:991][812]LogD3D11RHI: CleanupD3DDevice
[2017.01.31-13.35.58:117][812]LogD3D11RHI: ~FD3D11DynamicRHI
[2017.01.31-13.35.58:399][812]LogModuleManager: Shutting down and abandoning module BlueprintGraph (210)
[2017.01.31-13.35.58:399][812]LogModuleManager: Shutting down and abandoning module MovieSceneCapture (209)
[2017.01.31-13.35.58:399][812]LogModuleManager: Shutting down and abandoning module HierarchicalLODOutliner (208)
[2017.01.31-13.35.58:418][812]LogModuleManager: Shutting down and abandoning module CrashTracker (207)
[2017.01.31-13.35.58:418][812]LogModuleManager: Shutting down and abandoning module SceneOutliner (206)
[2017.01.31-13.35.58:418][812]LogModuleManager: Shutting down and abandoning module WidgetCarousel (205)
[2017.01.31-13.35.58:418][812]LogModuleManager: Shutting down and abandoning module AddContentDialog (204)
[2017.01.31-13.35.58:421][812]LogModuleManager: Shutting down and abandoning module GameplayTags (203)
[2017.01.31-13.35.58:421][812]LogModuleManager: Shutting down and abandoning module EditorWidgets (202)
[2017.01.31-13.35.58:421][812]LogModuleManager: Shutting down and abandoning module CollectionManager (201)
[2017.01.31-13.35.58:422][812]LogModuleManager: Shutting down and abandoning module StatsViewer (200)
[2017.01.31-13.35.58:442][812]LogModuleManager: Shutting down and abandoning module FoliageEdit (199)
[2017.01.31-13.35.58:442][812]LogModuleManager: Shutting down and abandoning module LandscapeEditor (198)
[2017.01.31-13.35.58:467][812]LogModuleManager: Shutting down and abandoning module SceneDepthPickerMode (197)
[2017.01.31-13.35.58:467][812]LogModuleManager: Shutting down and abandoning module ActorPickerMode (196)
[2017.01.31-13.35.58:467][812]LogModuleManager: Shutting down and abandoning module GeometryMode (195)
[2017.01.31-13.35.58:467][812]LogModuleManager: Shutting down and abandoning module TextureAlignMode (194)
[2017.01.31-13.35.58:467][812]LogModuleManager: Shutting down and abandoning module BspMode (193)
[2017.01.31-13.35.58:467][812]LogModuleManager: Shutting down and abandoning module HardwareSurvey (192)
[2017.01.31-13.35.58:467][812]LogModuleManager: Shutting down and abandoning module SequenceRecorderSections (191)
[2017.01.31-13.35.58:468][812]LogModuleManager: Shutting down and abandoning module SequenceRecorder (190)
[2017.01.31-13.35.58:468][812]LogModuleManager: Shutting down and abandoning module AutomationWorker (189)
[2017.01.31-13.35.58:468][812]LogModuleManager: Shutting down and abandoning module MatineeToLevelSequence (188)
[2017.01.31-13.35.58:468][812]LogModuleManager: Shutting down and abandoning module PlacementMode (187)
[2017.01.31-13.35.58:468][812]LogModuleManager: Shutting down and abandoning module LevelSequenceEditor (186)
[2017.01.31-13.35.58:468][812]LogModuleManager: Shutting down and abandoning module CharacterAI (185)
[2017.01.31-13.35.58:469][812]LogModuleManager: Shutting down and abandoning module SmartSnapping (184)
[2017.01.31-13.35.58:469][812]LogModuleManager: Shutting down and abandoning module SessionServices (183)
[2017.01.31-13.35.58:469][812]LogModuleManager: Shutting down and abandoning module ViewportSnapping (182)
[2017.01.31-13.35.58:469][812]LogModuleManager: Shutting down and abandoning module LogVisualizer (181)
[2017.01.31-13.35.58:469][812]LogModuleManager: Shutting down and abandoning module GameProjectGeneration (180)
[2017.01.31-13.35.58:471][812]LogModuleManager: Shutting down and abandoning module IntroTutorials (179)
[2017.01.31-13.35.58:471][812]LogModuleManager: Shutting down and abandoning module EditorLiveStreaming (178)
[2017.01.31-13.35.58:471][812]LogModuleManager: Shutting down and abandoning module IOSPlatformEditor (177)
[2017.01.31-13.35.58:472][812]LogModuleManager: Shutting down and abandoning module HTML5PlatformEditor (176)
[2017.01.31-13.35.58:472][812]LogModuleManager: Shutting down and abandoning module AndroidDeviceDetection (175)
[2017.01.31-13.35.58:895][812]LogModuleManager: Shutting down and abandoning module AndroidPlatformEditor (174)
[2017.01.31-13.35.58:895][812]LogModuleManager: Shutting down and abandoning module IOSRuntimeSettings (173)
[2017.01.31-13.35.58:895][812]LogModuleManager: Shutting down and abandoning module AndroidRuntimeSettings (172)
[2017.01.31-13.35.58:895][812]LogModuleManager: Shutting down and abandoning module MergeActors (171)
[2017.01.31-13.35.58:914][812]LogModuleManager: Shutting down and abandoning module SizeMap (170)
[2017.01.31-13.35.58:914][812]LogModuleManager: Shutting down and abandoning module TreeMap (169)
[2017.01.31-13.35.58:914][812]LogModuleManager: Shutting down and abandoning module ReferenceViewer (168)
[2017.01.31-13.35.58:914][812]LogModuleManager: Shutting down and abandoning module LocalizationService (167)
[2017.01.31-13.35.58:936][812]LogModuleManager: Shutting down and abandoning module LocalizationDashboard (166)
[2017.01.31-13.35.58:945][812]LogModuleManager: Shutting down and abandoning module HardwareTargeting (165)
[2017.01.31-13.35.58:945][812]LogModuleManager: Shutting down and abandoning module DeviceProfileEditor (164)
[2017.01.31-13.35.58:965][812]LogModuleManager: Shutting down and abandoning module UndoHistory (163)
[2017.01.31-13.35.58:980][812]LogModuleManager: Shutting down and abandoning module UserFeedback (162)
[2017.01.31-13.35.58:980][812]LogModuleManager: Shutting down and abandoning module XmlParser (161)
[2017.01.31-13.35.58:980][812]LogModuleManager: Shutting down and abandoning module Blutility (160)
[2017.01.31-13.35.58:980][812]LogModuleManager: Shutting down and abandoning module ProjectTargetPlatformEditor (159)
[2017.01.31-13.35.58:980][812]LogModuleManager: Shutting down and abandoning module ProjectSettingsViewer (158)
[2017.01.31-13.35.58:980][812]LogModuleManager: Shutting down and abandoning module InputBindingEditor (157)
[2017.01.31-13.35.58:981][812]LogModuleManager: Shutting down and abandoning module EditorSettingsViewer (156)
[2017.01.31-13.35.58:981][812]LogModuleManager: Shutting down and abandoning module SettingsEditor (155)
[2017.01.31-13.35.58:992][812]LogModuleManager: Shutting down and abandoning module ProjectLauncher (154)
[2017.01.31-13.35.59:020][812]LogModuleManager: Shutting down and abandoning module SessionFrontend (153)
[2017.01.31-13.35.59:041][812]LogModuleManager: Shutting down and abandoning module ProfilerClient (152)
[2017.01.31-13.35.59:062][812]LogModuleManager: Shutting down and abandoning module TargetDeviceServices (151)
[2017.01.31-13.35.59:062][812]LogModuleManager: Shutting down and abandoning module DeviceManager (150)
[2017.01.31-13.35.59:141][812]LogModuleManager: Shutting down and abandoning module AutomationController (149)
[2017.01.31-13.35.59:161][812]LogModuleManager: Shutting down and abandoning module AutomationWindow (148)
[2017.01.31-13.35.59:188][812]LogModuleManager: Shutting down and abandoning module Layers (147)
[2017.01.31-13.35.59:216][812]LogModuleManager: Shutting down and abandoning module ComponentVisualizers (146)
[2017.01.31-13.35.59:217][812]LogModuleManager: Shutting down and abandoning module DetailCustomizations (145)
[2017.01.31-13.35.59:217][812]LogModuleManager: Shutting down and abandoning module PackagesDialog (144)
[2017.01.31-13.35.59:218][812]LogModuleManager: Shutting down and abandoning module Persona (143)
[2017.01.31-13.35.59:252][812]LogModuleManager: Shutting down and abandoning module Kismet (142)
[2017.01.31-13.35.59:252][812]LogModuleManager: Shutting down and abandoning module GraphEditor (141)
[2017.01.31-13.35.59:252][812]LogModuleManager: Shutting down and abandoning module ClassViewer (140)
[2017.01.31-13.35.59:274][812]LogModuleManager: Shutting down and abandoning module Toolbox (139)
[2017.01.31-13.35.59:274][812]LogModuleManager: Shutting down and abandoning module ModuleUI (138)
[2017.01.31-13.35.59:296][812]LogModuleManager: Shutting down and abandoning module MovieSceneTools (137)
[2017.01.31-13.35.59:306][812]LogModuleManager: Shutting down and abandoning module OutputLog (136)
[2017.01.31-13.35.59:306][812]LogModuleManager: Shutting down and abandoning module GammaUI (135)
[2017.01.31-13.35.59:325][812]LogModuleManager: Shutting down and abandoning module Documentation (134)
[2017.01.31-13.35.59:325][812]LogModuleManager: Shutting down and abandoning module StreamingPauseRendering (133)
[2017.01.31-13.35.59:325][812]LogModuleManager: Shutting down and abandoning module AnalyticsET (132)
[2017.01.31-13.35.59:325][812]LogModuleManager: Shutting down and abandoning module Analytics (131)
[2017.01.31-13.35.59:325][812]LogModuleManager: Shutting down and abandoning module PortalServices (130)
[2017.01.31-13.35.59:325][812]LogModuleManager: Shutting down and abandoning module PortalRpc (129)
[2017.01.31-13.35.59:325][812]LogModuleManager: Shutting down and abandoning module MessagingRpc (128)
[2017.01.31-13.35.59:325][812]LogModuleManager: Shutting down and abandoning module GameplayDebugger (127)
[2017.01.31-13.35.59:325][812]LogModuleManager: Shutting down and abandoning module AITestSuite (126)
[2017.01.31-13.35.59:325][812]LogModuleManager: Shutting down and abandoning module AIModule (125)
[2017.01.31-13.35.59:325][812]LogModuleManager: Shutting down and abandoning module ProfilerService (124)
[2017.01.31-13.35.59:356][812]LogModuleManager: Shutting down and abandoning module TaskGraph (123)
[2017.01.31-13.35.59:383][812]LogModuleManager: Shutting down and abandoning module SlateRemote (122)
[2017.01.31-13.35.59:383][812]LogModuleManager: Shutting down and abandoning module SteamVRController (121)
[2017.01.31-13.35.59:383][812]LogModuleManager: Shutting down and abandoning module SteamVR (120)
[2017.01.31-13.35.59:383][812]LogModuleManager: Shutting down and abandoning module ProceduralMeshComponent (119)
[2017.01.31-13.35.59:383][812]LogModuleManager: Shutting down and abandoning module OculusLibrary (118)
[2017.01.31-13.35.59:383][812]LogModuleManager: Shutting down and abandoning module OculusInput (117)
[2017.01.31-13.35.59:383][812]LogModuleManager: Shutting down and abandoning module CustomMeshComponent (116)
[2017.01.31-13.35.59:383][812]LogModuleManager: Shutting down and abandoning module CableComponent (115)
[2017.01.31-13.35.59:383][812]LogModuleManager: Shutting down and abandoning module ArchVisCharacter (114)
[2017.01.31-13.35.59:383][812]LogModuleManager: Shutting down and abandoning module MediaPlayerEditor (113)
[2017.01.31-13.35.59:383][812]LogModuleManager: Shutting down and abandoning module HTML5Networking (112)
[2017.01.31-13.35.59:383][812]LogModuleManager: Shutting down and abandoning module SuperSearch (111)
[2017.01.31-13.35.59:383][812]LogModuleManager: Shutting down and abandoning module SuperSearchEditor (110)
[2017.01.31-13.35.59:383][812]LogModuleManager: Shutting down and abandoning module SpeedTreeImporter (109)
[2017.01.31-13.35.59:383][812]LogModuleManager: Shutting down and abandoning module PluginBrowser (108)
[2017.01.31-13.35.59:384][812]LogModuleManager: Shutting down and abandoning module EpicSurvey (107)
[2017.01.31-13.35.59:384][812]LogModuleManager: Shutting down and abandoning module DesktopPlatform (106)
[2017.01.31-13.35.59:386][812]LogModuleManager: Shutting down and abandoning module VisualStudioSourceCodeAccess (105)
[2017.01.31-13.35.59:386][812]LogModuleManager: Shutting down and abandoning module UObjectPlugin (104)
[2017.01.31-13.35.59:386][812]LogModuleManager: Shutting down and abandoning module SubversionSourceControl (103)
[2017.01.31-13.35.59:386][812]LogModuleManager: Shutting down and abandoning module PerforceSourceControl (102)
[2017.01.31-13.35.59:386][812]LogModuleManager: Shutting down and abandoning module SourceControl (101)
[2017.01.31-13.35.59:392][812]LogModuleManager: Shutting down and abandoning module GitSourceControl (100)
[2017.01.31-13.35.59:392][812]LogModuleManager: Shutting down and abandoning module LightPropagationVolumeEditor (99)
[2017.01.31-13.35.59:392][812]LogModuleManager: Shutting down and abandoning module PaperTiledImporter (98)
[2017.01.31-13.35.59:392][812]LogModuleManager: Shutting down and abandoning module PaperSpriteSheetImporter (97)
[2017.01.31-13.35.59:392][812]LogModuleManager: Shutting down and abandoning module MeshPaint (96)
[2017.01.31-13.35.59:392][812]LogModuleManager: Shutting down and abandoning module PixelInspectorModule (95)
[2017.01.31-13.35.59:392][812]LogModuleManager: Shutting down and abandoning module HotReload (94)
[2017.01.31-13.35.59:394][812]LogModuleManager: Shutting down and abandoning module MainFrame (93)
[2017.01.31-13.35.59:394][812]LogModuleManager: Shutting down and abandoning module LevelEditor (92)
[2017.01.31-13.35.59:396][812]LogModuleManager: Shutting down and abandoning module ContentBrowser (91)
[2017.01.31-13.35.59:398][812]LogModuleManager: Shutting down and abandoning module Paper2DEditor (90)
[2017.01.31-13.35.59:398][812]LogModuleManager: Shutting down and abandoning module UdpMessaging (89)
[2017.01.31-13.35.59:500][812]LogModuleManager: Shutting down and abandoning module LightPropagationVolumeRuntime (88)
[2017.01.31-13.35.59:500][812]LogModuleManager: Shutting down and abandoning module Paper2D (87)
[2017.01.31-13.35.59:500][812]LogModuleManager: Shutting down and abandoning module WindowsMoviePlayer (86)
[2017.01.31-13.35.59:500][812]LogModuleManager: Shutting down and abandoning module Media (85)
[2017.01.31-13.35.59:500][812]LogModuleManager: Shutting down and abandoning module WmfMedia (84)
[2017.01.31-13.35.59:502][812]LogModuleManager: Shutting down and abandoning module MediaAssets (83)
[2017.01.31-13.35.59:502][812]LogModuleManager: Shutting down and abandoning module GameLiveStreaming (82)
[2017.01.31-13.35.59:503][812]LogModuleManager: Shutting down and abandoning module GameplayTagsEditor (81)
[2017.01.31-13.35.59:503][812]LogModuleManager: Shutting down and abandoning module OnlineBlueprintSupport (80)
[2017.01.31-13.35.59:503][812]LogModuleManager: Shutting down and abandoning module VREditor (79)
[2017.01.31-13.35.59:503][812]LogModuleManager: Shutting down and abandoning module GameplayTasksEditor (78)
[2017.01.31-13.35.59:503][812]LogModuleManager: Shutting down and abandoning module PropertyEditor (77)
[2017.01.31-13.35.59:503][812]LogModuleManager: Shutting down and abandoning module BehaviorTreeEditor (76)
[2017.01.31-13.35.59:534][812]LogModuleManager: Shutting down and abandoning module FunctionalTesting (75)
[2017.01.31-13.35.59:534][812]LogModuleManager: Shutting down and abandoning module CollisionAnalyzer (74)
[2017.01.31-13.35.59:556][812]LogModuleManager: Shutting down and abandoning module Sequencer (73)
[2017.01.31-13.35.59:648][812]LogModuleManager: Shutting down and abandoning module WorkspaceMenuStructure (72)
[2017.01.31-13.35.59:648][812]LogModuleManager: Shutting down and abandoning module MessageLog (71)
[2017.01.31-13.35.59:648][812]LogModuleManager: Shutting down and abandoning module AssetTools (70)
[2017.01.31-13.35.59:654][812]LogModuleManager: Shutting down and abandoning module UMGEditor (69)
[2017.01.31-13.35.59:682][812]LogModuleManager: Shutting down and abandoning module UMG (68)
[2017.01.31-13.35.59:712][812]LogModuleManager: Shutting down and abandoning module SlateReflector (67)
[2017.01.31-13.35.59:731][812]LogModuleManager: Shutting down and abandoning module Slate (66)
[2017.01.31-13.35.59:731][812]LogModuleManager: Shutting down and abandoning module EditorStyle (65)
[2017.01.31-13.35.59:739][812]LogModuleManager: Shutting down and abandoning module SourceCodeAccess (64)
[2017.01.31-13.35.59:739][812]LogModuleManager: Shutting down and abandoning module HeadMountedDisplay (63)
[2017.01.31-13.35.59:740][812]LogModuleManager: Shutting down and abandoning module XAudio2 (62)
[2017.01.31-13.35.59:740][812]LogModuleManager: Shutting down and abandoning module Networking (60)
[2017.01.31-13.35.59:740][812]LogModuleManager: Shutting down and abandoning module Core (59)
[2017.01.31-13.35.59:740][812]LogModuleManager: Shutting down and abandoning module DirectoryWatcher (58)
[2017.01.31-13.35.59:741][812]LogModuleManager: Shutting down and abandoning module AssetRegistry (57)
[2017.01.31-13.36.00:090][812]LogModuleManager: Shutting down and abandoning module KismetCompiler (56)
[2017.01.31-13.36.00:090][812]LogModuleManager: Shutting down and abandoning module PhysXFormats (55)
[2017.01.31-13.36.00:090][812]LogModuleManager: Shutting down and abandoning module MeshUtilities (54)
[2017.01.31-13.36.00:095][812]LogModuleManager: Shutting down and abandoning module DerivedDataCache (53)
[2017.01.31-13.36.00:168][812]LogDerivedDataCache: Shutdown
[2017.01.31-13.36.00:168][812]LogModuleManager: Shutting down and abandoning module MetalShaderFormat (52)
[2017.01.31-13.36.00:177][812]LogModuleManager: Shutting down and abandoning module VulkanShaderFormat (51)
[2017.01.31-13.36.00:178][812]LogModuleManager: Shutting down and abandoning module ShaderFormatD3D (50)
[2017.01.31-13.36.00:178][812]LogModuleManager: Shutting down and abandoning module ShaderFormatOpenGL (49)
[2017.01.31-13.36.00:178][812]LogModuleManager: Shutting down and abandoning module TextureFormatUncompressed (48)
[2017.01.31-13.36.00:178][812]LogModuleManager: Shutting down and abandoning module ImageWrapper (47)
[2017.01.31-13.36.00:178][812]LogModuleManager: Shutting down and abandoning module TextureFormatASTC (46)
[2017.01.31-13.36.00:178][812]LogModuleManager: Shutting down and abandoning module TextureFormatPVR (45)
[2017.01.31-13.36.00:178][812]LogModuleManager: Shutting down and abandoning module TextureFormatDXT (44)
[2017.01.31-13.36.00:178][812]LogModuleManager: Shutting down and abandoning module TextureFormatIntelISPCTexComp (43)
[2017.01.31-13.36.00:178][812]LogModuleManager: Shutting down and abandoning module AudioFormatOpus (42)
[2017.01.31-13.36.00:178][812]LogModuleManager: Shutting down and abandoning module AudioFormatOgg (41)
[2017.01.31-13.36.00:178][812]LogModuleManager: Shutting down and abandoning module AudioFormatADPCM (40)
[2017.01.31-13.36.00:178][812]LogModuleManager: Shutting down and abandoning module TVOSTargetPlatform (39)
[2017.01.31-13.36.00:178][812]LogModuleManager: Shutting down and abandoning module Messaging (38)
[2017.01.31-13.36.00:178][812]LogModuleManager: Shutting down and abandoning module IOSTargetPlatform (37)
[2017.01.31-13.36.00:178][812]LogModuleManager: Shutting down and abandoning module HTML5TargetPlatform (36)
[2017.01.31-13.36.00:178][812]LogModuleManager: Shutting down and abandoning module Android_MultiTargetPlatform (35)
[2017.01.31-13.36.00:179][812]LogModuleManager: Shutting down and abandoning module Android_ASTCTargetPlatform (34)
[2017.01.31-13.36.00:179][812]LogModuleManager: Shutting down and abandoning module Android_ETC2TargetPlatform (33)
[2017.01.31-13.36.00:179][812]LogModuleManager: Shutting down and abandoning module Android_ETC1TargetPlatform (32)
[2017.01.31-13.36.00:179][812]LogModuleManager: Shutting down and abandoning module Android_DXTTargetPlatform (31)
[2017.01.31-13.36.00:179][812]LogModuleManager: Shutting down and abandoning module Android_ATCTargetPlatform (30)
[2017.01.31-13.36.00:179][812]LogModuleManager: Shutting down and abandoning module Android_PVRTCTargetPlatform (29)
[2017.01.31-13.36.00:179][812]LogModuleManager: Shutting down and abandoning module AndroidTargetPlatform (28)
[2017.01.31-13.36.00:179][812]LogModuleManager: Shutting down and abandoning module AllDesktopTargetPlatform (27)
[2017.01.31-13.36.00:179][812]LogModuleManager: Shutting down and abandoning module WindowsClientTargetPlatform (26)
[2017.01.31-13.36.00:179][812]LogModuleManager: Shutting down and abandoning module WindowsServerTargetPlatform (25)
[2017.01.31-13.36.00:179][812]LogModuleManager: Shutting down and abandoning module WindowsNoEditorTargetPlatform (24)
[2017.01.31-13.36.00:179][812]LogModuleManager: Shutting down and abandoning module WindowsTargetPlatform (23)
[2017.01.31-13.36.00:179][812]LogModuleManager: Shutting down and abandoning module TargetPlatform (22)
[2017.01.31-13.36.00:179][812]LogModuleManager: Shutting down and abandoning module InputCore (21)
[2017.01.31-13.36.00:179][812]LogModuleManager: Shutting down and abandoning module Settings (20)
[2017.01.31-13.36.00:179][812]LogModuleManager: Shutting down and abandoning module OnlineSubsystem (18)
[2017.01.31-13.36.00:179][812]LogModuleManager: Shutting down and abandoning module HTTP (17)
[2017.01.31-13.36.01:683][812]LogModuleManager: Shutting down and abandoning module OculusRift (16)
[2017.01.31-13.36.01:683][812]LogModuleManager: Shutting down and abandoning module ExampleDeviceProfileSelector (15)
[2017.01.31-13.36.01:684][812]LogModuleManager: Shutting down and abandoning module TextureCompressor (14)
[2017.01.31-13.36.01:684][812]LogModuleManager: Shutting down and abandoning module ShaderCore (13)
[2017.01.31-13.36.01:684][812]LogModuleManager: Shutting down and abandoning module Landscape (12)
[2017.01.31-13.36.01:684][812]LogModuleManager: Shutting down and abandoning module SlateRHIRenderer (11)
[2017.01.31-13.36.01:714][812]LogModuleManager: Shutting down and abandoning module OpenGLDrv (10)
[2017.01.31-13.36.01:729][812]LogModuleManager: Shutting down and abandoning module D3D11RHI (9)
[2017.01.31-13.36.01:729][812]LogModuleManager: Shutting down and abandoning module AnimGraphRuntime (8)
[2017.01.31-13.36.01:729][812]LogModuleManager: Shutting down and abandoning module Renderer (7)
[2017.01.31-13.36.01:729][812]LogModuleManager: Shutting down and abandoning module Engine (6)
[2017.01.31-13.36.01:729][812]LogModuleManager: Shutting down and abandoning module CoreUObject (5)
[2017.01.31-13.36.01:729][812]LogModuleManager: Shutting down and abandoning module NetworkFile (4)
[2017.01.31-13.36.01:729][812]LogModuleManager: Shutting down and abandoning module StreamingFile (3)
[2017.01.31-13.36.01:729][812]LogModuleManager: Shutting down and abandoning module SandboxFile (2)
[2017.01.31-13.36.01:729][812]LogModuleManager: Shutting down and abandoning module PakFile (1)
[2017.01.31-13.36.01:762][812]LogExit: Exiting.
[2017.01.31-13.36.01:766][812]Log file closed, 01/31/17 13:36:01
