Log file open, 01/26/17 11:57:55
LogInit:Display: Running engine for game: Descension
LogPlatformFile: Not using cached read wrapper
LogInit:Display: RandInit(-1229026576) SRandInit(-1229026574).
LogInit: Using version manifest at CL 0 with build ID '02bfa864-9300-4183-9878-ec235d143870'
LogTaskGraph: Started task graph with 4 named threads and 7 total threads with 1 sets of task threads.
LogStats: Stats thread started at 0.062859
LogInit: Version: 4.12.5-0+UE4
LogInit: API Version: 0
LogInit: Net Version: 0
LogDevObjectVersion: Number of dev versions registered: 13
LogDevObjectVersion:   Dev-Blueprints (B0D832E4-1F89-4F0D-ACCF-7EB736FD4AA2): 3
LogDevObjectVersion:   Dev-Build (E1C64328-A22C-4D53-A36C-8E866417BD8C): 0
LogDevObjectVersion:   Dev-Core (375EC13C-06E4-48FB-B500-84F0262A717E): 1
LogDevObjectVersion:   Dev-Editor (E4B068ED-F494-42E9-A231-DA0B2E46BB41): 2
LogDevObjectVersion:   Dev-Framework (CFFC743F-43B0-4480-9391-14DF171D2073): 6
LogDevObjectVersion:   Dev-Mobile (B02B49B5-BB20-44E9-A304-32B752E40360): 0
LogDevObjectVersion:   Dev-Networking (A4E4105C-59A1-49B5-A7C5-40C4547EDFEE): 0
LogDevObjectVersion:   Dev-Online (39C831C9-5AE6-47DC-9A44-9C173E1C8E7C): 0
LogDevObjectVersion:   Dev-Physics (78F01B33-EBEA-4F98-B9B4-84EACCB95AA2): 0
LogDevObjectVersion:   Dev-Platform (6631380F-2D4D-43E0-8009-CF276956A95A): 0
LogDevObjectVersion:   Dev-Rendering (12F88B9F-8875-4AFC-A67C-D90C383ABD29): 2
LogDevObjectVersion:   Dev-Sequencer (7B5AE74C-D270-4C10-A958-57980B212A5A): 0
LogDevObjectVersion:   Dev-VR (D7296918-1DD6-4BDD-9DE2-64A83CC13884): 0
LogInit: Compiled (64-bit): Aug 25 2016 13:31:26
LogInit: Compiled with Visual C++: 19.00.24213.01
LogInit: Build Configuration: Development
LogInit: Branch Name: UE4
LogInit: Command line:  
LogInit: Base directory: C:/Unreal Engine 4.12/Engine/Binaries/Win64/
LogInit: Installed Engine Build: 0
LogInit: Using libcurl 7.41.0
LogInit:  - built for x86_64-pc-win32
LogInit:  - supports SSL with WinSSL
LogInit:  - other features:
LogInit:      CURL_VERSION_SSL
LogInit:      CURL_VERSION_IPV6
LogInit:      CURL_VERSION_ASYNCHDNS
LogInit:      CURL_VERSION_LARGEFILE
LogInit:      CURL_VERSION_IDN
LogInit:  CurlRequestOptions (configurable via config and command line):
LogInit:  - bVerifyPeer = true  - Libcurl will verify peer certificate
LogInit:  - bUseHttpProxy = false  - Libcurl will NOT use HTTP proxy
LogInit:  - bDontReuseConnections = false  - Libcurl will reuse connections
LogInit:  - CertBundlePath = nullptr  - Libcurl will use whatever was configured at build time.
LogInit: Presizing for max 8388607 objects, including 0 objects not considered by GC, pre-allocating 0 bytes for permanent pool.
LogInit: Object subsystem initialized
[2017.01.26-11.57.55:887][  0]LogInit: Selected Device Profile: [Windows]
[2017.01.26-11.57.55:887][  0]LogInit: Applying CVar settings loaded from the selected device profile: [Windows]
[2017.01.26-11.57.55:895][  0]LogInit: Computer: PENGAME-59033
[2017.01.26-11.57.55:895][  0]LogInit: User: af187249
[2017.01.26-11.57.55:895][  0]LogInit: CPU Page size=65536, Cores=4
[2017.01.26-11.57.55:895][  0]LogInit: High frequency timer resolution =3.507518 MHz
[2017.01.26-11.57.55:895][  0]LogMemory: Memory total: Physical=24.0GB (24GB approx)
[2017.01.26-11.57.55:895][  0]LogMemory: Platform Memory Stats for Windows
[2017.01.26-11.57.55:895][  0]LogMemory: Process Physical Memory: 190.01 MB used, 190.01 MB peak
[2017.01.26-11.57.55:895][  0]LogMemory: Process Virtual Memory: 195.09 MB used, 195.09 MB peak
[2017.01.26-11.57.55:895][  0]LogMemory: Physical Memory: 4025.30 MB used, 24527.16 MB total
[2017.01.26-11.57.55:895][  0]LogMemory: Virtual Memory: 544.77 MB used, 134217728.00 MB total
[2017.01.26-11.57.55:918][  0]LogTextLocalizationManager: No specific translations for ('en-GB') exist, so ('en') translations will be used.
[2017.01.26-11.57.56:208][  0]LogD3D11RHI: D3D11 adapters:
[2017.01.26-11.57.56:229][  0]LogD3D11RHI:    0. 'NVIDIA GeForce GTX 750 Ti' (Feature Level 11_0)
[2017.01.26-11.57.56:229][  0]LogD3D11RHI:       1993/0/12263 MB DedicatedVideo/DedicatedSystem/SharedSystem, Outputs:1, VendorId:0x10de
[2017.01.26-11.57.56:229][  0]LogD3D11RHI:    1. 'Microsoft Basic Render Driver' (Feature Level 11_0)
[2017.01.26-11.57.56:229][  0]LogD3D11RHI:       0/0/12263 MB DedicatedVideo/DedicatedSystem/SharedSystem, Outputs:0, VendorId:0x1414
[2017.01.26-11.57.56:229][  0]LogD3D11RHI: Chosen D3D11 Adapter: 0
[2017.01.26-11.57.56:232][  0]LogD3D11RHI: Creating new Direct3DDevice
[2017.01.26-11.57.56:232][  0]LogD3D11RHI:     GPU DeviceId: 0x1380 (for the marketing name, search the web for "GPU Device Id")
[2017.01.26-11.57.56:232][  0]LogWindows: EnumDisplayDevices:
[2017.01.26-11.57.56:233][  0]LogWindows:    0. 'NVIDIA GeForce GTX 750 Ti' (P:1 D:1)
[2017.01.26-11.57.56:233][  0]LogWindows:    1. 'NVIDIA GeForce GTX 750 Ti' (P:0 D:0)
[2017.01.26-11.57.56:233][  0]LogWindows:    2. 'NVIDIA GeForce GTX 750 Ti' (P:0 D:0)
[2017.01.26-11.57.56:233][  0]LogWindows: DebugString: FoundDriverCount:3 
[2017.01.26-11.57.56:233][  0]LogD3D11RHI:     Adapter Name: NVIDIA GeForce GTX 750 Ti
[2017.01.26-11.57.56:233][  0]LogD3D11RHI:   Driver Version: 353.62 (internal:10.18.13.5362, unified:353.62)
[2017.01.26-11.57.56:233][  0]LogD3D11RHI:      Driver Date: 7-22-2015
[2017.01.26-11.57.56:233][  0]LogRHI: Texture pool is 1361 MB (70% of 1945 MB)
[2017.01.26-11.57.56:243][  0]LogD3D11RHI: Async texture creation enabled
[2017.01.26-11.57.56:259][  0]LogD3D11RHI: GPU Timing Frequency: 1000.000000 (Debug: 2 2)
[2017.01.26-11.57.56:259][  0]LogShaderCompilers: Guid format shader working directory is 36 characters bigger than the processId version (D:/Descension/Intermediate/Shaders/WorkingDirectory/8728/).
[2017.01.26-11.57.56:259][  0]LogShaderCompilers: Cleaned the shader compiler working directory 'C:/Users/af187249/AppData/Local/Temp/UnrealShaderWorkingDir/F8D44EAE4D18E7BD7BB8DAA394B210B9/'.
[2017.01.26-11.57.56:259][  0]LogShaderCompilers:Display: Using Local Shader Compiler.
[2017.01.26-11.57.56:865][  0]LogTemp:Display: Loaded TP WindowsTargetPlatform
[2017.01.26-11.57.56:870][  0]LogTemp:Display: Loaded TP WindowsNoEditorTargetPlatform
[2017.01.26-11.57.56:874][  0]LogTemp:Display: Loaded TP WindowsServerTargetPlatform
[2017.01.26-11.57.56:879][  0]LogTemp:Display: Loaded TP WindowsClientTargetPlatform
[2017.01.26-11.57.56:884][  0]LogTemp:Display: Loaded TP AllDesktopTargetPlatform
[2017.01.26-11.57.56:888][  0]LogTemp:Display: Loaded TP AndroidTargetPlatform
[2017.01.26-11.57.56:893][  0]LogTemp:Display: Loaded TP Android_PVRTCTargetPlatform
[2017.01.26-11.57.56:897][  0]LogTemp:Display: Loaded TP Android_ATCTargetPlatform
[2017.01.26-11.57.56:901][  0]LogTemp:Display: Loaded TP Android_DXTTargetPlatform
[2017.01.26-11.57.56:905][  0]LogTemp:Display: Loaded TP Android_ETC1TargetPlatform
[2017.01.26-11.57.56:910][  0]LogTemp:Display: Loaded TP Android_ETC2TargetPlatform
[2017.01.26-11.57.56:914][  0]LogTemp:Display: Loaded TP Android_ASTCTargetPlatform
[2017.01.26-11.57.56:919][  0]LogTemp:Display: Loaded TP Android_MultiTargetPlatform
[2017.01.26-11.57.56:919][  0]LogTemp:Display: Loaded TP HTML5TargetPlatform
[2017.01.26-11.57.56:937][  0]LogTemp:Display: Loaded TP IOSTargetPlatform
[2017.01.26-11.57.56:941][  0]LogTemp:Display: Loaded TP TVOSTargetPlatform
[2017.01.26-11.57.56:941][  0]LogTargetPlatformManager:Display: Building Assets For Windows
[2017.01.26-11.57.56:987][  0]LogDerivedDataCache:Display: Max Cache Size: 512 MB
[2017.01.26-11.57.57:026][  0]LogDerivedDataCache: Loaded boot cache 0.04s 48MB D:/Descension/DerivedDataCache/Boot.ddc.
[2017.01.26-11.57.57:026][  0]LogDerivedDataCache:Display: Loaded Boot cache: D:/Descension/DerivedDataCache/Boot.ddc
[2017.01.26-11.57.57:026][  0]LogDerivedDataCache: FDerivedDataBackendGraph:  Pak pak cache file D:/Descension/DerivedDataCache/DDC.ddp not found, will not use a pak cache.
[2017.01.26-11.57.57:026][  0]LogDerivedDataCache: Unable to find inner node Pak for hierarchical cache Hierarchy.
[2017.01.26-11.57.57:026][  0]LogDerivedDataCache: FDerivedDataBackendGraph:  EnginePak pak cache file ../../../Engine/DerivedDataCache/DDC.ddp not found, will not use a pak cache.
[2017.01.26-11.57.57:026][  0]LogDerivedDataCache: Unable to find inner node EnginePak for hierarchical cache Hierarchy.
[2017.01.26-11.57.57:038][  0]LogDerivedDataCache: Using Local data cache path ../../../Engine/DerivedDataCache: Writable
[2017.01.26-11.57.57:038][  0]LogDerivedDataCache: Shared data cache path not found in *engine.ini, will not use an Shared cache.
[2017.01.26-11.57.57:038][  0]LogDerivedDataCache: Unable to find inner node Shared for hierarchical cache Hierarchy.
[2017.01.26-11.57.57:167][  0]LogInit: Selected Device Profile: [Windows]
[2017.01.26-11.57.57:167][  0]LogContentStreaming: Texture pool size is 0.00 MB
[2017.01.26-11.57.57:288][  0]LogMeshUtilities: No automatic mesh reduction module available
[2017.01.26-11.57.57:288][  0]LogMeshUtilities: No automatic mesh merging module available
[2017.01.26-11.57.57:288][  0]LogMeshUtilities: No distributed automatic mesh merging module available
[2017.01.26-11.57.57:468][  0]LogAssetRegistry: FAssetRegistry took 0.0219 seconds to start up
[2017.01.26-11.57.57:482][  0]LogPackageLocalizationCache: Processed 3 localized package path(s) for 2 prioritized culture(s) in 0.012845 seconds
[2017.01.26-11.57.57:486][  0]LogUObjectArray: 28732 objects as part of root set at end of initial load.
[2017.01.26-11.57.57:486][  0]LogUObjectAllocator: 5854096 out of 0 bytes used by permanent object pool.
[2017.01.26-11.57.57:486][  0]LogUObjectArray: CloseDisregardForGC: 0/0 objects in disregard for GC pool
[2017.01.26-11.57.57:489][  0]LogInit: WinSock: version 1.1 (2.2), MaxSocks=32767, MaxUdp=65467
[2017.01.26-11.57.57:597][  0]LogSlate: SlateFontCache - WITH_FREETYPE: 1, WITH_HARFBUZZ: 1
[2017.01.26-11.57.57:597][  0]LogSlate: SlateFontCache - WITH_FREETYPE: 1, WITH_HARFBUZZ: 1
[2017.01.26-11.57.58:085][  0]LogUdpMessaging: Initializing bridge on interface 0.0.0.0:0 to multicast group 230.0.0.1:6666.
[2017.01.26-11.57.58:288][  0]SourceControl: Info Source control is disabled
[2017.01.26-11.57.58:312][  0]SourceControl: Info Source control is disabled
[2017.01.26-11.57.58:320][  0]SourceControl: Info Source control is disabled
[2017.01.26-11.57.58:327][  0]SourceControl: Info Source control is disabled
[2017.01.26-11.57.58:498][  0]LogEngine: Initializing Engine...
[2017.01.26-11.57.58:498][  0]LogHMD: SteamVR failed to initialize.  Err: 110
[2017.01.26-11.57.58:499][  0]LogHMD: SteamVR failed to initialize.  Err: 110
[2017.01.26-11.57.58:604][  0]LogAIModule: Creating AISystem for world NewWorld
[2017.01.26-11.57.58:605][  0]LogInit: No audio devices found!
[2017.01.26-11.57.58:623][  0]LogDerivedDataCache: Saved boot cache 0.02s 48MB D:/Descension/DerivedDataCache/Boot.ddc.
[2017.01.26-11.57.58:629][  0]LogInit: Texture streaming: Enabled
[2017.01.26-11.57.58:643][  0]LogInit: Transaction tracking system initialized
[2017.01.26-11.57.58:653][  0]BlueprintLog: New page: Editor Load
[2017.01.26-11.57.58:685][  0]LocalizationService: Info Localization service is disabled
[2017.01.26-11.57.58:726][  0]LogConsoleResponse:Display: 
[2017.01.26-11.57.58:798][  0]LogCook:Display: Max memory allowance for cook 8192mb
[2017.01.26-11.57.58:798][  0]LogCook:Display: Mobile HDR setting 1
[2017.01.26-11.57.58:860][  0]LogFileCache: Scanning file cache for directory 'D:/Descension/Content/' took 0.01s
[2017.01.26-11.57.58:860][  0]SourceControl: Info Source control is disabled
[2017.01.26-11.57.58:860][  0]Cmd: MAP LOAD FILE="D:/Descension/Content/FirstPersonBP/Maps/FirstPersonExampleMap.umap" TEMPLATE=0 SHOWPROGRESS=1 FEATURELEVEL=3
[2017.01.26-11.57.58:860][  0]LightingResults: New page: Lighting Build
[2017.01.26-11.57.58:861][  0]MapCheck: New page: Map Check
[2017.01.26-11.57.58:861][  0]LightingResults: New page: Lighting Build
[2017.01.26-11.57.59:252][  0]LogAIModule: Creating AISystem for world FirstPersonExampleMap
[2017.01.26-11.57.59:261][  0]LogEditorServer: Finished looking for orphan Actors (0.000 secs)
[2017.01.26-11.57.59:262][  0]Cmd: MAP CHECKDEP NOCLEARLOG
[2017.01.26-11.57.59:290][  0]MapCheck: Info Map check complete: 0 Error(s), 0 Warning(s), took 27.283ms to complete.
[2017.01.26-11.57.59:290][  0]LogFileHelpers: Loading map 'FirstPersonExampleMap' took 0.430
[2017.01.26-11.57.59:528][  0]LogCrashTracker: Crashtracker disabled due to settings.
[2017.01.26-11.57.59:531][  0]LogCollectionManager: Loaded 0 collections in 0.000612 seconds
[2017.01.26-11.57.59:567][  0]LogFileCache: Scanning file cache for directory 'D:/Descension/Saved/Collections/' took 0.01s
[2017.01.26-11.57.59:567][  0]LogFileCache: Scanning file cache for directory 'D:/Descension/Content/Developers/af187249/Collections/' took 0.01s
[2017.01.26-11.57.59:567][  0]LogFileCache: Scanning file cache for directory 'D:/Descension/Content/Collections/' took 0.01s
[2017.01.26-11.57.59:567][  0]LogCollectionManager: Rebuilt the GUID cache for 0 collections in 0.000003 seconds
[2017.01.26-11.57.59:588][  0]LogContentBrowser: Native class hierarchy populated in 0.0208 seconds. Added 2047 classes and 369 folders.
[2017.01.26-11.57.59:595][  0]LogStats: UGameplayTagsManager::ConstructGameplayTagTree: Construct from data asset -  0.000 s
[2017.01.26-11.57.59:595][  0]LogStats: UGameplayTagsManager::ConstructGameplayTagTree: GameplayTagTreeChangedEvent.Broadcast -  0.000 s
[2017.01.26-11.57.59:596][  0]LogContentBrowser: Native class hierarchy updated for 'GameplayTags' in 0.0011 seconds. Added 12 classes and 0 folders.
[2017.01.26-11.57.59:600][  0]LogContentBrowser: Native class hierarchy updated for 'WidgetCarousel' in 0.0003 seconds. Added 0 classes and 0 folders.
[2017.01.26-11.57.59:637][  0]LogContentBrowser: Native class hierarchy updated for 'AddContentDialog' in 0.0003 seconds. Added 0 classes and 0 folders.
[2017.01.26-11.57.59:641][  0]LogUObjectGlobals:Warning: Failed to find object 'Class None.'
[2017.01.26-11.57.59:671][  0]LogContentBrowser: Native class hierarchy updated for 'HierarchicalLODOutliner' in 0.0012 seconds. Added 1 classes and 2 folders.
[2017.01.26-11.57.59:671][  0]LogLoad: Full Startup: 4.38 seconds (BP compile: 0.08 seconds)
[2017.01.26-11.57.59:671][  0]LogExternalProfiler: No external profilers were discovered.  External profiling features will not be available.
[2017.01.26-11.57.59:682][  0]LogOcInput: OculusInput pre-init called
[2017.01.26-11.57.59:722][  0]LogContentStreaming: Texture pool size now 700 MB
[2017.01.26-11.57.59:885][  0]LogRenderer: Reallocating scene render targets to support 1208x924 (Frame:2).
[2017.01.26-11.58.00:044][  2]LogAssetRegistry: Asset discovery search completed in 2.5980 seconds
[2017.01.26-11.58.00:044][  2]LogCollectionManager: Rebuilt the object cache for 0 collections in 0.000001 seconds (found 0 objects)
[2017.01.26-11.58.00:044][  2]LogCollectionManager: Fixed up redirectors for 0 collections in 0.000018 seconds (updated 0 objects)
[2017.01.26-11.58.08:211][966]LogEditorViewport: Clicking on Actor (LMB): FirstPersonCharacter_C (FirstPersonCharacter)
[2017.01.26-11.58.11:119][268]LogContentBrowser: Native class hierarchy updated for 'BlueprintGraph' in 0.0006 seconds. Added 111 classes and 0 folders.
[2017.01.26-11.59.39:340][781]LogBlueprintUserMessages: Early PlayInEditor Detection: Level '/Game/FirstPersonBP/Maps/FirstPersonExampleMap.FirstPersonExampleMap:PersistentLevel' has LevelScriptBlueprint '/Game/FirstPersonBP/Maps/FirstPersonExampleMap.FirstPersonExampleMap:PersistentLevel.FirstPersonExampleMap' with GeneratedClass '/Game/FirstPersonBP/Maps/FirstPersonExampleMap.FirstPersonExampleMap_C' with ClassGeneratedBy '/Game/FirstPersonBP/Maps/FirstPersonExampleMap.FirstPersonExampleMap:PersistentLevel.FirstPersonExampleMap'
[2017.01.26-11.59.39:340][781]BlueprintLog: New page: Pre-Play auto-recompile
[2017.01.26-11.59.39:342][781]LogPlayLevel: [PlayLevel] Compiling FirstPersonCharacter before play...
[2017.01.26-11.59.39:991][781]LogPlayLevel: PlayLevel: Blueprint regeneration took 651 ms (2 blueprints)
[2017.01.26-11.59.39:992][781]LogPlayLevel: [PlayLevel] Compiling AICharacter_Blueprint before play...
[2017.01.26-11.59.40:058][781]LogPlayLevel: PlayLevel: Blueprint regeneration took 718 ms (2 blueprints)
[2017.01.26-11.59.40:104][781]PIE: New page: SIE session: FirstPersonExampleMap (26 Jan 2017 11:59:40)
[2017.01.26-11.59.40:104][781]LogPlayLevel: Creating play world package: /Game/FirstPersonBP/Maps/UEDPIE_0_FirstPersonExampleMap
[2017.01.26-11.59.40:121][781]LogPlayLevel: PIE: StaticDuplicateObject took: (0.017091s)
[2017.01.26-11.59.40:122][781]LogAIModule: Creating AISystem for world FirstPersonExampleMap
[2017.01.26-11.59.40:122][781]LogPlayLevel: PIE: World Init took: (0.000915s)
[2017.01.26-11.59.40:123][781]LogPlayLevel: PIE: Created PIE world by copying editor world from /Game/FirstPersonBP/Maps/FirstPersonExampleMap.FirstPersonExampleMap to /Game/FirstPersonBP/Maps/UEDPIE_0_FirstPersonExampleMap.FirstPersonExampleMap (0.018256s)
[2017.01.26-11.59.40:239][781]LogWorld: Game class is 'FirstPersonGameMode_C'
[2017.01.26-11.59.40:243][781]LogWorld: Bringing World /Game/FirstPersonBP/Maps/UEDPIE_0_FirstPersonExampleMap.FirstPersonExampleMap up for play (max tick rate 0) at 2017.01.26-11.59.40
[2017.01.26-11.59.40:244][781]LogWorld: Bringing up level for play took: 0.004258
[2017.01.26-11.59.40:246][781]LogContentBrowser: Native class hierarchy updated for 'MovieSceneCapture' in 0.0004 seconds. Added 11 classes and 0 folders.
[2017.01.26-11.59.40:246][781]PIE: Info Play in editor start time for /Game/FirstPersonBP/Maps/UEDPIE_0_FirstPersonExampleMap 1.114
[2017.01.26-11.59.40:306][781]LogBlueprintUserMessages: Late PlayInEditor Detection: Level '/Game/FirstPersonBP/Maps/FirstPersonExampleMap.FirstPersonExampleMap:PersistentLevel' has LevelScriptBlueprint '/Game/FirstPersonBP/Maps/FirstPersonExampleMap.FirstPersonExampleMap:PersistentLevel.FirstPersonExampleMap' with GeneratedClass '/Game/FirstPersonBP/Maps/FirstPersonExampleMap.FirstPersonExampleMap_C' with ClassGeneratedBy '/Game/FirstPersonBP/Maps/FirstPersonExampleMap.FirstPersonExampleMap:PersistentLevel.FirstPersonExampleMap'
[2017.01.26-11.59.49:754][887]LogBlueprintUserMessages: Early EndPlayMap Detection: Level '/Game/FirstPersonBP/Maps/FirstPersonExampleMap.FirstPersonExampleMap:PersistentLevel' has LevelScriptBlueprint '/Game/FirstPersonBP/Maps/FirstPersonExampleMap.FirstPersonExampleMap:PersistentLevel.FirstPersonExampleMap' with GeneratedClass '/Game/FirstPersonBP/Maps/FirstPersonExampleMap.FirstPersonExampleMap_C' with ClassGeneratedBy '/Game/FirstPersonBP/Maps/FirstPersonExampleMap.FirstPersonExampleMap:PersistentLevel.FirstPersonExampleMap'
[2017.01.26-11.59.49:834][887]LogBlueprintUserMessages: Late EndPlayMap Detection: Level '/Game/FirstPersonBP/Maps/FirstPersonExampleMap.FirstPersonExampleMap:PersistentLevel' has LevelScriptBlueprint '/Game/FirstPersonBP/Maps/FirstPersonExampleMap.FirstPersonExampleMap:PersistentLevel.FirstPersonExampleMap' with GeneratedClass '/Game/FirstPersonBP/Maps/FirstPersonExampleMap.FirstPersonExampleMap_C' with ClassGeneratedBy '/Game/FirstPersonBP/Maps/FirstPersonExampleMap.FirstPersonExampleMap:PersistentLevel.FirstPersonExampleMap'
[2017.01.26-12.00.01:748][146]BlueprintLog: New page: Compile FirstPersonCharacter
[2017.01.26-12.00.01:881][146]BlueprintEditorCompileResults: Info [0126.58] Compile of FirstPersonCharacter successful! [in 131 ms] (/Game/FirstPersonBP/Blueprints/FirstPersonCharacter.FirstPersonCharacter)
[2017.01.26-12.00.02:707][227]LogEditorViewport: Clicking Background
[2017.01.26-12.00.05:054][502]LogBlueprintUserMessages: Early PlayInEditor Detection: Level '/Game/FirstPersonBP/Maps/FirstPersonExampleMap.FirstPersonExampleMap:PersistentLevel' has LevelScriptBlueprint '/Game/FirstPersonBP/Maps/FirstPersonExampleMap.FirstPersonExampleMap:PersistentLevel.FirstPersonExampleMap' with GeneratedClass '/Game/FirstPersonBP/Maps/FirstPersonExampleMap.FirstPersonExampleMap_C' with ClassGeneratedBy '/Game/FirstPersonBP/Maps/FirstPersonExampleMap.FirstPersonExampleMap:PersistentLevel.FirstPersonExampleMap'
[2017.01.26-12.00.05:054][502]LogPlayLevel: PlayLevel: No blueprints needed recompiling
[2017.01.26-12.00.05:054][502]PIE: New page: SIE session: FirstPersonExampleMap (26 Jan 2017 12:00:05)
[2017.01.26-12.00.05:054][502]LogPlayLevel: Creating play world package: /Game/FirstPersonBP/Maps/UEDPIE_0_FirstPersonExampleMap
[2017.01.26-12.00.05:072][502]LogPlayLevel: PIE: StaticDuplicateObject took: (0.017773s)
[2017.01.26-12.00.05:073][502]LogAIModule: Creating AISystem for world FirstPersonExampleMap
[2017.01.26-12.00.05:073][502]LogPlayLevel: PIE: World Init took: (0.000673s)
[2017.01.26-12.00.05:073][502]LogPlayLevel: PIE: Created PIE world by copying editor world from /Game/FirstPersonBP/Maps/FirstPersonExampleMap.FirstPersonExampleMap to /Game/FirstPersonBP/Maps/UEDPIE_0_FirstPersonExampleMap.FirstPersonExampleMap (0.018671s)
[2017.01.26-12.00.05:134][502]LogWorld: Game class is 'FirstPersonGameMode_C'
[2017.01.26-12.00.05:139][502]LogWorld: Bringing World /Game/FirstPersonBP/Maps/UEDPIE_0_FirstPersonExampleMap.FirstPersonExampleMap up for play (max tick rate 0) at 2017.01.26-12.00.05
[2017.01.26-12.00.05:140][502]LogWorld: Bringing up level for play took: 0.004558
[2017.01.26-12.00.05:141][502]PIE: Info Play in editor start time for /Game/FirstPersonBP/Maps/UEDPIE_0_FirstPersonExampleMap 0.009
[2017.01.26-12.00.05:143][502]LogBlueprintUserMessages: Late PlayInEditor Detection: Level '/Game/FirstPersonBP/Maps/FirstPersonExampleMap.FirstPersonExampleMap:PersistentLevel' has LevelScriptBlueprint '/Game/FirstPersonBP/Maps/FirstPersonExampleMap.FirstPersonExampleMap:PersistentLevel.FirstPersonExampleMap' with GeneratedClass '/Game/FirstPersonBP/Maps/FirstPersonExampleMap.FirstPersonExampleMap_C' with ClassGeneratedBy '/Game/FirstPersonBP/Maps/FirstPersonExampleMap.FirstPersonExampleMap:PersistentLevel.FirstPersonExampleMap'
[2017.01.26-12.00.14:059][565]LogSpawn:Warning: SpawnActor failed because of collision at the spawn location [X=1517.153 Y=-112.264 Z=250.170] for [FirstPersonProjectile_C]
[2017.01.26-12.00.17:099][930]LogBlueprintUserMessages: Early EndPlayMap Detection: Level '/Game/FirstPersonBP/Maps/FirstPersonExampleMap.FirstPersonExampleMap:PersistentLevel' has LevelScriptBlueprint '/Game/FirstPersonBP/Maps/FirstPersonExampleMap.FirstPersonExampleMap:PersistentLevel.FirstPersonExampleMap' with GeneratedClass '/Game/FirstPersonBP/Maps/FirstPersonExampleMap.FirstPersonExampleMap_C' with ClassGeneratedBy '/Game/FirstPersonBP/Maps/FirstPersonExampleMap.FirstPersonExampleMap:PersistentLevel.FirstPersonExampleMap'
[2017.01.26-12.00.17:145][930]LogBlueprintUserMessages: Late EndPlayMap Detection: Level '/Game/FirstPersonBP/Maps/FirstPersonExampleMap.FirstPersonExampleMap:PersistentLevel' has LevelScriptBlueprint '/Game/FirstPersonBP/Maps/FirstPersonExampleMap.FirstPersonExampleMap:PersistentLevel.FirstPersonExampleMap' with GeneratedClass '/Game/FirstPersonBP/Maps/FirstPersonExampleMap.FirstPersonExampleMap_C' with ClassGeneratedBy '/Game/FirstPersonBP/Maps/FirstPersonExampleMap.FirstPersonExampleMap:PersistentLevel.FirstPersonExampleMap'
[2017.01.26-12.00.23:055][635]LogEditorViewport: Clicking on Actor (LMB): FirstPersonCharacter_C (FirstPersonCharacter)
[2017.01.26-12.00.42:906][775]BlueprintLog: New page: Compile FirstPersonCharacter
[2017.01.26-12.00.43:040][775]BlueprintEditorCompileResults: Info [0167.74] Compile of FirstPersonCharacter successful! [in 133 ms] (/Game/FirstPersonBP/Blueprints/FirstPersonCharacter.FirstPersonCharacter)
[2017.01.26-12.00.45:128][994]LogEditorViewport: Clicking Background
[2017.01.26-12.00.46:010][ 95]LogBlueprintUserMessages: Early PlayInEditor Detection: Level '/Game/FirstPersonBP/Maps/FirstPersonExampleMap.FirstPersonExampleMap:PersistentLevel' has LevelScriptBlueprint '/Game/FirstPersonBP/Maps/FirstPersonExampleMap.FirstPersonExampleMap:PersistentLevel.FirstPersonExampleMap' with GeneratedClass '/Game/FirstPersonBP/Maps/FirstPersonExampleMap.FirstPersonExampleMap_C' with ClassGeneratedBy '/Game/FirstPersonBP/Maps/FirstPersonExampleMap.FirstPersonExampleMap:PersistentLevel.FirstPersonExampleMap'
[2017.01.26-12.00.46:010][ 95]LogPlayLevel: PlayLevel: No blueprints needed recompiling
[2017.01.26-12.00.46:010][ 95]PIE: New page: SIE session: FirstPersonExampleMap (26 Jan 2017 12:00:46)
[2017.01.26-12.00.46:010][ 95]LogPlayLevel: Creating play world package: /Game/FirstPersonBP/Maps/UEDPIE_0_FirstPersonExampleMap
[2017.01.26-12.00.46:028][ 95]LogPlayLevel: PIE: StaticDuplicateObject took: (0.017855s)
[2017.01.26-12.00.46:028][ 95]LogAIModule: Creating AISystem for world FirstPersonExampleMap
[2017.01.26-12.00.46:028][ 95]LogPlayLevel: PIE: World Init took: (0.000726s)
[2017.01.26-12.00.46:028][ 95]LogPlayLevel: PIE: Created PIE world by copying editor world from /Game/FirstPersonBP/Maps/FirstPersonExampleMap.FirstPersonExampleMap to /Game/FirstPersonBP/Maps/UEDPIE_0_FirstPersonExampleMap.FirstPersonExampleMap (0.018812s)
[2017.01.26-12.00.46:095][ 95]LogWorld: Game class is 'FirstPersonGameMode_C'
[2017.01.26-12.00.46:099][ 95]LogWorld: Bringing World /Game/FirstPersonBP/Maps/UEDPIE_0_FirstPersonExampleMap.FirstPersonExampleMap up for play (max tick rate 0) at 2017.01.26-12.00.46
[2017.01.26-12.00.46:100][ 95]LogWorld: Bringing up level for play took: 0.004070
[2017.01.26-12.00.46:101][ 95]PIE: Info Play in editor start time for /Game/FirstPersonBP/Maps/UEDPIE_0_FirstPersonExampleMap 0.968
[2017.01.26-12.00.46:102][ 95]LogBlueprintUserMessages: Late PlayInEditor Detection: Level '/Game/FirstPersonBP/Maps/FirstPersonExampleMap.FirstPersonExampleMap:PersistentLevel' has LevelScriptBlueprint '/Game/FirstPersonBP/Maps/FirstPersonExampleMap.FirstPersonExampleMap:PersistentLevel.FirstPersonExampleMap' with GeneratedClass '/Game/FirstPersonBP/Maps/FirstPersonExampleMap.FirstPersonExampleMap_C' with ClassGeneratedBy '/Game/FirstPersonBP/Maps/FirstPersonExampleMap.FirstPersonExampleMap:PersistentLevel.FirstPersonExampleMap'
[2017.01.26-12.00.57:254][427]LogBlueprintUserMessages: Early EndPlayMap Detection: Level '/Game/FirstPersonBP/Maps/FirstPersonExampleMap.FirstPersonExampleMap:PersistentLevel' has LevelScriptBlueprint '/Game/FirstPersonBP/Maps/FirstPersonExampleMap.FirstPersonExampleMap:PersistentLevel.FirstPersonExampleMap' with GeneratedClass '/Game/FirstPersonBP/Maps/FirstPersonExampleMap.FirstPersonExampleMap_C' with ClassGeneratedBy '/Game/FirstPersonBP/Maps/FirstPersonExampleMap.FirstPersonExampleMap:PersistentLevel.FirstPersonExampleMap'
[2017.01.26-12.00.57:282][427]LogBlueprintUserMessages: Late EndPlayMap Detection: Level '/Game/FirstPersonBP/Maps/FirstPersonExampleMap.FirstPersonExampleMap:PersistentLevel' has LevelScriptBlueprint '/Game/FirstPersonBP/Maps/FirstPersonExampleMap.FirstPersonExampleMap:PersistentLevel.FirstPersonExampleMap' with GeneratedClass '/Game/FirstPersonBP/Maps/FirstPersonExampleMap.FirstPersonExampleMap_C' with ClassGeneratedBy '/Game/FirstPersonBP/Maps/FirstPersonExampleMap.FirstPersonExampleMap:PersistentLevel.FirstPersonExampleMap'
[2017.01.26-12.04.01:434][253]LogEditorViewport: Clicking on Actor (LMB): FirstPersonCharacter_C (FirstPersonCharacter)
[2017.01.26-12.09.08:128][643]LogSavePackage: Save=936.19ms
[2017.01.26-12.09.08:128][643]LogSavePackage: Moving 'D:/Descension/Saved/FirstPersonExampleMap_Auto1279C520D4B3DF0C2B03715BB4FA9FC8A.tmp' to 'D:/Descension/Saved/Autosaves/Game/FirstPersonBP/Maps/FirstPersonExampleMap_Auto1.umap'
[2017.01.26-12.09.08:130][643]LogSavePackage:Display: Finished SavePackage D:/Descension/Saved/Autosaves/Game/FirstPersonBP/Maps/FirstPersonExampleMap_Auto1.umap
[2017.01.26-12.09.08:133][643]LogFileHelpers: Editor autosave (incl. sublevels) for '/Game/FirstPersonBP/Maps/FirstPersonExampleMap' took 0.970
[2017.01.26-12.09.08:133][643]LogFileHelpers: Editor autosave (incl. sublevels) for all levels took 0.970
[2017.01.26-12.09.08:140][643]OBJ SavePackage: Generating thumbnails for [1] asset(s) in package [/Game/FirstPersonBP/Blueprints/FirstPersonCharacter] ([1] browsable assets)...
[2017.01.26-12.09.08:156][643]OBJ SavePackage:     Rendered thumbnail for [Blueprint /Game/FirstPersonBP/Blueprints/FirstPersonCharacter.FirstPersonCharacter]
[2017.01.26-12.09.08:156][643]OBJ SavePackage: Finished generating thumbnails for package [/Game/FirstPersonBP/Blueprints/FirstPersonCharacter]
[2017.01.26-12.09.08:223][643]LogSavePackage: Save=63.56ms
[2017.01.26-12.09.08:223][643]LogSavePackage: Moving 'D:/Descension/Saved/FirstPersonCharacter_Auto1C01B8B4B4AA089DF0C4ECAAABF1066C8.tmp' to 'D:/Descension/Saved/Autosaves/Game/FirstPersonBP/Blueprints/FirstPersonCharacter_Auto1.uasset'
[2017.01.26-12.09.08:223][643]LogSavePackage:Display: Finished SavePackage D:/Descension/Saved/Autosaves/Game/FirstPersonBP/Blueprints/FirstPersonCharacter_Auto1.uasset
[2017.01.26-12.09.08:223][643]LogFileHelpers: Auto-saving content packages took 0.084
[2017.01.26-12.09.11:105][946]BlueprintLog: New page: Compile FirstPersonCharacter
[2017.01.26-12.09.11:242][946]BlueprintEditorCompileResults: Info [0675.94] Compile of FirstPersonCharacter successful! [in 136 ms] (/Game/FirstPersonBP/Blueprints/FirstPersonCharacter.FirstPersonCharacter)
[2017.01.26-12.10.06:713][742]LogEditorViewport: Clicking on Actor (LMB): FirstPersonCharacter_C (FirstPersonCharacter)
[2017.01.26-12.10.44:179][182]LogRenderer: Reallocating scene render targets to support 1208x964 (Frame:124453).
[2017.01.26-12.19.09:784][780]LogSavePackage: Save=941.52ms
[2017.01.26-12.19.09:784][780]LogSavePackage: Moving 'D:/Descension/Saved/FirstPersonExampleMap_Auto243F257C14F47E1DB1AE47A8041A1D607.tmp' to 'D:/Descension/Saved/Autosaves/Game/FirstPersonBP/Maps/FirstPersonExampleMap_Auto2.umap'
[2017.01.26-12.19.09:785][780]LogSavePackage:Display: Finished SavePackage D:/Descension/Saved/Autosaves/Game/FirstPersonBP/Maps/FirstPersonExampleMap_Auto2.umap
[2017.01.26-12.19.09:787][780]LogFileHelpers: Editor autosave (incl. sublevels) for '/Game/FirstPersonBP/Maps/FirstPersonExampleMap' took 0.979
[2017.01.26-12.19.09:787][780]LogFileHelpers: Editor autosave (incl. sublevels) for all levels took 0.979
[2017.01.26-12.19.09:803][780]OBJ SavePackage: Generating thumbnails for [1] asset(s) in package [/Game/FirstPersonBP/Blueprints/FirstPersonCharacter] ([1] browsable assets)...
[2017.01.26-12.19.09:829][780]OBJ SavePackage:     Rendered thumbnail for [Blueprint /Game/FirstPersonBP/Blueprints/FirstPersonCharacter.FirstPersonCharacter]
[2017.01.26-12.19.09:829][780]OBJ SavePackage: Finished generating thumbnails for package [/Game/FirstPersonBP/Blueprints/FirstPersonCharacter]
[2017.01.26-12.19.09:899][780]LogSavePackage: Save=65.80ms
[2017.01.26-12.19.09:899][780]LogSavePackage: Moving 'D:/Descension/Saved/FirstPersonCharacter_Auto2D6DF11EE4FB34CE01491D5B666BF58F2.tmp' to 'D:/Descension/Saved/Autosaves/Game/FirstPersonBP/Blueprints/FirstPersonCharacter_Auto2.uasset'
[2017.01.26-12.19.09:899][780]LogSavePackage:Display: Finished SavePackage D:/Descension/Saved/Autosaves/Game/FirstPersonBP/Blueprints/FirstPersonCharacter_Auto2.uasset
[2017.01.26-12.19.09:899][780]LogFileHelpers: Auto-saving content packages took 0.097
[2017.01.26-12.21.32:635][106]LogBlueprintUserMessages: Early PlayInEditor Detection: Level '/Game/FirstPersonBP/Maps/FirstPersonExampleMap.FirstPersonExampleMap:PersistentLevel' has LevelScriptBlueprint '/Game/FirstPersonBP/Maps/FirstPersonExampleMap.FirstPersonExampleMap:PersistentLevel.FirstPersonExampleMap' with GeneratedClass '/Game/FirstPersonBP/Maps/FirstPersonExampleMap.FirstPersonExampleMap_C' with ClassGeneratedBy '/Game/FirstPersonBP/Maps/FirstPersonExampleMap.FirstPersonExampleMap:PersistentLevel.FirstPersonExampleMap'
[2017.01.26-12.21.32:635][106]LogPlayLevel: PlayLevel: No blueprints needed recompiling
[2017.01.26-12.21.32:635][106]PIE: New page: SIE session: FirstPersonExampleMap (26 Jan 2017 12:21:32)
[2017.01.26-12.21.32:635][106]LogPlayLevel: Creating play world package: /Game/FirstPersonBP/Maps/UEDPIE_0_FirstPersonExampleMap
[2017.01.26-12.21.32:654][106]LogPlayLevel: PIE: StaticDuplicateObject took: (0.018296s)
[2017.01.26-12.21.32:654][106]LogAIModule: Creating AISystem for world FirstPersonExampleMap
[2017.01.26-12.21.32:654][106]LogPlayLevel: PIE: World Init took: (0.000825s)
[2017.01.26-12.21.32:655][106]LogPlayLevel: PIE: Created PIE world by copying editor world from /Game/FirstPersonBP/Maps/FirstPersonExampleMap.FirstPersonExampleMap to /Game/FirstPersonBP/Maps/UEDPIE_0_FirstPersonExampleMap.FirstPersonExampleMap (0.019416s)
[2017.01.26-12.21.32:742][106]LogWorld: Game class is 'FirstPersonGameMode_C'
[2017.01.26-12.21.32:747][106]LogWorld: Bringing World /Game/FirstPersonBP/Maps/UEDPIE_0_FirstPersonExampleMap.FirstPersonExampleMap up for play (max tick rate 0) at 2017.01.26-12.21.32
[2017.01.26-12.21.32:748][106]LogWorld: Bringing up level for play took: 0.004198
[2017.01.26-12.21.32:749][106]PIE: Info Play in editor start time for /Game/FirstPersonBP/Maps/UEDPIE_0_FirstPersonExampleMap -0.398
[2017.01.26-12.21.32:802][106]LogBlueprintUserMessages: Late PlayInEditor Detection: Level '/Game/FirstPersonBP/Maps/FirstPersonExampleMap.FirstPersonExampleMap:PersistentLevel' has LevelScriptBlueprint '/Game/FirstPersonBP/Maps/FirstPersonExampleMap.FirstPersonExampleMap:PersistentLevel.FirstPersonExampleMap' with GeneratedClass '/Game/FirstPersonBP/Maps/FirstPersonExampleMap.FirstPersonExampleMap_C' with ClassGeneratedBy '/Game/FirstPersonBP/Maps/FirstPersonExampleMap.FirstPersonExampleMap:PersistentLevel.FirstPersonExampleMap'
[2017.01.26-12.21.50:744][985]LogBlueprintUserMessages: Early EndPlayMap Detection: Level '/Game/FirstPersonBP/Maps/FirstPersonExampleMap.FirstPersonExampleMap:PersistentLevel' has LevelScriptBlueprint '/Game/FirstPersonBP/Maps/FirstPersonExampleMap.FirstPersonExampleMap:PersistentLevel.FirstPersonExampleMap' with GeneratedClass '/Game/FirstPersonBP/Maps/FirstPersonExampleMap.FirstPersonExampleMap_C' with ClassGeneratedBy '/Game/FirstPersonBP/Maps/FirstPersonExampleMap.FirstPersonExampleMap:PersistentLevel.FirstPersonExampleMap'
[2017.01.26-12.21.50:820][985]LogBlueprintUserMessages: Late EndPlayMap Detection: Level '/Game/FirstPersonBP/Maps/FirstPersonExampleMap.FirstPersonExampleMap:PersistentLevel' has LevelScriptBlueprint '/Game/FirstPersonBP/Maps/FirstPersonExampleMap.FirstPersonExampleMap:PersistentLevel.FirstPersonExampleMap' with GeneratedClass '/Game/FirstPersonBP/Maps/FirstPersonExampleMap.FirstPersonExampleMap_C' with ClassGeneratedBy '/Game/FirstPersonBP/Maps/FirstPersonExampleMap.FirstPersonExampleMap:PersistentLevel.FirstPersonExampleMap'
[2017.01.26-12.22.42:917][779]LogBlueprintUserMessages: Early PlayInEditor Detection: Level '/Game/FirstPersonBP/Maps/FirstPersonExampleMap.FirstPersonExampleMap:PersistentLevel' has LevelScriptBlueprint '/Game/FirstPersonBP/Maps/FirstPersonExampleMap.FirstPersonExampleMap:PersistentLevel.FirstPersonExampleMap' with GeneratedClass '/Game/FirstPersonBP/Maps/FirstPersonExampleMap.FirstPersonExampleMap_C' with ClassGeneratedBy '/Game/FirstPersonBP/Maps/FirstPersonExampleMap.FirstPersonExampleMap:PersistentLevel.FirstPersonExampleMap'
[2017.01.26-12.22.42:917][779]BlueprintLog: New page: Pre-Play auto-recompile
[2017.01.26-12.22.42:938][779]LogPlayLevel: [PlayLevel] Compiling FirstPersonCharacter before play...
[2017.01.26-12.22.43:059][779]LogPlayLevel: PlayLevel: Blueprint regeneration took 141 ms (2 blueprints)
[2017.01.26-12.22.43:060][779]LogPlayLevel: [PlayLevel] Compiling AICharacter_Blueprint before play...
[2017.01.26-12.22.43:116][779]LogPlayLevel: PlayLevel: Blueprint regeneration took 198 ms (2 blueprints)
[2017.01.26-12.22.43:133][779]PIE: New page: SIE session: FirstPersonExampleMap (26 Jan 2017 12:22:43)
[2017.01.26-12.22.43:133][779]LogPlayLevel: Creating play world package: /Game/FirstPersonBP/Maps/UEDPIE_0_FirstPersonExampleMap
[2017.01.26-12.22.43:151][779]LogPlayLevel: PIE: StaticDuplicateObject took: (0.017870s)
[2017.01.26-12.22.43:152][779]LogAIModule: Creating AISystem for world FirstPersonExampleMap
[2017.01.26-12.22.43:152][779]LogPlayLevel: PIE: World Init took: (0.000733s)
[2017.01.26-12.22.43:152][779]LogPlayLevel: PIE: Created PIE world by copying editor world from /Game/FirstPersonBP/Maps/FirstPersonExampleMap.FirstPersonExampleMap to /Game/FirstPersonBP/Maps/UEDPIE_0_FirstPersonExampleMap.FirstPersonExampleMap (0.018856s)
[2017.01.26-12.22.43:264][779]LogWorld: Game class is 'FirstPersonGameMode_C'
[2017.01.26-12.22.43:269][779]LogWorld: Bringing World /Game/FirstPersonBP/Maps/UEDPIE_0_FirstPersonExampleMap.FirstPersonExampleMap up for play (max tick rate 0) at 2017.01.26-12.22.43
[2017.01.26-12.22.43:270][779]LogWorld: Bringing up level for play took: 0.004413
[2017.01.26-12.22.43:270][779]PIE: Info Play in editor start time for /Game/FirstPersonBP/Maps/UEDPIE_0_FirstPersonExampleMap 0.124
[2017.01.26-12.22.43:330][779]LogBlueprintUserMessages: Late PlayInEditor Detection: Level '/Game/FirstPersonBP/Maps/FirstPersonExampleMap.FirstPersonExampleMap:PersistentLevel' has LevelScriptBlueprint '/Game/FirstPersonBP/Maps/FirstPersonExampleMap.FirstPersonExampleMap:PersistentLevel.FirstPersonExampleMap' with GeneratedClass '/Game/FirstPersonBP/Maps/FirstPersonExampleMap.FirstPersonExampleMap_C' with ClassGeneratedBy '/Game/FirstPersonBP/Maps/FirstPersonExampleMap.FirstPersonExampleMap:PersistentLevel.FirstPersonExampleMap'
[2017.01.26-12.22.47:768][213]LogBlueprintUserMessages: Early EndPlayMap Detection: Level '/Game/FirstPersonBP/Maps/FirstPersonExampleMap.FirstPersonExampleMap:PersistentLevel' has LevelScriptBlueprint '/Game/FirstPersonBP/Maps/FirstPersonExampleMap.FirstPersonExampleMap:PersistentLevel.FirstPersonExampleMap' with GeneratedClass '/Game/FirstPersonBP/Maps/FirstPersonExampleMap.FirstPersonExampleMap_C' with ClassGeneratedBy '/Game/FirstPersonBP/Maps/FirstPersonExampleMap.FirstPersonExampleMap:PersistentLevel.FirstPersonExampleMap'
[2017.01.26-12.22.47:864][213]LogBlueprintUserMessages: Late EndPlayMap Detection: Level '/Game/FirstPersonBP/Maps/FirstPersonExampleMap.FirstPersonExampleMap:PersistentLevel' has LevelScriptBlueprint '/Game/FirstPersonBP/Maps/FirstPersonExampleMap.FirstPersonExampleMap:PersistentLevel.FirstPersonExampleMap' with GeneratedClass '/Game/FirstPersonBP/Maps/FirstPersonExampleMap.FirstPersonExampleMap_C' with ClassGeneratedBy '/Game/FirstPersonBP/Maps/FirstPersonExampleMap.FirstPersonExampleMap:PersistentLevel.FirstPersonExampleMap'
[2017.01.26-12.22.54:736][820]LogBlueprintUserMessages: Early PlayInEditor Detection: Level '/Game/FirstPersonBP/Maps/FirstPersonExampleMap.FirstPersonExampleMap:PersistentLevel' has LevelScriptBlueprint '/Game/FirstPersonBP/Maps/FirstPersonExampleMap.FirstPersonExampleMap:PersistentLevel.FirstPersonExampleMap' with GeneratedClass '/Game/FirstPersonBP/Maps/FirstPersonExampleMap.FirstPersonExampleMap_C' with ClassGeneratedBy '/Game/FirstPersonBP/Maps/FirstPersonExampleMap.FirstPersonExampleMap:PersistentLevel.FirstPersonExampleMap'
[2017.01.26-12.22.54:736][820]BlueprintLog: New page: Pre-Play auto-recompile
[2017.01.26-12.22.54:755][820]LogPlayLevel: [PlayLevel] Compiling FirstPersonCharacter before play...
[2017.01.26-12.22.54:854][820]LogPlayLevel: PlayLevel: Blueprint regeneration took 116 ms (2 blueprints)
[2017.01.26-12.22.54:854][820]LogPlayLevel: [PlayLevel] Compiling AICharacter_Blueprint before play...
[2017.01.26-12.22.54:909][820]LogPlayLevel: PlayLevel: Blueprint regeneration took 172 ms (2 blueprints)
[2017.01.26-12.22.54:927][820]PIE: New page: SIE session: FirstPersonExampleMap (26 Jan 2017 12:22:54)
[2017.01.26-12.22.54:927][820]LogPlayLevel: Creating play world package: /Game/FirstPersonBP/Maps/UEDPIE_0_FirstPersonExampleMap
[2017.01.26-12.22.54:944][820]LogPlayLevel: PIE: StaticDuplicateObject took: (0.017788s)
[2017.01.26-12.22.54:945][820]LogAIModule: Creating AISystem for world FirstPersonExampleMap
[2017.01.26-12.22.54:945][820]LogPlayLevel: PIE: World Init took: (0.000716s)
[2017.01.26-12.22.54:945][820]LogPlayLevel: PIE: Created PIE world by copying editor world from /Game/FirstPersonBP/Maps/FirstPersonExampleMap.FirstPersonExampleMap to /Game/FirstPersonBP/Maps/UEDPIE_0_FirstPersonExampleMap.FirstPersonExampleMap (0.018763s)
[2017.01.26-12.22.55:034][820]LogWorld: Game class is 'FirstPersonGameMode_C'
[2017.01.26-12.22.55:039][820]LogWorld: Bringing World /Game/FirstPersonBP/Maps/UEDPIE_0_FirstPersonExampleMap.FirstPersonExampleMap up for play (max tick rate 0) at 2017.01.26-12.22.55
[2017.01.26-12.22.55:040][820]LogWorld: Bringing up level for play took: 0.003994
[2017.01.26-12.22.55:040][820]PIE: Info Play in editor start time for /Game/FirstPersonBP/Maps/UEDPIE_0_FirstPersonExampleMap -0.107
[2017.01.26-12.22.55:074][820]LogBlueprintUserMessages: Late PlayInEditor Detection: Level '/Game/FirstPersonBP/Maps/FirstPersonExampleMap.FirstPersonExampleMap:PersistentLevel' has LevelScriptBlueprint '/Game/FirstPersonBP/Maps/FirstPersonExampleMap.FirstPersonExampleMap:PersistentLevel.FirstPersonExampleMap' with GeneratedClass '/Game/FirstPersonBP/Maps/FirstPersonExampleMap.FirstPersonExampleMap_C' with ClassGeneratedBy '/Game/FirstPersonBP/Maps/FirstPersonExampleMap.FirstPersonExampleMap:PersistentLevel.FirstPersonExampleMap'
[2017.01.26-12.22.58:072][102]LogBlueprintUserMessages: Early EndPlayMap Detection: Level '/Game/FirstPersonBP/Maps/FirstPersonExampleMap.FirstPersonExampleMap:PersistentLevel' has LevelScriptBlueprint '/Game/FirstPersonBP/Maps/FirstPersonExampleMap.FirstPersonExampleMap:PersistentLevel.FirstPersonExampleMap' with GeneratedClass '/Game/FirstPersonBP/Maps/FirstPersonExampleMap.FirstPersonExampleMap_C' with ClassGeneratedBy '/Game/FirstPersonBP/Maps/FirstPersonExampleMap.FirstPersonExampleMap:PersistentLevel.FirstPersonExampleMap'
[2017.01.26-12.22.58:135][102]LogBlueprintUserMessages: Late EndPlayMap Detection: Level '/Game/FirstPersonBP/Maps/FirstPersonExampleMap.FirstPersonExampleMap:PersistentLevel' has LevelScriptBlueprint '/Game/FirstPersonBP/Maps/FirstPersonExampleMap.FirstPersonExampleMap:PersistentLevel.FirstPersonExampleMap' with GeneratedClass '/Game/FirstPersonBP/Maps/FirstPersonExampleMap.FirstPersonExampleMap_C' with ClassGeneratedBy '/Game/FirstPersonBP/Maps/FirstPersonExampleMap.FirstPersonExampleMap:PersistentLevel.FirstPersonExampleMap'
[2017.01.26-12.23.14:062][637]LogBlueprintUserMessages: Early PlayInEditor Detection: Level '/Game/FirstPersonBP/Maps/FirstPersonExampleMap.FirstPersonExampleMap:PersistentLevel' has LevelScriptBlueprint '/Game/FirstPersonBP/Maps/FirstPersonExampleMap.FirstPersonExampleMap:PersistentLevel.FirstPersonExampleMap' with GeneratedClass '/Game/FirstPersonBP/Maps/FirstPersonExampleMap.FirstPersonExampleMap_C' with ClassGeneratedBy '/Game/FirstPersonBP/Maps/FirstPersonExampleMap.FirstPersonExampleMap:PersistentLevel.FirstPersonExampleMap'
[2017.01.26-12.23.14:062][637]BlueprintLog: New page: Pre-Play auto-recompile
[2017.01.26-12.23.14:081][637]LogPlayLevel: [PlayLevel] Compiling FirstPersonCharacter before play...
[2017.01.26-12.23.14:176][637]LogPlayLevel: PlayLevel: Blueprint regeneration took 114 ms (2 blueprints)
[2017.01.26-12.23.14:176][637]LogPlayLevel: [PlayLevel] Compiling AICharacter_Blueprint before play...
[2017.01.26-12.23.14:231][637]LogPlayLevel: PlayLevel: Blueprint regeneration took 169 ms (2 blueprints)
[2017.01.26-12.23.14:248][637]PIE: New page: SIE session: FirstPersonExampleMap (26 Jan 2017 12:23:14)
[2017.01.26-12.23.14:248][637]LogPlayLevel: Creating play world package: /Game/FirstPersonBP/Maps/UEDPIE_0_FirstPersonExampleMap
[2017.01.26-12.23.14:266][637]LogPlayLevel: PIE: StaticDuplicateObject took: (0.017350s)
[2017.01.26-12.23.14:266][637]LogAIModule: Creating AISystem for world FirstPersonExampleMap
[2017.01.26-12.23.14:266][637]LogPlayLevel: PIE: World Init took: (0.000748s)
[2017.01.26-12.23.14:267][637]LogPlayLevel: PIE: Created PIE world by copying editor world from /Game/FirstPersonBP/Maps/FirstPersonExampleMap.FirstPersonExampleMap to /Game/FirstPersonBP/Maps/UEDPIE_0_FirstPersonExampleMap.FirstPersonExampleMap (0.018347s)
[2017.01.26-12.23.14:351][637]LogWorld: Game class is 'FirstPersonGameMode_C'
[2017.01.26-12.23.14:356][637]LogWorld: Bringing World /Game/FirstPersonBP/Maps/UEDPIE_0_FirstPersonExampleMap.FirstPersonExampleMap up for play (max tick rate 0) at 2017.01.26-12.23.14
[2017.01.26-12.23.14:357][637]LogWorld: Bringing up level for play took: 0.004180
[2017.01.26-12.23.14:358][637]PIE: Info Play in editor start time for /Game/FirstPersonBP/Maps/UEDPIE_0_FirstPersonExampleMap 1.21
[2017.01.26-12.23.14:396][637]LogBlueprintUserMessages: Late PlayInEditor Detection: Level '/Game/FirstPersonBP/Maps/FirstPersonExampleMap.FirstPersonExampleMap:PersistentLevel' has LevelScriptBlueprint '/Game/FirstPersonBP/Maps/FirstPersonExampleMap.FirstPersonExampleMap:PersistentLevel.FirstPersonExampleMap' with GeneratedClass '/Game/FirstPersonBP/Maps/FirstPersonExampleMap.FirstPersonExampleMap_C' with ClassGeneratedBy '/Game/FirstPersonBP/Maps/FirstPersonExampleMap.FirstPersonExampleMap:PersistentLevel.FirstPersonExampleMap'
[2017.01.26-12.23.18:205][  4]LogBlueprintUserMessages: Early EndPlayMap Detection: Level '/Game/FirstPersonBP/Maps/FirstPersonExampleMap.FirstPersonExampleMap:PersistentLevel' has LevelScriptBlueprint '/Game/FirstPersonBP/Maps/FirstPersonExampleMap.FirstPersonExampleMap:PersistentLevel.FirstPersonExampleMap' with GeneratedClass '/Game/FirstPersonBP/Maps/FirstPersonExampleMap.FirstPersonExampleMap_C' with ClassGeneratedBy '/Game/FirstPersonBP/Maps/FirstPersonExampleMap.FirstPersonExampleMap:PersistentLevel.FirstPersonExampleMap'
[2017.01.26-12.23.18:262][  4]LogBlueprintUserMessages: Late EndPlayMap Detection: Level '/Game/FirstPersonBP/Maps/FirstPersonExampleMap.FirstPersonExampleMap:PersistentLevel' has LevelScriptBlueprint '/Game/FirstPersonBP/Maps/FirstPersonExampleMap.FirstPersonExampleMap:PersistentLevel.FirstPersonExampleMap' with GeneratedClass '/Game/FirstPersonBP/Maps/FirstPersonExampleMap.FirstPersonExampleMap_C' with ClassGeneratedBy '/Game/FirstPersonBP/Maps/FirstPersonExampleMap.FirstPersonExampleMap:PersistentLevel.FirstPersonExampleMap'
[2017.01.26-12.24.08:601][415]LogProperty:Warning: ObjectProperty /Script/Engine.EdGraphPin:LinkedTo.LinkedTo: unresolved reference to 'EdGraphPin'K2Node_VariableGet_721.EdGraphPin_209''
[2017.01.26-12.24.37:065][487]LogEditorViewport: Clicking on Actor (LMB): FirstPersonCharacter_C (FirstPersonCharacter)
[2017.01.26-12.25.00:641][715]LogEditorViewport: Clicking Background
[2017.01.26-12.25.07:332][383]LogEditorViewport: Clicking on Actor (LMB): StaticMeshActor (Floor)
[2017.01.26-12.25.07:880][421]LogEditorViewport: Clicking on Actor (LMB): FirstPersonCharacter_C (FirstPersonCharacter)
[2017.01.26-12.25.08:330][445]LogEditorViewport: Clicking on Actor (LMB): FirstPersonCharacter_C (FirstPersonCharacter)
[2017.01.26-12.25.09:661][541]LogEditorViewport: Clicking on Actor (LMB): FirstPersonCharacter_C (FirstPersonCharacter)
[2017.01.26-12.25.56:646][863]LogUObjectHash:Warning: Ambiguous search, could be K2Node_CallFunction /Game/FirstPersonBP/Blueprints/FirstPersonCharacter.FirstPersonCharacter:EventGraph.K2Node_CallFunction_809 or K2Node_CallFunction /Engine/Transient.PROTO_BP_Blueprint_0:UserConstructionScript.K2Node_CallFunction_809
[2017.01.26-12.25.56:646][863]LogProperty:Warning: ObjectProperty /Script/Engine.EdGraphPin:LinkedTo.LinkedTo: unresolved reference to 'EdGraphPin'K2Node_CallFunction_809.EdGraphPin_587''
[2017.01.26-12.25.56:647][863]LogProperty:Warning: ObjectProperty /Script/Engine.EdGraphPin:LinkedTo.LinkedTo: unresolved reference to 'EdGraphPin'K2Node_CallFunction_4872.EdGraphPin_591''
[2017.01.26-12.25.56:647][863]LogProperty:Warning: ObjectProperty /Script/Engine.EdGraphPin:LinkedTo.LinkedTo: unresolved reference to 'EdGraphPin'K2Node_InputAction_64.EdGraphPin_185''
[2017.01.26-12.27.04:098][480]BlueprintLog: New page: Compile FirstPersonCharacter
[2017.01.26-12.27.04:237][480]BlueprintEditorCompileResults: Info [1748.92] Compile of FirstPersonCharacter successful! [in 138 ms] (/Game/FirstPersonBP/Blueprints/FirstPersonCharacter.FirstPersonCharacter)
[2017.01.26-12.27.10:086][877]BlueprintLog: New page: Compile FirstPersonCharacter
[2017.01.26-12.27.10:223][877]BlueprintEditorCompileResults: Info [1754.90] Compile of FirstPersonCharacter successful! [in 135 ms] (/Game/FirstPersonBP/Blueprints/FirstPersonCharacter.FirstPersonCharacter)
[2017.01.26-12.27.12:409][ 28]LogBlueprintUserMessages: Early PlayInEditor Detection: Level '/Game/FirstPersonBP/Maps/FirstPersonExampleMap.FirstPersonExampleMap:PersistentLevel' has LevelScriptBlueprint '/Game/FirstPersonBP/Maps/FirstPersonExampleMap.FirstPersonExampleMap:PersistentLevel.FirstPersonExampleMap' with GeneratedClass '/Game/FirstPersonBP/Maps/FirstPersonExampleMap.FirstPersonExampleMap_C' with ClassGeneratedBy '/Game/FirstPersonBP/Maps/FirstPersonExampleMap.FirstPersonExampleMap:PersistentLevel.FirstPersonExampleMap'
[2017.01.26-12.27.12:409][ 28]LogPlayLevel: PlayLevel: No blueprints needed recompiling
[2017.01.26-12.27.12:409][ 28]PIE: New page: SIE session: FirstPersonExampleMap (26 Jan 2017 12:27:12)
[2017.01.26-12.27.12:409][ 28]LogPlayLevel: Creating play world package: /Game/FirstPersonBP/Maps/UEDPIE_0_FirstPersonExampleMap
[2017.01.26-12.27.12:427][ 28]LogPlayLevel: PIE: StaticDuplicateObject took: (0.018220s)
[2017.01.26-12.27.12:428][ 28]LogAIModule: Creating AISystem for world FirstPersonExampleMap
[2017.01.26-12.27.12:428][ 28]LogPlayLevel: PIE: World Init took: (0.000827s)
[2017.01.26-12.27.12:428][ 28]LogPlayLevel: PIE: Created PIE world by copying editor world from /Game/FirstPersonBP/Maps/FirstPersonExampleMap.FirstPersonExampleMap to /Game/FirstPersonBP/Maps/UEDPIE_0_FirstPersonExampleMap.FirstPersonExampleMap (0.019301s)
[2017.01.26-12.27.12:522][ 28]LogWorld: Game class is 'FirstPersonGameMode_C'
[2017.01.26-12.27.12:527][ 28]LogWorld: Bringing World /Game/FirstPersonBP/Maps/UEDPIE_0_FirstPersonExampleMap.FirstPersonExampleMap up for play (max tick rate 0) at 2017.01.26-12.27.12
[2017.01.26-12.27.12:528][ 28]LogWorld: Bringing up level for play took: 0.004218
[2017.01.26-12.27.12:529][ 28]PIE: Info Play in editor start time for /Game/FirstPersonBP/Maps/UEDPIE_0_FirstPersonExampleMap -0.628
[2017.01.26-12.27.12:582][ 28]LogBlueprintUserMessages: Late PlayInEditor Detection: Level '/Game/FirstPersonBP/Maps/FirstPersonExampleMap.FirstPersonExampleMap:PersistentLevel' has LevelScriptBlueprint '/Game/FirstPersonBP/Maps/FirstPersonExampleMap.FirstPersonExampleMap:PersistentLevel.FirstPersonExampleMap' with GeneratedClass '/Game/FirstPersonBP/Maps/FirstPersonExampleMap.FirstPersonExampleMap_C' with ClassGeneratedBy '/Game/FirstPersonBP/Maps/FirstPersonExampleMap.FirstPersonExampleMap:PersistentLevel.FirstPersonExampleMap'
[2017.01.26-12.27.23:206][998]LogBlueprintUserMessages: Early EndPlayMap Detection: Level '/Game/FirstPersonBP/Maps/FirstPersonExampleMap.FirstPersonExampleMap:PersistentLevel' has LevelScriptBlueprint '/Game/FirstPersonBP/Maps/FirstPersonExampleMap.FirstPersonExampleMap:PersistentLevel.FirstPersonExampleMap' with GeneratedClass '/Game/FirstPersonBP/Maps/FirstPersonExampleMap.FirstPersonExampleMap_C' with ClassGeneratedBy '/Game/FirstPersonBP/Maps/FirstPersonExampleMap.FirstPersonExampleMap:PersistentLevel.FirstPersonExampleMap'
[2017.01.26-12.27.23:287][998]LogBlueprintUserMessages: Late EndPlayMap Detection: Level '/Game/FirstPersonBP/Maps/FirstPersonExampleMap.FirstPersonExampleMap:PersistentLevel' has LevelScriptBlueprint '/Game/FirstPersonBP/Maps/FirstPersonExampleMap.FirstPersonExampleMap:PersistentLevel.FirstPersonExampleMap' with GeneratedClass '/Game/FirstPersonBP/Maps/FirstPersonExampleMap.FirstPersonExampleMap_C' with ClassGeneratedBy '/Game/FirstPersonBP/Maps/FirstPersonExampleMap.FirstPersonExampleMap:PersistentLevel.FirstPersonExampleMap'
[2017.01.26-12.27.51:405][934]LogProperty:Warning: ObjectProperty /Script/Engine.EdGraphPin:LinkedTo.LinkedTo: unresolved reference to 'EdGraphPin'K2Node_CallFunction_3218.EdGraphPin_547''
[2017.01.26-12.28.07:012][996]LogAudioDerivedData:Display: Building compressed audio format OGG wave Explosion01...
[2017.01.26-12.28.28:138][423]LogBlueprintUserMessages: Early PlayInEditor Detection: Level '/Game/FirstPersonBP/Maps/FirstPersonExampleMap.FirstPersonExampleMap:PersistentLevel' has LevelScriptBlueprint '/Game/FirstPersonBP/Maps/FirstPersonExampleMap.FirstPersonExampleMap:PersistentLevel.FirstPersonExampleMap' with GeneratedClass '/Game/FirstPersonBP/Maps/FirstPersonExampleMap.FirstPersonExampleMap_C' with ClassGeneratedBy '/Game/FirstPersonBP/Maps/FirstPersonExampleMap.FirstPersonExampleMap:PersistentLevel.FirstPersonExampleMap'
[2017.01.26-12.28.28:138][423]BlueprintLog: New page: Pre-Play auto-recompile
[2017.01.26-12.28.28:159][423]LogPlayLevel: [PlayLevel] Compiling FirstPersonCharacter before play...
[2017.01.26-12.28.28:281][423]LogPlayLevel: PlayLevel: Blueprint regeneration took 142 ms (2 blueprints)
[2017.01.26-12.28.28:281][423]LogPlayLevel: [PlayLevel] Compiling AICharacter_Blueprint before play...
[2017.01.26-12.28.28:337][423]LogPlayLevel: PlayLevel: Blueprint regeneration took 198 ms (2 blueprints)
[2017.01.26-12.28.28:355][423]PIE: New page: SIE session: FirstPersonExampleMap (26 Jan 2017 12:28:28)
[2017.01.26-12.28.28:355][423]LogPlayLevel: Creating play world package: /Game/FirstPersonBP/Maps/UEDPIE_0_FirstPersonExampleMap
[2017.01.26-12.28.28:373][423]LogPlayLevel: PIE: StaticDuplicateObject took: (0.017682s)
[2017.01.26-12.28.28:373][423]LogAIModule: Creating AISystem for world FirstPersonExampleMap
[2017.01.26-12.28.28:373][423]LogPlayLevel: PIE: World Init took: (0.000740s)
[2017.01.26-12.28.28:374][423]LogPlayLevel: PIE: Created PIE world by copying editor world from /Game/FirstPersonBP/Maps/FirstPersonExampleMap.FirstPersonExampleMap to /Game/FirstPersonBP/Maps/UEDPIE_0_FirstPersonExampleMap.FirstPersonExampleMap (0.018680s)
[2017.01.26-12.28.28:463][423]LogWorld: Game class is 'FirstPersonGameMode_C'
[2017.01.26-12.28.28:468][423]LogWorld: Bringing World /Game/FirstPersonBP/Maps/UEDPIE_0_FirstPersonExampleMap.FirstPersonExampleMap up for play (max tick rate 0) at 2017.01.26-12.28.28
[2017.01.26-12.28.28:468][423]LogWorld: Bringing up level for play took: 0.003894
[2017.01.26-12.28.28:469][423]PIE: Info Play in editor start time for /Game/FirstPersonBP/Maps/UEDPIE_0_FirstPersonExampleMap 1.31
[2017.01.26-12.28.28:528][423]LogBlueprintUserMessages: Late PlayInEditor Detection: Level '/Game/FirstPersonBP/Maps/FirstPersonExampleMap.FirstPersonExampleMap:PersistentLevel' has LevelScriptBlueprint '/Game/FirstPersonBP/Maps/FirstPersonExampleMap.FirstPersonExampleMap:PersistentLevel.FirstPersonExampleMap' with GeneratedClass '/Game/FirstPersonBP/Maps/FirstPersonExampleMap.FirstPersonExampleMap_C' with ClassGeneratedBy '/Game/FirstPersonBP/Maps/FirstPersonExampleMap.FirstPersonExampleMap:PersistentLevel.FirstPersonExampleMap'
[2017.01.26-12.28.29:148][444]LogEditorViewport: Clicking on Actor (LMB): StaticMeshActor (Wall4)
[2017.01.26-12.28.38:783][261]LogBlueprintUserMessages: Early EndPlayMap Detection: Level '/Game/FirstPersonBP/Maps/FirstPersonExampleMap.FirstPersonExampleMap:PersistentLevel' has LevelScriptBlueprint '/Game/FirstPersonBP/Maps/FirstPersonExampleMap.FirstPersonExampleMap:PersistentLevel.FirstPersonExampleMap' with GeneratedClass '/Game/FirstPersonBP/Maps/FirstPersonExampleMap.FirstPersonExampleMap_C' with ClassGeneratedBy '/Game/FirstPersonBP/Maps/FirstPersonExampleMap.FirstPersonExampleMap:PersistentLevel.FirstPersonExampleMap'
[2017.01.26-12.28.38:851][261]LogBlueprintUserMessages: Late EndPlayMap Detection: Level '/Game/FirstPersonBP/Maps/FirstPersonExampleMap.FirstPersonExampleMap:PersistentLevel' has LevelScriptBlueprint '/Game/FirstPersonBP/Maps/FirstPersonExampleMap.FirstPersonExampleMap:PersistentLevel.FirstPersonExampleMap' with GeneratedClass '/Game/FirstPersonBP/Maps/FirstPersonExampleMap.FirstPersonExampleMap_C' with ClassGeneratedBy '/Game/FirstPersonBP/Maps/FirstPersonExampleMap.FirstPersonExampleMap:PersistentLevel.FirstPersonExampleMap'
[2017.01.26-12.28.47:248][779]BlueprintLog: New page: Compile FirstPersonCharacter
[2017.01.26-12.28.47:361][779]BlueprintEditorCompileResults: Info [1852.04] Compile of FirstPersonCharacter successful! [in 112 ms] (/Game/FirstPersonBP/Blueprints/FirstPersonCharacter.FirstPersonCharacter)
[2017.01.26-12.28.57:616][136]LogBlueprintUserMessages: Early PlayInEditor Detection: Level '/Game/FirstPersonBP/Maps/FirstPersonExampleMap.FirstPersonExampleMap:PersistentLevel' has LevelScriptBlueprint '/Game/FirstPersonBP/Maps/FirstPersonExampleMap.FirstPersonExampleMap:PersistentLevel.FirstPersonExampleMap' with GeneratedClass '/Game/FirstPersonBP/Maps/FirstPersonExampleMap.FirstPersonExampleMap_C' with ClassGeneratedBy '/Game/FirstPersonBP/Maps/FirstPersonExampleMap.FirstPersonExampleMap:PersistentLevel.FirstPersonExampleMap'
[2017.01.26-12.28.57:617][136]LogPlayLevel: PlayLevel: No blueprints needed recompiling
[2017.01.26-12.28.57:617][136]PIE: New page: SIE session: FirstPersonExampleMap (26 Jan 2017 12:28:57)
[2017.01.26-12.28.57:617][136]LogPlayLevel: Creating play world package: /Game/FirstPersonBP/Maps/UEDPIE_0_FirstPersonExampleMap
[2017.01.26-12.28.57:634][136]LogPlayLevel: PIE: StaticDuplicateObject took: (0.017765s)
[2017.01.26-12.28.57:635][136]LogAIModule: Creating AISystem for world FirstPersonExampleMap
[2017.01.26-12.28.57:635][136]LogPlayLevel: PIE: World Init took: (0.000636s)
[2017.01.26-12.28.57:635][136]LogPlayLevel: PIE: Created PIE world by copying editor world from /Game/FirstPersonBP/Maps/FirstPersonExampleMap.FirstPersonExampleMap to /Game/FirstPersonBP/Maps/UEDPIE_0_FirstPersonExampleMap.FirstPersonExampleMap (0.018632s)
[2017.01.26-12.28.57:714][136]LogWorld: Game class is 'FirstPersonGameMode_C'
[2017.01.26-12.28.57:719][136]LogWorld: Bringing World /Game/FirstPersonBP/Maps/UEDPIE_0_FirstPersonExampleMap.FirstPersonExampleMap up for play (max tick rate 0) at 2017.01.26-12.28.57
[2017.01.26-12.28.57:720][136]LogWorld: Bringing up level for play took: 0.005335
[2017.01.26-12.28.57:721][136]PIE: Info Play in editor start time for /Game/FirstPersonBP/Maps/UEDPIE_0_FirstPersonExampleMap 0.561
[2017.01.26-12.28.57:723][136]LogBlueprintUserMessages: Late PlayInEditor Detection: Level '/Game/FirstPersonBP/Maps/FirstPersonExampleMap.FirstPersonExampleMap:PersistentLevel' has LevelScriptBlueprint '/Game/FirstPersonBP/Maps/FirstPersonExampleMap.FirstPersonExampleMap:PersistentLevel.FirstPersonExampleMap' with GeneratedClass '/Game/FirstPersonBP/Maps/FirstPersonExampleMap.FirstPersonExampleMap_C' with ClassGeneratedBy '/Game/FirstPersonBP/Maps/FirstPersonExampleMap.FirstPersonExampleMap:PersistentLevel.FirstPersonExampleMap'
[2017.01.26-12.29.04:850][784]LogBlueprintUserMessages: Early EndPlayMap Detection: Level '/Game/FirstPersonBP/Maps/FirstPersonExampleMap.FirstPersonExampleMap:PersistentLevel' has LevelScriptBlueprint '/Game/FirstPersonBP/Maps/FirstPersonExampleMap.FirstPersonExampleMap:PersistentLevel.FirstPersonExampleMap' with GeneratedClass '/Game/FirstPersonBP/Maps/FirstPersonExampleMap.FirstPersonExampleMap_C' with ClassGeneratedBy '/Game/FirstPersonBP/Maps/FirstPersonExampleMap.FirstPersonExampleMap:PersistentLevel.FirstPersonExampleMap'
[2017.01.26-12.29.04:903][784]LogBlueprintUserMessages: Late EndPlayMap Detection: Level '/Game/FirstPersonBP/Maps/FirstPersonExampleMap.FirstPersonExampleMap:PersistentLevel' has LevelScriptBlueprint '/Game/FirstPersonBP/Maps/FirstPersonExampleMap.FirstPersonExampleMap:PersistentLevel.FirstPersonExampleMap' with GeneratedClass '/Game/FirstPersonBP/Maps/FirstPersonExampleMap.FirstPersonExampleMap_C' with ClassGeneratedBy '/Game/FirstPersonBP/Maps/FirstPersonExampleMap.FirstPersonExampleMap:PersistentLevel.FirstPersonExampleMap'
[2017.01.26-12.29.05:007][785]Cmd: SELECT NONE
[2017.01.26-12.29.09:976][180]LogAudioDerivedData:Display: Building compressed audio format OGG wave Fire01...
[2017.01.26-12.29.11:476][299]BlueprintLog: New page: Compile FirstPersonCharacter
[2017.01.26-12.29.11:588][299]BlueprintEditorCompileResults: Info [1876.26] Compile of FirstPersonCharacter successful! [in 111 ms] (/Game/FirstPersonBP/Blueprints/FirstPersonCharacter.FirstPersonCharacter)
[2017.01.26-12.29.14:303][522]LogBlueprintUserMessages: Early PlayInEditor Detection: Level '/Game/FirstPersonBP/Maps/FirstPersonExampleMap.FirstPersonExampleMap:PersistentLevel' has LevelScriptBlueprint '/Game/FirstPersonBP/Maps/FirstPersonExampleMap.FirstPersonExampleMap:PersistentLevel.FirstPersonExampleMap' with GeneratedClass '/Game/FirstPersonBP/Maps/FirstPersonExampleMap.FirstPersonExampleMap_C' with ClassGeneratedBy '/Game/FirstPersonBP/Maps/FirstPersonExampleMap.FirstPersonExampleMap:PersistentLevel.FirstPersonExampleMap'
[2017.01.26-12.29.14:303][522]LogPlayLevel: PlayLevel: No blueprints needed recompiling
[2017.01.26-12.29.14:303][522]PIE: New page: SIE session: FirstPersonExampleMap (26 Jan 2017 12:29:14)
[2017.01.26-12.29.14:303][522]LogPlayLevel: Creating play world package: /Game/FirstPersonBP/Maps/UEDPIE_0_FirstPersonExampleMap
[2017.01.26-12.29.14:321][522]LogPlayLevel: PIE: StaticDuplicateObject took: (0.016410s)
[2017.01.26-12.29.14:321][522]LogAIModule: Creating AISystem for world FirstPersonExampleMap
[2017.01.26-12.29.14:321][522]LogPlayLevel: PIE: World Init took: (0.000797s)
[2017.01.26-12.29.14:322][522]LogPlayLevel: PIE: Created PIE world by copying editor world from /Game/FirstPersonBP/Maps/FirstPersonExampleMap.FirstPersonExampleMap to /Game/FirstPersonBP/Maps/UEDPIE_0_FirstPersonExampleMap.FirstPersonExampleMap (0.017466s)
[2017.01.26-12.29.14:385][522]LogWorld: Game class is 'FirstPersonGameMode_C'
[2017.01.26-12.29.14:389][522]LogWorld: Bringing World /Game/FirstPersonBP/Maps/UEDPIE_0_FirstPersonExampleMap.FirstPersonExampleMap up for play (max tick rate 0) at 2017.01.26-12.29.14
[2017.01.26-12.29.14:390][522]LogWorld: Bringing up level for play took: 0.004188
[2017.01.26-12.29.14:391][522]PIE: Info Play in editor start time for /Game/FirstPersonBP/Maps/UEDPIE_0_FirstPersonExampleMap -0.769
[2017.01.26-12.29.14:392][522]LogBlueprintUserMessages: Late PlayInEditor Detection: Level '/Game/FirstPersonBP/Maps/FirstPersonExampleMap.FirstPersonExampleMap:PersistentLevel' has LevelScriptBlueprint '/Game/FirstPersonBP/Maps/FirstPersonExampleMap.FirstPersonExampleMap:PersistentLevel.FirstPersonExampleMap' with GeneratedClass '/Game/FirstPersonBP/Maps/FirstPersonExampleMap.FirstPersonExampleMap_C' with ClassGeneratedBy '/Game/FirstPersonBP/Maps/FirstPersonExampleMap.FirstPersonExampleMap:PersistentLevel.FirstPersonExampleMap'
[2017.01.26-12.29.15:038][555]LogEditorViewport: Clicking on Actor (LMB): StaticMeshActor (Floor)
[2017.01.26-12.29.18:667][866]LogBlueprintUserMessages: Early EndPlayMap Detection: Level '/Game/FirstPersonBP/Maps/FirstPersonExampleMap.FirstPersonExampleMap:PersistentLevel' has LevelScriptBlueprint '/Game/FirstPersonBP/Maps/FirstPersonExampleMap.FirstPersonExampleMap:PersistentLevel.FirstPersonExampleMap' with GeneratedClass '/Game/FirstPersonBP/Maps/FirstPersonExampleMap.FirstPersonExampleMap_C' with ClassGeneratedBy '/Game/FirstPersonBP/Maps/FirstPersonExampleMap.FirstPersonExampleMap:PersistentLevel.FirstPersonExampleMap'
[2017.01.26-12.29.18:718][866]LogBlueprintUserMessages: Late EndPlayMap Detection: Level '/Game/FirstPersonBP/Maps/FirstPersonExampleMap.FirstPersonExampleMap:PersistentLevel' has LevelScriptBlueprint '/Game/FirstPersonBP/Maps/FirstPersonExampleMap.FirstPersonExampleMap:PersistentLevel.FirstPersonExampleMap' with GeneratedClass '/Game/FirstPersonBP/Maps/FirstPersonExampleMap.FirstPersonExampleMap_C' with ClassGeneratedBy '/Game/FirstPersonBP/Maps/FirstPersonExampleMap.FirstPersonExampleMap:PersistentLevel.FirstPersonExampleMap'
[2017.01.26-12.29.21:993][969]LogEditorViewport: Clicking on Actor (LMB): StaticMeshActor (Floor)
[2017.01.26-12.29.24:394][137]LogBlueprintUserMessages: Early PlayInEditor Detection: Level '/Game/FirstPersonBP/Maps/FirstPersonExampleMap.FirstPersonExampleMap:PersistentLevel' has LevelScriptBlueprint '/Game/FirstPersonBP/Maps/FirstPersonExampleMap.FirstPersonExampleMap:PersistentLevel.FirstPersonExampleMap' with GeneratedClass '/Game/FirstPersonBP/Maps/FirstPersonExampleMap.FirstPersonExampleMap_C' with ClassGeneratedBy '/Game/FirstPersonBP/Maps/FirstPersonExampleMap.FirstPersonExampleMap:PersistentLevel.FirstPersonExampleMap'
[2017.01.26-12.29.24:394][137]LogPlayLevel: PlayLevel: No blueprints needed recompiling
[2017.01.26-12.29.24:394][137]PIE: New page: SIE session: FirstPersonExampleMap (26 Jan 2017 12:29:24)
[2017.01.26-12.29.24:394][137]LogPlayLevel: Creating play world package: /Game/FirstPersonBP/Maps/UEDPIE_0_FirstPersonExampleMap
[2017.01.26-12.29.24:409][137]LogPlayLevel: PIE: StaticDuplicateObject took: (0.014738s)
[2017.01.26-12.29.24:409][137]LogAIModule: Creating AISystem for world FirstPersonExampleMap
[2017.01.26-12.29.24:409][137]LogPlayLevel: PIE: World Init took: (0.000779s)
[2017.01.26-12.29.24:410][137]LogPlayLevel: PIE: Created PIE world by copying editor world from /Game/FirstPersonBP/Maps/FirstPersonExampleMap.FirstPersonExampleMap to /Game/FirstPersonBP/Maps/UEDPIE_0_FirstPersonExampleMap.FirstPersonExampleMap (0.015759s)
[2017.01.26-12.29.24:475][137]LogWorld: Game class is 'FirstPersonGameMode_C'
[2017.01.26-12.29.24:479][137]LogWorld: Bringing World /Game/FirstPersonBP/Maps/UEDPIE_0_FirstPersonExampleMap.FirstPersonExampleMap up for play (max tick rate 0) at 2017.01.26-12.29.24
[2017.01.26-12.29.24:480][137]LogWorld: Bringing up level for play took: 0.003985
[2017.01.26-12.29.24:481][137]PIE: Info Play in editor start time for /Game/FirstPersonBP/Maps/UEDPIE_0_FirstPersonExampleMap -0.679
[2017.01.26-12.29.24:494][137]LogBlueprintUserMessages: Late PlayInEditor Detection: Level '/Game/FirstPersonBP/Maps/FirstPersonExampleMap.FirstPersonExampleMap:PersistentLevel' has LevelScriptBlueprint '/Game/FirstPersonBP/Maps/FirstPersonExampleMap.FirstPersonExampleMap:PersistentLevel.FirstPersonExampleMap' with GeneratedClass '/Game/FirstPersonBP/Maps/FirstPersonExampleMap.FirstPersonExampleMap_C' with ClassGeneratedBy '/Game/FirstPersonBP/Maps/FirstPersonExampleMap.FirstPersonExampleMap:PersistentLevel.FirstPersonExampleMap'
[2017.01.26-12.29.36:219][192]LogBlueprintUserMessages: Early EndPlayMap Detection: Level '/Game/FirstPersonBP/Maps/FirstPersonExampleMap.FirstPersonExampleMap:PersistentLevel' has LevelScriptBlueprint '/Game/FirstPersonBP/Maps/FirstPersonExampleMap.FirstPersonExampleMap:PersistentLevel.FirstPersonExampleMap' with GeneratedClass '/Game/FirstPersonBP/Maps/FirstPersonExampleMap.FirstPersonExampleMap_C' with ClassGeneratedBy '/Game/FirstPersonBP/Maps/FirstPersonExampleMap.FirstPersonExampleMap:PersistentLevel.FirstPersonExampleMap'
[2017.01.26-12.29.36:284][192]LogBlueprintUserMessages: Late EndPlayMap Detection: Level '/Game/FirstPersonBP/Maps/FirstPersonExampleMap.FirstPersonExampleMap:PersistentLevel' has LevelScriptBlueprint '/Game/FirstPersonBP/Maps/FirstPersonExampleMap.FirstPersonExampleMap:PersistentLevel.FirstPersonExampleMap' with GeneratedClass '/Game/FirstPersonBP/Maps/FirstPersonExampleMap.FirstPersonExampleMap_C' with ClassGeneratedBy '/Game/FirstPersonBP/Maps/FirstPersonExampleMap.FirstPersonExampleMap:PersistentLevel.FirstPersonExampleMap'
[2017.01.26-12.29.52:614][718]LogEditorViewport: Clicking on Actor (LMB): StaticMeshActor (Floor)
[2017.01.26-12.29.53:061][744]Cmd: OBJ SAVEPACKAGE PACKAGE="/Game/FirstPersonBP/Maps/FirstPersonExampleMap" FILE="D:/Descension/Content/FirstPersonBP/Maps/FirstPersonExampleMap.umap" SILENT=true AUTOSAVING=false KEEPDIRTY=false
[2017.01.26-12.29.54:012][744]LogSavePackage: Save=926.12ms
[2017.01.26-12.29.54:012][744]LogSavePackage: Moving 'D:/Descension/Saved/FirstPersonExampleMap5291D263460A8F3A05D963BE67A5351C.tmp' to 'D:/Descension/Content/FirstPersonBP/Maps/FirstPersonExampleMap.umap'
[2017.01.26-12.29.54:015][744]LogSavePackage:Display: Finished SavePackage D:/Descension/Content/FirstPersonBP/Maps/FirstPersonExampleMap.umap
[2017.01.26-12.29.54:031][744]LogFileHelpers: Saving map 'FirstPersonExampleMap' took 1.003
[2017.01.26-12.29.54:052][744]Cmd: OBJ SAVEPACKAGE PACKAGE="/Game/FirstPersonBP/Blueprints/FirstPersonCharacter" FILE="D:/Descension/Content/FirstPersonBP/Blueprints/FirstPersonCharacter.uasset" SILENT=true
[2017.01.26-12.29.54:123][744]LogSavePackage: Save=66.84ms
[2017.01.26-12.29.54:123][744]LogSavePackage: Moving 'D:/Descension/Saved/FirstPersonCharacter3531EEF6470A94E8BE846BABF61966F8.tmp' to 'D:/Descension/Content/FirstPersonBP/Blueprints/FirstPersonCharacter.uasset'
[2017.01.26-12.29.54:124][744]LogSavePackage:Display: Finished SavePackage D:/Descension/Content/FirstPersonBP/Blueprints/FirstPersonCharacter.uasset
[2017.01.26-12.29.55:433][829]LogWindowsTextInputMethodSystem:Display: IME system now deactivated.
[2017.01.26-12.29.55:596][830]Cmd: QUIT_EDITOR
[2017.01.26-12.29.56:517][830]LogExit: Preparing to exit.
[2017.01.26-12.29.57:259][830]LogExit: Editor shut down
[2017.01.26-12.29.57:259][830]LogExit: Transaction tracking system shut down
[2017.01.26-12.29.57:416][830]LogObj: Freed 0b from 0 cluster array pools.
[2017.01.26-12.29.57:417][830]LogExit: Object subsystem successfully closed.
[2017.01.26-12.29.57:425][830]LogD3D11RHI: Shutdown
[2017.01.26-12.29.57:425][830]LogD3D11RHI: CleanupD3DDevice
[2017.01.26-12.29.57:473][830]LogD3D11RHI: ~FD3D11DynamicRHI
[2017.01.26-12.29.57:478][830]LogModuleManager: Shutting down and abandoning module MovieSceneCapture (210)
[2017.01.26-12.29.57:478][830]LogModuleManager: Shutting down and abandoning module BlueprintGraph (209)
[2017.01.26-12.29.57:478][830]LogModuleManager: Shutting down and abandoning module HierarchicalLODOutliner (208)
[2017.01.26-12.29.57:478][830]LogModuleManager: Shutting down and abandoning module WidgetCarousel (207)
[2017.01.26-12.29.57:478][830]LogModuleManager: Shutting down and abandoning module AddContentDialog (206)
[2017.01.26-12.29.57:479][830]LogModuleManager: Shutting down and abandoning module GameplayTags (205)
[2017.01.26-12.29.57:479][830]LogModuleManager: Shutting down and abandoning module EditorWidgets (204)
[2017.01.26-12.29.57:479][830]LogModuleManager: Shutting down and abandoning module CollectionManager (203)
[2017.01.26-12.29.57:479][830]LogModuleManager: Shutting down and abandoning module CrashTracker (202)
[2017.01.26-12.29.57:479][830]LogModuleManager: Shutting down and abandoning module SceneOutliner (201)
[2017.01.26-12.29.57:479][830]LogModuleManager: Shutting down and abandoning module StatsViewer (200)
[2017.01.26-12.29.57:479][830]LogModuleManager: Shutting down and abandoning module FoliageEdit (199)
[2017.01.26-12.29.57:479][830]LogModuleManager: Shutting down and abandoning module LandscapeEditor (198)
[2017.01.26-12.29.57:480][830]LogModuleManager: Shutting down and abandoning module SceneDepthPickerMode (197)
[2017.01.26-12.29.57:480][830]LogModuleManager: Shutting down and abandoning module ActorPickerMode (196)
[2017.01.26-12.29.57:480][830]LogModuleManager: Shutting down and abandoning module GeometryMode (195)
[2017.01.26-12.29.57:480][830]LogModuleManager: Shutting down and abandoning module TextureAlignMode (194)
[2017.01.26-12.29.57:480][830]LogModuleManager: Shutting down and abandoning module BspMode (193)
[2017.01.26-12.29.57:480][830]LogModuleManager: Shutting down and abandoning module HardwareSurvey (192)
[2017.01.26-12.29.57:480][830]LogModuleManager: Shutting down and abandoning module SequenceRecorderSections (191)
[2017.01.26-12.29.57:480][830]LogModuleManager: Shutting down and abandoning module SequenceRecorder (190)
[2017.01.26-12.29.57:480][830]LogModuleManager: Shutting down and abandoning module AutomationWorker (189)
[2017.01.26-12.29.57:480][830]LogModuleManager: Shutting down and abandoning module MatineeToLevelSequence (188)
[2017.01.26-12.29.57:480][830]LogModuleManager: Shutting down and abandoning module PlacementMode (187)
[2017.01.26-12.29.57:480][830]LogModuleManager: Shutting down and abandoning module LevelSequenceEditor (186)
[2017.01.26-12.29.57:480][830]LogModuleManager: Shutting down and abandoning module CharacterAI (185)
[2017.01.26-12.29.57:480][830]LogModuleManager: Shutting down and abandoning module SmartSnapping (184)
[2017.01.26-12.29.57:480][830]LogModuleManager: Shutting down and abandoning module SessionServices (183)
[2017.01.26-12.29.57:480][830]LogModuleManager: Shutting down and abandoning module ViewportSnapping (182)
[2017.01.26-12.29.57:480][830]LogModuleManager: Shutting down and abandoning module LogVisualizer (181)
[2017.01.26-12.29.57:480][830]LogModuleManager: Shutting down and abandoning module GameProjectGeneration (180)
[2017.01.26-12.29.57:480][830]LogModuleManager: Shutting down and abandoning module IntroTutorials (179)
[2017.01.26-12.29.57:480][830]LogModuleManager: Shutting down and abandoning module EditorLiveStreaming (178)
[2017.01.26-12.29.57:480][830]LogModuleManager: Shutting down and abandoning module IOSPlatformEditor (177)
[2017.01.26-12.29.57:480][830]LogModuleManager: Shutting down and abandoning module HTML5PlatformEditor (176)
[2017.01.26-12.29.57:480][830]LogModuleManager: Shutting down and abandoning module AndroidDeviceDetection (175)
[2017.01.26-12.29.57:753][830]LogModuleManager: Shutting down and abandoning module AndroidPlatformEditor (174)
[2017.01.26-12.29.57:754][830]LogModuleManager: Shutting down and abandoning module IOSRuntimeSettings (173)
[2017.01.26-12.29.57:754][830]LogModuleManager: Shutting down and abandoning module AndroidRuntimeSettings (172)
[2017.01.26-12.29.57:754][830]LogModuleManager: Shutting down and abandoning module MergeActors (171)
[2017.01.26-12.29.57:754][830]LogModuleManager: Shutting down and abandoning module SizeMap (170)
[2017.01.26-12.29.57:754][830]LogModuleManager: Shutting down and abandoning module TreeMap (169)
[2017.01.26-12.29.57:754][830]LogModuleManager: Shutting down and abandoning module ReferenceViewer (168)
[2017.01.26-12.29.57:754][830]LogModuleManager: Shutting down and abandoning module LocalizationService (167)
[2017.01.26-12.29.57:754][830]LogModuleManager: Shutting down and abandoning module LocalizationDashboard (166)
[2017.01.26-12.29.57:754][830]LogModuleManager: Shutting down and abandoning module HardwareTargeting (165)
[2017.01.26-12.29.57:754][830]LogModuleManager: Shutting down and abandoning module DeviceProfileEditor (164)
[2017.01.26-12.29.57:754][830]LogModuleManager: Shutting down and abandoning module UndoHistory (163)
[2017.01.26-12.29.57:754][830]LogModuleManager: Shutting down and abandoning module UserFeedback (162)
[2017.01.26-12.29.57:754][830]LogModuleManager: Shutting down and abandoning module XmlParser (161)
[2017.01.26-12.29.57:754][830]LogModuleManager: Shutting down and abandoning module Blutility (160)
[2017.01.26-12.29.57:754][830]LogModuleManager: Shutting down and abandoning module ProjectTargetPlatformEditor (159)
[2017.01.26-12.29.57:755][830]LogModuleManager: Shutting down and abandoning module ProjectSettingsViewer (158)
[2017.01.26-12.29.57:755][830]LogModuleManager: Shutting down and abandoning module InputBindingEditor (157)
[2017.01.26-12.29.57:755][830]LogModuleManager: Shutting down and abandoning module EditorSettingsViewer (156)
[2017.01.26-12.29.57:755][830]LogModuleManager: Shutting down and abandoning module SettingsEditor (155)
[2017.01.26-12.29.57:755][830]LogModuleManager: Shutting down and abandoning module ProjectLauncher (154)
[2017.01.26-12.29.57:755][830]LogModuleManager: Shutting down and abandoning module SessionFrontend (153)
[2017.01.26-12.29.57:755][830]LogModuleManager: Shutting down and abandoning module ProfilerClient (152)
[2017.01.26-12.29.57:756][830]LogModuleManager: Shutting down and abandoning module TargetDeviceServices (151)
[2017.01.26-12.29.57:756][830]LogModuleManager: Shutting down and abandoning module DeviceManager (150)
[2017.01.26-12.29.57:820][830]LogModuleManager: Shutting down and abandoning module AutomationController (149)
[2017.01.26-12.29.57:820][830]LogModuleManager: Shutting down and abandoning module AutomationWindow (148)
[2017.01.26-12.29.57:820][830]LogModuleManager: Shutting down and abandoning module Layers (147)
[2017.01.26-12.29.57:820][830]LogModuleManager: Shutting down and abandoning module ComponentVisualizers (146)
[2017.01.26-12.29.57:820][830]LogModuleManager: Shutting down and abandoning module DetailCustomizations (145)
[2017.01.26-12.29.57:820][830]LogModuleManager: Shutting down and abandoning module PackagesDialog (144)
[2017.01.26-12.29.57:820][830]LogModuleManager: Shutting down and abandoning module Persona (143)
[2017.01.26-12.29.57:821][830]LogModuleManager: Shutting down and abandoning module Kismet (142)
[2017.01.26-12.29.57:821][830]LogModuleManager: Shutting down and abandoning module GraphEditor (141)
[2017.01.26-12.29.57:821][830]LogModuleManager: Shutting down and abandoning module ClassViewer (140)
[2017.01.26-12.29.57:821][830]LogModuleManager: Shutting down and abandoning module Toolbox (139)
[2017.01.26-12.29.57:821][830]LogModuleManager: Shutting down and abandoning module ModuleUI (138)
[2017.01.26-12.29.57:821][830]LogModuleManager: Shutting down and abandoning module MovieSceneTools (137)
[2017.01.26-12.29.57:821][830]LogModuleManager: Shutting down and abandoning module OutputLog (136)
[2017.01.26-12.29.57:821][830]LogModuleManager: Shutting down and abandoning module GammaUI (135)
[2017.01.26-12.29.57:821][830]LogModuleManager: Shutting down and abandoning module Documentation (134)
[2017.01.26-12.29.57:821][830]LogModuleManager: Shutting down and abandoning module StreamingPauseRendering (133)
[2017.01.26-12.29.57:821][830]LogModuleManager: Shutting down and abandoning module AnalyticsET (132)
[2017.01.26-12.29.57:821][830]LogModuleManager: Shutting down and abandoning module Analytics (131)
[2017.01.26-12.29.57:821][830]LogModuleManager: Shutting down and abandoning module PortalServices (130)
[2017.01.26-12.29.57:821][830]LogModuleManager: Shutting down and abandoning module PortalRpc (129)
[2017.01.26-12.29.57:821][830]LogModuleManager: Shutting down and abandoning module MessagingRpc (128)
[2017.01.26-12.29.57:822][830]LogModuleManager: Shutting down and abandoning module GameplayDebugger (127)
[2017.01.26-12.29.57:822][830]LogModuleManager: Shutting down and abandoning module AITestSuite (126)
[2017.01.26-12.29.57:822][830]LogModuleManager: Shutting down and abandoning module AIModule (125)
[2017.01.26-12.29.57:822][830]LogModuleManager: Shutting down and abandoning module ProfilerService (124)
[2017.01.26-12.29.57:955][830]LogModuleManager: Shutting down and abandoning module TaskGraph (123)
[2017.01.26-12.29.57:955][830]LogModuleManager: Shutting down and abandoning module SlateRemote (122)
[2017.01.26-12.29.57:955][830]LogModuleManager: Shutting down and abandoning module SteamVRController (121)
[2017.01.26-12.29.57:955][830]LogModuleManager: Shutting down and abandoning module SteamVR (120)
[2017.01.26-12.29.57:955][830]LogModuleManager: Shutting down and abandoning module ProceduralMeshComponent (119)
[2017.01.26-12.29.57:955][830]LogModuleManager: Shutting down and abandoning module OculusLibrary (118)
[2017.01.26-12.29.57:955][830]LogModuleManager: Shutting down and abandoning module OculusInput (117)
[2017.01.26-12.29.57:955][830]LogModuleManager: Shutting down and abandoning module CustomMeshComponent (116)
[2017.01.26-12.29.57:955][830]LogModuleManager: Shutting down and abandoning module CableComponent (115)
[2017.01.26-12.29.57:955][830]LogModuleManager: Shutting down and abandoning module ArchVisCharacter (114)
[2017.01.26-12.29.57:955][830]LogModuleManager: Shutting down and abandoning module MediaPlayerEditor (113)
[2017.01.26-12.29.57:955][830]LogModuleManager: Shutting down and abandoning module HTML5Networking (112)
[2017.01.26-12.29.57:955][830]LogModuleManager: Shutting down and abandoning module SuperSearch (111)
[2017.01.26-12.29.57:955][830]LogModuleManager: Shutting down and abandoning module SuperSearchEditor (110)
[2017.01.26-12.29.57:955][830]LogModuleManager: Shutting down and abandoning module SpeedTreeImporter (109)
[2017.01.26-12.29.57:955][830]LogModuleManager: Shutting down and abandoning module PluginBrowser (108)
[2017.01.26-12.29.57:955][830]LogModuleManager: Shutting down and abandoning module EpicSurvey (107)
[2017.01.26-12.29.57:955][830]LogModuleManager: Shutting down and abandoning module DesktopPlatform (106)
[2017.01.26-12.29.57:955][830]LogModuleManager: Shutting down and abandoning module VisualStudioSourceCodeAccess (105)
[2017.01.26-12.29.57:955][830]LogModuleManager: Shutting down and abandoning module UObjectPlugin (104)
[2017.01.26-12.29.57:955][830]LogModuleManager: Shutting down and abandoning module SubversionSourceControl (103)
[2017.01.26-12.29.57:956][830]LogModuleManager: Shutting down and abandoning module PerforceSourceControl (102)
[2017.01.26-12.29.57:956][830]LogModuleManager: Shutting down and abandoning module SourceControl (101)
[2017.01.26-12.29.57:956][830]LogModuleManager: Shutting down and abandoning module GitSourceControl (100)
[2017.01.26-12.29.57:956][830]LogModuleManager: Shutting down and abandoning module LightPropagationVolumeEditor (99)
[2017.01.26-12.29.57:956][830]LogModuleManager: Shutting down and abandoning module PaperTiledImporter (98)
[2017.01.26-12.29.57:956][830]LogModuleManager: Shutting down and abandoning module PaperSpriteSheetImporter (97)
[2017.01.26-12.29.57:956][830]LogModuleManager: Shutting down and abandoning module MeshPaint (96)
[2017.01.26-12.29.57:956][830]LogModuleManager: Shutting down and abandoning module PixelInspectorModule (95)
[2017.01.26-12.29.57:956][830]LogModuleManager: Shutting down and abandoning module HotReload (94)
[2017.01.26-12.29.57:957][830]LogModuleManager: Shutting down and abandoning module MainFrame (93)
[2017.01.26-12.29.57:957][830]LogModuleManager: Shutting down and abandoning module LevelEditor (92)
[2017.01.26-12.29.57:959][830]LogModuleManager: Shutting down and abandoning module ContentBrowser (91)
[2017.01.26-12.29.57:961][830]LogModuleManager: Shutting down and abandoning module Paper2DEditor (90)
[2017.01.26-12.29.57:961][830]LogModuleManager: Shutting down and abandoning module UdpMessaging (89)
[2017.01.26-12.29.58:061][830]LogModuleManager: Shutting down and abandoning module LightPropagationVolumeRuntime (88)
[2017.01.26-12.29.58:061][830]LogModuleManager: Shutting down and abandoning module Paper2D (87)
[2017.01.26-12.29.58:061][830]LogModuleManager: Shutting down and abandoning module WindowsMoviePlayer (86)
[2017.01.26-12.29.58:061][830]LogModuleManager: Shutting down and abandoning module Media (85)
[2017.01.26-12.29.58:061][830]LogModuleManager: Shutting down and abandoning module WmfMedia (84)
[2017.01.26-12.29.58:064][830]LogModuleManager: Shutting down and abandoning module MediaAssets (83)
[2017.01.26-12.29.58:064][830]LogModuleManager: Shutting down and abandoning module GameLiveStreaming (82)
[2017.01.26-12.29.58:064][830]LogModuleManager: Shutting down and abandoning module GameplayTagsEditor (81)
[2017.01.26-12.29.58:064][830]LogModuleManager: Shutting down and abandoning module OnlineBlueprintSupport (80)
[2017.01.26-12.29.58:064][830]LogModuleManager: Shutting down and abandoning module VREditor (79)
[2017.01.26-12.29.58:064][830]LogModuleManager: Shutting down and abandoning module GameplayTasksEditor (78)
[2017.01.26-12.29.58:064][830]LogModuleManager: Shutting down and abandoning module PropertyEditor (77)
[2017.01.26-12.29.58:064][830]LogModuleManager: Shutting down and abandoning module BehaviorTreeEditor (76)
[2017.01.26-12.29.58:064][830]LogModuleManager: Shutting down and abandoning module FunctionalTesting (75)
[2017.01.26-12.29.58:064][830]LogModuleManager: Shutting down and abandoning module CollisionAnalyzer (74)
[2017.01.26-12.29.58:064][830]LogModuleManager: Shutting down and abandoning module Sequencer (73)
[2017.01.26-12.29.58:065][830]LogModuleManager: Shutting down and abandoning module WorkspaceMenuStructure (72)
[2017.01.26-12.29.58:065][830]LogModuleManager: Shutting down and abandoning module MessageLog (71)
[2017.01.26-12.29.58:065][830]LogModuleManager: Shutting down and abandoning module AssetTools (70)
[2017.01.26-12.29.58:065][830]LogModuleManager: Shutting down and abandoning module UMGEditor (69)
[2017.01.26-12.29.58:065][830]LogModuleManager: Shutting down and abandoning module UMG (68)
[2017.01.26-12.29.58:065][830]LogModuleManager: Shutting down and abandoning module SlateReflector (67)
[2017.01.26-12.29.58:065][830]LogModuleManager: Shutting down and abandoning module Slate (66)
[2017.01.26-12.29.58:065][830]LogModuleManager: Shutting down and abandoning module EditorStyle (65)
[2017.01.26-12.29.58:072][830]LogModuleManager: Shutting down and abandoning module SourceCodeAccess (64)
[2017.01.26-12.29.58:072][830]LogModuleManager: Shutting down and abandoning module HeadMountedDisplay (63)
[2017.01.26-12.29.58:072][830]LogModuleManager: Shutting down and abandoning module XAudio2 (62)
[2017.01.26-12.29.58:072][830]LogModuleManager: Shutting down and abandoning module Networking (60)
[2017.01.26-12.29.58:072][830]LogModuleManager: Shutting down and abandoning module Core (59)
[2017.01.26-12.29.58:072][830]LogModuleManager: Shutting down and abandoning module DirectoryWatcher (58)
[2017.01.26-12.29.58:073][830]LogModuleManager: Shutting down and abandoning module AssetRegistry (57)
[2017.01.26-12.29.58:315][830]LogModuleManager: Shutting down and abandoning module KismetCompiler (56)
[2017.01.26-12.29.58:315][830]LogModuleManager: Shutting down and abandoning module PhysXFormats (55)
[2017.01.26-12.29.58:315][830]LogModuleManager: Shutting down and abandoning module MeshUtilities (54)
[2017.01.26-12.29.58:315][830]LogModuleManager: Shutting down and abandoning module DerivedDataCache (53)
[2017.01.26-12.29.58:398][830]LogDerivedDataCache: Shutdown
[2017.01.26-12.29.58:398][830]LogModuleManager: Shutting down and abandoning module MetalShaderFormat (52)
[2017.01.26-12.29.58:398][830]LogModuleManager: Shutting down and abandoning module VulkanShaderFormat (51)
[2017.01.26-12.29.58:398][830]LogModuleManager: Shutting down and abandoning module ShaderFormatD3D (50)
[2017.01.26-12.29.58:398][830]LogModuleManager: Shutting down and abandoning module ShaderFormatOpenGL (49)
[2017.01.26-12.29.58:398][830]LogModuleManager: Shutting down and abandoning module TextureFormatUncompressed (48)
[2017.01.26-12.29.58:398][830]LogModuleManager: Shutting down and abandoning module ImageWrapper (47)
[2017.01.26-12.29.58:398][830]LogModuleManager: Shutting down and abandoning module TextureFormatASTC (46)
[2017.01.26-12.29.58:398][830]LogModuleManager: Shutting down and abandoning module TextureFormatPVR (45)
[2017.01.26-12.29.58:398][830]LogModuleManager: Shutting down and abandoning module TextureFormatDXT (44)
[2017.01.26-12.29.58:398][830]LogModuleManager: Shutting down and abandoning module TextureFormatIntelISPCTexComp (43)
[2017.01.26-12.29.58:398][830]LogModuleManager: Shutting down and abandoning module AudioFormatOpus (42)
[2017.01.26-12.29.58:398][830]LogModuleManager: Shutting down and abandoning module AudioFormatOgg (41)
[2017.01.26-12.29.58:398][830]LogModuleManager: Shutting down and abandoning module AudioFormatADPCM (40)
[2017.01.26-12.29.58:398][830]LogModuleManager: Shutting down and abandoning module TVOSTargetPlatform (39)
[2017.01.26-12.29.58:398][830]LogModuleManager: Shutting down and abandoning module Messaging (38)
[2017.01.26-12.29.58:398][830]LogModuleManager: Shutting down and abandoning module IOSTargetPlatform (37)
[2017.01.26-12.29.58:398][830]LogModuleManager: Shutting down and abandoning module HTML5TargetPlatform (36)
[2017.01.26-12.29.58:398][830]LogModuleManager: Shutting down and abandoning module Android_MultiTargetPlatform (35)
[2017.01.26-12.29.58:398][830]LogModuleManager: Shutting down and abandoning module Android_ASTCTargetPlatform (34)
[2017.01.26-12.29.58:398][830]LogModuleManager: Shutting down and abandoning module Android_ETC2TargetPlatform (33)
[2017.01.26-12.29.58:398][830]LogModuleManager: Shutting down and abandoning module Android_ETC1TargetPlatform (32)
[2017.01.26-12.29.58:398][830]LogModuleManager: Shutting down and abandoning module Android_DXTTargetPlatform (31)
[2017.01.26-12.29.58:398][830]LogModuleManager: Shutting down and abandoning module Android_ATCTargetPlatform (30)
[2017.01.26-12.29.58:398][830]LogModuleManager: Shutting down and abandoning module Android_PVRTCTargetPlatform (29)
[2017.01.26-12.29.58:398][830]LogModuleManager: Shutting down and abandoning module AndroidTargetPlatform (28)
[2017.01.26-12.29.58:398][830]LogModuleManager: Shutting down and abandoning module AllDesktopTargetPlatform (27)
[2017.01.26-12.29.58:398][830]LogModuleManager: Shutting down and abandoning module WindowsClientTargetPlatform (26)
[2017.01.26-12.29.58:398][830]LogModuleManager: Shutting down and abandoning module WindowsServerTargetPlatform (25)
[2017.01.26-12.29.58:398][830]LogModuleManager: Shutting down and abandoning module WindowsNoEditorTargetPlatform (24)
[2017.01.26-12.29.58:398][830]LogModuleManager: Shutting down and abandoning module WindowsTargetPlatform (23)
[2017.01.26-12.29.58:398][830]LogModuleManager: Shutting down and abandoning module TargetPlatform (22)
[2017.01.26-12.29.58:398][830]LogModuleManager: Shutting down and abandoning module InputCore (21)
[2017.01.26-12.29.58:398][830]LogModuleManager: Shutting down and abandoning module Settings (20)
[2017.01.26-12.29.58:398][830]LogModuleManager: Shutting down and abandoning module OnlineSubsystem (18)
[2017.01.26-12.29.58:398][830]LogModuleManager: Shutting down and abandoning module HTTP (17)
[2017.01.26-12.30.01:908][830]LogModuleManager: Shutting down and abandoning module OculusRift (16)
[2017.01.26-12.30.01:908][830]LogModuleManager: Shutting down and abandoning module ExampleDeviceProfileSelector (15)
[2017.01.26-12.30.01:908][830]LogModuleManager: Shutting down and abandoning module TextureCompressor (14)
[2017.01.26-12.30.01:908][830]LogModuleManager: Shutting down and abandoning module ShaderCore (13)
[2017.01.26-12.30.01:908][830]LogModuleManager: Shutting down and abandoning module Landscape (12)
[2017.01.26-12.30.01:908][830]LogModuleManager: Shutting down and abandoning module SlateRHIRenderer (11)
[2017.01.26-12.30.01:910][830]LogModuleManager: Shutting down and abandoning module OpenGLDrv (10)
[2017.01.26-12.30.01:910][830]LogModuleManager: Shutting down and abandoning module D3D11RHI (9)
[2017.01.26-12.30.01:910][830]LogModuleManager: Shutting down and abandoning module AnimGraphRuntime (8)
[2017.01.26-12.30.01:910][830]LogModuleManager: Shutting down and abandoning module Renderer (7)
[2017.01.26-12.30.01:910][830]LogModuleManager: Shutting down and abandoning module Engine (6)
[2017.01.26-12.30.01:910][830]LogModuleManager: Shutting down and abandoning module CoreUObject (5)
[2017.01.26-12.30.01:910][830]LogModuleManager: Shutting down and abandoning module NetworkFile (4)
[2017.01.26-12.30.01:910][830]LogModuleManager: Shutting down and abandoning module StreamingFile (3)
[2017.01.26-12.30.01:910][830]LogModuleManager: Shutting down and abandoning module SandboxFile (2)
[2017.01.26-12.30.01:910][830]LogModuleManager: Shutting down and abandoning module PakFile (1)
[2017.01.26-12.30.01:911][830]LogExit: Exiting.
[2017.01.26-12.30.01:919][830]Log file closed, 01/26/17 12:30:01
