Log file open, 02/08/17 01:35:51
LogInit:Display: Running engine for game: Inventory
LogPlatformFile: Not using cached read wrapper
LogInit:Display: RandInit(1177696605) SRandInit(1177696606).
LogTaskGraph: Started task graph with 4 named threads and 7 total threads with 1 sets of task threads.
LogStats: Stats thread started at 0.062645
LogInit: Version: 4.12.5-3039270+++UE4+Release-4.12
LogInit: API Version: 2992821
LogInit: Net Version: 3039270
LogDevObjectVersion: Number of dev versions registered: 13
LogDevObjectVersion:   Dev-Blueprints (B0D832E4-1F89-4F0D-ACCF-7EB736FD4AA2): 3
LogDevObjectVersion:   Dev-Build (E1C64328-A22C-4D53-A36C-8E866417BD8C): 0
LogDevObjectVersion:   Dev-Core (375EC13C-06E4-48FB-B500-84F0262A717E): 1
LogDevObjectVersion:   Dev-Editor (E4B068ED-F494-42E9-A231-DA0B2E46BB41): 2
LogDevObjectVersion:   Dev-Framework (CFFC743F-43B0-4480-9391-14DF171D2073): 6
LogDevObjectVersion:   Dev-Mobile (B02B49B5-BB20-44E9-A304-32B752E40360): 0
LogDevObjectVersion:   Dev-Networking (A4E4105C-59A1-49B5-A7C5-40C4547EDFEE): 0
LogDevObjectVersion:   Dev-Online (39C831C9-5AE6-47DC-9A44-9C173E1C8E7C): 0
LogDevObjectVersion:   Dev-Physics (78F01B33-EBEA-4F98-B9B4-84EACCB95AA2): 0
LogDevObjectVersion:   Dev-Platform (6631380F-2D4D-43E0-8009-CF276956A95A): 0
LogDevObjectVersion:   Dev-Rendering (12F88B9F-8875-4AFC-A67C-D90C383ABD29): 2
LogDevObjectVersion:   Dev-Sequencer (7B5AE74C-D270-4C10-A958-57980B212A5A): 0
LogDevObjectVersion:   Dev-VR (D7296918-1DD6-4BDD-9DE2-64A83CC13884): 0
LogInit: Compiled (64-bit): Jul  6 2016 09:09:46
LogInit: Compiled with Visual C++: 19.00.23026.00
LogInit: Build Configuration: Development
LogInit: Branch Name: ++UE4+Release-4.12
LogInit: Command line: 
LogInit: Base directory: D:/Epic Games/UE_4.12/Engine/Binaries/Win64/
LogInit: Installed Engine Build: 1
LogInit: Using libcurl 7.41.0
LogInit:  - built for x86_64-pc-win32
LogInit:  - supports SSL with WinSSL
LogInit:  - other features:
LogInit:      CURL_VERSION_SSL
LogInit:      CURL_VERSION_IPV6
LogInit:      CURL_VERSION_ASYNCHDNS
LogInit:      CURL_VERSION_LARGEFILE
LogInit:      CURL_VERSION_IDN
LogInit:  CurlRequestOptions (configurable via config and command line):
LogInit:  - bVerifyPeer = true  - Libcurl will verify peer certificate
LogInit:  - bUseHttpProxy = false  - Libcurl will NOT use HTTP proxy
LogInit:  - bDontReuseConnections = false  - Libcurl will reuse connections
LogInit:  - CertBundlePath = nullptr  - Libcurl will use whatever was configured at build time.
LogInit: Presizing for max 8388607 objects, including 0 objects not considered by GC, pre-allocating 0 bytes for permanent pool.
LogInit: Object subsystem initialized
[2017.02.08-01.35.51:825][  0]LogInit: Selected Device Profile: [Windows]
[2017.02.08-01.35.51:825][  0]LogInit: Applying CVar settings loaded from the selected device profile: [Windows]
[2017.02.08-01.35.51:832][  0]LogInit: Computer: MY-CAVE
[2017.02.08-01.35.51:832][  0]LogInit: User: Michail
[2017.02.08-01.35.51:832][  0]LogInit: CPU Page size=65536, Cores=4
[2017.02.08-01.35.51:832][  0]LogInit: High frequency timer resolution =3.914064 MHz
[2017.02.08-01.35.51:832][  0]LogMemory: Memory total: Physical=15.9GB (16GB approx)
[2017.02.08-01.35.51:832][  0]LogMemory: Platform Memory Stats for Windows
[2017.02.08-01.35.51:833][  0]LogMemory: Process Physical Memory: 190.40 MB used, 190.40 MB peak
[2017.02.08-01.35.51:833][  0]LogMemory: Process Virtual Memory: 195.34 MB used, 195.34 MB peak
[2017.02.08-01.35.51:833][  0]LogMemory: Physical Memory: 5438.91 MB used, 16325.98 MB total
[2017.02.08-01.35.51:833][  0]LogMemory: Virtual Memory: 553.60 MB used, 134217728.00 MB total
[2017.02.08-01.35.51:855][  0]LogTextLocalizationManager: No specific translations for ('en-GB') exist, so ('en') translations will be used.
[2017.02.08-01.35.52:145][  0]LogD3D11RHI: D3D11 adapters:
[2017.02.08-01.35.52:568][  0]LogD3D11RHI:    0. 'NVIDIA GeForce GTX 1070' (Feature Level 11_0)
[2017.02.08-01.35.52:568][  0]LogD3D11RHI:       8119/0/8162 MB DedicatedVideo/DedicatedSystem/SharedSystem, Outputs:1, VendorId:0x10de
[2017.02.08-01.35.52:568][  0]LogD3D11RHI:    1. 'Microsoft Basic Render Driver' (Feature Level 11_0)
[2017.02.08-01.35.52:568][  0]LogD3D11RHI:       0/0/8162 MB DedicatedVideo/DedicatedSystem/SharedSystem, Outputs:0, VendorId:0x1414
[2017.02.08-01.35.52:568][  0]LogD3D11RHI: Chosen D3D11 Adapter: 0
[2017.02.08-01.35.52:572][  0]LogD3D11RHI: Creating new Direct3DDevice
[2017.02.08-01.35.52:572][  0]LogD3D11RHI:     GPU DeviceId: 0x1b81 (for the marketing name, search the web for "GPU Device Id")
[2017.02.08-01.35.52:572][  0]LogWindows: EnumDisplayDevices:
[2017.02.08-01.35.52:572][  0]LogWindows:    0. 'NVIDIA GeForce GTX 1070' (P:1 D:1)
[2017.02.08-01.35.52:572][  0]LogWindows:    1. 'NVIDIA GeForce GTX 1070' (P:0 D:0)
[2017.02.08-01.35.52:572][  0]LogWindows:    2. 'NVIDIA GeForce GTX 1070' (P:0 D:0)
[2017.02.08-01.35.52:572][  0]LogWindows:    3. 'NVIDIA GeForce GTX 1070' (P:0 D:0)
[2017.02.08-01.35.52:572][  0]LogWindows: DebugString: FoundDriverCount:4 
[2017.02.08-01.35.52:572][  0]LogD3D11RHI:     Adapter Name: NVIDIA GeForce GTX 1070
[2017.02.08-01.35.52:572][  0]LogD3D11RHI:   Driver Version: 378.49 (internal:21.21.13.7849, unified:378.49)
[2017.02.08-01.35.52:572][  0]LogD3D11RHI:      Driver Date: 1-20-2017
[2017.02.08-01.35.52:572][  0]LogRHI: Texture pool is 1361 MB (70% of 1945 MB)
[2017.02.08-01.35.52:973][  0]LogD3D11RHI: Async texture creation enabled
[2017.02.08-01.35.52:995][  0]LogD3D11RHI: GPU Timing Frequency: 1000.000000 (Debug: 2 1)
[2017.02.08-01.35.52:995][  0]LogShaderCompilers: Guid format shader working directory is -3 characters bigger than the processId version (C:/Users/Michail/Documents/Unreal Projects/Inventory/Intermediate/Shaders/WorkingDirectory/692/).
[2017.02.08-01.35.52:995][  0]LogShaderCompilers: Cleaned the shader compiler working directory 'C:/Users/Michail/AppData/Local/Temp/UnrealShaderWorkingDir/F573E4614B51909B54B2FF8DA6B0848E/'.
[2017.02.08-01.35.52:995][  0]LogShaderCompilers:Display: Using Local Shader Compiler.
[2017.02.08-01.35.53:636][  0]LogTemp:Display: Loaded TP AllDesktopTargetPlatform
[2017.02.08-01.35.53:641][  0]LogTemp:Display: Loaded TP WindowsClientTargetPlatform
[2017.02.08-01.35.53:647][  0]LogTemp:Display: Loaded TP WindowsNoEditorTargetPlatform
[2017.02.08-01.35.53:654][  0]LogTemp:Display: Loaded TP WindowsServerTargetPlatform
[2017.02.08-01.35.53:660][  0]LogTemp:Display: Loaded TP WindowsTargetPlatform
[2017.02.08-01.35.53:666][  0]LogTemp:Display: Loaded TP AndroidTargetPlatform
[2017.02.08-01.35.53:672][  0]LogTemp:Display: Loaded TP Android_ASTCTargetPlatform
[2017.02.08-01.35.53:678][  0]LogTemp:Display: Loaded TP Android_ATCTargetPlatform
[2017.02.08-01.35.53:684][  0]LogTemp:Display: Loaded TP Android_DXTTargetPlatform
[2017.02.08-01.35.53:689][  0]LogTemp:Display: Loaded TP Android_ETC1TargetPlatform
[2017.02.08-01.35.53:695][  0]LogTemp:Display: Loaded TP Android_ETC2TargetPlatform
[2017.02.08-01.35.53:707][  0]LogTemp:Display: Loaded TP Android_MultiTargetPlatform
[2017.02.08-01.35.53:707][  0]LogTemp:Display: Loaded TP Android_PVRTCTargetPlatform
[2017.02.08-01.35.53:708][  0]LogTemp:Display: Loaded TP HTML5TargetPlatform
[2017.02.08-01.35.53:726][  0]LogTemp:Display: Loaded TP IOSTargetPlatform
[2017.02.08-01.35.53:733][  0]LogTemp:Display: Loaded TP TVOSTargetPlatform
[2017.02.08-01.35.53:740][  0]LogTemp:Display: Loaded TP LinuxNoEditorTargetPlatform
[2017.02.08-01.35.53:746][  0]LogTemp:Display: Loaded TP LinuxServerTargetPlatform
[2017.02.08-01.35.53:752][  0]LogTemp:Display: Loaded TP LinuxTargetPlatform
[2017.02.08-01.35.53:752][  0]LogTargetPlatformManager:Display: Building Assets For Windows
[2017.02.08-01.35.53:789][  0]LogDerivedDataCache:Display: Max Cache Size: 512 MB
[2017.02.08-01.35.53:836][  0]LogDerivedDataCache: Loaded boot cache 0.05s 48MB C:/Users/Michail/AppData/Local/UnrealEngine/4.12/DerivedDataCache/Boot.ddc.
[2017.02.08-01.35.53:836][  0]LogDerivedDataCache:Display: Loaded Boot cache: C:/Users/Michail/AppData/Local/UnrealEngine/4.12/DerivedDataCache/Boot.ddc
[2017.02.08-01.35.53:836][  0]LogDerivedDataCache: FDerivedDataBackendGraph:  Pak pak cache file C:/Users/Michail/Documents/Unreal Projects/Inventory/DerivedDataCache/DDC.ddp not found, will not use a pak cache.
[2017.02.08-01.35.53:836][  0]LogDerivedDataCache: Unable to find inner node Pak for hierarchical cache Hierarchy.
[2017.02.08-01.35.53:837][  0]LogDerivedDataCache: FDerivedDataBackendGraph:  CompressedPak pak cache file C:/Users/Michail/Documents/Unreal Projects/Inventory/DerivedDataCache/Compressed.ddp not found, will not use a pak cache.
[2017.02.08-01.35.53:837][  0]LogDerivedDataCache: Unable to find inner node CompressedPak for hierarchical cache Hierarchy.
[2017.02.08-01.35.53:849][  0]LogDerivedDataCache:Display: Pak cache opened for reading ../../../Engine/DerivedDataCache/Compressed.ddp.
[2017.02.08-01.35.53:860][  0]LogDerivedDataCache: Using Local data cache path C:/Users/Michail/AppData/Local/UnrealEngine/Common/DerivedDataCache: Writable
[2017.02.08-01.35.53:984][  0]LogInit: Selected Device Profile: [Windows]
[2017.02.08-01.35.53:984][  0]LogContentStreaming: Texture pool size is 0.00 MB
[2017.02.08-01.35.54:088][  0]LogMeshUtilities: No automatic mesh reduction module available
[2017.02.08-01.35.54:088][  0]LogMeshUtilities: No automatic mesh merging module available
[2017.02.08-01.35.54:088][  0]LogMeshUtilities: No distributed automatic mesh merging module available
[2017.02.08-01.35.54:257][  0]LogAssetRegistry: FAssetRegistry took 0.0210 seconds to start up
[2017.02.08-01.35.54:278][  0]LogPackageLocalizationCache: Processed 3 localized package path(s) for 2 prioritized culture(s) in 0.019710 seconds
[2017.02.08-01.35.54:283][  0]LogUObjectArray: 28739 objects as part of root set at end of initial load.
[2017.02.08-01.35.54:283][  0]LogUObjectAllocator: 5855624 out of 0 bytes used by permanent object pool.
[2017.02.08-01.35.54:283][  0]LogUObjectArray: CloseDisregardForGC: 0/0 objects in disregard for GC pool
[2017.02.08-01.35.54:286][  0]LogInit: WinSock: version 1.1 (2.2), MaxSocks=32767, MaxUdp=65467
[2017.02.08-01.35.54:381][  0]LogSlate: SlateFontCache - WITH_FREETYPE: 1, WITH_HARFBUZZ: 1
[2017.02.08-01.35.54:381][  0]LogSlate: SlateFontCache - WITH_FREETYPE: 1, WITH_HARFBUZZ: 1
[2017.02.08-01.35.54:797][  0]LogUdpMessaging: Initializing bridge on interface 0.0.0.0:0 to multicast group 230.0.0.1:6666.
[2017.02.08-01.35.54:938][  0]SourceControl: Info Source control is disabled
[2017.02.08-01.35.54:961][  0]SourceControl: Info Source control is disabled
[2017.02.08-01.35.54:965][  0]SourceControl: Info Source control is disabled
[2017.02.08-01.35.54:968][  0]SourceControl: Info Source control is disabled
[2017.02.08-01.35.55:068][  0]LogEngine: Initializing Engine...
[2017.02.08-01.35.55:069][  0]LogHMD: SteamVR failed to initialize.  Err: 110
[2017.02.08-01.35.55:069][  0]LogHMD: SteamVR failed to initialize.  Err: 110
[2017.02.08-01.35.55:162][  0]LogAIModule: Creating AISystem for world NewWorld
[2017.02.08-01.35.55:167][  0]LogInit: XAudio2 using 'Headset Earphone (HyperX 7.1 Audio)' : 2 channels at 44.1 kHz using 16 bits per sample (channel mask 0x3)
[2017.02.08-01.35.55:174][  0]LogInit: FAudioDevice initialized.
[2017.02.08-01.35.55:192][  0]LogDerivedDataCache: Saved boot cache 0.02s 48MB C:/Users/Michail/AppData/Local/UnrealEngine/4.12/DerivedDataCache/Boot.ddc.
[2017.02.08-01.35.55:197][  0]LogInit: Texture streaming: Enabled
[2017.02.08-01.35.55:209][  0]LogInit: Transaction tracking system initialized
[2017.02.08-01.35.55:218][  0]BlueprintLog: New page: Editor Load
[2017.02.08-01.35.55:249][  0]LocalizationService: Info Localization service is disabled
[2017.02.08-01.35.55:282][  0]LogConsoleResponse:Display: 
[2017.02.08-01.35.55:356][  0]LogCook:Display: Max memory allowance for cook 8192mb
[2017.02.08-01.35.55:356][  0]LogCook:Display: Mobile HDR setting 1
[2017.02.08-01.35.55:399][  0]LogFileCache: Scanning file cache for directory 'C:/Users/Michail/Documents/Unreal Projects/Inventory/Content/' took 0.01s
[2017.02.08-01.35.55:399][  0]SourceControl: Info Source control is disabled
[2017.02.08-01.35.55:472][  0]LogWindowsTextInputMethodSystem:Display: IME system now deactivated.
[2017.02.08-01.36.05:385][  0]LogWindowsTextInputMethodSystem:Display: IME system now deactivated.
[2017.02.08-01.36.05:405][  0]LogWindowsTextInputMethodSystem:Display: IME system now deactivated.
[2017.02.08-01.36.49:029][  0]LogWindowsTextInputMethodSystem:Display: IME system now deactivated.
[2017.02.08-01.36.49:060][  0]LogWindowsTextInputMethodSystem:Display: IME system now deactivated.
[2017.02.08-01.36.49:060][  0]Cmd: MAP LOAD FILE="C:/Users/Michail/Documents/Unreal Projects/Inventory/Content/FirstPersonBP/Maps/FirstPersonExampleMap.umap" TEMPLATE=0 SHOWPROGRESS=1 FEATURELEVEL=3
[2017.02.08-01.36.49:061][  0]LightingResults: New page: Lighting Build
[2017.02.08-01.36.49:062][  0]MapCheck: New page: Map Check
[2017.02.08-01.36.49:062][  0]LightingResults: New page: Lighting Build
[2017.02.08-01.36.49:396][  0]LogAIModule: Creating AISystem for world FirstPersonExampleMap
[2017.02.08-01.36.49:403][  0]LogEditorServer: Finished looking for orphan Actors (0.000 secs)
[2017.02.08-01.36.49:403][  0]Cmd: MAP CHECKDEP NOCLEARLOG
[2017.02.08-01.36.49:427][  0]MapCheck: Info Map check complete: 0 Error(s), 0 Warning(s), took 23.707ms to complete.
[2017.02.08-01.36.49:427][  0]LogFileHelpers: Loading map 'FirstPersonExampleMap' took 0.367
[2017.02.08-01.36.49:484][  0]LogStats:Warning: MetaData mismatch. Did you assign a stat to two groups? New //STATGROUP_Threads//SplashScreenThread///Thread_40d4_0///####STATCAT_Advanced#### old //STATGROUP_Threads//SplashScreenThread///Thread_a058_0///####STATCAT_Advanced####
[2017.02.08-01.36.49:484][  0]LogCollectionManager: Loaded 0 collections in 0.000793 seconds
[2017.02.08-01.36.49:521][  0]LogFileCache: Scanning file cache for directory 'C:/Users/Michail/Documents/Unreal Projects/Inventory/Saved/Collections/' took 0.01s
[2017.02.08-01.36.49:521][  0]LogFileCache: Scanning file cache for directory 'C:/Users/Michail/Documents/Unreal Projects/Inventory/Content/Developers/Michail/Collections/' took 0.01s
[2017.02.08-01.36.49:521][  0]LogFileCache: Scanning file cache for directory 'C:/Users/Michail/Documents/Unreal Projects/Inventory/Content/Collections/' took 0.01s
[2017.02.08-01.36.49:521][  0]LogCollectionManager: Rebuilt the GUID cache for 0 collections in 0.000002 seconds
[2017.02.08-01.36.49:526][  0]LogContentBrowser: Native class hierarchy populated in 0.0056 seconds. Added 2047 classes and 369 folders.
[2017.02.08-01.36.49:528][  0]LogStats: UGameplayTagsManager::ConstructGameplayTagTree: Construct from data asset -  0.000 s
[2017.02.08-01.36.49:528][  0]LogStats: UGameplayTagsManager::ConstructGameplayTagTree: GameplayTagTreeChangedEvent.Broadcast -  0.000 s
[2017.02.08-01.36.49:529][  0]LogContentBrowser: Native class hierarchy updated for 'GameplayTags' in 0.0003 seconds. Added 12 classes and 0 folders.
[2017.02.08-01.36.49:530][  0]LogContentBrowser: Native class hierarchy updated for 'WidgetCarousel' in 0.0002 seconds. Added 0 classes and 0 folders.
[2017.02.08-01.36.49:553][  0]LogContentBrowser: Native class hierarchy updated for 'AddContentDialog' in 0.0003 seconds. Added 0 classes and 0 folders.
[2017.02.08-01.36.49:555][  0]LogContentBrowser: Native class hierarchy updated for 'SceneOutliner' in 0.0003 seconds. Added 1 classes and 2 folders.
[2017.02.08-01.36.49:563][  0]LogCrashTracker: Crashtracker disabled due to settings.
[2017.02.08-01.36.49:567][  0]LogUObjectGlobals:Warning: Failed to find object 'Class None.'
[2017.02.08-01.36.49:591][  0]LogContentBrowser: Native class hierarchy updated for 'HierarchicalLODOutliner' in 0.0003 seconds. Added 1 classes and 2 folders.
[2017.02.08-01.36.49:591][  0]LogLoad: Full Startup: 58.23 seconds (BP compile: 0.07 seconds)
[2017.02.08-01.36.49:591][  0]LogExternalProfiler: Found external profiler: VSPerf
[2017.02.08-01.36.49:591][  0]LogExternalProfiler: Using external profiler: VSPerf
[2017.02.08-01.36.49:602][  0]LogOcInput: OculusInput pre-init called
[2017.02.08-01.36.49:618][  0]LogContentStreaming: Texture pool size now 1000 MB
[2017.02.08-01.36.49:733][  0]LogRenderer: Reallocating scene render targets to support 1208x576 (Frame:2).
[2017.02.08-01.36.49:789][  1]LogAssetRegistry: Asset discovery search completed in 55.5527 seconds
[2017.02.08-01.36.49:789][  1]LogCollectionManager: Rebuilt the object cache for 0 collections in 0.000001 seconds (found 0 objects)
[2017.02.08-01.36.49:789][  1]LogCollectionManager: Fixed up redirectors for 0 collections in 0.000015 seconds (updated 0 objects)
[2017.02.08-01.36.54:983][586]LogContentBrowser: Native class hierarchy updated for 'BlueprintGraph' in 0.0005 seconds. Added 111 classes and 0 folders.
[2017.02.08-01.38.42:771][207]LogBlueprint:Warning: Compiler Warning Pasted node  CustomEvent   conflicted with  Event BeginPlay  and was replaced as a Custom Event!
[2017.02.08-01.38.42:793][207]BlueprintEditorCompileResults:Warning: Warning Pasted node  CustomEvent   conflicted with  Event BeginPlay  and was replaced as a Custom Event!
[2017.02.08-01.39.43:204][360]LogEditorTransaction: Undo Move Node
[2017.02.08-01.39.43:991][444]LogEditorTransaction: Undo Paste clipboard contents
[2017.02.08-01.41.11:200][895]LogEditorTransaction: Undo Rename Variable
[2017.02.08-01.41.12:392][ 24]LogEditorTransaction: Undo Promote To Variable
[2017.02.08-01.41.14:183][229]LogEditorTransaction: Redo Promote To Variable
[2017.02.08-01.41.15:923][423]LogEditorTransaction: Redo Rename Variable
[2017.02.08-01.41.17:889][646]LogEditorTransaction: Undo Rename Variable
[2017.02.08-01.41.18:561][717]LogEditorTransaction: Redo Rename Variable
[2017.02.08-01.45.07:426][272]LogEditorTransaction: Undo Create Pin Link
[2017.02.08-01.45.07:865][321]LogEditorTransaction: Undo Create Pin Link
[2017.02.08-01.45.09:315][485]LogEditorTransaction: Undo Create Pin Link
[2017.02.08-01.45.09:481][496]LogEditorTransaction: Undo Create Pin Link
[2017.02.08-01.45.11:677][750]LogEditorTransaction: Undo Create Pin Link
[2017.02.08-01.45.11:818][758]LogEditorTransaction: Undo Break Pin Links
[2017.02.08-01.45.11:956][765]LogEditorTransaction: Undo Create Pin Link
[2017.02.08-01.45.12:098][773]LogEditorTransaction: Undo Break Pin Links
[2017.02.08-01.45.12:232][780]LogEditorTransaction: Undo Create Pin Link
[2017.02.08-01.45.12:356][786]LogEditorTransaction: Undo Create Pin Link
[2017.02.08-01.45.12:481][792]LogEditorTransaction: Undo Break Pin Links
[2017.02.08-01.45.12:636][801]LogEditorTransaction: Undo Create Pin Link
[2017.02.08-01.45.12:763][816]LogEditorTransaction: Undo Create Pin Link
[2017.02.08-01.45.12:923][835]LogEditorTransaction: Undo Create Pin Link
[2017.02.08-01.45.13:207][860]LogEditorTransaction: Undo Create Pin Link
[2017.02.08-01.45.13:382][872]LogEditorTransaction: Undo Create Pin Link
[2017.02.08-01.45.13:524][880]LogEditorTransaction: Undo Create Pin Link
[2017.02.08-01.45.13:650][886]LogEditorTransaction: Undo Move Node
[2017.02.08-01.45.13:808][896]LogEditorTransaction: Undo Move Node
[2017.02.08-01.45.13:924][901]LogEditorTransaction: Undo Move Node
[2017.02.08-01.45.14:058][908]LogEditorTransaction: Undo Move Node
[2017.02.08-01.45.14:208][917]LogEditorTransaction: Undo Add Node
[2017.02.08-01.45.14:333][923]LogEditorTransaction: Undo Rename Variable
[2017.02.08-01.45.14:451][927]LogEditorTransaction: Undo Promote To Variable
[2017.02.08-01.45.14:583][933]LogEditorTransaction: Undo Move Node
[2017.02.08-01.45.14:710][939]LogEditorTransaction: Undo Change Class Pin Value
[2017.02.08-01.45.14:829][944]LogEditorTransaction: Undo Move Node
[2017.02.08-01.45.15:693][ 39]LogEditorTransaction: Redo Move Node
[2017.02.08-01.45.16:276][100]LogEditorTransaction: Undo Move Node
[2017.02.08-01.45.16:434][110]LogEditorTransaction: Undo Break Pin Link
[2017.02.08-01.45.16:542][114]LogEditorTransaction: Undo Create Pin Link
[2017.02.08-01.45.16:736][137]LogEditorTransaction: Undo Move Node
[2017.02.08-01.45.17:293][195]LogEditorTransaction: Redo Move Node
[2017.02.08-01.45.17:700][235]LogEditorTransaction: Redo Create Pin Link
[2017.02.08-01.45.18:153][289]LogEditorTransaction: Redo Break Pin Link
[2017.02.08-01.45.18:627][337]LogEditorTransaction: Undo Break Pin Link
[2017.02.08-01.45.35:707][372]LogEditorTransaction: Undo Straighten Connection(s)
[2017.02.08-01.45.47:222][737]LogEditorTransaction: Undo Create Pin Link
[2017.02.08-01.45.47:605][773]LogEditorTransaction: Undo Break Pin Link
[2017.02.08-01.45.48:677][892]LogEditorTransaction: Undo Create Pin Link
[2017.02.08-01.46.57:187][758]LogEditorTransaction: Undo Break Pin Links
[2017.02.08-01.46.57:682][807]LogEditorTransaction: Undo Create Pin Link
[2017.02.08-01.46.58:037][840]LogEditorTransaction: Undo Create Pin Link
[2017.02.08-01.46.58:364][879]LogEditorTransaction: Undo Create Pin Link
[2017.02.08-01.46.58:695][910]LogEditorTransaction: Undo Create Pin Link
[2017.02.08-01.46.59:035][949]LogEditorTransaction: Undo Break Pin Links
[2017.02.08-01.46.59:334][976]LogEditorTransaction: Undo Create Pin Link
[2017.02.08-01.46.59:716][ 13]LogEditorTransaction: Undo Break Pin Links
[2017.02.08-01.47.00:009][ 38]LogEditorTransaction: Undo Move Node
[2017.02.08-01.47.00:208][ 53]LogEditorTransaction: Undo Move Node
[2017.02.08-01.47.00:382][ 65]LogEditorTransaction: Undo Move Node
[2017.02.08-01.47.00:679][ 92]LogEditorTransaction: Undo Create Pin Link
[2017.02.08-01.47.01:006][131]LogEditorTransaction: Undo Move Node
[2017.02.08-01.47.01:313][159]LogEditorTransaction: Undo Add Node
[2017.02.08-01.47.01:627][188]LogEditorTransaction: Undo Create Pin Link
[2017.02.08-01.47.03:130][368]LogEditorTransaction: Undo Add Node
[2017.02.08-01.47.04:223][499]LogEditorTransaction: Redo Add Node
[2017.02.08-01.47.04:592][543]LogEditorTransaction: Redo Create Pin Link
[2017.02.08-01.47.05:027][595]LogEditorTransaction: Redo Add Node
[2017.02.08-01.47.05:518][645]LogEditorTransaction: Undo Add Node
[2017.02.08-01.47.17:012][994]LogEditorTransaction: Undo Add Node
[2017.02.08-01.47.51:524][396]LogSavePackage: Save=1465.26ms
[2017.02.08-01.47.51:524][396]LogSavePackage: Moving 'C:/Users/Michail/Documents/Unreal Projects/Inventory/Saved/FirstPersonExampleMap_Auto1019B60064C770F6ECD9528863345F3CA.tmp' to 'C:/Users/Michail/Documents/Unreal Projects/Inventory/Saved/Autosaves/Game/FirstPersonBP/Maps/FirstPersonExampleMap_Auto1.umap'
[2017.02.08-01.47.51:525][396]LogSavePackage:Display: Finished SavePackage C:/Users/Michail/Documents/Unreal Projects/Inventory/Saved/Autosaves/Game/FirstPersonBP/Maps/FirstPersonExampleMap_Auto1.umap
[2017.02.08-01.47.51:529][396]LogFileHelpers: Editor autosave (incl. sublevels) for '/Game/FirstPersonBP/Maps/FirstPersonExampleMap' took 1.612
[2017.02.08-01.47.51:529][396]LogFileHelpers: Editor autosave (incl. sublevels) for all levels took 1.612
[2017.02.08-01.47.51:531][396]OBJ SavePackage: Generating thumbnails for [1] asset(s) in package [/Game/FirstPersonBP/Blueprints/FirstPersonCharacter] ([1] browsable assets)...
[2017.02.08-01.47.51:540][396]OBJ SavePackage:     Rendered thumbnail for [Blueprint /Game/FirstPersonBP/Blueprints/FirstPersonCharacter.FirstPersonCharacter]
[2017.02.08-01.47.51:540][396]OBJ SavePackage: Finished generating thumbnails for package [/Game/FirstPersonBP/Blueprints/FirstPersonCharacter]
[2017.02.08-01.47.51:606][396]LogSavePackage: Save=60.99ms
[2017.02.08-01.47.51:606][396]LogSavePackage: Moving 'C:/Users/Michail/Documents/Unreal Projects/Inventory/Saved/FirstPersonCharacter_Auto15623F04F4ABA6B19AA234AAAE7589D6F.tmp' to 'C:/Users/Michail/Documents/Unreal Projects/Inventory/Saved/Autosaves/Game/FirstPersonBP/Blueprints/FirstPersonCharacter_Auto1.uasset'
[2017.02.08-01.47.51:607][396]LogSavePackage:Display: Finished SavePackage C:/Users/Michail/Documents/Unreal Projects/Inventory/Saved/Autosaves/Game/FirstPersonBP/Blueprints/FirstPersonCharacter_Auto1.uasset
[2017.02.08-01.47.51:607][396]LogFileHelpers: Auto-saving content packages took 0.077
[2017.02.08-01.48.53:465][223]LogEditorTransaction: Undo Move Node
[2017.02.08-01.48.54:060][277]LogEditorTransaction: Undo Add Node
[2017.02.08-01.48.54:999][379]LogEditorTransaction: Undo Create Pin Link
[2017.02.08-01.48.55:901][486]LogEditorTransaction: Redo Create Pin Link
[2017.02.08-01.48.57:307][654]LogEditorTransaction: Redo Add Node
[2017.02.08-01.48.57:759][694]LogEditorTransaction: Undo Add Node
[2017.02.08-01.49.05:887][614]BlueprintLog: New page: Compile FirstPersonCharacter
[2017.02.08-01.49.05:983][614]BlueprintEditorCompileResults: Info [0794.62] Compile of FirstPersonCharacter successful! [in 95 ms] (/Game/FirstPersonBP/Blueprints/FirstPersonCharacter.FirstPersonCharacter)
[2017.02.08-01.49.10:210][111]LogBlueprintUserMessages: Early PlayInEditor Detection: Level '/Game/FirstPersonBP/Maps/FirstPersonExampleMap.FirstPersonExampleMap:PersistentLevel' has LevelScriptBlueprint '/Game/FirstPersonBP/Maps/FirstPersonExampleMap.FirstPersonExampleMap:PersistentLevel.FirstPersonExampleMap' with GeneratedClass '/Game/FirstPersonBP/Maps/FirstPersonExampleMap.FirstPersonExampleMap_C' with ClassGeneratedBy '/Game/FirstPersonBP/Maps/FirstPersonExampleMap.FirstPersonExampleMap:PersistentLevel.FirstPersonExampleMap'
[2017.02.08-01.49.10:210][111]LogPlayLevel: PlayLevel: No blueprints needed recompiling
[2017.02.08-01.49.10:210][111]PIE: New page: PIE session: FirstPersonExampleMap (8 Feb 2017 01:49:10)
[2017.02.08-01.49.10:210][111]LogPlayLevel: Creating play world package: /Game/FirstPersonBP/Maps/UEDPIE_0_FirstPersonExampleMap
[2017.02.08-01.49.10:225][111]LogPlayLevel: PIE: StaticDuplicateObject took: (0.015060s)
[2017.02.08-01.49.10:226][111]LogAIModule: Creating AISystem for world FirstPersonExampleMap
[2017.02.08-01.49.10:226][111]LogPlayLevel: PIE: World Init took: (0.000658s)
[2017.02.08-01.49.10:226][111]LogPlayLevel: PIE: Created PIE world by copying editor world from /Game/FirstPersonBP/Maps/FirstPersonExampleMap.FirstPersonExampleMap to /Game/FirstPersonBP/Maps/UEDPIE_0_FirstPersonExampleMap.FirstPersonExampleMap (0.015945s)
[2017.02.08-01.49.10:244][111]LogInit: XAudio2 using 'Headset Earphone (HyperX 7.1 Audio)' : 2 channels at 44.1 kHz using 16 bits per sample (channel mask 0x3)
[2017.02.08-01.49.10:249][111]LogInit: FAudioDevice initialized.
[2017.02.08-01.49.10:303][111]LogWorld: Game class is 'FirstPersonGameMode_C'
[2017.02.08-01.49.10:306][111]LogWorld: Bringing World /Game/FirstPersonBP/Maps/UEDPIE_0_FirstPersonExampleMap.FirstPersonExampleMap up for play (max tick rate 0) at 2017.02.08-01.49.10
[2017.02.08-01.49.10:306][111]LogWorld: Bringing up level for play took: 0.002805
[2017.02.08-01.49.10:309][111]LogContentBrowser: Native class hierarchy updated for 'MovieSceneCapture' in 0.0003 seconds. Added 11 classes and 0 folders.
[2017.02.08-01.49.10:310][111]PIE: Info Play in editor start time for /Game/FirstPersonBP/Maps/UEDPIE_0_FirstPersonExampleMap 0.3
[2017.02.08-01.49.10:310][111]LogBlueprintUserMessages: Late PlayInEditor Detection: Level '/Game/FirstPersonBP/Maps/FirstPersonExampleMap.FirstPersonExampleMap:PersistentLevel' has LevelScriptBlueprint '/Game/FirstPersonBP/Maps/FirstPersonExampleMap.FirstPersonExampleMap:PersistentLevel.FirstPersonExampleMap' with GeneratedClass '/Game/FirstPersonBP/Maps/FirstPersonExampleMap.FirstPersonExampleMap_C' with ClassGeneratedBy '/Game/FirstPersonBP/Maps/FirstPersonExampleMap.FirstPersonExampleMap:PersistentLevel.FirstPersonExampleMap'
[2017.02.08-01.49.18:778][124]LogBlueprintUserMessages: Early EndPlayMap Detection: Level '/Game/FirstPersonBP/Maps/FirstPersonExampleMap.FirstPersonExampleMap:PersistentLevel' has LevelScriptBlueprint '/Game/FirstPersonBP/Maps/FirstPersonExampleMap.FirstPersonExampleMap:PersistentLevel.FirstPersonExampleMap' with GeneratedClass '/Game/FirstPersonBP/Maps/FirstPersonExampleMap.FirstPersonExampleMap_C' with ClassGeneratedBy '/Game/FirstPersonBP/Maps/FirstPersonExampleMap.FirstPersonExampleMap:PersistentLevel.FirstPersonExampleMap'
[2017.02.08-01.49.18:819][124]LogBlueprintUserMessages: Late EndPlayMap Detection: Level '/Game/FirstPersonBP/Maps/FirstPersonExampleMap.FirstPersonExampleMap:PersistentLevel' has LevelScriptBlueprint '/Game/FirstPersonBP/Maps/FirstPersonExampleMap.FirstPersonExampleMap:PersistentLevel.FirstPersonExampleMap' with GeneratedClass '/Game/FirstPersonBP/Maps/FirstPersonExampleMap.FirstPersonExampleMap_C' with ClassGeneratedBy '/Game/FirstPersonBP/Maps/FirstPersonExampleMap.FirstPersonExampleMap:PersistentLevel.FirstPersonExampleMap'
[2017.02.08-01.50.49:658][977]LogSlate:Warning: Prevented a slow task dialog from being summoned while a context menu was open
[2017.02.08-01.52.35:231][221]BlueprintLog: New page: Compile FirstPersonCharacter
[2017.02.08-01.52.35:527][221]BlueprintEditorCompileResults: Info [1004.17] Compile of FirstPersonCharacter successful! [in 295 ms] (/Game/FirstPersonBP/Blueprints/FirstPersonCharacter.FirstPersonCharacter)
[2017.02.08-01.58.20:075][345]LogSavePackage: Save=1011.83ms
[2017.02.08-01.58.20:075][345]LogSavePackage: Moving 'C:/Users/Michail/Documents/Unreal Projects/Inventory/Saved/FirstPersonExampleMap_Auto2A29BBAE046BE817B2D2C57A71BBE222E.tmp' to 'C:/Users/Michail/Documents/Unreal Projects/Inventory/Saved/Autosaves/Game/FirstPersonBP/Maps/FirstPersonExampleMap_Auto2.umap'
[2017.02.08-01.58.20:077][345]LogSavePackage:Display: Finished SavePackage C:/Users/Michail/Documents/Unreal Projects/Inventory/Saved/Autosaves/Game/FirstPersonBP/Maps/FirstPersonExampleMap_Auto2.umap
[2017.02.08-01.58.20:079][345]LogFileHelpers: Editor autosave (incl. sublevels) for '/Game/FirstPersonBP/Maps/FirstPersonExampleMap' took 1.049
[2017.02.08-01.58.20:079][345]LogFileHelpers: Editor autosave (incl. sublevels) for all levels took 1.049
[2017.02.08-01.58.20:081][345]OBJ SavePackage: Generating thumbnails for [1] asset(s) in package [/Game/FirstPersonBP/Blueprints/FirstPersonCharacter] ([1] browsable assets)...
[2017.02.08-01.58.20:090][345]OBJ SavePackage:     Rendered thumbnail for [Blueprint /Game/FirstPersonBP/Blueprints/FirstPersonCharacter.FirstPersonCharacter]
[2017.02.08-01.58.20:090][345]OBJ SavePackage: Finished generating thumbnails for package [/Game/FirstPersonBP/Blueprints/FirstPersonCharacter]
[2017.02.08-01.58.20:160][345]LogSavePackage: Save=64.71ms
[2017.02.08-01.58.20:160][345]LogSavePackage: Moving 'C:/Users/Michail/Documents/Unreal Projects/Inventory/Saved/FirstPersonCharacter_Auto2D0003DA1452D9FD63E6D88805E785F77.tmp' to 'C:/Users/Michail/Documents/Unreal Projects/Inventory/Saved/Autosaves/Game/FirstPersonBP/Blueprints/FirstPersonCharacter_Auto2.uasset'
[2017.02.08-01.58.20:162][345]LogSavePackage:Display: Finished SavePackage C:/Users/Michail/Documents/Unreal Projects/Inventory/Saved/Autosaves/Game/FirstPersonBP/Blueprints/FirstPersonCharacter_Auto2.uasset
[2017.02.08-01.58.20:162][345]LogFileHelpers: Auto-saving content packages took 0.081
[2017.02.08-02.05.39:907][322]LogEditorTransaction: Undo Create Pin Link
[2017.02.08-02.05.40:337][370]LogEditorTransaction: Undo Rename Variable
[2017.02.08-02.05.40:828][426]LogEditorTransaction: Undo Add Variable
[2017.02.08-02.05.41:674][525]LogEditorTransaction: Undo Move Node
[2017.02.08-02.05.42:820][660]LogEditorTransaction: Undo Create Pin Link
[2017.02.08-02.05.43:634][755]LogEditorTransaction: Undo Move Node
[2017.02.08-02.05.44:136][813]LogEditorTransaction: Undo Add Node
[2017.02.08-02.05.44:564][862]LogEditorTransaction: Undo Move Node
[2017.02.08-02.05.44:891][899]LogEditorTransaction: Undo Create Pin Link
[2017.02.08-02.05.45:528][973]LogEditorTransaction: Undo Move Node
[2017.02.08-02.05.45:763][999]LogEditorTransaction: Undo Add Node
[2017.02.08-02.05.45:966][ 21]LogEditorTransaction: Undo Change Bool Pin Value
[2017.02.08-02.05.46:120][ 37]LogEditorTransaction: Undo Move Node
[2017.02.08-02.05.46:289][ 55]LogEditorTransaction: Undo Create Pin Link
[2017.02.08-02.05.46:418][ 68]LogEditorTransaction: Undo Move Node
[2017.02.08-02.05.46:537][ 80]LogEditorTransaction: Undo Move Node
[2017.02.08-02.05.46:698][ 97]LogEditorTransaction: Undo Add Node
[2017.02.08-02.05.46:843][112]LogEditorTransaction: Undo Move Node
[2017.02.08-02.05.47:279][162]LogEditorTransaction: Undo Add Node
[2017.02.08-02.05.47:665][206]LogEditorTransaction: Redo Add Node
[2017.02.08-02.05.47:876][229]LogEditorTransaction: Redo Move Node
[2017.02.08-02.05.48:221][268]LogEditorTransaction: Redo Add Node
[2017.02.08-02.05.48:391][286]LogEditorTransaction: Redo Move Node
[2017.02.08-02.05.48:569][305]LogEditorTransaction: Redo Move Node
[2017.02.08-02.05.48:721][321]LogEditorTransaction: Redo Create Pin Link
[2017.02.08-02.05.48:916][342]LogEditorTransaction: Redo Move Node
[2017.02.08-02.05.49:086][360]LogEditorTransaction: Redo Change Bool Pin Value
[2017.02.08-02.05.49:414][397]LogEditorTransaction: Redo Add Node
[2017.02.08-02.05.49:618][419]LogEditorTransaction: Redo Move Node
[2017.02.08-02.05.49:905][451]LogEditorTransaction: Redo Create Pin Link
[2017.02.08-02.05.50:235][488]LogEditorTransaction: Redo Move Node
[2017.02.08-02.05.50:630][533]LogEditorTransaction: Redo Add Node
[2017.02.08-02.05.51:033][579]LogEditorTransaction: Redo Move Node
[2017.02.08-02.05.51:653][650]LogEditorTransaction: Redo Create Pin Link
[2017.02.08-02.05.51:898][677]LogEditorTransaction: Redo Move Node
[2017.02.08-02.05.52:052][693]LogEditorTransaction: Redo Add Variable
[2017.02.08-02.05.52:182][706]LogEditorTransaction: Redo Rename Variable
[2017.02.08-02.05.52:646][759]LogEditorTransaction: Undo Rename Variable
[2017.02.08-02.05.52:926][790]LogEditorTransaction: Undo Add Variable
[2017.02.08-02.05.54:959][ 31]LogEditorTransaction: Redo Add Variable
[2017.02.08-02.05.58:643][470]LogEditorTransaction: Undo Add Variable
[2017.02.08-02.05.59:129][525]LogEditorTransaction: Redo Add Variable
[2017.02.08-02.06.00:227][654]LogEditorTransaction: Redo Rename Variable
[2017.02.08-02.06.00:984][742]LogEditorTransaction: Undo Rename Variable
[2017.02.08-02.06.01:757][832]LogEditorTransaction: Redo Rename Variable
[2017.02.08-02.07.06:419][632]BlueprintLog: New page: Compile FirstPersonHUD
[2017.02.08-02.07.07:348][632]BlueprintEditorCompileResults: Info [1875.99] Compile of FirstPersonHUD successful! [in 928 ms] (/Game/FirstPersonBP/Blueprints/FirstPersonHUD.FirstPersonHUD)
[2017.02.08-02.08.01:145][788]BlueprintLog: New page: Compile FirstPersonHUD
[2017.02.08-02.08.01:226][788]BlueprintEditorCompileResults: Info [1929.87] Compile of FirstPersonHUD successful! [in 81 ms] (/Game/FirstPersonBP/Blueprints/FirstPersonHUD.FirstPersonHUD)
[2017.02.08-02.08.02:841][979]Cmd: OBJ SAVEPACKAGE PACKAGE="/Game/FirstPersonBP/Blueprints/FirstPersonHUD" FILE="C:/Users/Michail/Documents/Unreal Projects/Inventory/Content/FirstPersonBP/Blueprints/FirstPersonHUD.uasset" SILENT=true
[2017.02.08-02.08.02:863][979]LogSavePackage: Save=15.20ms
[2017.02.08-02.08.02:863][979]LogSavePackage: Moving 'C:/Users/Michail/Documents/Unreal Projects/Inventory/Saved/FirstPersonHUD7D7602084AB51A1A6BEB168AF1C7E14A.tmp' to 'C:/Users/Michail/Documents/Unreal Projects/Inventory/Content/FirstPersonBP/Blueprints/FirstPersonHUD.uasset'
[2017.02.08-02.08.02:864][979]LogSavePackage:Display: Finished SavePackage C:/Users/Michail/Documents/Unreal Projects/Inventory/Content/FirstPersonBP/Blueprints/FirstPersonHUD.uasset
[2017.02.08-02.09.03:958][512]LogSavePackage: Save=1012.86ms
[2017.02.08-02.09.03:958][512]LogSavePackage: Moving 'C:/Users/Michail/Documents/Unreal Projects/Inventory/Saved/FirstPersonExampleMap_Auto3E936ADB343099F55B269D184B4E248D0.tmp' to 'C:/Users/Michail/Documents/Unreal Projects/Inventory/Saved/Autosaves/Game/FirstPersonBP/Maps/FirstPersonExampleMap_Auto3.umap'
[2017.02.08-02.09.03:958][512]LogSavePackage:Display: Finished SavePackage C:/Users/Michail/Documents/Unreal Projects/Inventory/Saved/Autosaves/Game/FirstPersonBP/Maps/FirstPersonExampleMap_Auto3.umap
[2017.02.08-02.09.03:960][512]LogFileHelpers: Editor autosave (incl. sublevels) for '/Game/FirstPersonBP/Maps/FirstPersonExampleMap' took 1.044
[2017.02.08-02.09.03:960][512]LogFileHelpers: Editor autosave (incl. sublevels) for all levels took 1.044
[2017.02.08-02.09.03:962][512]OBJ SavePackage: Generating thumbnails for [1] asset(s) in package [/Game/FirstPersonBP/Blueprints/FirstPersonCharacter] ([1] browsable assets)...
[2017.02.08-02.09.03:971][512]OBJ SavePackage:     Rendered thumbnail for [Blueprint /Game/FirstPersonBP/Blueprints/FirstPersonCharacter.FirstPersonCharacter]
[2017.02.08-02.09.03:971][512]OBJ SavePackage: Finished generating thumbnails for package [/Game/FirstPersonBP/Blueprints/FirstPersonCharacter]
[2017.02.08-02.09.04:045][512]LogSavePackage: Save=68.07ms
[2017.02.08-02.09.04:045][512]LogSavePackage: Moving 'C:/Users/Michail/Documents/Unreal Projects/Inventory/Saved/FirstPersonCharacter_Auto3598531B64E8FED42CB5A41910857774C.tmp' to 'C:/Users/Michail/Documents/Unreal Projects/Inventory/Saved/Autosaves/Game/FirstPersonBP/Blueprints/FirstPersonCharacter_Auto3.uasset'
[2017.02.08-02.09.04:046][512]LogSavePackage:Display: Finished SavePackage C:/Users/Michail/Documents/Unreal Projects/Inventory/Saved/Autosaves/Game/FirstPersonBP/Blueprints/FirstPersonCharacter_Auto3.uasset
[2017.02.08-02.09.04:046][512]LogFileHelpers: Auto-saving content packages took 0.085
[2017.02.08-02.09.43:398][425]BlueprintLog: New page: Compile FirstPersonCharacter
[2017.02.08-02.09.43:502][425]BlueprintEditorCompileResults: Info [2032.14] Compile of FirstPersonCharacter successful! [in 103 ms] (/Game/FirstPersonBP/Blueprints/FirstPersonCharacter.FirstPersonCharacter)
[2017.02.08-02.09.43:971][469]LogSavePackage: Save=67.27ms
[2017.02.08-02.09.43:971][469]LogSavePackage: Moving 'C:/Users/Michail/Documents/Unreal Projects/Inventory/Saved/FirstPersonCharacterC54E02004F78C925C4AECD8250A0173D.tmp' to 'C:/Users/Michail/Documents/Unreal Projects/Inventory/Content/FirstPersonBP/Blueprints/FirstPersonCharacter.uasset'
[2017.02.08-02.09.43:975][469]LogSavePackage:Display: Finished SavePackage C:/Users/Michail/Documents/Unreal Projects/Inventory/Content/FirstPersonBP/Blueprints/FirstPersonCharacter.uasset
[2017.02.08-02.09.52:464][ 55]LogUObjectHash:Warning: Ambiguous search, could be K2Node_VariableSet /Game/FirstPersonBP/Blueprints/FirstPersonCharacter.FirstPersonCharacter:DisableMouseCursor.K2Node_VariableSet_114 or K2Node_VariableSet /Game/FirstPersonBP/Blueprints/FirstPersonCharacter.FirstPersonCharacter:EnableMouseCursor.K2Node_VariableSet_114
[2017.02.08-02.09.52:464][ 55]LogUObjectHash:Warning: Ambiguous search, could be K2Node_CallFunction /Game/FirstPersonBP/Blueprints/FirstPersonCharacter.FirstPersonCharacter:EnableMouseCursor.K2Node_CallFunction_3229 or K2Node_CallFunction /Game/FirstPersonBP/Blueprints/FirstPersonCharacter.FirstPersonCharacter:DisableMouseCursor.K2Node_CallFunction_3229
[2017.02.08-02.09.52:465][ 55]LogUObjectHash:Warning: Ambiguous search, could be K2Node_DynamicCast /Engine/Transient.PROTO_BP_Blueprint_0:UserConstructionScript.K2Node_DynamicCast_0 or K2Node_DynamicCast /Game/FirstPersonBP/Blueprints/FirstPersonCharacter.FirstPersonCharacter:EnableMouseCursor.K2Node_DynamicCast_0
[2017.02.08-02.09.52:465][ 55]LogUObjectHash:Warning: Ambiguous search, could be K2Node_DynamicCast /Engine/Transient.PROTO_BP_Blueprint_0:UserConstructionScript.K2Node_DynamicCast_0 or K2Node_DynamicCast /Game/FirstPersonBP/Blueprints/FirstPersonCharacter.FirstPersonCharacter:DisableMouseCursor.K2Node_DynamicCast_0
[2017.02.08-02.09.52:465][ 55]LogUObjectHash:Warning: Ambiguous search, could be K2Node_FunctionEntry /Game/FirstPersonBP/Blueprints/FirstPersonCharacter.FirstPersonCharacter:EdGraph_90.K2Node_FunctionEntry_666 or K2Node_FunctionEntry /Game/FirstPersonBP/Blueprints/FirstPersonCharacter.FirstPersonCharacter:EdGraph_87.K2Node_FunctionEntry_666
[2017.02.08-02.09.52:465][ 55]LogUObjectHash:Warning: Ambiguous search, could be K2Node_FunctionEntry /Game/FirstPersonBP/Blueprints/FirstPersonCharacter.FirstPersonCharacter:EdGraph_90.K2Node_FunctionEntry_666 or K2Node_FunctionEntry /Game/FirstPersonBP/Blueprints/FirstPersonCharacter.FirstPersonCharacter:EdGraph_84.K2Node_FunctionEntry_666
[2017.02.08-02.09.52:465][ 55]LogUObjectHash:Warning: Ambiguous search, could be K2Node_FunctionEntry /Game/FirstPersonBP/Blueprints/FirstPersonCharacter.FirstPersonCharacter:EdGraph_90.K2Node_FunctionEntry_666 or K2Node_FunctionEntry /Game/FirstPersonBP/Blueprints/FirstPersonCharacter.FirstPersonCharacter:EdGraph_82.K2Node_FunctionEntry_666
[2017.02.08-02.09.52:465][ 55]LogUObjectHash:Warning: Ambiguous search, could be K2Node_FunctionEntry /Game/FirstPersonBP/Blueprints/FirstPersonCharacter.FirstPersonCharacter:EdGraph_90.K2Node_FunctionEntry_666 or K2Node_FunctionEntry /Game/FirstPersonBP/Blueprints/FirstPersonCharacter.FirstPersonCharacter:EnableMouseCursor.K2Node_FunctionEntry_666
[2017.02.08-02.09.52:465][ 55]LogUObjectHash:Warning: Ambiguous search, could be K2Node_DynamicCast /Engine/Transient.PROTO_BP_Blueprint_0:UserConstructionScript.K2Node_DynamicCast_0 or K2Node_DynamicCast /Game/FirstPersonBP/Blueprints/FirstPersonCharacter.FirstPersonCharacter:EnableMouseCursor.K2Node_DynamicCast_0
[2017.02.08-02.09.52:465][ 55]LogUObjectHash:Warning: Ambiguous search, could be K2Node_DynamicCast /Engine/Transient.PROTO_BP_Blueprint_0:UserConstructionScript.K2Node_DynamicCast_0 or K2Node_DynamicCast /Game/FirstPersonBP/Blueprints/FirstPersonCharacter.FirstPersonCharacter:DisableMouseCursor.K2Node_DynamicCast_0
[2017.02.08-02.09.52:465][ 55]LogUObjectHash:Warning: Ambiguous search, could be K2Node_VariableSet /Game/FirstPersonBP/Blueprints/FirstPersonCharacter.FirstPersonCharacter:DisableMouseCursor.K2Node_VariableSet_214 or K2Node_VariableSet /Engine/Transient.PROTO_BP_Blueprint_0:UserConstructionScript.K2Node_VariableSet_214
[2017.02.08-02.09.52:465][ 55]LogUObjectHash:Warning: Ambiguous search, could be K2Node_VariableSet /Game/FirstPersonBP/Blueprints/FirstPersonCharacter.FirstPersonCharacter:DisableMouseCursor.K2Node_VariableSet_214 or K2Node_VariableSet /Game/FirstPersonBP/Blueprints/FirstPersonCharacter.FirstPersonCharacter:EnableMouseCursor.K2Node_VariableSet_214
[2017.02.08-02.09.52:465][ 55]LogUObjectHash:Warning: Ambiguous search, could be K2Node_VariableSet /Game/FirstPersonBP/Blueprints/FirstPersonCharacter.FirstPersonCharacter:DisableMouseCursor.K2Node_VariableSet_214 or K2Node_VariableSet /Engine/Transient.PROTO_BP_Blueprint_0:UserConstructionScript.K2Node_VariableSet_214
[2017.02.08-02.09.52:465][ 55]LogUObjectHash:Warning: Ambiguous search, could be K2Node_VariableSet /Game/FirstPersonBP/Blueprints/FirstPersonCharacter.FirstPersonCharacter:DisableMouseCursor.K2Node_VariableSet_214 or K2Node_VariableSet /Game/FirstPersonBP/Blueprints/FirstPersonCharacter.FirstPersonCharacter:EnableMouseCursor.K2Node_VariableSet_214
[2017.02.08-02.10.27:363][593]BlueprintLog: New page: Compile FirstPersonCharacter
[2017.02.08-02.10.27:472][593]BlueprintEditorCompileResults: Info [2076.11] Compile of FirstPersonCharacter successful! [in 109 ms] (/Game/FirstPersonBP/Blueprints/FirstPersonCharacter.FirstPersonCharacter)
[2017.02.08-02.17.13:816][ 65]BlueprintLog: New page: Compile FirstPersonCharacter
[2017.02.08-02.17.14:261][ 65]BlueprintEditorCompileResults: Info [2482.90] Compile of FirstPersonCharacter successful! [in 445 ms] (/Game/FirstPersonBP/Blueprints/FirstPersonCharacter.FirstPersonCharacter)
[2017.02.08-02.17.15:072][148]LogSavePackage: Save=79.24ms
[2017.02.08-02.17.15:072][148]LogSavePackage: Moving 'C:/Users/Michail/Documents/Unreal Projects/Inventory/Saved/FirstPersonCharacterFC6D8E7D4750F7600508598801FF344E.tmp' to 'C:/Users/Michail/Documents/Unreal Projects/Inventory/Content/FirstPersonBP/Blueprints/FirstPersonCharacter.uasset'
[2017.02.08-02.17.15:073][148]LogSavePackage:Display: Finished SavePackage C:/Users/Michail/Documents/Unreal Projects/Inventory/Content/FirstPersonBP/Blueprints/FirstPersonCharacter.uasset
[2017.02.08-02.18.19:739][ 72]LogActorComponent: UnregisterComponent: (/Engine/Transient.EditorFloorComp) Not registered. Aborting.
[2017.02.08-02.18.25:982][292]LogSavePackage: Save=1022.31ms
[2017.02.08-02.18.25:982][292]LogSavePackage: Moving 'C:/Users/Michail/Documents/Unreal Projects/Inventory/Saved/FirstPersonExampleMap54B2C3964BE9903934B0D2A8003619BF.tmp' to 'C:/Users/Michail/Documents/Unreal Projects/Inventory/Content/FirstPersonBP/Maps/FirstPersonExampleMap.umap'
[2017.02.08-02.18.25:987][292]LogSavePackage:Display: Finished SavePackage C:/Users/Michail/Documents/Unreal Projects/Inventory/Content/FirstPersonBP/Maps/FirstPersonExampleMap.umap
[2017.02.08-02.19.17:820][747]LogSlate:Warning: Prevented a slow task dialog from being summoned while a context menu was open
[2017.02.08-02.19.48:642][105]LogSlate:Warning: Prevented a slow task dialog from being summoned while a context menu was open
[2017.02.08-02.24.40:206][814]LogEditorTransaction: Undo Move Node
[2017.02.08-02.24.40:591][857]LogEditorTransaction: Undo Add Node
[2017.02.08-02.24.40:991][902]LogEditorTransaction: Undo Restore all struct var pins
[2017.02.08-02.24.42:682][102]LogEditorTransaction: Redo Restore all struct var pins
[2017.02.08-02.24.43:196][161]LogEditorTransaction: Redo Add Node
[2017.02.08-02.24.44:428][306]LogEditorTransaction: Redo Move Node
[2017.02.08-02.28.34:768][584]LogFileHelpers: Editor autosave (incl. sublevels) for '/Game/FirstPersonBP/Maps/FirstPersonExampleMap' took 0.039
[2017.02.08-02.28.34:769][584]OBJ SavePackage: Generating thumbnails for [1] asset(s) in package [/Game/FirstPersonBP/Blueprints/KeyPickup] ([1] browsable assets)...
[2017.02.08-02.28.34:778][584]OBJ SavePackage:     Rendered thumbnail for [Blueprint /Game/FirstPersonBP/Blueprints/KeyPickup.KeyPickup]
[2017.02.08-02.28.34:778][584]OBJ SavePackage: Finished generating thumbnails for package [/Game/FirstPersonBP/Blueprints/KeyPickup]
[2017.02.08-02.28.34:809][584]LogSavePackage: Save=24.22ms
[2017.02.08-02.28.34:809][584]LogSavePackage: Moving 'C:/Users/Michail/Documents/Unreal Projects/Inventory/Saved/KeyPickup_Auto42EA0C1C54AB238AE1B4C4F805B1107ED.tmp' to 'C:/Users/Michail/Documents/Unreal Projects/Inventory/Saved/Autosaves/Game/FirstPersonBP/Blueprints/KeyPickup_Auto4.uasset'
[2017.02.08-02.28.34:809][584]LogSavePackage:Display: Finished SavePackage C:/Users/Michail/Documents/Unreal Projects/Inventory/Saved/Autosaves/Game/FirstPersonBP/Blueprints/KeyPickup_Auto4.uasset
[2017.02.08-02.28.34:809][584]LogFileHelpers: Auto-saving content packages took 0.041
[2017.02.08-02.29.07:149][350]LogEditorTransaction: Undo Create Pin Link
[2017.02.08-02.34.50:383][321]LogEditorTransaction: Undo Move Node
[2017.02.08-02.34.50:860][374]LogEditorTransaction: Undo Move Node
[2017.02.08-02.34.51:540][450]LogEditorTransaction: Undo Create Pin Link
[2017.02.08-02.35.51:240][480]BlueprintLog: New page: Compile KeyPickup
[2017.02.08-02.35.51:408][480]BlueprintEditorCompileResults: Info [3600.05] Compile of KeyPickup successful! [in 167 ms] (/Game/FirstPersonBP/Blueprints/KeyPickup.KeyPickup)
[2017.02.08-02.35.51:952][542]Cmd: OBJ SAVEPACKAGE PACKAGE="/Game/FirstPersonBP/Blueprints/KeyPickup" FILE="C:/Users/Michail/Documents/Unreal Projects/Inventory/Content/FirstPersonBP/Blueprints/KeyPickup.uasset" SILENT=true
[2017.02.08-02.35.51:991][542]LogSavePackage: Save=31.25ms
[2017.02.08-02.35.51:991][542]LogSavePackage: Moving 'C:/Users/Michail/Documents/Unreal Projects/Inventory/Saved/KeyPickup7086886B485BEE70A78BE58CC1DF19D3.tmp' to 'C:/Users/Michail/Documents/Unreal Projects/Inventory/Content/FirstPersonBP/Blueprints/KeyPickup.uasset'
[2017.02.08-02.35.51:992][542]LogSavePackage:Display: Finished SavePackage C:/Users/Michail/Documents/Unreal Projects/Inventory/Content/FirstPersonBP/Blueprints/KeyPickup.uasset
[2017.02.08-02.36.29:012][ 30]LogEditorTransaction: Undo Add Node
[2017.02.08-02.40.10:420][415]LogFileHelpers: Editor autosave (incl. sublevels) for '/Game/FirstPersonBP/Maps/FirstPersonExampleMap' took 0.016
[2017.02.08-02.40.10:421][415]OBJ SavePackage: Generating thumbnails for [1] asset(s) in package [/Game/FirstPersonBP/Blueprints/KeyPickup] ([1] browsable assets)...
[2017.02.08-02.40.10:431][415]OBJ SavePackage:     Rendered thumbnail for [Blueprint /Game/FirstPersonBP/Blueprints/KeyPickup.KeyPickup]
[2017.02.08-02.40.10:431][415]OBJ SavePackage: Finished generating thumbnails for package [/Game/FirstPersonBP/Blueprints/KeyPickup]
[2017.02.08-02.40.10:470][415]LogSavePackage: Save=35.83ms
[2017.02.08-02.40.10:470][415]LogSavePackage: Moving 'C:/Users/Michail/Documents/Unreal Projects/Inventory/Saved/KeyPickup_Auto51A0F946B4B7A25A61C6575AE5E41B837.tmp' to 'C:/Users/Michail/Documents/Unreal Projects/Inventory/Saved/Autosaves/Game/FirstPersonBP/Blueprints/KeyPickup_Auto5.uasset'
[2017.02.08-02.40.10:471][415]LogSavePackage:Display: Finished SavePackage C:/Users/Michail/Documents/Unreal Projects/Inventory/Saved/Autosaves/Game/FirstPersonBP/Blueprints/KeyPickup_Auto5.uasset
[2017.02.08-02.40.10:471][415]LogFileHelpers: Auto-saving content packages took 0.051
[2017.02.08-02.40.16:741][893]LogEditorTransaction: Undo Add Node
[2017.02.08-02.43.07:873][567]BlueprintLog: New page: Compile KeyPickup
[2017.02.08-02.43.07:953][567]BlueprintEditorCompileResults: Info [4036.59] Compile of KeyPickup successful! [in 78 ms] (/Game/FirstPersonBP/Blueprints/KeyPickup.KeyPickup)
[2017.02.08-02.43.08:623][643]Cmd: OBJ SAVEPACKAGE PACKAGE="/Game/FirstPersonBP/Blueprints/KeyPickup" FILE="C:/Users/Michail/Documents/Unreal Projects/Inventory/Content/FirstPersonBP/Blueprints/KeyPickup.uasset" SILENT=true
[2017.02.08-02.43.08:668][643]LogSavePackage: Save=38.33ms
[2017.02.08-02.43.08:668][643]LogSavePackage: Moving 'C:/Users/Michail/Documents/Unreal Projects/Inventory/Saved/KeyPickup0DA3864B4BCB47FBAC271DB7E0D02049.tmp' to 'C:/Users/Michail/Documents/Unreal Projects/Inventory/Content/FirstPersonBP/Blueprints/KeyPickup.uasset'
[2017.02.08-02.43.08:670][643]LogSavePackage:Display: Finished SavePackage C:/Users/Michail/Documents/Unreal Projects/Inventory/Content/FirstPersonBP/Blueprints/KeyPickup.uasset
[2017.02.08-02.43.11:324][953]LogBlueprintUserMessages: Early PlayInEditor Detection: Level '/Game/FirstPersonBP/Maps/FirstPersonExampleMap.FirstPersonExampleMap:PersistentLevel' has LevelScriptBlueprint '/Game/FirstPersonBP/Maps/FirstPersonExampleMap.FirstPersonExampleMap:PersistentLevel.FirstPersonExampleMap' with GeneratedClass '/Game/FirstPersonBP/Maps/FirstPersonExampleMap.FirstPersonExampleMap_C' with ClassGeneratedBy '/Game/FirstPersonBP/Maps/FirstPersonExampleMap.FirstPersonExampleMap:PersistentLevel.FirstPersonExampleMap'
[2017.02.08-02.43.11:324][953]LogPlayLevel: PlayLevel: No blueprints needed recompiling
[2017.02.08-02.43.11:324][953]PIE: New page: PIE session: FirstPersonExampleMap (8 Feb 2017 02:43:11)
[2017.02.08-02.43.11:324][953]LogPlayLevel: Creating play world package: /Game/FirstPersonBP/Maps/UEDPIE_0_FirstPersonExampleMap
[2017.02.08-02.43.11:342][953]LogPlayLevel: PIE: StaticDuplicateObject took: (0.017919s)
[2017.02.08-02.43.11:343][953]LogAIModule: Creating AISystem for world FirstPersonExampleMap
[2017.02.08-02.43.11:343][953]LogPlayLevel: PIE: World Init took: (0.000721s)
[2017.02.08-02.43.11:343][953]LogPlayLevel: PIE: Created PIE world by copying editor world from /Game/FirstPersonBP/Maps/FirstPersonExampleMap.FirstPersonExampleMap to /Game/FirstPersonBP/Maps/UEDPIE_0_FirstPersonExampleMap.FirstPersonExampleMap (0.018875s)
[2017.02.08-02.43.11:361][953]LogInit: XAudio2 using 'Headset Earphone (HyperX 7.1 Audio)' : 2 channels at 44.1 kHz using 16 bits per sample (channel mask 0x3)
[2017.02.08-02.43.11:365][953]LogInit: FAudioDevice initialized.
[2017.02.08-02.43.11:409][953]LogWorld: Game class is 'FirstPersonGameMode_C'
[2017.02.08-02.43.11:413][953]LogWorld: Bringing World /Game/FirstPersonBP/Maps/UEDPIE_0_FirstPersonExampleMap.FirstPersonExampleMap up for play (max tick rate 0) at 2017.02.08-02.43.11
[2017.02.08-02.43.11:413][953]LogWorld: Bringing up level for play took: 0.003055
[2017.02.08-02.43.11:457][953]PIE: Info Play in editor start time for /Game/FirstPersonBP/Maps/UEDPIE_0_FirstPersonExampleMap -0.553
[2017.02.08-02.43.11:457][953]LogBlueprintUserMessages: Late PlayInEditor Detection: Level '/Game/FirstPersonBP/Maps/FirstPersonExampleMap.FirstPersonExampleMap:PersistentLevel' has LevelScriptBlueprint '/Game/FirstPersonBP/Maps/FirstPersonExampleMap.FirstPersonExampleMap:PersistentLevel.FirstPersonExampleMap' with GeneratedClass '/Game/FirstPersonBP/Maps/FirstPersonExampleMap.FirstPersonExampleMap_C' with ClassGeneratedBy '/Game/FirstPersonBP/Maps/FirstPersonExampleMap.FirstPersonExampleMap:PersistentLevel.FirstPersonExampleMap'
[2017.02.08-02.43.26:317][729]LogSpawn:Warning: SpawnActor failed because of collision at the spawn location [X=626.397 Y=515.449 Z=164.856] for [FirstPersonProjectile_C]
[2017.02.08-02.43.29:764][141]LogSpawn:Warning: SpawnActor failed because of collision at the spawn location [X=55.549 Y=458.584 Z=167.106] for [FirstPersonProjectile_C]
[2017.02.08-02.43.32:204][434]LogBlueprintUserMessages: Early EndPlayMap Detection: Level '/Game/FirstPersonBP/Maps/FirstPersonExampleMap.FirstPersonExampleMap:PersistentLevel' has LevelScriptBlueprint '/Game/FirstPersonBP/Maps/FirstPersonExampleMap.FirstPersonExampleMap:PersistentLevel.FirstPersonExampleMap' with GeneratedClass '/Game/FirstPersonBP/Maps/FirstPersonExampleMap.FirstPersonExampleMap_C' with ClassGeneratedBy '/Game/FirstPersonBP/Maps/FirstPersonExampleMap.FirstPersonExampleMap:PersistentLevel.FirstPersonExampleMap'
[2017.02.08-02.43.32:231][434]LogBlueprintUserMessages: Late EndPlayMap Detection: Level '/Game/FirstPersonBP/Maps/FirstPersonExampleMap.FirstPersonExampleMap:PersistentLevel' has LevelScriptBlueprint '/Game/FirstPersonBP/Maps/FirstPersonExampleMap.FirstPersonExampleMap:PersistentLevel.FirstPersonExampleMap' with GeneratedClass '/Game/FirstPersonBP/Maps/FirstPersonExampleMap.FirstPersonExampleMap_C' with ClassGeneratedBy '/Game/FirstPersonBP/Maps/FirstPersonExampleMap.FirstPersonExampleMap:PersistentLevel.FirstPersonExampleMap'
[2017.02.08-02.43.32:982][522]Cmd: SELECT NONE
[2017.02.08-02.43.34:082][650]LogBlueprintUserMessages: Early PlayInEditor Detection: Level '/Game/FirstPersonBP/Maps/FirstPersonExampleMap.FirstPersonExampleMap:PersistentLevel' has LevelScriptBlueprint '/Game/FirstPersonBP/Maps/FirstPersonExampleMap.FirstPersonExampleMap:PersistentLevel.FirstPersonExampleMap' with GeneratedClass '/Game/FirstPersonBP/Maps/FirstPersonExampleMap.FirstPersonExampleMap_C' with ClassGeneratedBy '/Game/FirstPersonBP/Maps/FirstPersonExampleMap.FirstPersonExampleMap:PersistentLevel.FirstPersonExampleMap'
[2017.02.08-02.43.34:082][650]LogPlayLevel: PlayLevel: No blueprints needed recompiling
[2017.02.08-02.43.34:083][650]PIE: New page: PIE session: FirstPersonExampleMap (8 Feb 2017 02:43:34)
[2017.02.08-02.43.34:083][650]LogPlayLevel: Creating play world package: /Game/FirstPersonBP/Maps/UEDPIE_0_FirstPersonExampleMap
[2017.02.08-02.43.34:099][650]LogPlayLevel: PIE: StaticDuplicateObject took: (0.016515s)
[2017.02.08-02.43.34:100][650]LogAIModule: Creating AISystem for world FirstPersonExampleMap
[2017.02.08-02.43.34:100][650]LogPlayLevel: PIE: World Init took: (0.000766s)
[2017.02.08-02.43.34:100][650]LogPlayLevel: PIE: Created PIE world by copying editor world from /Game/FirstPersonBP/Maps/FirstPersonExampleMap.FirstPersonExampleMap to /Game/FirstPersonBP/Maps/UEDPIE_0_FirstPersonExampleMap.FirstPersonExampleMap (0.017504s)
[2017.02.08-02.43.34:119][650]LogInit: XAudio2 using 'Headset Earphone (HyperX 7.1 Audio)' : 2 channels at 44.1 kHz using 16 bits per sample (channel mask 0x3)
[2017.02.08-02.43.34:124][650]LogInit: FAudioDevice initialized.
[2017.02.08-02.43.34:165][650]LogWorld: Game class is 'FirstPersonGameMode_C'
[2017.02.08-02.43.34:168][650]LogWorld: Bringing World /Game/FirstPersonBP/Maps/UEDPIE_0_FirstPersonExampleMap.FirstPersonExampleMap up for play (max tick rate 0) at 2017.02.08-02.43.34
[2017.02.08-02.43.34:168][650]LogWorld: Bringing up level for play took: 0.002852
[2017.02.08-02.43.34:170][650]PIE: Info Play in editor start time for /Game/FirstPersonBP/Maps/UEDPIE_0_FirstPersonExampleMap 0.16
[2017.02.08-02.43.34:170][650]LogBlueprintUserMessages: Late PlayInEditor Detection: Level '/Game/FirstPersonBP/Maps/FirstPersonExampleMap.FirstPersonExampleMap:PersistentLevel' has LevelScriptBlueprint '/Game/FirstPersonBP/Maps/FirstPersonExampleMap.FirstPersonExampleMap:PersistentLevel.FirstPersonExampleMap' with GeneratedClass '/Game/FirstPersonBP/Maps/FirstPersonExampleMap.FirstPersonExampleMap_C' with ClassGeneratedBy '/Game/FirstPersonBP/Maps/FirstPersonExampleMap.FirstPersonExampleMap:PersistentLevel.FirstPersonExampleMap'
[2017.02.08-02.43.52:496][846]LogBlueprintUserMessages: Early EndPlayMap Detection: Level '/Game/FirstPersonBP/Maps/FirstPersonExampleMap.FirstPersonExampleMap:PersistentLevel' has LevelScriptBlueprint '/Game/FirstPersonBP/Maps/FirstPersonExampleMap.FirstPersonExampleMap:PersistentLevel.FirstPersonExampleMap' with GeneratedClass '/Game/FirstPersonBP/Maps/FirstPersonExampleMap.FirstPersonExampleMap_C' with ClassGeneratedBy '/Game/FirstPersonBP/Maps/FirstPersonExampleMap.FirstPersonExampleMap:PersistentLevel.FirstPersonExampleMap'
[2017.02.08-02.43.52:523][846]LogBlueprintUserMessages: Late EndPlayMap Detection: Level '/Game/FirstPersonBP/Maps/FirstPersonExampleMap.FirstPersonExampleMap:PersistentLevel' has LevelScriptBlueprint '/Game/FirstPersonBP/Maps/FirstPersonExampleMap.FirstPersonExampleMap:PersistentLevel.FirstPersonExampleMap' with GeneratedClass '/Game/FirstPersonBP/Maps/FirstPersonExampleMap.FirstPersonExampleMap_C' with ClassGeneratedBy '/Game/FirstPersonBP/Maps/FirstPersonExampleMap.FirstPersonExampleMap:PersistentLevel.FirstPersonExampleMap'
[2017.02.08-02.44.50:760][435]LogBlueprintUserMessages: Early PlayInEditor Detection: Level '/Game/FirstPersonBP/Maps/FirstPersonExampleMap.FirstPersonExampleMap:PersistentLevel' has LevelScriptBlueprint '/Game/FirstPersonBP/Maps/FirstPersonExampleMap.FirstPersonExampleMap:PersistentLevel.FirstPersonExampleMap' with GeneratedClass '/Game/FirstPersonBP/Maps/FirstPersonExampleMap.FirstPersonExampleMap_C' with ClassGeneratedBy '/Game/FirstPersonBP/Maps/FirstPersonExampleMap.FirstPersonExampleMap:PersistentLevel.FirstPersonExampleMap'
[2017.02.08-02.44.50:760][435]LogPlayLevel: PlayLevel: No blueprints needed recompiling
[2017.02.08-02.44.50:760][435]PIE: New page: PIE session: FirstPersonExampleMap (8 Feb 2017 02:44:50)
[2017.02.08-02.44.50:760][435]LogPlayLevel: Creating play world package: /Game/FirstPersonBP/Maps/UEDPIE_0_FirstPersonExampleMap
[2017.02.08-02.44.50:776][435]LogPlayLevel: PIE: StaticDuplicateObject took: (0.016061s)
[2017.02.08-02.44.50:777][435]LogAIModule: Creating AISystem for world FirstPersonExampleMap
[2017.02.08-02.44.50:777][435]LogPlayLevel: PIE: World Init took: (0.000731s)
[2017.02.08-02.44.50:777][435]LogPlayLevel: PIE: Created PIE world by copying editor world from /Game/FirstPersonBP/Maps/FirstPersonExampleMap.FirstPersonExampleMap to /Game/FirstPersonBP/Maps/UEDPIE_0_FirstPersonExampleMap.FirstPersonExampleMap (0.017107s)
[2017.02.08-02.44.50:805][435]LogInit: XAudio2 using 'Headset Earphone (HyperX 7.1 Audio)' : 2 channels at 44.1 kHz using 16 bits per sample (channel mask 0x3)
[2017.02.08-02.44.50:810][435]LogInit: FAudioDevice initialized.
[2017.02.08-02.44.50:852][435]LogWorld: Game class is 'FirstPersonGameMode_C'
[2017.02.08-02.44.50:856][435]LogWorld: Bringing World /Game/FirstPersonBP/Maps/UEDPIE_0_FirstPersonExampleMap.FirstPersonExampleMap up for play (max tick rate 0) at 2017.02.08-02.44.50
[2017.02.08-02.44.50:856][435]LogWorld: Bringing up level for play took: 0.002956
[2017.02.08-02.44.50:858][435]PIE: Info Play in editor start time for /Game/FirstPersonBP/Maps/UEDPIE_0_FirstPersonExampleMap 0.848
[2017.02.08-02.44.50:858][435]LogBlueprintUserMessages: Late PlayInEditor Detection: Level '/Game/FirstPersonBP/Maps/FirstPersonExampleMap.FirstPersonExampleMap:PersistentLevel' has LevelScriptBlueprint '/Game/FirstPersonBP/Maps/FirstPersonExampleMap.FirstPersonExampleMap:PersistentLevel.FirstPersonExampleMap' with GeneratedClass '/Game/FirstPersonBP/Maps/FirstPersonExampleMap.FirstPersonExampleMap_C' with ClassGeneratedBy '/Game/FirstPersonBP/Maps/FirstPersonExampleMap.FirstPersonExampleMap:PersistentLevel.FirstPersonExampleMap'
[2017.02.08-02.45.01:908][757]LogBlueprintUserMessages: Early EndPlayMap Detection: Level '/Game/FirstPersonBP/Maps/FirstPersonExampleMap.FirstPersonExampleMap:PersistentLevel' has LevelScriptBlueprint '/Game/FirstPersonBP/Maps/FirstPersonExampleMap.FirstPersonExampleMap:PersistentLevel.FirstPersonExampleMap' with GeneratedClass '/Game/FirstPersonBP/Maps/FirstPersonExampleMap.FirstPersonExampleMap_C' with ClassGeneratedBy '/Game/FirstPersonBP/Maps/FirstPersonExampleMap.FirstPersonExampleMap:PersistentLevel.FirstPersonExampleMap'
[2017.02.08-02.45.01:936][757]LogBlueprintUserMessages: Late EndPlayMap Detection: Level '/Game/FirstPersonBP/Maps/FirstPersonExampleMap.FirstPersonExampleMap:PersistentLevel' has LevelScriptBlueprint '/Game/FirstPersonBP/Maps/FirstPersonExampleMap.FirstPersonExampleMap:PersistentLevel.FirstPersonExampleMap' with GeneratedClass '/Game/FirstPersonBP/Maps/FirstPersonExampleMap.FirstPersonExampleMap_C' with ClassGeneratedBy '/Game/FirstPersonBP/Maps/FirstPersonExampleMap.FirstPersonExampleMap:PersistentLevel.FirstPersonExampleMap'
[2017.02.08-02.45.03:976][992]LogBlueprintUserMessages: Early PlayInEditor Detection: Level '/Game/FirstPersonBP/Maps/FirstPersonExampleMap.FirstPersonExampleMap:PersistentLevel' has LevelScriptBlueprint '/Game/FirstPersonBP/Maps/FirstPersonExampleMap.FirstPersonExampleMap:PersistentLevel.FirstPersonExampleMap' with GeneratedClass '/Game/FirstPersonBP/Maps/FirstPersonExampleMap.FirstPersonExampleMap_C' with ClassGeneratedBy '/Game/FirstPersonBP/Maps/FirstPersonExampleMap.FirstPersonExampleMap:PersistentLevel.FirstPersonExampleMap'
[2017.02.08-02.45.03:976][992]LogPlayLevel: PlayLevel: No blueprints needed recompiling
[2017.02.08-02.45.03:976][992]PIE: New page: PIE session: FirstPersonExampleMap (8 Feb 2017 02:45:03)
[2017.02.08-02.45.03:976][992]LogPlayLevel: Creating play world package: /Game/FirstPersonBP/Maps/UEDPIE_0_FirstPersonExampleMap
[2017.02.08-02.45.03:991][992]LogPlayLevel: PIE: StaticDuplicateObject took: (0.014950s)
[2017.02.08-02.45.03:992][992]LogAIModule: Creating AISystem for world FirstPersonExampleMap
[2017.02.08-02.45.03:992][992]LogPlayLevel: PIE: World Init took: (0.000599s)
[2017.02.08-02.45.03:992][992]LogPlayLevel: PIE: Created PIE world by copying editor world from /Game/FirstPersonBP/Maps/FirstPersonExampleMap.FirstPersonExampleMap to /Game/FirstPersonBP/Maps/UEDPIE_0_FirstPersonExampleMap.FirstPersonExampleMap (0.015784s)
[2017.02.08-02.45.04:017][992]LogInit: XAudio2 using 'Headset Earphone (HyperX 7.1 Audio)' : 2 channels at 44.1 kHz using 16 bits per sample (channel mask 0x3)
[2017.02.08-02.45.04:022][992]LogInit: FAudioDevice initialized.
[2017.02.08-02.45.04:063][992]LogWorld: Game class is 'FirstPersonGameMode_C'
[2017.02.08-02.45.04:066][992]LogWorld: Bringing World /Game/FirstPersonBP/Maps/UEDPIE_0_FirstPersonExampleMap.FirstPersonExampleMap up for play (max tick rate 0) at 2017.02.08-02.45.04
[2017.02.08-02.45.04:066][992]LogWorld: Bringing up level for play took: 0.002936
[2017.02.08-02.45.04:068][992]PIE: Info Play in editor start time for /Game/FirstPersonBP/Maps/UEDPIE_0_FirstPersonExampleMap 0.058
[2017.02.08-02.45.04:068][992]LogBlueprintUserMessages: Late PlayInEditor Detection: Level '/Game/FirstPersonBP/Maps/FirstPersonExampleMap.FirstPersonExampleMap:PersistentLevel' has LevelScriptBlueprint '/Game/FirstPersonBP/Maps/FirstPersonExampleMap.FirstPersonExampleMap:PersistentLevel.FirstPersonExampleMap' with GeneratedClass '/Game/FirstPersonBP/Maps/FirstPersonExampleMap.FirstPersonExampleMap_C' with ClassGeneratedBy '/Game/FirstPersonBP/Maps/FirstPersonExampleMap.FirstPersonExampleMap:PersistentLevel.FirstPersonExampleMap'
[2017.02.08-02.45.15:133][318]LogBlueprintUserMessages: Early EndPlayMap Detection: Level '/Game/FirstPersonBP/Maps/FirstPersonExampleMap.FirstPersonExampleMap:PersistentLevel' has LevelScriptBlueprint '/Game/FirstPersonBP/Maps/FirstPersonExampleMap.FirstPersonExampleMap:PersistentLevel.FirstPersonExampleMap' with GeneratedClass '/Game/FirstPersonBP/Maps/FirstPersonExampleMap.FirstPersonExampleMap_C' with ClassGeneratedBy '/Game/FirstPersonBP/Maps/FirstPersonExampleMap.FirstPersonExampleMap:PersistentLevel.FirstPersonExampleMap'
[2017.02.08-02.45.15:166][318]LogBlueprintUserMessages: Late EndPlayMap Detection: Level '/Game/FirstPersonBP/Maps/FirstPersonExampleMap.FirstPersonExampleMap:PersistentLevel' has LevelScriptBlueprint '/Game/FirstPersonBP/Maps/FirstPersonExampleMap.FirstPersonExampleMap:PersistentLevel.FirstPersonExampleMap' with GeneratedClass '/Game/FirstPersonBP/Maps/FirstPersonExampleMap.FirstPersonExampleMap_C' with ClassGeneratedBy '/Game/FirstPersonBP/Maps/FirstPersonExampleMap.FirstPersonExampleMap:PersistentLevel.FirstPersonExampleMap'
[2017.02.08-02.45.27:402][674]LogBlueprintUserMessages: Early PlayInEditor Detection: Level '/Game/FirstPersonBP/Maps/FirstPersonExampleMap.FirstPersonExampleMap:PersistentLevel' has LevelScriptBlueprint '/Game/FirstPersonBP/Maps/FirstPersonExampleMap.FirstPersonExampleMap:PersistentLevel.FirstPersonExampleMap' with GeneratedClass '/Game/FirstPersonBP/Maps/FirstPersonExampleMap.FirstPersonExampleMap_C' with ClassGeneratedBy '/Game/FirstPersonBP/Maps/FirstPersonExampleMap.FirstPersonExampleMap:PersistentLevel.FirstPersonExampleMap'
[2017.02.08-02.45.27:403][674]LogPlayLevel: PlayLevel: No blueprints needed recompiling
[2017.02.08-02.45.27:403][674]PIE: New page: PIE session: FirstPersonExampleMap (8 Feb 2017 02:45:27)
[2017.02.08-02.45.27:403][674]LogPlayLevel: Creating play world package: /Game/FirstPersonBP/Maps/UEDPIE_0_FirstPersonExampleMap
[2017.02.08-02.45.27:418][674]LogPlayLevel: PIE: StaticDuplicateObject took: (0.015101s)
[2017.02.08-02.45.27:418][674]LogAIModule: Creating AISystem for world FirstPersonExampleMap
[2017.02.08-02.45.27:418][674]LogPlayLevel: PIE: World Init took: (0.000642s)
[2017.02.08-02.45.27:419][674]LogPlayLevel: PIE: Created PIE world by copying editor world from /Game/FirstPersonBP/Maps/FirstPersonExampleMap.FirstPersonExampleMap to /Game/FirstPersonBP/Maps/UEDPIE_0_FirstPersonExampleMap.FirstPersonExampleMap (0.016021s)
[2017.02.08-02.45.27:446][674]LogInit: XAudio2 using 'Headset Earphone (HyperX 7.1 Audio)' : 2 channels at 44.1 kHz using 16 bits per sample (channel mask 0x3)
[2017.02.08-02.45.27:451][674]LogInit: FAudioDevice initialized.
[2017.02.08-02.45.27:495][674]LogWorld: Game class is 'FirstPersonGameMode_C'
[2017.02.08-02.45.27:498][674]LogWorld: Bringing World /Game/FirstPersonBP/Maps/UEDPIE_0_FirstPersonExampleMap.FirstPersonExampleMap up for play (max tick rate 0) at 2017.02.08-02.45.27
[2017.02.08-02.45.27:499][674]LogWorld: Bringing up level for play took: 0.003085
[2017.02.08-02.45.27:500][674]PIE: Info Play in editor start time for /Game/FirstPersonBP/Maps/UEDPIE_0_FirstPersonExampleMap -0.509
[2017.02.08-02.45.27:500][674]LogBlueprintUserMessages: Late PlayInEditor Detection: Level '/Game/FirstPersonBP/Maps/FirstPersonExampleMap.FirstPersonExampleMap:PersistentLevel' has LevelScriptBlueprint '/Game/FirstPersonBP/Maps/FirstPersonExampleMap.FirstPersonExampleMap:PersistentLevel.FirstPersonExampleMap' with GeneratedClass '/Game/FirstPersonBP/Maps/FirstPersonExampleMap.FirstPersonExampleMap_C' with ClassGeneratedBy '/Game/FirstPersonBP/Maps/FirstPersonExampleMap.FirstPersonExampleMap:PersistentLevel.FirstPersonExampleMap'
[2017.02.08-02.45.34:216][478]LogBlueprintUserMessages: Early EndPlayMap Detection: Level '/Game/FirstPersonBP/Maps/FirstPersonExampleMap.FirstPersonExampleMap:PersistentLevel' has LevelScriptBlueprint '/Game/FirstPersonBP/Maps/FirstPersonExampleMap.FirstPersonExampleMap:PersistentLevel.FirstPersonExampleMap' with GeneratedClass '/Game/FirstPersonBP/Maps/FirstPersonExampleMap.FirstPersonExampleMap_C' with ClassGeneratedBy '/Game/FirstPersonBP/Maps/FirstPersonExampleMap.FirstPersonExampleMap:PersistentLevel.FirstPersonExampleMap'
[2017.02.08-02.45.34:250][478]LogBlueprintUserMessages: Late EndPlayMap Detection: Level '/Game/FirstPersonBP/Maps/FirstPersonExampleMap.FirstPersonExampleMap:PersistentLevel' has LevelScriptBlueprint '/Game/FirstPersonBP/Maps/FirstPersonExampleMap.FirstPersonExampleMap:PersistentLevel.FirstPersonExampleMap' with GeneratedClass '/Game/FirstPersonBP/Maps/FirstPersonExampleMap.FirstPersonExampleMap_C' with ClassGeneratedBy '/Game/FirstPersonBP/Maps/FirstPersonExampleMap.FirstPersonExampleMap:PersistentLevel.FirstPersonExampleMap'
[2017.02.08-02.45.46:472][773]LogRenderer: Reallocating scene render targets to support 1208x712 (Frame:213093).
[2017.02.08-02.45.57:971][  6]LogSavePackage: Save=1023.21ms
[2017.02.08-02.45.57:971][  6]LogSavePackage: Moving 'C:/Users/Michail/Documents/Unreal Projects/Inventory/Saved/FirstPersonExampleMap1BE137C14BFDD63A006B41B99AF1B636.tmp' to 'C:/Users/Michail/Documents/Unreal Projects/Inventory/Content/FirstPersonBP/Maps/FirstPersonExampleMap.umap'
[2017.02.08-02.45.57:974][  6]LogSavePackage:Display: Finished SavePackage C:/Users/Michail/Documents/Unreal Projects/Inventory/Content/FirstPersonBP/Maps/FirstPersonExampleMap.umap
[2017.02.08-02.46.05:384][804]BlueprintLog: New page: Compile KeyPickup
[2017.02.08-02.46.05:467][804]BlueprintEditorCompileResults: Info [4214.11] Compile of KeyPickup successful! [in 82 ms] (/Game/FirstPersonBP/Blueprints/KeyPickup.KeyPickup)
[2017.02.08-02.46.07:365][ 25]LogBlueprintUserMessages: Early PlayInEditor Detection: Level '/Game/FirstPersonBP/Maps/FirstPersonExampleMap.FirstPersonExampleMap:PersistentLevel' has LevelScriptBlueprint '/Game/FirstPersonBP/Maps/FirstPersonExampleMap.FirstPersonExampleMap:PersistentLevel.FirstPersonExampleMap' with GeneratedClass '/Game/FirstPersonBP/Maps/FirstPersonExampleMap.FirstPersonExampleMap_C' with ClassGeneratedBy '/Game/FirstPersonBP/Maps/FirstPersonExampleMap.FirstPersonExampleMap:PersistentLevel.FirstPersonExampleMap'
[2017.02.08-02.46.07:365][ 25]LogPlayLevel: PlayLevel: No blueprints needed recompiling
[2017.02.08-02.46.07:365][ 25]PIE: New page: PIE session: FirstPersonExampleMap (8 Feb 2017 02:46:07)
[2017.02.08-02.46.07:365][ 25]LogPlayLevel: Creating play world package: /Game/FirstPersonBP/Maps/UEDPIE_0_FirstPersonExampleMap
[2017.02.08-02.46.07:380][ 25]LogPlayLevel: PIE: StaticDuplicateObject took: (0.015317s)
[2017.02.08-02.46.07:381][ 25]LogAIModule: Creating AISystem for world FirstPersonExampleMap
[2017.02.08-02.46.07:381][ 25]LogPlayLevel: PIE: World Init took: (0.000540s)
[2017.02.08-02.46.07:381][ 25]LogPlayLevel: PIE: Created PIE world by copying editor world from /Game/FirstPersonBP/Maps/FirstPersonExampleMap.FirstPersonExampleMap to /Game/FirstPersonBP/Maps/UEDPIE_0_FirstPersonExampleMap.FirstPersonExampleMap (0.016043s)
[2017.02.08-02.46.07:398][ 25]LogInit: XAudio2 using 'Headset Earphone (HyperX 7.1 Audio)' : 2 channels at 44.1 kHz using 16 bits per sample (channel mask 0x3)
[2017.02.08-02.46.07:403][ 25]LogInit: FAudioDevice initialized.
[2017.02.08-02.46.07:444][ 25]LogWorld: Game class is 'FirstPersonGameMode_C'
[2017.02.08-02.46.07:448][ 25]LogWorld: Bringing World /Game/FirstPersonBP/Maps/UEDPIE_0_FirstPersonExampleMap.FirstPersonExampleMap up for play (max tick rate 0) at 2017.02.08-02.46.07
[2017.02.08-02.46.07:448][ 25]LogWorld: Bringing up level for play took: 0.002988
[2017.02.08-02.46.07:449][ 25]PIE: Info Play in editor start time for /Game/FirstPersonBP/Maps/UEDPIE_0_FirstPersonExampleMap -0.56
[2017.02.08-02.46.07:450][ 25]LogBlueprintUserMessages: Late PlayInEditor Detection: Level '/Game/FirstPersonBP/Maps/FirstPersonExampleMap.FirstPersonExampleMap:PersistentLevel' has LevelScriptBlueprint '/Game/FirstPersonBP/Maps/FirstPersonExampleMap.FirstPersonExampleMap:PersistentLevel.FirstPersonExampleMap' with GeneratedClass '/Game/FirstPersonBP/Maps/FirstPersonExampleMap.FirstPersonExampleMap_C' with ClassGeneratedBy '/Game/FirstPersonBP/Maps/FirstPersonExampleMap.FirstPersonExampleMap:PersistentLevel.FirstPersonExampleMap'
[2017.02.08-02.46.13:691][771]LogBlueprintUserMessages: Early EndPlayMap Detection: Level '/Game/FirstPersonBP/Maps/FirstPersonExampleMap.FirstPersonExampleMap:PersistentLevel' has LevelScriptBlueprint '/Game/FirstPersonBP/Maps/FirstPersonExampleMap.FirstPersonExampleMap:PersistentLevel.FirstPersonExampleMap' with GeneratedClass '/Game/FirstPersonBP/Maps/FirstPersonExampleMap.FirstPersonExampleMap_C' with ClassGeneratedBy '/Game/FirstPersonBP/Maps/FirstPersonExampleMap.FirstPersonExampleMap:PersistentLevel.FirstPersonExampleMap'
[2017.02.08-02.46.13:727][771]LogBlueprintUserMessages: Late EndPlayMap Detection: Level '/Game/FirstPersonBP/Maps/FirstPersonExampleMap.FirstPersonExampleMap:PersistentLevel' has LevelScriptBlueprint '/Game/FirstPersonBP/Maps/FirstPersonExampleMap.FirstPersonExampleMap:PersistentLevel.FirstPersonExampleMap' with GeneratedClass '/Game/FirstPersonBP/Maps/FirstPersonExampleMap.FirstPersonExampleMap_C' with ClassGeneratedBy '/Game/FirstPersonBP/Maps/FirstPersonExampleMap.FirstPersonExampleMap:PersistentLevel.FirstPersonExampleMap'
[2017.02.08-02.46.27:445][319]LogEditorTransaction: Undo Change Collision Profile
[2017.02.08-02.46.34:944][201]Cmd: TRANSACTION REDO
[2017.02.08-02.46.34:944][201]LogEditorTransaction: Redo Change Collision Profile
[2017.02.08-02.46.36:832][413]Cmd: TRANSACTION UNDO
[2017.02.08-02.46.36:832][413]LogEditorTransaction: Undo Change Collision Profile
[2017.02.08-02.46.40:544][850]BlueprintLog: New page: Compile KeyPickup
[2017.02.08-02.46.40:628][850]BlueprintEditorCompileResults: Info [4249.27] Compile of KeyPickup successful! [in 84 ms] (/Game/FirstPersonBP/Blueprints/KeyPickup.KeyPickup)
[2017.02.08-02.46.41:831][987]Cmd: OBJ SAVEPACKAGE PACKAGE="/Game/FirstPersonBP/Blueprints/KeyPickup" FILE="C:/Users/Michail/Documents/Unreal Projects/Inventory/Content/FirstPersonBP/Blueprints/KeyPickup.uasset" SILENT=true
[2017.02.08-02.46.41:871][987]LogSavePackage: Save=37.10ms
[2017.02.08-02.46.41:871][987]LogSavePackage: Moving 'C:/Users/Michail/Documents/Unreal Projects/Inventory/Saved/KeyPickup27C8677E4BB331A4EA2B649875385BB3.tmp' to 'C:/Users/Michail/Documents/Unreal Projects/Inventory/Content/FirstPersonBP/Blueprints/KeyPickup.uasset'
[2017.02.08-02.46.41:873][987]LogSavePackage:Display: Finished SavePackage C:/Users/Michail/Documents/Unreal Projects/Inventory/Content/FirstPersonBP/Blueprints/KeyPickup.uasset
[2017.02.08-02.46.44:410][161]LogSavePackage: Save=984.89ms
[2017.02.08-02.46.44:410][161]LogSavePackage: Moving 'C:/Users/Michail/Documents/Unreal Projects/Inventory/Saved/FirstPersonExampleMapC688F40846A1AAD356A02E9D71D0B0AA.tmp' to 'C:/Users/Michail/Documents/Unreal Projects/Inventory/Content/FirstPersonBP/Maps/FirstPersonExampleMap.umap'
[2017.02.08-02.46.44:413][161]LogSavePackage:Display: Finished SavePackage C:/Users/Michail/Documents/Unreal Projects/Inventory/Content/FirstPersonBP/Maps/FirstPersonExampleMap.umap
[2017.02.08-02.47.20:881][115]Cmd: QUIT_EDITOR
[2017.02.08-02.47.21:224][115]LogWindowsTextInputMethodSystem:Display: IME system now deactivated.
[2017.02.08-02.47.21:241][115]LogExit: Preparing to exit.
[2017.02.08-02.47.22:156][115]LogExit: Editor shut down
[2017.02.08-02.47.22:156][115]LogExit: Transaction tracking system shut down
[2017.02.08-02.47.22:299][115]LogObj: Freed 0b from 0 cluster array pools.
[2017.02.08-02.47.22:300][115]LogExit: Object subsystem successfully closed.
[2017.02.08-02.47.22:310][115]LogD3D11RHI: Shutdown
[2017.02.08-02.47.22:310][115]LogD3D11RHI: CleanupD3DDevice
[2017.02.08-02.47.22:372][115]LogD3D11RHI: ~FD3D11DynamicRHI
[2017.02.08-02.47.22:377][115]LogModuleManager: Shutting down and abandoning module MovieSceneCapture (216)
[2017.02.08-02.47.22:377][115]LogModuleManager: Shutting down and abandoning module SequencerWidgets (215)
[2017.02.08-02.47.22:377][115]LogModuleManager: Shutting down and abandoning module BlueprintGraph (214)
[2017.02.08-02.47.22:377][115]LogModuleManager: Shutting down and abandoning module HierarchicalLODOutliner (213)
[2017.02.08-02.47.22:377][115]LogModuleManager: Shutting down and abandoning module CrashTracker (212)
[2017.02.08-02.47.22:377][115]LogModuleManager: Shutting down and abandoning module SceneOutliner (211)
[2017.02.08-02.47.22:377][115]LogModuleManager: Shutting down and abandoning module WidgetCarousel (210)
[2017.02.08-02.47.22:377][115]LogModuleManager: Shutting down and abandoning module AddContentDialog (209)
[2017.02.08-02.47.22:378][115]LogModuleManager: Shutting down and abandoning module GameplayTags (208)
[2017.02.08-02.47.22:378][115]LogModuleManager: Shutting down and abandoning module EditorWidgets (207)
[2017.02.08-02.47.22:378][115]LogModuleManager: Shutting down and abandoning module CollectionManager (206)
[2017.02.08-02.47.22:378][115]LogModuleManager: Shutting down and abandoning module StatsViewer (205)
[2017.02.08-02.47.22:378][115]LogModuleManager: Shutting down and abandoning module FoliageEdit (204)
[2017.02.08-02.47.22:378][115]LogModuleManager: Shutting down and abandoning module LandscapeEditor (203)
[2017.02.08-02.47.22:378][115]LogModuleManager: Shutting down and abandoning module SceneDepthPickerMode (202)
[2017.02.08-02.47.22:378][115]LogModuleManager: Shutting down and abandoning module ActorPickerMode (201)
[2017.02.08-02.47.22:378][115]LogModuleManager: Shutting down and abandoning module GeometryMode (200)
[2017.02.08-02.47.22:378][115]LogModuleManager: Shutting down and abandoning module TextureAlignMode (199)
[2017.02.08-02.47.22:378][115]LogModuleManager: Shutting down and abandoning module BspMode (198)
[2017.02.08-02.47.22:378][115]LogModuleManager: Shutting down and abandoning module HardwareSurvey (197)
[2017.02.08-02.47.22:378][115]LogModuleManager: Shutting down and abandoning module SequenceRecorderSections (196)
[2017.02.08-02.47.22:378][115]LogModuleManager: Shutting down and abandoning module SequenceRecorder (195)
[2017.02.08-02.47.22:378][115]LogModuleManager: Shutting down and abandoning module AutomationWorker (194)
[2017.02.08-02.47.22:378][115]LogModuleManager: Shutting down and abandoning module MatineeToLevelSequence (193)
[2017.02.08-02.47.22:378][115]LogModuleManager: Shutting down and abandoning module PlacementMode (192)
[2017.02.08-02.47.22:378][115]LogModuleManager: Shutting down and abandoning module LevelSequenceEditor (191)
[2017.02.08-02.47.22:379][115]LogModuleManager: Shutting down and abandoning module CharacterAI (190)
[2017.02.08-02.47.22:379][115]LogModuleManager: Shutting down and abandoning module SmartSnapping (189)
[2017.02.08-02.47.22:379][115]LogModuleManager: Shutting down and abandoning module SessionServices (188)
[2017.02.08-02.47.22:379][115]LogModuleManager: Shutting down and abandoning module ViewportSnapping (187)
[2017.02.08-02.47.22:379][115]LogModuleManager: Shutting down and abandoning module LogVisualizer (186)
[2017.02.08-02.47.22:379][115]LogModuleManager: Shutting down and abandoning module GameProjectGeneration (185)
[2017.02.08-02.47.22:379][115]LogModuleManager: Shutting down and abandoning module IntroTutorials (184)
[2017.02.08-02.47.22:379][115]LogModuleManager: Shutting down and abandoning module EditorLiveStreaming (183)
[2017.02.08-02.47.22:379][115]LogModuleManager: Shutting down and abandoning module IOSPlatformEditor (182)
[2017.02.08-02.47.22:379][115]LogModuleManager: Shutting down and abandoning module HTML5PlatformEditor (181)
[2017.02.08-02.47.22:379][115]LogModuleManager: Shutting down and abandoning module AndroidDeviceDetection (180)
[2017.02.08-02.47.22:731][115]LogModuleManager: Shutting down and abandoning module AndroidPlatformEditor (179)
[2017.02.08-02.47.22:731][115]LogModuleManager: Shutting down and abandoning module IOSRuntimeSettings (178)
[2017.02.08-02.47.22:731][115]LogModuleManager: Shutting down and abandoning module AndroidRuntimeSettings (177)
[2017.02.08-02.47.22:731][115]LogModuleManager: Shutting down and abandoning module MergeActors (176)
[2017.02.08-02.47.22:731][115]LogModuleManager: Shutting down and abandoning module SizeMap (175)
[2017.02.08-02.47.22:731][115]LogModuleManager: Shutting down and abandoning module TreeMap (174)
[2017.02.08-02.47.22:731][115]LogModuleManager: Shutting down and abandoning module ReferenceViewer (173)
[2017.02.08-02.47.22:731][115]LogModuleManager: Shutting down and abandoning module LocalizationService (172)
[2017.02.08-02.47.22:731][115]LogModuleManager: Shutting down and abandoning module LocalizationDashboard (171)
[2017.02.08-02.47.22:731][115]LogModuleManager: Shutting down and abandoning module HardwareTargeting (170)
[2017.02.08-02.47.22:731][115]LogModuleManager: Shutting down and abandoning module DeviceProfileEditor (169)
[2017.02.08-02.47.22:731][115]LogModuleManager: Shutting down and abandoning module UndoHistory (168)
[2017.02.08-02.47.22:731][115]LogModuleManager: Shutting down and abandoning module UserFeedback (167)
[2017.02.08-02.47.22:731][115]LogModuleManager: Shutting down and abandoning module XmlParser (166)
[2017.02.08-02.47.22:731][115]LogModuleManager: Shutting down and abandoning module Blutility (165)
[2017.02.08-02.47.22:731][115]LogModuleManager: Shutting down and abandoning module ProjectTargetPlatformEditor (164)
[2017.02.08-02.47.22:731][115]LogModuleManager: Shutting down and abandoning module ProjectSettingsViewer (163)
[2017.02.08-02.47.22:731][115]LogModuleManager: Shutting down and abandoning module InputBindingEditor (162)
[2017.02.08-02.47.22:731][115]LogModuleManager: Shutting down and abandoning module EditorSettingsViewer (161)
[2017.02.08-02.47.22:731][115]LogModuleManager: Shutting down and abandoning module SettingsEditor (160)
[2017.02.08-02.47.22:731][115]LogModuleManager: Shutting down and abandoning module ProjectLauncher (159)
[2017.02.08-02.47.22:731][115]LogModuleManager: Shutting down and abandoning module SessionFrontend (158)
[2017.02.08-02.47.22:731][115]LogModuleManager: Shutting down and abandoning module ProfilerClient (157)
[2017.02.08-02.47.22:731][115]LogModuleManager: Shutting down and abandoning module TargetDeviceServices (156)
[2017.02.08-02.47.22:731][115]LogModuleManager: Shutting down and abandoning module DeviceManager (155)
[2017.02.08-02.47.22:773][115]LogModuleManager: Shutting down and abandoning module AutomationController (154)
[2017.02.08-02.47.22:773][115]LogModuleManager: Shutting down and abandoning module AutomationWindow (153)
[2017.02.08-02.47.22:773][115]LogModuleManager: Shutting down and abandoning module Layers (152)
[2017.02.08-02.47.22:773][115]LogModuleManager: Shutting down and abandoning module ComponentVisualizers (151)
[2017.02.08-02.47.22:773][115]LogModuleManager: Shutting down and abandoning module DetailCustomizations (150)
[2017.02.08-02.47.22:773][115]LogModuleManager: Shutting down and abandoning module PackagesDialog (149)
[2017.02.08-02.47.22:773][115]LogModuleManager: Shutting down and abandoning module Persona (148)
[2017.02.08-02.47.22:773][115]LogModuleManager: Shutting down and abandoning module Kismet (147)
[2017.02.08-02.47.22:773][115]LogModuleManager: Shutting down and abandoning module GraphEditor (146)
[2017.02.08-02.47.22:773][115]LogModuleManager: Shutting down and abandoning module ClassViewer (145)
[2017.02.08-02.47.22:774][115]LogModuleManager: Shutting down and abandoning module Toolbox (144)
[2017.02.08-02.47.22:774][115]LogModuleManager: Shutting down and abandoning module ModuleUI (143)
[2017.02.08-02.47.22:774][115]LogModuleManager: Shutting down and abandoning module MovieSceneTools (142)
[2017.02.08-02.47.22:774][115]LogModuleManager: Shutting down and abandoning module OutputLog (141)
[2017.02.08-02.47.22:774][115]LogModuleManager: Shutting down and abandoning module GammaUI (140)
[2017.02.08-02.47.22:774][115]LogModuleManager: Shutting down and abandoning module Documentation (139)
[2017.02.08-02.47.22:774][115]LogModuleManager: Shutting down and abandoning module StreamingPauseRendering (138)
[2017.02.08-02.47.22:774][115]LogModuleManager: Shutting down and abandoning module AnalyticsET (137)
[2017.02.08-02.47.22:774][115]LogModuleManager: Shutting down and abandoning module Analytics (136)
[2017.02.08-02.47.22:774][115]LogModuleManager: Shutting down and abandoning module PortalServices (135)
[2017.02.08-02.47.22:774][115]LogModuleManager: Shutting down and abandoning module PortalRpc (134)
[2017.02.08-02.47.22:774][115]LogModuleManager: Shutting down and abandoning module MessagingRpc (133)
[2017.02.08-02.47.22:774][115]LogModuleManager: Shutting down and abandoning module GameplayDebugger (132)
[2017.02.08-02.47.22:774][115]LogModuleManager: Shutting down and abandoning module AITestSuite (131)
[2017.02.08-02.47.22:774][115]LogModuleManager: Shutting down and abandoning module AIModule (130)
[2017.02.08-02.47.22:774][115]LogModuleManager: Shutting down and abandoning module ProfilerService (129)
[2017.02.08-02.47.22:971][115]LogModuleManager: Shutting down and abandoning module TaskGraph (128)
[2017.02.08-02.47.22:971][115]LogModuleManager: Shutting down and abandoning module SlateRemote (127)
[2017.02.08-02.47.22:971][115]LogModuleManager: Shutting down and abandoning module SteamVRController (126)
[2017.02.08-02.47.22:971][115]LogModuleManager: Shutting down and abandoning module SteamVR (125)
[2017.02.08-02.47.22:971][115]LogModuleManager: Shutting down and abandoning module ProceduralMeshComponent (124)
[2017.02.08-02.47.22:971][115]LogModuleManager: Shutting down and abandoning module OculusLibrary (123)
[2017.02.08-02.47.22:971][115]LogModuleManager: Shutting down and abandoning module OculusInput (122)
[2017.02.08-02.47.22:971][115]LogModuleManager: Shutting down and abandoning module CustomMeshComponent (121)
[2017.02.08-02.47.22:971][115]LogModuleManager: Shutting down and abandoning module CableComponent (120)
[2017.02.08-02.47.22:971][115]LogModuleManager: Shutting down and abandoning module ArchVisCharacter (119)
[2017.02.08-02.47.22:971][115]LogModuleManager: Shutting down and abandoning module MediaPlayerEditor (118)
[2017.02.08-02.47.22:971][115]LogModuleManager: Shutting down and abandoning module HTML5Networking (117)
[2017.02.08-02.47.22:971][115]LogModuleManager: Shutting down and abandoning module SuperSearch (116)
[2017.02.08-02.47.22:971][115]LogModuleManager: Shutting down and abandoning module SuperSearchEditor (115)
[2017.02.08-02.47.22:971][115]LogModuleManager: Shutting down and abandoning module SpeedTreeImporter (114)
[2017.02.08-02.47.22:971][115]LogModuleManager: Shutting down and abandoning module PluginBrowser (113)
[2017.02.08-02.47.22:971][115]LogModuleManager: Shutting down and abandoning module EpicSurvey (112)
[2017.02.08-02.47.22:971][115]LogModuleManager: Shutting down and abandoning module DesktopPlatform (111)
[2017.02.08-02.47.22:971][115]LogModuleManager: Shutting down and abandoning module VisualStudioSourceCodeAccess (110)
[2017.02.08-02.47.22:971][115]LogModuleManager: Shutting down and abandoning module UObjectPlugin (109)
[2017.02.08-02.47.22:971][115]LogModuleManager: Shutting down and abandoning module SubversionSourceControl (108)
[2017.02.08-02.47.22:971][115]LogModuleManager: Shutting down and abandoning module PerforceSourceControl (107)
[2017.02.08-02.47.22:971][115]LogModuleManager: Shutting down and abandoning module SourceControl (106)
[2017.02.08-02.47.22:971][115]LogModuleManager: Shutting down and abandoning module GitSourceControl (105)
[2017.02.08-02.47.22:971][115]LogModuleManager: Shutting down and abandoning module LightPropagationVolumeEditor (104)
[2017.02.08-02.47.22:971][115]LogModuleManager: Shutting down and abandoning module PaperTiledImporter (103)
[2017.02.08-02.47.22:971][115]LogModuleManager: Shutting down and abandoning module PaperSpriteSheetImporter (102)
[2017.02.08-02.47.22:971][115]LogModuleManager: Shutting down and abandoning module MeshPaint (101)
[2017.02.08-02.47.22:971][115]LogModuleManager: Shutting down and abandoning module PixelInspectorModule (100)
[2017.02.08-02.47.22:971][115]LogModuleManager: Shutting down and abandoning module HotReload (99)
[2017.02.08-02.47.22:972][115]LogModuleManager: Shutting down and abandoning module MainFrame (98)
[2017.02.08-02.47.22:972][115]LogModuleManager: Shutting down and abandoning module LevelEditor (97)
[2017.02.08-02.47.22:972][115]LogModuleManager: Shutting down and abandoning module ContentBrowser (96)
[2017.02.08-02.47.22:973][115]LogModuleManager: Shutting down and abandoning module Paper2DEditor (95)
[2017.02.08-02.47.22:973][115]LogModuleManager: Shutting down and abandoning module UdpMessaging (94)
[2017.02.08-02.47.23:073][115]LogModuleManager: Shutting down and abandoning module LightPropagationVolumeRuntime (93)
[2017.02.08-02.47.23:073][115]LogModuleManager: Shutting down and abandoning module Paper2D (92)
[2017.02.08-02.47.23:073][115]LogModuleManager: Shutting down and abandoning module WindowsMoviePlayer (91)
[2017.02.08-02.47.23:073][115]LogModuleManager: Shutting down and abandoning module Media (90)
[2017.02.08-02.47.23:073][115]LogModuleManager: Shutting down and abandoning module WmfMedia (89)
[2017.02.08-02.47.23:073][115]LogModuleManager: Shutting down and abandoning module MediaAssets (88)
[2017.02.08-02.47.23:073][115]LogModuleManager: Shutting down and abandoning module GameLiveStreaming (87)
[2017.02.08-02.47.23:073][115]LogModuleManager: Shutting down and abandoning module GameplayTagsEditor (86)
[2017.02.08-02.47.23:073][115]LogModuleManager: Shutting down and abandoning module OnlineBlueprintSupport (85)
[2017.02.08-02.47.23:073][115]LogModuleManager: Shutting down and abandoning module VREditor (84)
[2017.02.08-02.47.23:073][115]LogModuleManager: Shutting down and abandoning module GameplayTasksEditor (83)
[2017.02.08-02.47.23:073][115]LogModuleManager: Shutting down and abandoning module PropertyEditor (82)
[2017.02.08-02.47.23:073][115]LogModuleManager: Shutting down and abandoning module BehaviorTreeEditor (81)
[2017.02.08-02.47.23:073][115]LogModuleManager: Shutting down and abandoning module FunctionalTesting (80)
[2017.02.08-02.47.23:073][115]LogModuleManager: Shutting down and abandoning module CollisionAnalyzer (79)
[2017.02.08-02.47.23:073][115]LogModuleManager: Shutting down and abandoning module Sequencer (78)
[2017.02.08-02.47.23:073][115]LogModuleManager: Shutting down and abandoning module WorkspaceMenuStructure (77)
[2017.02.08-02.47.23:073][115]LogModuleManager: Shutting down and abandoning module MessageLog (76)
[2017.02.08-02.47.23:073][115]LogModuleManager: Shutting down and abandoning module AssetTools (75)
[2017.02.08-02.47.23:073][115]LogModuleManager: Shutting down and abandoning module UMGEditor (74)
[2017.02.08-02.47.23:073][115]LogModuleManager: Shutting down and abandoning module UMG (73)
[2017.02.08-02.47.23:073][115]LogModuleManager: Shutting down and abandoning module SlateReflector (72)
[2017.02.08-02.47.23:073][115]LogModuleManager: Shutting down and abandoning module Slate (71)
[2017.02.08-02.47.23:073][115]LogModuleManager: Shutting down and abandoning module EditorStyle (70)
[2017.02.08-02.47.23:075][115]LogModuleManager: Shutting down and abandoning module SourceCodeAccess (69)
[2017.02.08-02.47.23:075][115]LogModuleManager: Shutting down and abandoning module HeadMountedDisplay (68)
[2017.02.08-02.47.23:075][115]LogModuleManager: Shutting down and abandoning module XAudio2 (67)
[2017.02.08-02.47.23:075][115]LogModuleManager: Shutting down and abandoning module Networking (65)
[2017.02.08-02.47.23:075][115]LogModuleManager: Shutting down and abandoning module Core (64)
[2017.02.08-02.47.23:075][115]LogModuleManager: Shutting down and abandoning module DirectoryWatcher (63)
[2017.02.08-02.47.23:075][115]LogModuleManager: Shutting down and abandoning module AssetRegistry (62)
[2017.02.08-02.47.23:143][115]LogModuleManager: Shutting down and abandoning module KismetCompiler (61)
[2017.02.08-02.47.23:143][115]LogModuleManager: Shutting down and abandoning module PhysXFormats (60)
[2017.02.08-02.47.23:143][115]LogModuleManager: Shutting down and abandoning module MeshUtilities (59)
[2017.02.08-02.47.23:143][115]LogModuleManager: Shutting down and abandoning module DerivedDataCache (58)
[2017.02.08-02.47.23:225][115]LogDerivedDataCache: Shutdown
[2017.02.08-02.47.23:225][115]LogModuleManager: Shutting down and abandoning module VulkanShaderFormat (57)
[2017.02.08-02.47.23:225][115]LogModuleManager: Shutting down and abandoning module ShaderFormatOpenGL (56)
[2017.02.08-02.47.23:225][115]LogModuleManager: Shutting down and abandoning module ShaderFormatD3D (55)
[2017.02.08-02.47.23:225][115]LogModuleManager: Shutting down and abandoning module MetalShaderFormat (54)
[2017.02.08-02.47.23:225][115]LogModuleManager: Shutting down and abandoning module TextureFormatUncompressed (53)
[2017.02.08-02.47.23:225][115]LogModuleManager: Shutting down and abandoning module TextureFormatPVR (52)
[2017.02.08-02.47.23:225][115]LogModuleManager: Shutting down and abandoning module TextureFormatIntelISPCTexComp (51)
[2017.02.08-02.47.23:225][115]LogModuleManager: Shutting down and abandoning module TextureFormatDXT (50)
[2017.02.08-02.47.23:225][115]LogModuleManager: Shutting down and abandoning module ImageWrapper (49)
[2017.02.08-02.47.23:225][115]LogModuleManager: Shutting down and abandoning module TextureFormatASTC (48)
[2017.02.08-02.47.23:225][115]LogModuleManager: Shutting down and abandoning module TextureFormatAndroid (47)
[2017.02.08-02.47.23:225][115]LogModuleManager: Shutting down and abandoning module AudioFormatOpus (46)
[2017.02.08-02.47.23:225][115]LogModuleManager: Shutting down and abandoning module AudioFormatOgg (45)
[2017.02.08-02.47.23:225][115]LogModuleManager: Shutting down and abandoning module AudioFormatADPCM (44)
[2017.02.08-02.47.23:225][115]LogModuleManager: Shutting down and abandoning module LinuxTargetPlatform (43)
[2017.02.08-02.47.23:225][115]LogModuleManager: Shutting down and abandoning module LinuxServerTargetPlatform (42)
[2017.02.08-02.47.23:225][115]LogModuleManager: Shutting down and abandoning module LinuxNoEditorTargetPlatform (41)
[2017.02.08-02.47.23:225][115]LogModuleManager: Shutting down and abandoning module TVOSTargetPlatform (40)
[2017.02.08-02.47.23:225][115]LogModuleManager: Shutting down and abandoning module Messaging (39)
[2017.02.08-02.47.23:225][115]LogModuleManager: Shutting down and abandoning module IOSTargetPlatform (38)
[2017.02.08-02.47.23:225][115]LogModuleManager: Shutting down and abandoning module HTML5TargetPlatform (37)
[2017.02.08-02.47.23:225][115]LogModuleManager: Shutting down and abandoning module Android_PVRTCTargetPlatform (36)
[2017.02.08-02.47.23:225][115]LogModuleManager: Shutting down and abandoning module Android_MultiTargetPlatform (35)
[2017.02.08-02.47.23:225][115]LogModuleManager: Shutting down and abandoning module Android_ETC2TargetPlatform (34)
[2017.02.08-02.47.23:225][115]LogModuleManager: Shutting down and abandoning module Android_ETC1TargetPlatform (33)
[2017.02.08-02.47.23:225][115]LogModuleManager: Shutting down and abandoning module Android_DXTTargetPlatform (32)
[2017.02.08-02.47.23:225][115]LogModuleManager: Shutting down and abandoning module Android_ATCTargetPlatform (31)
[2017.02.08-02.47.23:225][115]LogModuleManager: Shutting down and abandoning module Android_ASTCTargetPlatform (30)
[2017.02.08-02.47.23:225][115]LogModuleManager: Shutting down and abandoning module AndroidTargetPlatform (29)
[2017.02.08-02.47.23:225][115]LogModuleManager: Shutting down and abandoning module WindowsTargetPlatform (28)
[2017.02.08-02.47.23:225][115]LogModuleManager: Shutting down and abandoning module WindowsServerTargetPlatform (27)
[2017.02.08-02.47.23:225][115]LogModuleManager: Shutting down and abandoning module WindowsNoEditorTargetPlatform (26)
[2017.02.08-02.47.23:225][115]LogModuleManager: Shutting down and abandoning module WindowsClientTargetPlatform (25)
[2017.02.08-02.47.23:225][115]LogModuleManager: Shutting down and abandoning module AllDesktopTargetPlatform (24)
[2017.02.08-02.47.23:225][115]LogModuleManager: Shutting down and abandoning module TargetPlatform (23)
[2017.02.08-02.47.23:225][115]LogModuleManager: Shutting down and abandoning module InputCore (22)
[2017.02.08-02.47.23:225][115]LogModuleManager: Shutting down and abandoning module Settings (21)
[2017.02.08-02.47.23:225][115]LogModuleManager: Shutting down and abandoning module OnlineSubsystem (19)
[2017.02.08-02.47.23:225][115]LogModuleManager: Shutting down and abandoning module HTTP (18)
[2017.02.08-02.47.24:727][115]LogModuleManager: Shutting down and abandoning module XMPP (17)
[2017.02.08-02.47.24:727][115]LogModuleManager: Shutting down and abandoning module OculusRift (16)
[2017.02.08-02.47.24:727][115]LogModuleManager: Shutting down and abandoning module ExampleDeviceProfileSelector (15)
[2017.02.08-02.47.24:727][115]LogModuleManager: Shutting down and abandoning module TextureCompressor (14)
[2017.02.08-02.47.24:727][115]LogModuleManager: Shutting down and abandoning module ShaderCore (13)
[2017.02.08-02.47.24:727][115]LogModuleManager: Shutting down and abandoning module Landscape (12)
[2017.02.08-02.47.24:727][115]LogModuleManager: Shutting down and abandoning module SlateRHIRenderer (11)
[2017.02.08-02.47.24:729][115]LogModuleManager: Shutting down and abandoning module OpenGLDrv (10)
[2017.02.08-02.47.24:729][115]LogModuleManager: Shutting down and abandoning module D3D11RHI (9)
[2017.02.08-02.47.24:729][115]LogModuleManager: Shutting down and abandoning module AnimGraphRuntime (8)
[2017.02.08-02.47.24:729][115]LogModuleManager: Shutting down and abandoning module Renderer (7)
[2017.02.08-02.47.24:729][115]LogModuleManager: Shutting down and abandoning module Engine (6)
[2017.02.08-02.47.24:729][115]LogModuleManager: Shutting down and abandoning module CoreUObject (5)
[2017.02.08-02.47.24:729][115]LogModuleManager: Shutting down and abandoning module NetworkFile (4)
[2017.02.08-02.47.24:729][115]LogModuleManager: Shutting down and abandoning module StreamingFile (3)
[2017.02.08-02.47.24:729][115]LogModuleManager: Shutting down and abandoning module SandboxFile (2)
[2017.02.08-02.47.24:729][115]LogModuleManager: Shutting down and abandoning module PakFile (1)
[2017.02.08-02.47.24:730][115]LogExit: Exiting.
[2017.02.08-02.47.24:731][115]Log file closed, 02/08/17 02:47:24
