Log file open, 02/08/17 23:00:10
LogInit:Display: Running engine for game: Inventory
LogPlatformFile: Not using cached read wrapper
LogInit:Display: RandInit(2139058181) SRandInit(2139058184).
LogTaskGraph: Started task graph with 4 named threads and 7 total threads with 1 sets of task threads.
LogStats: Stats thread started at 0.111584
LogInit: Version: 4.12.5-3039270+++UE4+Release-4.12
LogInit: API Version: 2992821
LogInit: Net Version: 3039270
LogDevObjectVersion: Number of dev versions registered: 13
LogDevObjectVersion:   Dev-Blueprints (B0D832E4-1F89-4F0D-ACCF-7EB736FD4AA2): 3
LogDevObjectVersion:   Dev-Build (E1C64328-A22C-4D53-A36C-8E866417BD8C): 0
LogDevObjectVersion:   Dev-Core (375EC13C-06E4-48FB-B500-84F0262A717E): 1
LogDevObjectVersion:   Dev-Editor (E4B068ED-F494-42E9-A231-DA0B2E46BB41): 2
LogDevObjectVersion:   Dev-Framework (CFFC743F-43B0-4480-9391-14DF171D2073): 6
LogDevObjectVersion:   Dev-Mobile (B02B49B5-BB20-44E9-A304-32B752E40360): 0
LogDevObjectVersion:   Dev-Networking (A4E4105C-59A1-49B5-A7C5-40C4547EDFEE): 0
LogDevObjectVersion:   Dev-Online (39C831C9-5AE6-47DC-9A44-9C173E1C8E7C): 0
LogDevObjectVersion:   Dev-Physics (78F01B33-EBEA-4F98-B9B4-84EACCB95AA2): 0
LogDevObjectVersion:   Dev-Platform (6631380F-2D4D-43E0-8009-CF276956A95A): 0
LogDevObjectVersion:   Dev-Rendering (12F88B9F-8875-4AFC-A67C-D90C383ABD29): 2
LogDevObjectVersion:   Dev-Sequencer (7B5AE74C-D270-4C10-A958-57980B212A5A): 0
LogDevObjectVersion:   Dev-VR (D7296918-1DD6-4BDD-9DE2-64A83CC13884): 0
LogInit: Compiled (64-bit): Jul  6 2016 09:09:46
LogInit: Compiled with Visual C++: 19.00.23026.00
LogInit: Build Configuration: Development
LogInit: Branch Name: ++UE4+Release-4.12
LogInit: Command line:  
LogInit: Base directory: D:/Epic Games/UE_4.12/Engine/Binaries/Win64/
LogInit: Installed Engine Build: 1
LogInit: Using libcurl 7.41.0
LogInit:  - built for x86_64-pc-win32
LogInit:  - supports SSL with WinSSL
LogInit:  - other features:
LogInit:      CURL_VERSION_SSL
LogInit:      CURL_VERSION_IPV6
LogInit:      CURL_VERSION_ASYNCHDNS
LogInit:      CURL_VERSION_LARGEFILE
LogInit:      CURL_VERSION_IDN
LogInit:  CurlRequestOptions (configurable via config and command line):
LogInit:  - bVerifyPeer = true  - Libcurl will verify peer certificate
LogInit:  - bUseHttpProxy = false  - Libcurl will NOT use HTTP proxy
LogInit:  - bDontReuseConnections = false  - Libcurl will reuse connections
LogInit:  - CertBundlePath = nullptr  - Libcurl will use whatever was configured at build time.
LogInit: Presizing for max 8388607 objects, including 0 objects not considered by GC, pre-allocating 0 bytes for permanent pool.
LogInit: Object subsystem initialized
[2017.02.08-23.00.10:714][  0]LogInit: Selected Device Profile: [Windows]
[2017.02.08-23.00.10:714][  0]LogInit: Applying CVar settings loaded from the selected device profile: [Windows]
[2017.02.08-23.00.10:733][  0]LogInit: Computer: MY-CAVE
[2017.02.08-23.00.10:733][  0]LogInit: User: Michail
[2017.02.08-23.00.10:733][  0]LogInit: CPU Page size=65536, Cores=4
[2017.02.08-23.00.10:733][  0]LogInit: High frequency timer resolution =3.914064 MHz
[2017.02.08-23.00.10:733][  0]LogMemory: Memory total: Physical=15.9GB (16GB approx)
[2017.02.08-23.00.10:733][  0]LogMemory: Platform Memory Stats for Windows
[2017.02.08-23.00.10:733][  0]LogMemory: Process Physical Memory: 190.36 MB used, 190.36 MB peak
[2017.02.08-23.00.10:733][  0]LogMemory: Process Virtual Memory: 195.31 MB used, 195.31 MB peak
[2017.02.08-23.00.10:733][  0]LogMemory: Physical Memory: 5180.60 MB used, 16325.98 MB total
[2017.02.08-23.00.10:733][  0]LogMemory: Virtual Memory: 553.60 MB used, 134217728.00 MB total
[2017.02.08-23.00.11:037][  0]LogTextLocalizationManager: No specific translations for ('en-GB') exist, so ('en') translations will be used.
[2017.02.08-23.00.11:376][  0]LogD3D11RHI: D3D11 adapters:
[2017.02.08-23.00.11:802][  0]LogD3D11RHI:    0. 'NVIDIA GeForce GTX 1070' (Feature Level 11_0)
[2017.02.08-23.00.11:802][  0]LogD3D11RHI:       8119/0/8162 MB DedicatedVideo/DedicatedSystem/SharedSystem, Outputs:1, VendorId:0x10de
[2017.02.08-23.00.11:803][  0]LogD3D11RHI:    1. 'Microsoft Basic Render Driver' (Feature Level 11_0)
[2017.02.08-23.00.11:804][  0]LogD3D11RHI:       0/0/8162 MB DedicatedVideo/DedicatedSystem/SharedSystem, Outputs:0, VendorId:0x1414
[2017.02.08-23.00.11:804][  0]LogD3D11RHI: Chosen D3D11 Adapter: 0
[2017.02.08-23.00.11:807][  0]LogD3D11RHI: Creating new Direct3DDevice
[2017.02.08-23.00.11:807][  0]LogD3D11RHI:     GPU DeviceId: 0x1b81 (for the marketing name, search the web for "GPU Device Id")
[2017.02.08-23.00.11:807][  0]LogWindows: EnumDisplayDevices:
[2017.02.08-23.00.11:807][  0]LogWindows:    0. 'NVIDIA GeForce GTX 1070' (P:1 D:1)
[2017.02.08-23.00.11:807][  0]LogWindows:    1. 'NVIDIA GeForce GTX 1070' (P:0 D:0)
[2017.02.08-23.00.11:807][  0]LogWindows:    2. 'NVIDIA GeForce GTX 1070' (P:0 D:0)
[2017.02.08-23.00.11:807][  0]LogWindows:    3. 'NVIDIA GeForce GTX 1070' (P:0 D:0)
[2017.02.08-23.00.11:807][  0]LogWindows: DebugString: FoundDriverCount:4 
[2017.02.08-23.00.11:807][  0]LogD3D11RHI:     Adapter Name: NVIDIA GeForce GTX 1070
[2017.02.08-23.00.11:807][  0]LogD3D11RHI:   Driver Version: 378.49 (internal:21.21.13.7849, unified:378.49)
[2017.02.08-23.00.11:807][  0]LogD3D11RHI:      Driver Date: 1-20-2017
[2017.02.08-23.00.11:807][  0]LogRHI: Texture pool is 1361 MB (70% of 1945 MB)
[2017.02.08-23.00.12:216][  0]LogD3D11RHI: Async texture creation enabled
[2017.02.08-23.00.12:241][  0]LogD3D11RHI: GPU Timing Frequency: 1000.000000 (Debug: 2 1)
[2017.02.08-23.00.12:241][  0]LogShaderCompilers: Guid format shader working directory is -5 characters bigger than the processId version (C:/Users/Michail/Documents/Unreal Projects/Inventory/Intermediate/Shaders/WorkingDirectory/28920/).
[2017.02.08-23.00.12:241][  0]LogShaderCompilers: Cleaned the shader compiler working directory 'C:/Users/Michail/AppData/Local/Temp/UnrealShaderWorkingDir/8010415F458EB31A803212874469F95F/'.
[2017.02.08-23.00.12:241][  0]LogShaderCompilers:Display: Using Local Shader Compiler.
[2017.02.08-23.00.14:121][  0]LogTemp:Display: Loaded TP AllDesktopTargetPlatform
[2017.02.08-23.00.14:126][  0]LogTemp:Display: Loaded TP WindowsClientTargetPlatform
[2017.02.08-23.00.14:133][  0]LogTemp:Display: Loaded TP WindowsNoEditorTargetPlatform
[2017.02.08-23.00.14:139][  0]LogTemp:Display: Loaded TP WindowsServerTargetPlatform
[2017.02.08-23.00.14:145][  0]LogTemp:Display: Loaded TP WindowsTargetPlatform
[2017.02.08-23.00.14:152][  0]LogTemp:Display: Loaded TP AndroidTargetPlatform
[2017.02.08-23.00.14:158][  0]LogTemp:Display: Loaded TP Android_ASTCTargetPlatform
[2017.02.08-23.00.14:163][  0]LogTemp:Display: Loaded TP Android_ATCTargetPlatform
[2017.02.08-23.00.14:169][  0]LogTemp:Display: Loaded TP Android_DXTTargetPlatform
[2017.02.08-23.00.14:174][  0]LogTemp:Display: Loaded TP Android_ETC1TargetPlatform
[2017.02.08-23.00.14:180][  0]LogTemp:Display: Loaded TP Android_ETC2TargetPlatform
[2017.02.08-23.00.14:191][  0]LogTemp:Display: Loaded TP Android_MultiTargetPlatform
[2017.02.08-23.00.14:191][  0]LogTemp:Display: Loaded TP Android_PVRTCTargetPlatform
[2017.02.08-23.00.14:192][  0]LogTemp:Display: Loaded TP HTML5TargetPlatform
[2017.02.08-23.00.14:268][  0]LogTemp:Display: Loaded TP IOSTargetPlatform
[2017.02.08-23.00.14:273][  0]LogTemp:Display: Loaded TP TVOSTargetPlatform
[2017.02.08-23.00.14:278][  0]LogTemp:Display: Loaded TP LinuxNoEditorTargetPlatform
[2017.02.08-23.00.14:284][  0]LogTemp:Display: Loaded TP LinuxServerTargetPlatform
[2017.02.08-23.00.14:292][  0]LogTemp:Display: Loaded TP LinuxTargetPlatform
[2017.02.08-23.00.14:292][  0]LogTargetPlatformManager:Display: Building Assets For Windows
[2017.02.08-23.00.14:841][  0]LogDerivedDataCache:Display: Max Cache Size: 512 MB
[2017.02.08-23.00.15:252][  0]LogDerivedDataCache: Loaded boot cache 0.41s 48MB C:/Users/Michail/AppData/Local/UnrealEngine/4.12/DerivedDataCache/Boot.ddc.
[2017.02.08-23.00.15:253][  0]LogDerivedDataCache:Display: Loaded Boot cache: C:/Users/Michail/AppData/Local/UnrealEngine/4.12/DerivedDataCache/Boot.ddc
[2017.02.08-23.00.15:253][  0]LogDerivedDataCache: FDerivedDataBackendGraph:  Pak pak cache file C:/Users/Michail/Documents/Unreal Projects/Inventory/DerivedDataCache/DDC.ddp not found, will not use a pak cache.
[2017.02.08-23.00.15:253][  0]LogDerivedDataCache: Unable to find inner node Pak for hierarchical cache Hierarchy.
[2017.02.08-23.00.15:253][  0]LogDerivedDataCache: FDerivedDataBackendGraph:  CompressedPak pak cache file C:/Users/Michail/Documents/Unreal Projects/Inventory/DerivedDataCache/Compressed.ddp not found, will not use a pak cache.
[2017.02.08-23.00.15:253][  0]LogDerivedDataCache: Unable to find inner node CompressedPak for hierarchical cache Hierarchy.
[2017.02.08-23.00.15:302][  0]LogDerivedDataCache:Display: Pak cache opened for reading ../../../Engine/DerivedDataCache/Compressed.ddp.
[2017.02.08-23.00.15:314][  0]LogDerivedDataCache: Using Local data cache path C:/Users/Michail/AppData/Local/UnrealEngine/Common/DerivedDataCache: Writable
[2017.02.08-23.00.21:793][  0]LogInit: Selected Device Profile: [Windows]
[2017.02.08-23.00.21:909][  0]LogContentStreaming: Texture pool size is 0.00 MB
[2017.02.08-23.00.23:960][  0]LogMeshUtilities: No automatic mesh reduction module available
[2017.02.08-23.00.23:960][  0]LogMeshUtilities: No automatic mesh merging module available
[2017.02.08-23.00.23:960][  0]LogMeshUtilities: No distributed automatic mesh merging module available
[2017.02.08-23.00.26:934][  0]LogAssetRegistry: FAssetRegistry took 0.0234 seconds to start up
[2017.02.08-23.00.27:172][  0]LogPackageLocalizationCache: Processed 3 localized package path(s) for 2 prioritized culture(s) in 0.056296 seconds
[2017.02.08-23.00.27:209][  0]LogUObjectArray: 28739 objects as part of root set at end of initial load.
[2017.02.08-23.00.27:209][  0]LogUObjectAllocator: 5855624 out of 0 bytes used by permanent object pool.
[2017.02.08-23.00.27:209][  0]LogUObjectArray: CloseDisregardForGC: 0/0 objects in disregard for GC pool
[2017.02.08-23.00.27:312][  0]LogInit: WinSock: version 1.1 (2.2), MaxSocks=32767, MaxUdp=65467
[2017.02.08-23.00.29:761][  0]LogSlate: SlateFontCache - WITH_FREETYPE: 1, WITH_HARFBUZZ: 1
[2017.02.08-23.00.29:766][  0]LogSlate: SlateFontCache - WITH_FREETYPE: 1, WITH_HARFBUZZ: 1
[2017.02.08-23.00.39:781][  0]LogUdpMessaging: Initializing bridge on interface 0.0.0.0:0 to multicast group 230.0.0.1:6666.
[2017.02.08-23.00.41:239][  0]SourceControl: Info Source control is disabled
[2017.02.08-23.00.41:303][  0]SourceControl: Info Source control is disabled
[2017.02.08-23.00.41:342][  0]SourceControl: Info Source control is disabled
[2017.02.08-23.00.41:379][  0]SourceControl: Info Source control is disabled
[2017.02.08-23.00.42:737][  0]LogEngine: Initializing Engine...
[2017.02.08-23.00.42:827][  0]LogHMD: SteamVR failed to initialize.  Err: 110
[2017.02.08-23.00.42:848][  0]LogHMD: SteamVR failed to initialize.  Err: 110
[2017.02.08-23.00.43:665][  0]LogAIModule: Creating AISystem for world NewWorld
[2017.02.08-23.00.43:837][  0]LogInit: XAudio2 using 'Headset Earphone (HyperX 7.1 Audio)' : 2 channels at 44.1 kHz using 16 bits per sample (channel mask 0x3)
[2017.02.08-23.00.43:845][  0]LogInit: FAudioDevice initialized.
[2017.02.08-23.00.43:866][  0]LogDerivedDataCache: Saved boot cache 0.02s 48MB C:/Users/Michail/AppData/Local/UnrealEngine/4.12/DerivedDataCache/Boot.ddc.
[2017.02.08-23.00.43:872][  0]LogInit: Texture streaming: Enabled
[2017.02.08-23.00.44:106][  0]LogInit: Transaction tracking system initialized
[2017.02.08-23.00.44:443][  0]BlueprintLog: New page: Editor Load
[2017.02.08-23.00.45:462][  0]LocalizationService: Info Localization service is disabled
[2017.02.08-23.00.46:120][  0]LogConsoleResponse:Display: 
[2017.02.08-23.00.48:411][  0]LogCook:Display: Max memory allowance for cook 8192mb
[2017.02.08-23.00.48:411][  0]LogCook:Display: Mobile HDR setting 1
[2017.02.08-23.00.49:066][  0]LogFileCache: Scanning file cache for directory 'C:/Users/Michail/Documents/Unreal Projects/Inventory/Content/' took 0.02s
[2017.02.08-23.00.49:848][  0]SourceControl: Info Source control is disabled
[2017.02.08-23.00.49:907][  0]Cmd: MAP LOAD FILE="C:/Users/Michail/Documents/Unreal Projects/Inventory/Content/FirstPersonBP/Maps/FirstPersonExampleMap.umap" TEMPLATE=0 SHOWPROGRESS=1 FEATURELEVEL=3
[2017.02.08-23.00.49:933][  0]LightingResults: New page: Lighting Build
[2017.02.08-23.00.50:086][  0]MapCheck: New page: Map Check
[2017.02.08-23.00.50:086][  0]LightingResults: New page: Lighting Build
[2017.02.08-23.00.52:390][  0]LogAIModule: Creating AISystem for world FirstPersonExampleMap
[2017.02.08-23.00.52:990][  0]LogEditorServer: Finished looking for orphan Actors (0.000 secs)
[2017.02.08-23.00.53:023][  0]Cmd: MAP CHECKDEP NOCLEARLOG
[2017.02.08-23.00.53:061][  0]MapCheck: Info Map check complete: 0 Error(s), 0 Warning(s), took 37.829ms to complete.
[2017.02.08-23.00.53:061][  0]LogFileHelpers: Loading map 'FirstPersonExampleMap' took 3.193
[2017.02.08-23.00.54:391][  0]LogCollectionManager: Loaded 0 collections in 0.000983 seconds
[2017.02.08-23.00.54:503][  0]LogFileCache: Scanning file cache for directory 'C:/Users/Michail/Documents/Unreal Projects/Inventory/Saved/Collections/' took 0.01s
[2017.02.08-23.00.54:503][  0]LogFileCache: Scanning file cache for directory 'C:/Users/Michail/Documents/Unreal Projects/Inventory/Content/Developers/Michail/Collections/' took 0.01s
[2017.02.08-23.00.54:503][  0]LogFileCache: Scanning file cache for directory 'C:/Users/Michail/Documents/Unreal Projects/Inventory/Content/Collections/' took 0.01s
[2017.02.08-23.00.54:503][  0]LogCollectionManager: Rebuilt the GUID cache for 0 collections in 0.000003 seconds
[2017.02.08-23.00.54:516][  0]LogContentBrowser: Native class hierarchy populated in 0.0116 seconds. Added 2047 classes and 369 folders.
[2017.02.08-23.00.54:548][  0]LogStats: UGameplayTagsManager::ConstructGameplayTagTree: Construct from data asset -  0.000 s
[2017.02.08-23.00.54:562][  0]LogStats: UGameplayTagsManager::ConstructGameplayTagTree: GameplayTagTreeChangedEvent.Broadcast -  0.014 s
[2017.02.08-23.00.54:563][  0]LogContentBrowser: Native class hierarchy updated for 'GameplayTags' in 0.0003 seconds. Added 12 classes and 0 folders.
[2017.02.08-23.00.54:591][  0]LogContentBrowser: Native class hierarchy updated for 'WidgetCarousel' in 0.0003 seconds. Added 0 classes and 0 folders.
[2017.02.08-23.00.55:208][  0]LogContentBrowser: Native class hierarchy updated for 'AddContentDialog' in 0.0003 seconds. Added 0 classes and 0 folders.
[2017.02.08-23.00.55:287][  0]LogContentBrowser: Native class hierarchy updated for 'SceneOutliner' in 0.0003 seconds. Added 1 classes and 2 folders.
[2017.02.08-23.00.55:617][  0]LogCrashTracker: Crashtracker disabled due to settings.
[2017.02.08-23.00.55:825][  0]LogUObjectGlobals:Warning: Failed to find object 'Class None.'
[2017.02.08-23.00.55:930][  0]LogContentBrowser: Native class hierarchy updated for 'HierarchicalLODOutliner' in 0.0003 seconds. Added 1 classes and 2 folders.
[2017.02.08-23.00.55:930][  0]LogLoad: Full Startup: 47.10 seconds (BP compile: 0.74 seconds)
[2017.02.08-23.00.55:930][  0]LogExternalProfiler: Found external profiler: VSPerf
[2017.02.08-23.00.55:930][  0]LogExternalProfiler: Using external profiler: VSPerf
[2017.02.08-23.00.55:998][  0]LogOcInput: OculusInput pre-init called
[2017.02.08-23.00.56:357][  0]LogContentStreaming: Texture pool size now 1000 MB
[2017.02.08-23.00.57:415][  0]LogRenderer: Reallocating scene render targets to support 1208x576 (Frame:2).
[2017.02.08-23.00.58:452][  4]LogAssetRegistry: Asset discovery search completed in 31.5399 seconds
[2017.02.08-23.00.58:452][  4]LogCollectionManager: Rebuilt the object cache for 0 collections in 0.000001 seconds (found 0 objects)
[2017.02.08-23.00.58:465][  4]LogCollectionManager: Fixed up redirectors for 0 collections in 0.013642 seconds (updated 0 objects)
[2017.02.08-23.02.29:134][101]LogBlueprintUserMessages: Early PlayInEditor Detection: Level '/Game/FirstPersonBP/Maps/FirstPersonExampleMap.FirstPersonExampleMap:PersistentLevel' has LevelScriptBlueprint '/Game/FirstPersonBP/Maps/FirstPersonExampleMap.FirstPersonExampleMap:PersistentLevel.FirstPersonExampleMap' with GeneratedClass '/Game/FirstPersonBP/Maps/FirstPersonExampleMap.FirstPersonExampleMap_C' with ClassGeneratedBy '/Game/FirstPersonBP/Maps/FirstPersonExampleMap.FirstPersonExampleMap:PersistentLevel.FirstPersonExampleMap'
[2017.02.08-23.02.29:134][101]LogPlayLevel: PlayLevel: No blueprints needed recompiling
[2017.02.08-23.02.29:282][101]PIE: New page: PIE session: FirstPersonExampleMap (8 Feb 2017 23:02:29)
[2017.02.08-23.02.29:282][101]LogPlayLevel: Creating play world package: /Game/FirstPersonBP/Maps/UEDPIE_0_FirstPersonExampleMap
[2017.02.08-23.02.29:340][101]LogPlayLevel: PIE: StaticDuplicateObject took: (0.058428s)
[2017.02.08-23.02.29:341][101]LogAIModule: Creating AISystem for world FirstPersonExampleMap
[2017.02.08-23.02.29:341][101]LogPlayLevel: PIE: World Init took: (0.000834s)
[2017.02.08-23.02.29:352][101]LogPlayLevel: PIE: Created PIE world by copying editor world from /Game/FirstPersonBP/Maps/FirstPersonExampleMap.FirstPersonExampleMap to /Game/FirstPersonBP/Maps/UEDPIE_0_FirstPersonExampleMap.FirstPersonExampleMap (0.070529s)
[2017.02.08-23.02.29:630][101]LogInit: XAudio2 using 'Headset Earphone (HyperX 7.1 Audio)' : 2 channels at 44.1 kHz using 16 bits per sample (channel mask 0x3)
[2017.02.08-23.02.29:634][101]LogInit: FAudioDevice initialized.
[2017.02.08-23.02.29:840][101]LogWorld: Game class is 'FirstPersonGameMode_C'
[2017.02.08-23.02.29:973][101]LogWorld: Bringing World /Game/FirstPersonBP/Maps/UEDPIE_0_FirstPersonExampleMap.FirstPersonExampleMap up for play (max tick rate 0) at 2017.02.08-23.02.29
[2017.02.08-23.02.30:028][101]LogWorld: Bringing up level for play took: 0.062424
[2017.02.08-23.02.30:134][101]LogContentBrowser: Native class hierarchy updated for 'MovieSceneCapture' in 0.0003 seconds. Added 11 classes and 0 folders.
[2017.02.08-23.02.30:227][101]PIE: Info Play in editor start time for /Game/FirstPersonBP/Maps/UEDPIE_0_FirstPersonExampleMap 0.48
[2017.02.08-23.02.30:227][101]LogBlueprintUserMessages: Late PlayInEditor Detection: Level '/Game/FirstPersonBP/Maps/FirstPersonExampleMap.FirstPersonExampleMap:PersistentLevel' has LevelScriptBlueprint '/Game/FirstPersonBP/Maps/FirstPersonExampleMap.FirstPersonExampleMap:PersistentLevel.FirstPersonExampleMap' with GeneratedClass '/Game/FirstPersonBP/Maps/FirstPersonExampleMap.FirstPersonExampleMap_C' with ClassGeneratedBy '/Game/FirstPersonBP/Maps/FirstPersonExampleMap.FirstPersonExampleMap:PersistentLevel.FirstPersonExampleMap'
[2017.02.08-23.02.34:448][558]LogSpawn:Warning: SpawnActor failed because of collision at the spawn location [X=-169.952 Y=-110.623 Z=157.151] for [FirstPersonProjectile_C]
[2017.02.08-23.02.35:133][631]LogBlueprintUserMessages: Early EndPlayMap Detection: Level '/Game/FirstPersonBP/Maps/FirstPersonExampleMap.FirstPersonExampleMap:PersistentLevel' has LevelScriptBlueprint '/Game/FirstPersonBP/Maps/FirstPersonExampleMap.FirstPersonExampleMap:PersistentLevel.FirstPersonExampleMap' with GeneratedClass '/Game/FirstPersonBP/Maps/FirstPersonExampleMap.FirstPersonExampleMap_C' with ClassGeneratedBy '/Game/FirstPersonBP/Maps/FirstPersonExampleMap.FirstPersonExampleMap:PersistentLevel.FirstPersonExampleMap'
[2017.02.08-23.02.35:306][631]LogBlueprintUserMessages: Late EndPlayMap Detection: Level '/Game/FirstPersonBP/Maps/FirstPersonExampleMap.FirstPersonExampleMap:PersistentLevel' has LevelScriptBlueprint '/Game/FirstPersonBP/Maps/FirstPersonExampleMap.FirstPersonExampleMap:PersistentLevel.FirstPersonExampleMap' with GeneratedClass '/Game/FirstPersonBP/Maps/FirstPersonExampleMap.FirstPersonExampleMap_C' with ClassGeneratedBy '/Game/FirstPersonBP/Maps/FirstPersonExampleMap.FirstPersonExampleMap:PersistentLevel.FirstPersonExampleMap'
[2017.02.08-23.02.44:579][850]LogEditorViewport: Clicking on Actor (LMB): StaticMeshActor (Floor)
[2017.02.08-23.02.46:344][938]LogBlueprintUserMessages: Early PlayInEditor Detection: Level '/Game/FirstPersonBP/Maps/FirstPersonExampleMap.FirstPersonExampleMap:PersistentLevel' has LevelScriptBlueprint '/Game/FirstPersonBP/Maps/FirstPersonExampleMap.FirstPersonExampleMap:PersistentLevel.FirstPersonExampleMap' with GeneratedClass '/Game/FirstPersonBP/Maps/FirstPersonExampleMap.FirstPersonExampleMap_C' with ClassGeneratedBy '/Game/FirstPersonBP/Maps/FirstPersonExampleMap.FirstPersonExampleMap:PersistentLevel.FirstPersonExampleMap'
[2017.02.08-23.02.46:344][938]LogPlayLevel: PlayLevel: No blueprints needed recompiling
[2017.02.08-23.02.46:344][938]PIE: New page: PIE session: FirstPersonExampleMap (8 Feb 2017 23:02:46)
[2017.02.08-23.02.46:344][938]LogPlayLevel: Creating play world package: /Game/FirstPersonBP/Maps/UEDPIE_0_FirstPersonExampleMap
[2017.02.08-23.02.46:361][938]LogPlayLevel: PIE: StaticDuplicateObject took: (0.016348s)
[2017.02.08-23.02.46:361][938]LogAIModule: Creating AISystem for world FirstPersonExampleMap
[2017.02.08-23.02.46:361][938]LogPlayLevel: PIE: World Init took: (0.000643s)
[2017.02.08-23.02.46:361][938]LogPlayLevel: PIE: Created PIE world by copying editor world from /Game/FirstPersonBP/Maps/FirstPersonExampleMap.FirstPersonExampleMap to /Game/FirstPersonBP/Maps/UEDPIE_0_FirstPersonExampleMap.FirstPersonExampleMap (0.017222s)
[2017.02.08-23.02.46:411][938]LogInit: XAudio2 using 'Headset Earphone (HyperX 7.1 Audio)' : 2 channels at 44.1 kHz using 16 bits per sample (channel mask 0x3)
[2017.02.08-23.02.46:416][938]LogInit: FAudioDevice initialized.
[2017.02.08-23.02.46:457][938]LogWorld: Game class is 'FirstPersonGameMode_C'
[2017.02.08-23.02.46:461][938]LogWorld: Bringing World /Game/FirstPersonBP/Maps/UEDPIE_0_FirstPersonExampleMap.FirstPersonExampleMap up for play (max tick rate 0) at 2017.02.08-23.02.46
[2017.02.08-23.02.46:461][938]LogWorld: Bringing up level for play took: 0.002888
[2017.02.08-23.02.46:462][938]PIE: Info Play in editor start time for /Game/FirstPersonBP/Maps/UEDPIE_0_FirstPersonExampleMap 0.716
[2017.02.08-23.02.46:462][938]LogBlueprintUserMessages: Late PlayInEditor Detection: Level '/Game/FirstPersonBP/Maps/FirstPersonExampleMap.FirstPersonExampleMap:PersistentLevel' has LevelScriptBlueprint '/Game/FirstPersonBP/Maps/FirstPersonExampleMap.FirstPersonExampleMap:PersistentLevel.FirstPersonExampleMap' with GeneratedClass '/Game/FirstPersonBP/Maps/FirstPersonExampleMap.FirstPersonExampleMap_C' with ClassGeneratedBy '/Game/FirstPersonBP/Maps/FirstPersonExampleMap.FirstPersonExampleMap:PersistentLevel.FirstPersonExampleMap'
[2017.02.08-23.03.03:135][929]LogSpawn:Warning: SpawnActor failed because of collision at the spawn location [X=-137.905 Y=1369.958 Z=145.963] for [FirstPersonProjectile_C]
[2017.02.08-23.03.08:239][538]LogSpawn:Warning: SpawnActor failed because of collision at the spawn location [X=231.901 Y=1424.938 Z=146.068] for [FirstPersonProjectile_C]
[2017.02.08-23.03.12:149][  5]LogScript:Warning: Accessed None trying to read property PickupActor
	PickupText_C /Engine/Transient.UnrealEdEngine_0:GameInstance_1.PickupText_C_1
	Function /Game/FirstPersonBP/Blueprints/UMG/PickupText.PickupText_C:ExecuteUbergraph_PickupText:007E
[2017.02.08-23.03.12:149][  5]LogScript:Warning: Accessed None trying to read property PickupActor
	PickupText_C /Engine/Transient.UnrealEdEngine_0:GameInstance_1.PickupText_C_1
	Function /Game/FirstPersonBP/Blueprints/UMG/PickupText.PickupText_C:ExecuteUbergraph_PickupText:01A2
[2017.02.08-23.03.12:173][  8]PIE:Warning: Warning The widget 'PickupText_C' was already added to the screen.
[2017.02.08-23.03.12:240][ 16]PIE:Warning: Warning The widget 'PickupText_C' was already added to the screen.
[2017.02.08-23.03.18:290][742]LogBlueprintUserMessages: Early EndPlayMap Detection: Level '/Game/FirstPersonBP/Maps/FirstPersonExampleMap.FirstPersonExampleMap:PersistentLevel' has LevelScriptBlueprint '/Game/FirstPersonBP/Maps/FirstPersonExampleMap.FirstPersonExampleMap:PersistentLevel.FirstPersonExampleMap' with GeneratedClass '/Game/FirstPersonBP/Maps/FirstPersonExampleMap.FirstPersonExampleMap_C' with ClassGeneratedBy '/Game/FirstPersonBP/Maps/FirstPersonExampleMap.FirstPersonExampleMap:PersistentLevel.FirstPersonExampleMap'
[2017.02.08-23.03.18:327][742]LogBlueprintUserMessages: Late EndPlayMap Detection: Level '/Game/FirstPersonBP/Maps/FirstPersonExampleMap.FirstPersonExampleMap:PersistentLevel' has LevelScriptBlueprint '/Game/FirstPersonBP/Maps/FirstPersonExampleMap.FirstPersonExampleMap:PersistentLevel.FirstPersonExampleMap' with GeneratedClass '/Game/FirstPersonBP/Maps/FirstPersonExampleMap.FirstPersonExampleMap_C' with ClassGeneratedBy '/Game/FirstPersonBP/Maps/FirstPersonExampleMap.FirstPersonExampleMap:PersistentLevel.FirstPersonExampleMap'
[2017.02.08-23.03.29:198][  3]LogWindowsTextInputMethodSystem:Display: IME system now deactivated.
[2017.02.08-23.03.29:606][  4]Cmd: QUIT_EDITOR
[2017.02.08-23.03.30:810][  4]LogExit: Preparing to exit.
[2017.02.08-23.03.32:253][  4]LogExit: Editor shut down
[2017.02.08-23.03.32:253][  4]LogExit: Transaction tracking system shut down
[2017.02.08-23.03.33:882][  4]LogObj: Freed 0b from 0 cluster array pools.
[2017.02.08-23.03.33:882][  4]LogExit: Object subsystem successfully closed.
[2017.02.08-23.03.34:141][  4]LogD3D11RHI: Shutdown
[2017.02.08-23.03.34:149][  4]LogD3D11RHI: CleanupD3DDevice
[2017.02.08-23.03.34:254][  4]LogD3D11RHI: ~FD3D11DynamicRHI
[2017.02.08-23.03.34:907][  4]LogModuleManager: Shutting down and abandoning module MovieSceneCapture (214)
[2017.02.08-23.03.34:907][  4]LogModuleManager: Shutting down and abandoning module HierarchicalLODOutliner (213)
[2017.02.08-23.03.34:916][  4]LogModuleManager: Shutting down and abandoning module CrashTracker (212)
[2017.02.08-23.03.34:916][  4]LogModuleManager: Shutting down and abandoning module SceneOutliner (211)
[2017.02.08-23.03.34:916][  4]LogModuleManager: Shutting down and abandoning module WidgetCarousel (210)
[2017.02.08-23.03.34:920][  4]LogModuleManager: Shutting down and abandoning module AddContentDialog (209)
[2017.02.08-23.03.34:955][  4]LogModuleManager: Shutting down and abandoning module GameplayTags (208)
[2017.02.08-23.03.34:955][  4]LogModuleManager: Shutting down and abandoning module EditorWidgets (207)
[2017.02.08-23.03.34:955][  4]LogModuleManager: Shutting down and abandoning module CollectionManager (206)
[2017.02.08-23.03.34:978][  4]LogModuleManager: Shutting down and abandoning module StatsViewer (205)
[2017.02.08-23.03.35:014][  4]LogModuleManager: Shutting down and abandoning module FoliageEdit (204)
[2017.02.08-23.03.35:014][  4]LogModuleManager: Shutting down and abandoning module LandscapeEditor (203)
[2017.02.08-23.03.35:044][  4]LogModuleManager: Shutting down and abandoning module SceneDepthPickerMode (202)
[2017.02.08-23.03.35:044][  4]LogModuleManager: Shutting down and abandoning module ActorPickerMode (201)
[2017.02.08-23.03.35:044][  4]LogModuleManager: Shutting down and abandoning module GeometryMode (200)
[2017.02.08-23.03.35:044][  4]LogModuleManager: Shutting down and abandoning module TextureAlignMode (199)
[2017.02.08-23.03.35:044][  4]LogModuleManager: Shutting down and abandoning module BspMode (198)
[2017.02.08-23.03.35:057][  4]LogModuleManager: Shutting down and abandoning module HardwareSurvey (197)
[2017.02.08-23.03.35:057][  4]LogModuleManager: Shutting down and abandoning module SequenceRecorderSections (196)
[2017.02.08-23.03.35:057][  4]LogModuleManager: Shutting down and abandoning module SequenceRecorder (195)
[2017.02.08-23.03.35:086][  4]LogModuleManager: Shutting down and abandoning module AutomationWorker (194)
[2017.02.08-23.03.35:086][  4]LogModuleManager: Shutting down and abandoning module MatineeToLevelSequence (193)
[2017.02.08-23.03.35:086][  4]LogModuleManager: Shutting down and abandoning module PlacementMode (192)
[2017.02.08-23.03.35:098][  4]LogModuleManager: Shutting down and abandoning module LevelSequenceEditor (191)
[2017.02.08-23.03.35:175][  4]LogModuleManager: Shutting down and abandoning module CharacterAI (190)
[2017.02.08-23.03.35:175][  4]LogModuleManager: Shutting down and abandoning module SmartSnapping (189)
[2017.02.08-23.03.35:175][  4]LogModuleManager: Shutting down and abandoning module SessionServices (188)
[2017.02.08-23.03.35:175][  4]LogModuleManager: Shutting down and abandoning module ViewportSnapping (187)
[2017.02.08-23.03.35:175][  4]LogModuleManager: Shutting down and abandoning module LogVisualizer (186)
[2017.02.08-23.03.35:198][  4]LogModuleManager: Shutting down and abandoning module GameProjectGeneration (185)
[2017.02.08-23.03.35:224][  4]LogModuleManager: Shutting down and abandoning module IntroTutorials (184)
[2017.02.08-23.03.35:233][  4]LogModuleManager: Shutting down and abandoning module EditorLiveStreaming (183)
[2017.02.08-23.03.35:233][  4]LogModuleManager: Shutting down and abandoning module IOSPlatformEditor (182)
[2017.02.08-23.03.35:244][  4]LogModuleManager: Shutting down and abandoning module HTML5PlatformEditor (181)
[2017.02.08-23.03.35:244][  4]LogModuleManager: Shutting down and abandoning module AndroidDeviceDetection (180)
[2017.02.08-23.03.35:798][  4]LogModuleManager: Shutting down and abandoning module AndroidPlatformEditor (179)
[2017.02.08-23.03.35:799][  4]LogModuleManager: Shutting down and abandoning module IOSRuntimeSettings (178)
[2017.02.08-23.03.35:799][  4]LogModuleManager: Shutting down and abandoning module AndroidRuntimeSettings (177)
[2017.02.08-23.03.35:799][  4]LogModuleManager: Shutting down and abandoning module MergeActors (176)
[2017.02.08-23.03.35:814][  4]LogModuleManager: Shutting down and abandoning module SizeMap (175)
[2017.02.08-23.03.35:814][  4]LogModuleManager: Shutting down and abandoning module TreeMap (174)
[2017.02.08-23.03.35:828][  4]LogModuleManager: Shutting down and abandoning module ReferenceViewer (173)
[2017.02.08-23.03.35:828][  4]LogModuleManager: Shutting down and abandoning module LocalizationService (172)
[2017.02.08-23.03.35:849][  4]LogModuleManager: Shutting down and abandoning module LocalizationDashboard (171)
[2017.02.08-23.03.35:870][  4]LogModuleManager: Shutting down and abandoning module HardwareTargeting (170)
[2017.02.08-23.03.35:877][  4]LogModuleManager: Shutting down and abandoning module DeviceProfileEditor (169)
[2017.02.08-23.03.35:891][  4]LogModuleManager: Shutting down and abandoning module UndoHistory (168)
[2017.02.08-23.03.35:900][  4]LogModuleManager: Shutting down and abandoning module UserFeedback (167)
[2017.02.08-23.03.35:900][  4]LogModuleManager: Shutting down and abandoning module XmlParser (166)
[2017.02.08-23.03.35:900][  4]LogModuleManager: Shutting down and abandoning module Blutility (165)
[2017.02.08-23.03.35:910][  4]LogModuleManager: Shutting down and abandoning module ProjectTargetPlatformEditor (164)
[2017.02.08-23.03.35:918][  4]LogModuleManager: Shutting down and abandoning module ProjectSettingsViewer (163)
[2017.02.08-23.03.35:918][  4]LogModuleManager: Shutting down and abandoning module InputBindingEditor (162)
[2017.02.08-23.03.35:934][  4]LogModuleManager: Shutting down and abandoning module EditorSettingsViewer (161)
[2017.02.08-23.03.35:934][  4]LogModuleManager: Shutting down and abandoning module SettingsEditor (160)
[2017.02.08-23.03.35:976][  4]LogModuleManager: Shutting down and abandoning module ProjectLauncher (159)
[2017.02.08-23.03.35:998][  4]LogModuleManager: Shutting down and abandoning module SessionFrontend (158)
[2017.02.08-23.03.36:012][  4]LogModuleManager: Shutting down and abandoning module ProfilerClient (157)
[2017.02.08-23.03.36:038][  4]LogModuleManager: Shutting down and abandoning module TargetDeviceServices (156)
[2017.02.08-23.03.36:049][  4]LogModuleManager: Shutting down and abandoning module DeviceManager (155)
[2017.02.08-23.03.36:117][  4]LogModuleManager: Shutting down and abandoning module AutomationController (154)
[2017.02.08-23.03.36:146][  4]LogModuleManager: Shutting down and abandoning module AutomationWindow (153)
[2017.02.08-23.03.36:176][  4]LogModuleManager: Shutting down and abandoning module Layers (152)
[2017.02.08-23.03.36:227][  4]LogModuleManager: Shutting down and abandoning module ComponentVisualizers (151)
[2017.02.08-23.03.36:227][  4]LogModuleManager: Shutting down and abandoning module DetailCustomizations (150)
[2017.02.08-23.03.36:253][  4]LogModuleManager: Shutting down and abandoning module PackagesDialog (149)
[2017.02.08-23.03.36:297][  4]LogModuleManager: Shutting down and abandoning module Persona (148)
[2017.02.08-23.03.36:379][  4]LogModuleManager: Shutting down and abandoning module Kismet (147)
[2017.02.08-23.03.36:382][  4]LogModuleManager: Shutting down and abandoning module GraphEditor (146)
[2017.02.08-23.03.36:416][  4]LogModuleManager: Shutting down and abandoning module ClassViewer (145)
[2017.02.08-23.03.36:439][  4]LogModuleManager: Shutting down and abandoning module Toolbox (144)
[2017.02.08-23.03.36:444][  4]LogModuleManager: Shutting down and abandoning module ModuleUI (143)
[2017.02.08-23.03.36:464][  4]LogModuleManager: Shutting down and abandoning module MovieSceneTools (142)
[2017.02.08-23.03.36:482][  4]LogModuleManager: Shutting down and abandoning module OutputLog (141)
[2017.02.08-23.03.36:492][  4]LogModuleManager: Shutting down and abandoning module GammaUI (140)
[2017.02.08-23.03.36:518][  4]LogModuleManager: Shutting down and abandoning module Documentation (139)
[2017.02.08-23.03.36:518][  4]LogModuleManager: Shutting down and abandoning module StreamingPauseRendering (138)
[2017.02.08-23.03.36:518][  4]LogModuleManager: Shutting down and abandoning module AnalyticsET (137)
[2017.02.08-23.03.36:518][  4]LogModuleManager: Shutting down and abandoning module Analytics (136)
[2017.02.08-23.03.36:518][  4]LogModuleManager: Shutting down and abandoning module PortalServices (135)
[2017.02.08-23.03.36:518][  4]LogModuleManager: Shutting down and abandoning module PortalRpc (134)
[2017.02.08-23.03.36:518][  4]LogModuleManager: Shutting down and abandoning module MessagingRpc (133)
[2017.02.08-23.03.36:518][  4]LogModuleManager: Shutting down and abandoning module GameplayDebugger (132)
[2017.02.08-23.03.36:526][  4]LogModuleManager: Shutting down and abandoning module AITestSuite (131)
[2017.02.08-23.03.36:535][  4]LogModuleManager: Shutting down and abandoning module AIModule (130)
[2017.02.08-23.03.36:535][  4]LogModuleManager: Shutting down and abandoning module ProfilerService (129)
[2017.02.08-23.03.36:633][  4]LogModuleManager: Shutting down and abandoning module TaskGraph (128)
[2017.02.08-23.03.36:690][  4]LogModuleManager: Shutting down and abandoning module SlateRemote (127)
[2017.02.08-23.03.36:690][  4]LogModuleManager: Shutting down and abandoning module SteamVRController (126)
[2017.02.08-23.03.36:690][  4]LogModuleManager: Shutting down and abandoning module SteamVR (125)
[2017.02.08-23.03.36:690][  4]LogModuleManager: Shutting down and abandoning module ProceduralMeshComponent (124)
[2017.02.08-23.03.36:690][  4]LogModuleManager: Shutting down and abandoning module OculusLibrary (123)
[2017.02.08-23.03.36:690][  4]LogModuleManager: Shutting down and abandoning module OculusInput (122)
[2017.02.08-23.03.36:690][  4]LogModuleManager: Shutting down and abandoning module CustomMeshComponent (121)
[2017.02.08-23.03.36:700][  4]LogModuleManager: Shutting down and abandoning module CableComponent (120)
[2017.02.08-23.03.36:700][  4]LogModuleManager: Shutting down and abandoning module ArchVisCharacter (119)
[2017.02.08-23.03.36:700][  4]LogModuleManager: Shutting down and abandoning module MediaPlayerEditor (118)
[2017.02.08-23.03.36:760][  4]LogModuleManager: Shutting down and abandoning module HTML5Networking (117)
[2017.02.08-23.03.36:760][  4]LogModuleManager: Shutting down and abandoning module SuperSearch (116)
[2017.02.08-23.03.36:760][  4]LogModuleManager: Shutting down and abandoning module SuperSearchEditor (115)
[2017.02.08-23.03.36:760][  4]LogModuleManager: Shutting down and abandoning module SpeedTreeImporter (114)
[2017.02.08-23.03.36:760][  4]LogModuleManager: Shutting down and abandoning module PluginBrowser (113)
[2017.02.08-23.03.36:805][  4]LogModuleManager: Shutting down and abandoning module EpicSurvey (112)
[2017.02.08-23.03.36:805][  4]LogModuleManager: Shutting down and abandoning module DesktopPlatform (111)
[2017.02.08-23.03.36:819][  4]LogModuleManager: Shutting down and abandoning module VisualStudioSourceCodeAccess (110)
[2017.02.08-23.03.36:819][  4]LogModuleManager: Shutting down and abandoning module UObjectPlugin (109)
[2017.02.08-23.03.36:819][  4]LogModuleManager: Shutting down and abandoning module SubversionSourceControl (108)
[2017.02.08-23.03.36:838][  4]LogModuleManager: Shutting down and abandoning module PerforceSourceControl (107)
[2017.02.08-23.03.36:870][  4]LogModuleManager: Shutting down and abandoning module SourceControl (106)
[2017.02.08-23.03.36:917][  4]LogModuleManager: Shutting down and abandoning module GitSourceControl (105)
[2017.02.08-23.03.36:926][  4]LogModuleManager: Shutting down and abandoning module LightPropagationVolumeEditor (104)
[2017.02.08-23.03.36:926][  4]LogModuleManager: Shutting down and abandoning module PaperTiledImporter (103)
[2017.02.08-23.03.36:931][  4]LogModuleManager: Shutting down and abandoning module PaperSpriteSheetImporter (102)
[2017.02.08-23.03.36:931][  4]LogModuleManager: Shutting down and abandoning module MeshPaint (101)
[2017.02.08-23.03.36:946][  4]LogModuleManager: Shutting down and abandoning module PixelInspectorModule (100)
[2017.02.08-23.03.36:973][  4]LogModuleManager: Shutting down and abandoning module HotReload (99)
[2017.02.08-23.03.36:978][  4]LogModuleManager: Shutting down and abandoning module MainFrame (98)
[2017.02.08-23.03.36:989][  4]LogModuleManager: Shutting down and abandoning module LevelEditor (97)
[2017.02.08-23.03.37:000][  4]LogModuleManager: Shutting down and abandoning module ContentBrowser (96)
[2017.02.08-23.03.37:001][  4]LogModuleManager: Shutting down and abandoning module Paper2DEditor (95)
[2017.02.08-23.03.37:022][  4]LogModuleManager: Shutting down and abandoning module UdpMessaging (94)
[2017.02.08-23.03.37:122][  4]LogModuleManager: Shutting down and abandoning module LightPropagationVolumeRuntime (93)
[2017.02.08-23.03.37:122][  4]LogModuleManager: Shutting down and abandoning module Paper2D (92)
[2017.02.08-23.03.37:151][  4]LogModuleManager: Shutting down and abandoning module WindowsMoviePlayer (91)
[2017.02.08-23.03.37:151][  4]LogModuleManager: Shutting down and abandoning module Media (90)
[2017.02.08-23.03.37:151][  4]LogModuleManager: Shutting down and abandoning module WmfMedia (89)
[2017.02.08-23.03.37:161][  4]LogModuleManager: Shutting down and abandoning module MediaAssets (88)
[2017.02.08-23.03.37:161][  4]LogModuleManager: Shutting down and abandoning module GameLiveStreaming (87)
[2017.02.08-23.03.37:161][  4]LogModuleManager: Shutting down and abandoning module GameplayTagsEditor (86)
[2017.02.08-23.03.37:161][  4]LogModuleManager: Shutting down and abandoning module OnlineBlueprintSupport (85)
[2017.02.08-23.03.37:161][  4]LogModuleManager: Shutting down and abandoning module VREditor (84)
[2017.02.08-23.03.37:169][  4]LogModuleManager: Shutting down and abandoning module GameplayTasksEditor (83)
[2017.02.08-23.03.37:169][  4]LogModuleManager: Shutting down and abandoning module PropertyEditor (82)
[2017.02.08-23.03.37:169][  4]LogModuleManager: Shutting down and abandoning module BehaviorTreeEditor (81)
[2017.02.08-23.03.37:190][  4]LogModuleManager: Shutting down and abandoning module FunctionalTesting (80)
[2017.02.08-23.03.37:190][  4]LogModuleManager: Shutting down and abandoning module CollisionAnalyzer (79)
[2017.02.08-23.03.37:201][  4]LogModuleManager: Shutting down and abandoning module Sequencer (78)
[2017.02.08-23.03.37:235][  4]LogModuleManager: Shutting down and abandoning module WorkspaceMenuStructure (77)
[2017.02.08-23.03.37:235][  4]LogModuleManager: Shutting down and abandoning module MessageLog (76)
[2017.02.08-23.03.37:235][  4]LogModuleManager: Shutting down and abandoning module AssetTools (75)
[2017.02.08-23.03.37:258][  4]LogModuleManager: Shutting down and abandoning module UMGEditor (74)
[2017.02.08-23.03.37:289][  4]LogModuleManager: Shutting down and abandoning module UMG (73)
[2017.02.08-23.03.37:289][  4]LogModuleManager: Shutting down and abandoning module SlateReflector (72)
[2017.02.08-23.03.37:309][  4]LogModuleManager: Shutting down and abandoning module Slate (71)
[2017.02.08-23.03.37:309][  4]LogModuleManager: Shutting down and abandoning module EditorStyle (70)
[2017.02.08-23.03.37:311][  4]LogModuleManager: Shutting down and abandoning module SourceCodeAccess (69)
[2017.02.08-23.03.37:311][  4]LogModuleManager: Shutting down and abandoning module HeadMountedDisplay (68)
[2017.02.08-23.03.37:311][  4]LogModuleManager: Shutting down and abandoning module XAudio2 (67)
[2017.02.08-23.03.37:311][  4]LogModuleManager: Shutting down and abandoning module Networking (65)
[2017.02.08-23.03.37:311][  4]LogModuleManager: Shutting down and abandoning module Core (64)
[2017.02.08-23.03.37:311][  4]LogModuleManager: Shutting down and abandoning module DirectoryWatcher (63)
[2017.02.08-23.03.37:311][  4]LogModuleManager: Shutting down and abandoning module AssetRegistry (62)
[2017.02.08-23.03.37:483][  4]LogModuleManager: Shutting down and abandoning module KismetCompiler (61)
[2017.02.08-23.03.37:484][  4]LogModuleManager: Shutting down and abandoning module PhysXFormats (60)
[2017.02.08-23.03.37:484][  4]LogModuleManager: Shutting down and abandoning module MeshUtilities (59)
[2017.02.08-23.03.37:514][  4]LogModuleManager: Shutting down and abandoning module DerivedDataCache (58)
[2017.02.08-23.03.37:527][  4]LogDerivedDataCache: Shutdown
[2017.02.08-23.03.37:527][  4]LogModuleManager: Shutting down and abandoning module VulkanShaderFormat (57)
[2017.02.08-23.03.37:535][  4]LogModuleManager: Shutting down and abandoning module ShaderFormatOpenGL (56)
[2017.02.08-23.03.37:542][  4]LogModuleManager: Shutting down and abandoning module ShaderFormatD3D (55)
[2017.02.08-23.03.37:542][  4]LogModuleManager: Shutting down and abandoning module MetalShaderFormat (54)
[2017.02.08-23.03.37:570][  4]LogModuleManager: Shutting down and abandoning module TextureFormatUncompressed (53)
[2017.02.08-23.03.37:570][  4]LogModuleManager: Shutting down and abandoning module TextureFormatPVR (52)
[2017.02.08-23.03.37:570][  4]LogModuleManager: Shutting down and abandoning module TextureFormatIntelISPCTexComp (51)
[2017.02.08-23.03.37:570][  4]LogModuleManager: Shutting down and abandoning module TextureFormatDXT (50)
[2017.02.08-23.03.37:570][  4]LogModuleManager: Shutting down and abandoning module ImageWrapper (49)
[2017.02.08-23.03.37:570][  4]LogModuleManager: Shutting down and abandoning module TextureFormatASTC (48)
[2017.02.08-23.03.37:570][  4]LogModuleManager: Shutting down and abandoning module TextureFormatAndroid (47)
[2017.02.08-23.03.37:570][  4]LogModuleManager: Shutting down and abandoning module AudioFormatOpus (46)
[2017.02.08-23.03.37:575][  4]LogModuleManager: Shutting down and abandoning module AudioFormatOgg (45)
[2017.02.08-23.03.37:575][  4]LogModuleManager: Shutting down and abandoning module AudioFormatADPCM (44)
[2017.02.08-23.03.37:575][  4]LogModuleManager: Shutting down and abandoning module LinuxTargetPlatform (43)
[2017.02.08-23.03.37:575][  4]LogModuleManager: Shutting down and abandoning module LinuxServerTargetPlatform (42)
[2017.02.08-23.03.37:575][  4]LogModuleManager: Shutting down and abandoning module LinuxNoEditorTargetPlatform (41)
[2017.02.08-23.03.37:575][  4]LogModuleManager: Shutting down and abandoning module TVOSTargetPlatform (40)
[2017.02.08-23.03.37:575][  4]LogModuleManager: Shutting down and abandoning module Messaging (39)
[2017.02.08-23.03.37:575][  4]LogModuleManager: Shutting down and abandoning module IOSTargetPlatform (38)
[2017.02.08-23.03.37:575][  4]LogModuleManager: Shutting down and abandoning module HTML5TargetPlatform (37)
[2017.02.08-23.03.37:575][  4]LogModuleManager: Shutting down and abandoning module Android_PVRTCTargetPlatform (36)
[2017.02.08-23.03.37:575][  4]LogModuleManager: Shutting down and abandoning module Android_MultiTargetPlatform (35)
[2017.02.08-23.03.37:582][  4]LogModuleManager: Shutting down and abandoning module Android_ETC2TargetPlatform (34)
[2017.02.08-23.03.37:582][  4]LogModuleManager: Shutting down and abandoning module Android_ETC1TargetPlatform (33)
[2017.02.08-23.03.37:582][  4]LogModuleManager: Shutting down and abandoning module Android_DXTTargetPlatform (32)
[2017.02.08-23.03.37:582][  4]LogModuleManager: Shutting down and abandoning module Android_ATCTargetPlatform (31)
[2017.02.08-23.03.37:582][  4]LogModuleManager: Shutting down and abandoning module Android_ASTCTargetPlatform (30)
[2017.02.08-23.03.37:582][  4]LogModuleManager: Shutting down and abandoning module AndroidTargetPlatform (29)
[2017.02.08-23.03.37:582][  4]LogModuleManager: Shutting down and abandoning module WindowsTargetPlatform (28)
[2017.02.08-23.03.37:582][  4]LogModuleManager: Shutting down and abandoning module WindowsServerTargetPlatform (27)
[2017.02.08-23.03.37:582][  4]LogModuleManager: Shutting down and abandoning module WindowsNoEditorTargetPlatform (26)
[2017.02.08-23.03.37:582][  4]LogModuleManager: Shutting down and abandoning module WindowsClientTargetPlatform (25)
[2017.02.08-23.03.37:582][  4]LogModuleManager: Shutting down and abandoning module AllDesktopTargetPlatform (24)
[2017.02.08-23.03.37:582][  4]LogModuleManager: Shutting down and abandoning module TargetPlatform (23)
[2017.02.08-23.03.37:585][  4]LogModuleManager: Shutting down and abandoning module InputCore (22)
[2017.02.08-23.03.37:585][  4]LogModuleManager: Shutting down and abandoning module Settings (21)
[2017.02.08-23.03.37:585][  4]LogModuleManager: Shutting down and abandoning module OnlineSubsystem (19)
[2017.02.08-23.03.37:585][  4]LogModuleManager: Shutting down and abandoning module HTTP (18)
[2017.02.08-23.03.48:103][  4]LogModuleManager: Shutting down and abandoning module XMPP (17)
[2017.02.08-23.03.48:116][  4]LogModuleManager: Shutting down and abandoning module OculusRift (16)
[2017.02.08-23.03.48:130][  4]LogModuleManager: Shutting down and abandoning module ExampleDeviceProfileSelector (15)
[2017.02.08-23.03.48:130][  4]LogModuleManager: Shutting down and abandoning module TextureCompressor (14)
[2017.02.08-23.03.48:130][  4]LogModuleManager: Shutting down and abandoning module ShaderCore (13)
[2017.02.08-23.03.48:130][  4]LogModuleManager: Shutting down and abandoning module Landscape (12)
[2017.02.08-23.03.48:130][  4]LogModuleManager: Shutting down and abandoning module SlateRHIRenderer (11)
[2017.02.08-23.03.48:166][  4]LogModuleManager: Shutting down and abandoning module OpenGLDrv (10)
[2017.02.08-23.03.48:171][  4]LogModuleManager: Shutting down and abandoning module D3D11RHI (9)
[2017.02.08-23.03.48:171][  4]LogModuleManager: Shutting down and abandoning module AnimGraphRuntime (8)
[2017.02.08-23.03.48:171][  4]LogModuleManager: Shutting down and abandoning module Renderer (7)
[2017.02.08-23.03.48:171][  4]LogModuleManager: Shutting down and abandoning module Engine (6)
[2017.02.08-23.03.48:171][  4]LogModuleManager: Shutting down and abandoning module CoreUObject (5)
[2017.02.08-23.03.48:171][  4]LogModuleManager: Shutting down and abandoning module NetworkFile (4)
[2017.02.08-23.03.48:199][  4]LogModuleManager: Shutting down and abandoning module StreamingFile (3)
[2017.02.08-23.03.48:199][  4]LogModuleManager: Shutting down and abandoning module SandboxFile (2)
[2017.02.08-23.03.48:207][  4]LogModuleManager: Shutting down and abandoning module PakFile (1)
[2017.02.08-23.03.48:227][  4]LogExit: Exiting.
[2017.02.08-23.03.48:233][  4]Log file closed, 02/08/17 23:03:48
